This is pdfTeX, Version 3.141592653-2.6-1.40.24 (TeX Live 2022/Debian) (preloaded format=pdflatex 2023.7.27)  27 JUL 2023 18:15
entering extended mode
 restricted \write18 enabled.
 %&-line parsing enabled.
**ppso.tex
(./ppso.tex
LaTeX2e <2022-11-01> patch level 1
L3 programming layer <2023-01-16>
(/usr/share/texlive/texmf-dist/tex/latex/base/article.cls
Document Class: article 2022/07/02 v1.4n Standard LaTeX document class
(/usr/share/texlive/texmf-dist/tex/latex/base/size10.clo
File: size10.clo 2022/07/02 v1.4n Standard LaTeX file (size option)
)
\c@part=\count185
\c@section=\count186
\c@subsection=\count187
\c@subsubsection=\count188
\c@paragraph=\count189
\c@subparagraph=\count190
\c@figure=\count191
\c@table=\count192
\abovecaptionskip=\skip48
\belowcaptionskip=\skip49
\bibindent=\dimen140
)
(/usr/share/texlive/texmf-dist/tex/latex/base/fontenc.sty
Package: fontenc 2021/04/29 v2.0v Standard LaTeX package
)
(/usr/share/texlive/texmf-dist/tex/latex/base/inputenc.sty
Package: inputenc 2021/02/14 v1.3d Input encoding file
\inpenc@prehook=\toks16
\inpenc@posthook=\toks17

(/usr/share/texlive/texmf-dist/tex/latex/base/latin9.def
File: latin9.def 2021/02/14 v1.3d Input encoding file
))
(/usr/share/texlive/texmf-dist/tex/latex/float/float.sty
Package: float 2001/11/08 v1.3d Float enhancements (AL)
\c@float@type=\count193
\float@exts=\toks18
\float@box=\box51
\@float@everytoks=\toks19
\@floatcapt=\box52
)
(/usr/share/texlive/texmf-dist/tex/latex/url/url.sty
\Urlmuskip=\muskip16
Package: url 2013/09/16  ver 3.4  Verb mode for urls, etc.
)
(/usr/share/texlive/texmf-dist/tex/latex/amsmath/amstext.sty
Package: amstext 2021/08/26 v2.01 AMS text

(/usr/share/texlive/texmf-dist/tex/latex/amsmath/amsgen.sty
File: amsgen.sty 1999/11/30 v2.0 generic functions
\@emptytoks=\toks20
\ex@=\dimen141
))
(/usr/share/texlive/texmf-dist/tex/latex/graphics/graphicx.sty
Package: graphicx 2021/09/16 v1.2d Enhanced LaTeX Graphics (DPC,SPQR)

(/usr/share/texlive/texmf-dist/tex/latex/graphics/keyval.sty
Package: keyval 2022/05/29 v1.15 key=value parser (DPC)
\KV@toks@=\toks21
)
(/usr/share/texlive/texmf-dist/tex/latex/graphics/graphics.sty
Package: graphics 2022/03/10 v1.4e Standard LaTeX Graphics (DPC,SPQR)

(/usr/share/texlive/texmf-dist/tex/latex/graphics/trig.sty
Package: trig 2021/08/11 v1.11 sin cos tan (DPC)
)
(/usr/share/texlive/texmf-dist/tex/latex/graphics-cfg/graphics.cfg
File: graphics.cfg 2016/06/04 v1.11 sample graphics configuration
)
Package graphics Info: Driver file: pdftex.def on input line 107.

(/usr/share/texlive/texmf-dist/tex/latex/graphics-def/pdftex.def
File: pdftex.def 2022/09/22 v1.2b Graphics/color driver for pdftex
))
\Gin@req@height=\dimen142
\Gin@req@width=\dimen143
)
\@float@every@algorithm=\toks22
\c@algorithm=\count194

(/usr/share/texlive/texmf-dist/tex/generic/babel/babel.sty
Package: babel 2022/12/26 3.84 The Babel package
\babel@savecnt=\count195
\U@D=\dimen144
\l@unhyphenated=\language7

(/usr/share/texlive/texmf-dist/tex/generic/babel/txtbabel.def)
\bbl@readstream=\read2
\bbl@dirlevel=\count196

(/usr/share/texlive/texmf-dist/tex/generic/babel-english/english.ldf
Language: english 2017/06/06 v3.3r English support from the babel system
Package babel Info: Hyphen rules for 'british' set to \l@english
(babel)             (\language0). Reported on input line 82.
Package babel Info: Hyphen rules for 'UKenglish' set to \l@english
(babel)             (\language0). Reported on input line 83.
Package babel Info: Hyphen rules for 'canadian' set to \l@english
(babel)             (\language0). Reported on input line 102.
Package babel Info: Hyphen rules for 'australian' set to \l@english
(babel)             (\language0). Reported on input line 105.
Package babel Info: Hyphen rules for 'newzealand' set to \l@english
(babel)             (\language0). Reported on input line 108.
))
(/usr/share/texlive/texmf-dist/tex/generic/babel/locale/en/babel-english.tex
Package babel Info: Importing font and identification data for english
(babel)             from babel-en.ini. Reported on input line 11.
)
(/usr/share/texlive/texmf-dist/tex/latex/l3backend/l3backend-pdftex.def
File: l3backend-pdftex.def 2023-01-16 L3 backend support: PDF output (pdfTeX)
\l__color_backend_stack_int=\count197
\l__pdf_internal_box=\box53
)
(./ppso.aux)
\openout1 = `ppso.aux'.

LaTeX Font Info:    Checking defaults for OML/cmm/m/it on input line 34.
LaTeX Font Info:    ... okay on input line 34.
LaTeX Font Info:    Checking defaults for OMS/cmsy/m/n on input line 34.
LaTeX Font Info:    ... okay on input line 34.
LaTeX Font Info:    Checking defaults for OT1/cmr/m/n on input line 34.
LaTeX Font Info:    ... okay on input line 34.
LaTeX Font Info:    Checking defaults for T1/cmr/m/n on input line 34.
LaTeX Font Info:    ... okay on input line 34.
LaTeX Font Info:    Checking defaults for TS1/cmr/m/n on input line 34.
LaTeX Font Info:    ... okay on input line 34.
LaTeX Font Info:    Checking defaults for OMX/cmex/m/n on input line 34.
LaTeX Font Info:    ... okay on input line 34.
LaTeX Font Info:    Checking defaults for U/cmr/m/n on input line 34.
LaTeX Font Info:    ... okay on input line 34.
 (/usr/share/texlive/texmf-dist/tex/context/base/mkii/supp-pdf.mkii
[Loading MPS to PDF converter (version 2006.09.02).]
\scratchcounter=\count198
\scratchdimen=\dimen145
\scratchbox=\box54
\nofMPsegments=\count199
\nofMParguments=\count266
\everyMPshowfont=\toks23
\MPscratchCnt=\count267
\MPscratchDim=\dimen146
\MPnumerator=\count268
\makeMPintoPDFobject=\count269
\everyMPtoPDFconversion=\toks24
) (/usr/share/texlive/texmf-dist/tex/latex/epstopdf-pkg/epstopdf-base.sty
Package: epstopdf-base 2020-01-24 v2.11 Base part for package epstopdf
Package epstopdf-base Info: Redefining graphics rule for `.eps' on input line 4
85.

(/usr/share/texlive/texmf-dist/tex/latex/latexconfig/epstopdf-sys.cfg
File: epstopdf-sys.cfg 2010/07/13 v1.3 Configuration of (r)epstopdf for TeX Liv
e
))
LaTeX Font Info:    External font `cmex10' loaded for size
(Font)              <12> on input line 37.
LaTeX Font Info:    External font `cmex10' loaded for size
(Font)              <8> on input line 37.
LaTeX Font Info:    External font `cmex10' loaded for size
(Font)              <6> on input line 37.
LaTeX Font Info:    External font `cmex10' loaded for size
(Font)              <7> on input line 73.
LaTeX Font Info:    External font `cmex10' loaded for size
(Font)              <5> on input line 73.

[1

{/var/lib/texmf/fonts/map/pdftex/updmap/pdftex.map}] [2] [3] [4] [5] [6]
[7] [8]
Package epstopdf Info: Source file: <ppso_datagram.eps>
(epstopdf)                    date: 2023-07-25 08:42:14
(epstopdf)                    size: 267967 bytes
(epstopdf)             Output file: <ppso_datagram-eps-converted-to.pdf>
(epstopdf)                    date: 2023-07-27 18:14:08
(epstopdf)                    size: 120221 bytes
(epstopdf)             Command: <repstopdf --outfile=ppso_datagram-eps-converte
d-to.pdf ppso_datagram.eps>
(epstopdf)             \includegraphics on input line 424.
Package epstopdf Info: Output file is already uptodate.
<ppso_datagram-eps-converted-to.pdf, id=44, 1043.9pt x 1003.75pt>
File: ppso_datagram-eps-converted-to.pdf Graphic file (type pdf)
<use ppso_datagram-eps-converted-to.pdf>
Package pdftex.def Info: ppso_datagram-eps-converted-to.pdf  used on input line
 424.
(pdftex.def)             Requested size: 417.5526pt x 401.49289pt.

Overfull \hbox (72.5526pt too wide) in paragraph at lines 424--425
[][] 
 []

[9] [10 <./ppso_datagram-eps-converted-to.pdf>]
Package epstopdf Info: Source file: <image2.eps>
(epstopdf)                    date: 2023-05-07 10:37:06
(epstopdf)                    size: 10130757 bytes
(epstopdf)             Output file: <image2-eps-converted-to.pdf>
(epstopdf)                    date: 2023-07-27 18:14:12
(epstopdf)                    size: 89325 bytes
(epstopdf)             Command: <repstopdf --outfile=image2-eps-converted-to.pd
f image2.eps>
(epstopdf)             \includegraphics on input line 453.
Package epstopdf Info: Output file is already uptodate.
<image2-eps-converted-to.pdf, id=53, 560.0925pt x 172.645pt>
File: image2-eps-converted-to.pdf Graphic file (type pdf)
<use image2-eps-converted-to.pdf>
Package pdftex.def Info: image2-eps-converted-to.pdf  used on input line 453.
(pdftex.def)             Requested size: 392.06207pt x 120.85066pt.

Overfull \hbox (47.06207pt too wide) in paragraph at lines 453--454
 [][] 
 []

[11 <./image2-eps-converted-to.pdf>]
Overfull \hbox (126.24884pt too wide) in paragraph at lines 497--549
[][] 
 []

LaTeX Font Info:    Trying to load font information for T1+cmtt on input line 5
59.
(/usr/share/texlive/texmf-dist/tex/latex/base/t1cmtt.fd
File: t1cmtt.fd 2022/07/10 v2.5l Standard LaTeX font definitions
) [12]
Overfull \hbox (123.0145pt too wide) in paragraph at lines 611--685
[][]  
 []

[13] [14]
Overfull \hbox (123.0145pt too wide) in paragraph at lines 723--797
[][]  
 []

Package epstopdf Info: Source file: <boxplot_1to1.eps>
(epstopdf)                    date: 2023-05-07 10:37:06
(epstopdf)                    size: 13791154 bytes
(epstopdf)             Output file: <boxplot_1to1-eps-converted-to.pdf>
(epstopdf)                    date: 2023-07-27 18:14:17
(epstopdf)                    size: 90258 bytes
(epstopdf)             Command: <repstopdf --outfile=boxplot_1to1-eps-converted
-to.pdf boxplot_1to1.eps>
(epstopdf)             \includegraphics on input line 799.
Package epstopdf Info: Output file is already uptodate.
<boxplot_1to1-eps-converted-to.pdf, id=78, 361.35pt x 301.125pt>
File: boxplot_1to1-eps-converted-to.pdf Graphic file (type pdf)
<use boxplot_1to1-eps-converted-to.pdf>
Package pdftex.def Info: boxplot_1to1-eps-converted-to.pdf  used on input line 
799.
(pdftex.def)             Requested size: 325.21199pt x 271.00998pt.
[15]
Package epstopdf Info: Source file: <nonparametric.eps>
(epstopdf)                    date: 2023-07-27 08:57:20
(epstopdf)                    size: 83477 bytes
(epstopdf)             Output file: <nonparametric-eps-converted-to.pdf>
(epstopdf)                    date: 2023-07-27 18:14:18
(epstopdf)                    size: 26593 bytes
(epstopdf)             Command: <repstopdf --outfile=nonparametric-eps-converte
d-to.pdf nonparametric.eps>
(epstopdf)             \includegraphics on input line 806.
Package epstopdf Info: Output file is already uptodate.
<nonparametric-eps-converted-to.pdf, id=82, 524.96124pt x 425.59pt>
File: nonparametric-eps-converted-to.pdf Graphic file (type pdf)
<use nonparametric-eps-converted-to.pdf>
Package pdftex.def Info: nonparametric-eps-converted-to.pdf  used on input line
 806.
(pdftex.def)             Requested size: 367.47037pt x 297.91095pt.

Overfull \hbox (22.47037pt too wide) in paragraph at lines 806--807
 [][] 
 []

[16] [17 <./boxplot_1to1-eps-converted-to.pdf>]
Overfull \hbox (47.14119pt too wide) in paragraph at lines 832--906
[][]  
 []

[18 <./nonparametric-eps-converted-to.pdf>] [19] [20]
Package epstopdf Info: Source file: <elp_time.eps>
(epstopdf)                    date: 2023-05-07 10:37:06
(epstopdf)                    size: 51458 bytes
(epstopdf)             Output file: <elp_time-eps-converted-to.pdf>
(epstopdf)                    date: 2023-07-27 18:14:18
(epstopdf)                    size: 25014 bytes
(epstopdf)             Command: <repstopdf --outfile=elp_time-eps-converted-to.
pdf elp_time.eps>
(epstopdf)             \includegraphics on input line 1027.
Package epstopdf Info: Output file is already uptodate.
<elp_time-eps-converted-to.pdf, id=103, 455.7025pt x 255.95625pt>
File: elp_time-eps-converted-to.pdf Graphic file (type pdf)
<use elp_time-eps-converted-to.pdf>
Package pdftex.def Info: elp_time-eps-converted-to.pdf  used on input line 1027
.
(pdftex.def)             Requested size: 318.98956pt x 179.16814pt.
Package epstopdf Info: Source file: <gklstime.eps>
(epstopdf)                    date: 2023-05-07 10:37:06
(epstopdf)                    size: 47327 bytes
(epstopdf)             Output file: <gklstime-eps-converted-to.pdf>
(epstopdf)                    date: 2023-07-27 18:14:18
(epstopdf)                    size: 23282 bytes
(epstopdf)             Command: <repstopdf --outfile=gklstime-eps-converted-to.
pdf gklstime.eps>
(epstopdf)             \includegraphics on input line 1046.
Package epstopdf Info: Output file is already uptodate.
<gklstime-eps-converted-to.pdf, id=104, 455.7025pt x 255.95625pt>
File: gklstime-eps-converted-to.pdf Graphic file (type pdf)
<use gklstime-eps-converted-to.pdf>
Package pdftex.def Info: gklstime-eps-converted-to.pdf  used on input line 1046
.
(pdftex.def)             Requested size: 364.56248pt x 204.76526pt.

Overfull \hbox (19.56248pt too wide) in paragraph at lines 1046--1047
[][] 
 []

[21 <./elp_time-eps-converted-to.pdf>]
Package epstopdf Info: Source file: <gklscalls.eps>
(epstopdf)                    date: 2023-05-07 10:37:06
(epstopdf)                    size: 61059 bytes
(epstopdf)             Output file: <gklscalls-eps-converted-to.pdf>
(epstopdf)                    date: 2023-07-27 18:14:18
(epstopdf)                    size: 30111 bytes
(epstopdf)             Command: <repstopdf --outfile=gklscalls-eps-converted-to
.pdf gklscalls.eps>
(epstopdf)             \includegraphics on input line 1056.
Package epstopdf Info: Output file is already uptodate.
<gklscalls-eps-converted-to.pdf, id=111, 455.7025pt x 255.95625pt>
File: gklscalls-eps-converted-to.pdf Graphic file (type pdf)
<use gklscalls-eps-converted-to.pdf>
Package pdftex.def Info: gklscalls-eps-converted-to.pdf  used on input line 105
6.
(pdftex.def)             Requested size: 364.56248pt x 204.76526pt.

Overfull \hbox (19.56248pt too wide) in paragraph at lines 1056--1057
[][] 
 []

[22 <./gklstime-eps-converted-to.pdf>]
Package epstopdf Info: Source file: <gklsrate.eps>
(epstopdf)                    date: 2023-05-07 10:37:06
(epstopdf)                    size: 74531 bytes
(epstopdf)             Output file: <gklsrate-eps-converted-to.pdf>
(epstopdf)                    date: 2023-07-27 18:14:18
(epstopdf)                    size: 36350 bytes
(epstopdf)             Command: <repstopdf --outfile=gklsrate-eps-converted-to.
pdf gklsrate.eps>
(epstopdf)             \includegraphics on input line 1067.
Package epstopdf Info: Output file is already uptodate.
<gklsrate-eps-converted-to.pdf, id=116, 455.7025pt x 255.95625pt>
File: gklsrate-eps-converted-to.pdf Graphic file (type pdf)
<use gklsrate-eps-converted-to.pdf>
Package pdftex.def Info: gklsrate-eps-converted-to.pdf  used on input line 1067
.
(pdftex.def)             Requested size: 364.56248pt x 204.76526pt.

Overfull \hbox (19.56248pt too wide) in paragraph at lines 1067--1068
[][] 
 []

[23 <./gklscalls-eps-converted-to.pdf>]
Package epstopdf Info: Source file: <mlp_time.eps>
(epstopdf)                    date: 2023-07-27 18:14:50
(epstopdf)                    size: 44950 bytes
(epstopdf)             Output file: <mlp_time-eps-converted-to.pdf>
(epstopdf)                    date: 2023-07-27 18:15:08
(epstopdf)                    size: 22686 bytes
(epstopdf)             Command: <repstopdf --outfile=mlp_time-eps-converted-to.
pdf mlp_time.eps>
(epstopdf)             \includegraphics on input line 1086.
Package epstopdf Info: Output file is already uptodate.
<mlp_time-eps-converted-to.pdf, id=121, 455.7025pt x 255.95625pt>
File: mlp_time-eps-converted-to.pdf Graphic file (type pdf)
<use mlp_time-eps-converted-to.pdf>
Package pdftex.def Info: mlp_time-eps-converted-to.pdf  used on input line 1086
.
(pdftex.def)             Requested size: 364.56248pt x 204.76526pt.

Overfull \hbox (19.56248pt too wide) in paragraph at lines 1086--1087
 [][] 
 []

[24 <./gklsrate-eps-converted-to.pdf>] [25 <./mlp_time-eps-converted-to.pdf>]
[26] [27] [28] [29] [30] [31] [32] [33] [34] (./ppso.aux) ) 
Here is how much of TeX's memory you used:
 3271 strings out of 477975
 54892 string characters out of 5839281
 1882330 words of memory out of 5000000
 23378 multiletter control sequences out of 15000+600000
 525266 words of font info for 55 fonts, out of 8000000 for 9000
 59 hyphenation exceptions out of 8191
 57i,13n,62p,443b,402s stack positions out of 10000i,1000n,20000p,200000b,200000s
 </home/sheridan/.te
xlive2022/texmf-var/fonts/pk/ljfour/jknappen/ec/ectt1000.600pk> </home/sheridan
/.texlive2022/texmf-var/fonts/pk/ljfour/jknappen/ec/ecbi1000.600pk> </home/sher
idan/.texlive2022/texmf-var/fonts/pk/ljfour/jknappen/ec/ecrm0800.600pk> </home/
sheridan/.texlive2022/texmf-var/fonts/pk/ljfour/jknappen/ec/ecbx1200.600pk> </h
ome/sheridan/.texlive2022/texmf-var/fonts/pk/ljfour/jknappen/ec/ecbx1440.600pk>
 </home/sheridan/.texlive2022/texmf-var/fonts/pk/ljfour/jknappen/ec/ecbx1000.60
0pk> </home/sheridan/.texlive2022/texmf-var/fonts/pk/ljfour/jknappen/ec/ecrm090
0.600pk> </home/sheridan/.texlive2022/texmf-var/fonts/pk/ljfour/jknappen/ec/ecb
x0900.600pk> </home/sheridan/.texlive2022/texmf-var/fonts/pk/ljfour/jknappen/ec
/ecrm1000.600pk> </home/sheridan/.texlive2022/texmf-var/fonts/pk/ljfour/jknappe
n/ec/ecrm1200.600pk> </home/sheridan/.texlive2022/texmf-var/fonts/pk/ljfour/jkn
appen/ec/ecrm1728.600pk></usr/share/texlive/texmf-dist/fonts/type1/public/amsfo
nts/cm/cmex10.pfb></usr/share/texlive/texmf-dist/fonts/type1/public/amsfonts/cm
/cmmi10.pfb></usr/share/texlive/texmf-dist/fonts/type1/public/amsfonts/cm/cmmi5
.pfb></usr/share/texlive/texmf-dist/fonts/type1/public/amsfonts/cm/cmmi6.pfb></
usr/share/texlive/texmf-dist/fonts/type1/public/amsfonts/cm/cmmi7.pfb></usr/sha
re/texlive/texmf-dist/fonts/type1/public/amsfonts/cm/cmmi8.pfb></usr/share/texl
ive/texmf-dist/fonts/type1/public/amsfonts/cm/cmr10.pfb></usr/share/texlive/tex
mf-dist/fonts/type1/public/amsfonts/cm/cmr5.pfb></usr/share/texlive/texmf-dist/
fonts/type1/public/amsfonts/cm/cmr6.pfb></usr/share/texlive/texmf-dist/fonts/ty
pe1/public/amsfonts/cm/cmr7.pfb></usr/share/texlive/texmf-dist/fonts/type1/publ
ic/amsfonts/cm/cmr8.pfb></usr/share/texlive/texmf-dist/fonts/type1/public/amsfo
nts/cm/cmsy10.pfb></usr/share/texlive/texmf-dist/fonts/type1/public/amsfonts/cm
/cmsy5.pfb></usr/share/texlive/texmf-dist/fonts/type1/public/amsfonts/cm/cmsy6.
pfb></usr/share/texlive/texmf-dist/fonts/type1/public/amsfonts/cm/cmsy7.pfb></u
sr/share/texlive/texmf-dist/fonts/type1/public/amsfonts/cm/cmsy8.pfb>
Output written on ppso.pdf (34 pages, 779689 bytes).
PDF statistics:
 605 PDF objects out of 1000 (max. 8388607)
 177 compressed objects within 2 object streams
 0 named destinations out of 1000 (max. 500000)
 46 words of extra memory for PDF output out of 10000 (max. 10000000)

