This is pdfTeX, Version 3.141592653-2.6-1.40.22 (TeX Live 2022/dev/Debian) (preloaded format=pdflatex 2021.12.21)  27 JAN 2022 19:58
entering extended mode
 restricted \write18 enabled.
 %&-line parsing enabled.
**newde.tex
(./newde.tex
LaTeX2e <2021-11-15> patch level 1
L3 programming layer <2021-11-22>
(/usr/share/texlive/texmf-dist/tex/latex/base/article.cls
Document Class: article 2021/10/04 v1.4n Standard LaTeX document class
(/usr/share/texlive/texmf-dist/tex/latex/base/size10.clo
File: size10.clo 2021/10/04 v1.4n Standard LaTeX file (size option)
)
\c@part=\count183
\c@section=\count184
\c@subsection=\count185
\c@subsubsection=\count186
\c@paragraph=\count187
\c@subparagraph=\count188
\c@figure=\count189
\c@table=\count190
\abovecaptionskip=\skip47
\belowcaptionskip=\skip48
\bibindent=\dimen138
)
(/usr/share/texlive/texmf-dist/tex/latex/base/fontenc.sty
Package: fontenc 2021/04/29 v2.0v Standard LaTeX package
)
(/usr/share/texlive/texmf-dist/tex/latex/base/inputenc.sty
Package: inputenc 2021/02/14 v1.3d Input encoding file
\inpenc@prehook=\toks16
\inpenc@posthook=\toks17

(/usr/share/texlive/texmf-dist/tex/latex/base/latin9.def
File: latin9.def 2021/02/14 v1.3d Input encoding file
))
(/usr/share/texlive/texmf-dist/tex/latex/amsmath/amstext.sty
Package: amstext 2021/08/26 v2.01 AMS text

(/usr/share/texlive/texmf-dist/tex/latex/amsmath/amsgen.sty
File: amsgen.sty 1999/11/30 v2.0 generic functions
\@emptytoks=\toks18
\ex@=\dimen139
))
(/usr/share/texlive/texmf-dist/tex/latex/graphics/graphicx.sty
Package: graphicx 2021/09/16 v1.2d Enhanced LaTeX Graphics (DPC,SPQR)

(/usr/share/texlive/texmf-dist/tex/latex/graphics/keyval.sty
Package: keyval 2014/10/28 v1.15 key=value parser (DPC)
\KV@toks@=\toks19
)
(/usr/share/texlive/texmf-dist/tex/latex/graphics/graphics.sty
Package: graphics 2021/03/04 v1.4d Standard LaTeX Graphics (DPC,SPQR)

(/usr/share/texlive/texmf-dist/tex/latex/graphics/trig.sty
Package: trig 2021/08/11 v1.11 sin cos tan (DPC)
)
(/usr/share/texlive/texmf-dist/tex/latex/graphics-cfg/graphics.cfg
File: graphics.cfg 2016/06/04 v1.11 sample graphics configuration
)
Package graphics Info: Driver file: pdftex.def on input line 107.

(/usr/share/texlive/texmf-dist/tex/latex/graphics-def/pdftex.def
File: pdftex.def 2020/10/05 v1.2a Graphics/color driver for pdftex
))
\Gin@req@height=\dimen140
\Gin@req@width=\dimen141
)
(/usr/share/texlive/texmf-dist/tex/generic/babel/babel.sty
Package: babel 2021/11/29 3.67 The Babel package
\babel@savecnt=\count191
\U@D=\dimen142
\l@unhyphenated=\language7

(/usr/share/texlive/texmf-dist/tex/generic/babel/txtbabel.def)
\bbl@readstream=\read2
\bbl@dirlevel=\count192

(/usr/share/texlive/texmf-dist/tex/generic/babel-english/english.ldf
Language: english 2017/06/06 v3.3r English support from the babel system
Package babel Info: Hyphen rules for 'british' set to \l@english
(babel)             (\language0). Reported on input line 82.
Package babel Info: Hyphen rules for 'UKenglish' set to \l@english
(babel)             (\language0). Reported on input line 83.
Package babel Info: Hyphen rules for 'canadian' set to \l@english
(babel)             (\language0). Reported on input line 102.
Package babel Info: Hyphen rules for 'australian' set to \l@english
(babel)             (\language0). Reported on input line 105.
Package babel Info: Hyphen rules for 'newzealand' set to \l@english
(babel)             (\language0). Reported on input line 108.
))
(/usr/share/texlive/texmf-dist/tex/latex/l3backend/l3backend-pdftex.def
File: l3backend-pdftex.def 2021-12-14 L3 backend support: PDF output (pdfTeX)
\l__color_backend_stack_int=\count193
\l__pdf_internal_box=\box50
)
(./newde.aux)
\openout1 = `newde.aux'.

LaTeX Font Info:    Checking defaults for OML/cmm/m/it on input line 18.
LaTeX Font Info:    ... okay on input line 18.
LaTeX Font Info:    Checking defaults for OMS/cmsy/m/n on input line 18.
LaTeX Font Info:    ... okay on input line 18.
LaTeX Font Info:    Checking defaults for OT1/cmr/m/n on input line 18.
LaTeX Font Info:    ... okay on input line 18.
LaTeX Font Info:    Checking defaults for T1/cmr/m/n on input line 18.
LaTeX Font Info:    ... okay on input line 18.
LaTeX Font Info:    Checking defaults for TS1/cmr/m/n on input line 18.
LaTeX Font Info:    ... okay on input line 18.
LaTeX Font Info:    Checking defaults for OMX/cmex/m/n on input line 18.
LaTeX Font Info:    ... okay on input line 18.
LaTeX Font Info:    Checking defaults for U/cmr/m/n on input line 18.
LaTeX Font Info:    ... okay on input line 18.

(/usr/share/texlive/texmf-dist/tex/context/base/mkii/supp-pdf.mkii
[Loading MPS to PDF converter (version 2006.09.02).]
\scratchcounter=\count194
\scratchdimen=\dimen143
\scratchbox=\box51
\nofMPsegments=\count195
\nofMParguments=\count196
\everyMPshowfont=\toks20
\MPscratchCnt=\count197
\MPscratchDim=\dimen144
\MPnumerator=\count198
\makeMPintoPDFobject=\count199
\everyMPtoPDFconversion=\toks21
) (/usr/share/texlive/texmf-dist/tex/latex/epstopdf-pkg/epstopdf-base.sty
Package: epstopdf-base 2020-01-24 v2.11 Base part for package epstopdf
Package epstopdf-base Info: Redefining graphics rule for `.eps' on input line 4
85.

(/usr/share/texlive/texmf-dist/tex/latex/latexconfig/epstopdf-sys.cfg
File: epstopdf-sys.cfg 2010/07/13 v1.3 Configuration of (r)epstopdf for TeX Liv
e
))
LaTeX Font Info:    External font `cmex10' loaded for size
(Font)              <12> on input line 24.
LaTeX Font Info:    External font `cmex10' loaded for size
(Font)              <8> on input line 24.
LaTeX Font Info:    External font `cmex10' loaded for size
(Font)              <6> on input line 24.

Overfull \hbox (87.51074pt too wide) in paragraph at lines 24--24
 [][] 
 []

LaTeX Font Info:    External font `cmex10' loaded for size
(Font)              <7> on input line 41.
LaTeX Font Info:    External font `cmex10' loaded for size
(Font)              <5> on input line 41.
[1

{/var/lib/texmf/fonts/map/pdftex/updmap/pdftex.map}] [2] [3] [4]
Overfull \hbox (20.93904pt too wide) in paragraph at lines 235--239
[]\T1/cmr/bx/n/10 Branin \T1/cmr/m/n/10 func-tion. The func-tion is de-fined by
 $\OML/cmm/m/it/10 f\OT1/cmr/m/n/10 (\OML/cmm/m/it/10 x\OT1/cmr/m/n/10 ) = [][]
 +
 []

[5]
Overfull \hbox (15.35135pt too wide) in paragraph at lines 282--284
[]\T1/cmr/bx/n/10 Hansen \T1/cmr/m/n/10 func-tion. $\OML/cmm/m/it/10 f\OT1/cmr/
m/n/10 (\OML/cmm/m/it/10 x\OT1/cmr/m/n/10 ) = [][] \OML/cmm/m/it/10 i [] [] [][
] j [] []$\T1/cmr/m/n/10 ,
 []


Overfull \hbox (10.9151pt too wide) in paragraph at lines 311--323
\T1/cmr/m/n/10 with $\OML/cmm/m/it/10 x \OMS/cmsy/m/n/10 2 \OT1/cmr/m/n/10 [0\O
ML/cmm/m/it/10 ; \OT1/cmr/m/n/10 1][]$ \T1/cmr/m/n/10 and $\OML/cmm/m/it/10 a \
OT1/cmr/m/n/10 = [] \OML/cmm/m/it/10 ;  c \OT1/cmr/m/n/10 = []$
 []

[6] [7]
Overfull \hbox (52.71841pt too wide) detected at line 447
\OML/cmm/m/it/10 f\OT1/cmr/m/n/10 (\OML/cmm/m/it/10 x\OT1/cmr/m/n/10 ) = [] [][
] [] [] [] + [][] []
 []

[8]
Package epstopdf Info: Source file: <plot_weight_de.eps>
(epstopdf)                    date: 2022-01-27 19:58:13
(epstopdf)                    size: 18195 bytes
(epstopdf)             Output file: <plot_weight_de-eps-converted-to.pdf>
(epstopdf)                    date: 2022-01-27 19:58:19
(epstopdf)                    size: 8508 bytes
(epstopdf)             Command: <repstopdf --outfile=plot_weight_de-eps-convert
ed-to.pdf plot_weight_de.eps>
(epstopdf)             \includegraphics on input line 699.
Package epstopdf Info: Output file is already uptodate.
<plot_weight_de-eps-converted-to.pdf, id=47, 361.35pt x 216.81pt>
File: plot_weight_de-eps-converted-to.pdf Graphic file (type pdf)
<use plot_weight_de-eps-converted-to.pdf>
Package pdftex.def Info: plot_weight_de-eps-converted-to.pdf  used on input lin
e 699.
(pdftex.def)             Requested size: 216.81168pt x 130.08699pt.
Package epstopdf Info: Source file: <plot_de_termination.eps>
(epstopdf)                    date: 2022-01-27 19:58:08
(epstopdf)                    size: 18074 bytes
(epstopdf)             Output file: <plot_de_termination-eps-converted-to.pdf>
(epstopdf)                    date: 2022-01-27 19:58:19
(epstopdf)                    size: 8593 bytes
(epstopdf)             Command: <repstopdf --outfile=plot_de_termination-eps-co
nverted-to.pdf plot_de_termination.eps>
(epstopdf)             \includegraphics on input line 705.
Package epstopdf Info: Output file is already uptodate.
<plot_de_termination-eps-converted-to.pdf, id=48, 361.35pt x 216.81pt>
File: plot_de_termination-eps-converted-to.pdf Graphic file (type pdf)
<use plot_de_termination-eps-converted-to.pdf>
Package pdftex.def Info: plot_de_termination-eps-converted-to.pdf  used on inpu
t line 705.
(pdftex.def)             Requested size: 216.81168pt x 130.08699pt.
 [9] [10 <./plot_weight_de-eps-converted-to.pdf> <./plot_de_termination-eps-con
verted-to.pdf>] [11] [12] [13] [14] [15] [16] (./newde.aux) ) 
Here is how much of TeX's memory you used:
 2706 strings out of 480237
 44256 string characters out of 5895834
 382970 words of memory out of 5000000
 20575 multiletter control sequences out of 15000+600000
 416353 words of font info for 50 fonts, out of 8000000 for 9000
 59 hyphenation exceptions out of 8191
 55i,11n,62p,232b,341s stack positions out of 5000i,500n,10000p,200000b,80000s
 </home/sheridan/.
texlive2021/texmf-var/fonts/pk/ljfour/jknappen/ec/ecti1000.600pk> </home/sherid
an/.texlive2021/texmf-var/fonts/pk/ljfour/jknappen/ec/ecbi1000.600pk> </home/sh
eridan/.texlive2021/texmf-var/fonts/pk/ljfour/jknappen/ec/tcrm1000.600pk> </hom
e/sheridan/.texlive2021/texmf-var/fonts/pk/ljfour/jknappen/ec/ecbx1000.600pk> <
/home/sheridan/.texlive2021/texmf-var/fonts/pk/ljfour/jknappen/ec/ecbx1200.600p
k> </home/sheridan/.texlive2021/texmf-var/fonts/pk/ljfour/jknappen/ec/ecrm1000.
600pk> </home/sheridan/.texlive2021/texmf-var/fonts/pk/ljfour/jknappen/ec/ecbx1
440.600pk> </home/sheridan/.texlive2021/texmf-var/fonts/pk/ljfour/jknappen/ec/e
crm0900.600pk> </home/sheridan/.texlive2021/texmf-var/fonts/pk/ljfour/jknappen/
ec/ecbx0900.600pk> </home/sheridan/.texlive2021/texmf-var/fonts/pk/ljfour/jknap
pen/ec/ecrm1200.600pk> </home/sheridan/.texlive2021/texmf-var/fonts/pk/ljfour/j
knappen/ec/ecrm1728.600pk></usr/share/texlive/texmf-dist/fonts/type1/public/ams
fonts/cm/cmex10.pfb></usr/share/texlive/texmf-dist/fonts/type1/public/amsfonts/
cm/cmmi10.pfb></usr/share/texlive/texmf-dist/fonts/type1/public/amsfonts/cm/cmm
i7.pfb></usr/share/texlive/texmf-dist/fonts/type1/public/amsfonts/cm/cmr10.pfb>
</usr/share/texlive/texmf-dist/fonts/type1/public/amsfonts/cm/cmr5.pfb></usr/sh
are/texlive/texmf-dist/fonts/type1/public/amsfonts/cm/cmr7.pfb></usr/share/texl
ive/texmf-dist/fonts/type1/public/amsfonts/cm/cmsy10.pfb></usr/share/texlive/te
xmf-dist/fonts/type1/public/amsfonts/cm/cmsy7.pfb>
Output written on newde.pdf (16 pages, 229197 bytes).
PDF statistics:
 457 PDF objects out of 1000 (max. 8388607)
 111 compressed objects within 2 object streams
 0 named destinations out of 1000 (max. 500000)
 11 words of extra memory for PDF output out of 10000 (max. 10000000)

