This is pdfTeX, Version 3.141592653-2.6-1.40.22 (TeX Live 2022/dev/Debian) (preloaded format=pdflatex 2022.2.11)  19 FEB 2022 08:12
entering extended mode
 restricted \write18 enabled.
 %&-line parsing enabled.
**geneticrbf.tex
(./geneticrbf.tex
LaTeX2e <2021-11-15> patch level 1
L3 programming layer <2022-01-21>
(/usr/share/texlive/texmf-dist/tex/latex/base/article.cls
Document Class: article 2021/10/04 v1.4n Standard LaTeX document class
(/usr/share/texlive/texmf-dist/tex/latex/base/size10.clo
File: size10.clo 2021/10/04 v1.4n Standard LaTeX file (size option)
)
\c@part=\count185
\c@section=\count186
\c@subsection=\count187
\c@subsubsection=\count188
\c@paragraph=\count189
\c@subparagraph=\count190
\c@figure=\count191
\c@table=\count192
\abovecaptionskip=\skip47
\belowcaptionskip=\skip48
\bibindent=\dimen138
)
(/usr/share/texlive/texmf-dist/tex/latex/base/fontenc.sty
Package: fontenc 2021/04/29 v2.0v Standard LaTeX package
)
(/usr/share/texlive/texmf-dist/tex/latex/base/inputenc.sty
Package: inputenc 2021/02/14 v1.3d Input encoding file
\inpenc@prehook=\toks16
\inpenc@posthook=\toks17

(/usr/share/texlive/texmf-dist/tex/latex/base/latin9.def
File: latin9.def 2021/02/14 v1.3d Input encoding file
))
(/usr/share/texlive/texmf-dist/tex/latex/float/float.sty
Package: float 2001/11/08 v1.3d Float enhancements (AL)
\c@float@type=\count193
\float@exts=\toks18
\float@box=\box50
\@float@everytoks=\toks19
\@floatcapt=\box51
)
(/usr/share/texlive/texmf-dist/tex/latex/url/url.sty
\Urlmuskip=\muskip16
Package: url 2013/09/16  ver 3.4  Verb mode for urls, etc.
)
(/usr/share/texlive/texmf-dist/tex/latex/amsmath/amstext.sty
Package: amstext 2021/08/26 v2.01 AMS text

(/usr/share/texlive/texmf-dist/tex/latex/amsmath/amsgen.sty
File: amsgen.sty 1999/11/30 v2.0 generic functions
\@emptytoks=\toks20
\ex@=\dimen139
))
(/usr/share/texlive/texmf-dist/tex/latex/graphics/graphicx.sty
Package: graphicx 2021/09/16 v1.2d Enhanced LaTeX Graphics (DPC,SPQR)

(/usr/share/texlive/texmf-dist/tex/latex/graphics/keyval.sty
Package: keyval 2014/10/28 v1.15 key=value parser (DPC)
\KV@toks@=\toks21
)
(/usr/share/texlive/texmf-dist/tex/latex/graphics/graphics.sty
Package: graphics 2021/03/04 v1.4d Standard LaTeX Graphics (DPC,SPQR)

(/usr/share/texlive/texmf-dist/tex/latex/graphics/trig.sty
Package: trig 2021/08/11 v1.11 sin cos tan (DPC)
)
(/usr/share/texlive/texmf-dist/tex/latex/graphics-cfg/graphics.cfg
File: graphics.cfg 2016/06/04 v1.11 sample graphics configuration
)
Package graphics Info: Driver file: pdftex.def on input line 107.

(/usr/share/texlive/texmf-dist/tex/latex/graphics-def/pdftex.def
File: pdftex.def 2020/10/05 v1.2a Graphics/color driver for pdftex
))
\Gin@req@height=\dimen140
\Gin@req@width=\dimen141
)
\@float@every@algorithm=\toks22
\c@algorithm=\count194

(/usr/share/texlive/texmf-dist/tex/generic/babel/babel.sty
Package: babel 2022/01/26 3.70 The Babel package
\babel@savecnt=\count195
\U@D=\dimen142
\l@unhyphenated=\language7

(/usr/share/texlive/texmf-dist/tex/generic/babel/txtbabel.def)
\bbl@readstream=\read2
\bbl@dirlevel=\count196

(/usr/share/texlive/texmf-dist/tex/generic/babel-english/english.ldf
Language: english 2017/06/06 v3.3r English support from the babel system
Package babel Info: Hyphen rules for 'british' set to \l@english
(babel)             (\language0). Reported on input line 82.
Package babel Info: Hyphen rules for 'UKenglish' set to \l@english
(babel)             (\language0). Reported on input line 83.
Package babel Info: Hyphen rules for 'canadian' set to \l@english
(babel)             (\language0). Reported on input line 102.
Package babel Info: Hyphen rules for 'australian' set to \l@english
(babel)             (\language0). Reported on input line 105.
Package babel Info: Hyphen rules for 'newzealand' set to \l@english
(babel)             (\language0). Reported on input line 108.
))
(/usr/share/texlive/texmf-dist/tex/latex/l3backend/l3backend-pdftex.def
File: l3backend-pdftex.def 2022-01-12 L3 backend support: PDF output (pdfTeX)
\l__color_backend_stack_int=\count197
\l__pdf_internal_box=\box52
)
(./geneticrbf.aux)
\openout1 = `geneticrbf.aux'.

LaTeX Font Info:    Checking defaults for OML/cmm/m/it on input line 24.
LaTeX Font Info:    ... okay on input line 24.
LaTeX Font Info:    Checking defaults for OMS/cmsy/m/n on input line 24.
LaTeX Font Info:    ... okay on input line 24.
LaTeX Font Info:    Checking defaults for OT1/cmr/m/n on input line 24.
LaTeX Font Info:    ... okay on input line 24.
LaTeX Font Info:    Checking defaults for T1/cmr/m/n on input line 24.
LaTeX Font Info:    ... okay on input line 24.
LaTeX Font Info:    Checking defaults for TS1/cmr/m/n on input line 24.
LaTeX Font Info:    ... okay on input line 24.
LaTeX Font Info:    Checking defaults for OMX/cmex/m/n on input line 24.
LaTeX Font Info:    ... okay on input line 24.
LaTeX Font Info:    Checking defaults for U/cmr/m/n on input line 24.
LaTeX Font Info:    ... okay on input line 24.

(/usr/share/texlive/texmf-dist/tex/context/base/mkii/supp-pdf.mkii
[Loading MPS to PDF converter (version 2006.09.02).]
\scratchcounter=\count198
\scratchdimen=\dimen143
\scratchbox=\box53
\nofMPsegments=\count199
\nofMParguments=\count266
\everyMPshowfont=\toks23
\MPscratchCnt=\count267
\MPscratchDim=\dimen144
\MPnumerator=\count268
\makeMPintoPDFobject=\count269
\everyMPtoPDFconversion=\toks24
) (/usr/share/texlive/texmf-dist/tex/latex/epstopdf-pkg/epstopdf-base.sty
Package: epstopdf-base 2020-01-24 v2.11 Base part for package epstopdf
Package epstopdf-base Info: Redefining graphics rule for `.eps' on input line 4
85.

(/usr/share/texlive/texmf-dist/tex/latex/latexconfig/epstopdf-sys.cfg
File: epstopdf-sys.cfg 2010/07/13 v1.3 Configuration of (r)epstopdf for TeX Liv
e
))
LaTeX Font Info:    External font `cmex10' loaded for size
(Font)              <12> on input line 29.
LaTeX Font Info:    External font `cmex10' loaded for size
(Font)              <8> on input line 29.
LaTeX Font Info:    External font `cmex10' loaded for size
(Font)              <6> on input line 29.
LaTeX Font Info:    External font `cmex10' loaded for size
(Font)              <7> on input line 53.
LaTeX Font Info:    External font `cmex10' loaded for size
(Font)              <5> on input line 53.

[1

{/var/lib/texmf/fonts/map/pdftex/updmap/pdftex.map}] [2]
Overfull \hbox (28.39096pt too wide) in paragraph at lines 160--165
 [][] 
 []

[3] [4]
Overfull \hbox (4.44858pt too wide) in paragraph at lines 223--226
\T1/cmr/m/n/10 During this step three ge-netic op-er-a-tions are per-formed: se
-lec-tion, crossover
 []

[5] [6]
LaTeX Font Info:    Trying to load font information for T1+cmtt on input line 3
38.
 (/usr/share/texlive/texmf-dist/tex/latex/base/t1cmtt.fd
File: t1cmtt.fd 2019/12/16 v2.5j Standard LaTeX font definitions
) [7]
Overfull \hbox (2.46065pt too wide) in paragraph at lines 427--429
[]\T1/cmr/bx/n/10 Sonar \T1/cmr/m/n/10 dataset [[]]. The task is dis-crim-i-nat
e be-tween sonar sig-nals bounced
 []

[8] [9]
Package epstopdf Info: Source file: <best_wine.eps>
(epstopdf)                    date: 2022-02-19 08:12:42
(epstopdf)                    size: 28900 bytes
(epstopdf)             Output file: <best_wine-eps-converted-to.pdf>
(epstopdf)                    date: 2022-02-19 08:12:51
(epstopdf)                    size: 8534 bytes
(epstopdf)             Command: <repstopdf --outfile=best_wine-eps-converted-to
.pdf best_wine.eps>
(epstopdf)             \includegraphics on input line 630.
Package epstopdf Info: Output file is already uptodate.
<best_wine-eps-converted-to.pdf, id=49, 361.35pt x 252.945pt>
File: best_wine-eps-converted-to.pdf Graphic file (type pdf)
<use best_wine-eps-converted-to.pdf>
Package pdftex.def Info: best_wine-eps-converted-to.pdf  used on input line 630
.
(pdftex.def)             Requested size: 252.94327pt x 177.06029pt.
Package epstopdf Info: Source file: <wine_all_plot.eps>
(epstopdf)                    date: 2022-02-19 08:12:38
(epstopdf)                    size: 30318 bytes
(epstopdf)             Output file: <wine_all_plot-eps-converted-to.pdf>
(epstopdf)                    date: 2022-02-19 08:12:51
(epstopdf)                    size: 12172 bytes
(epstopdf)             Command: <repstopdf --outfile=wine_all_plot-eps-converte
d-to.pdf wine_all_plot.eps>
(epstopdf)             \includegraphics on input line 636.
Package epstopdf Info: Output file is already uptodate.
<wine_all_plot-eps-converted-to.pdf, id=50, 361.35pt x 216.81pt>
File: wine_all_plot-eps-converted-to.pdf Graphic file (type pdf)
<use wine_all_plot-eps-converted-to.pdf>
Package pdftex.def Info: wine_all_plot-eps-converted-to.pdf  used on input line
 636.
(pdftex.def)             Requested size: 252.94327pt x 151.76596pt.
Package epstopdf Info: Source file: <housing.eps>
(epstopdf)                    date: 2022-02-19 08:12:35
(epstopdf)                    size: 18169 bytes
(epstopdf)             Output file: <housing-eps-converted-to.pdf>
(epstopdf)                    date: 2022-02-19 08:12:52
(epstopdf)                    size: 8678 bytes
(epstopdf)             Command: <repstopdf --outfile=housing-eps-converted-to.p
df housing.eps>
(epstopdf)             \includegraphics on input line 642.
Package epstopdf Info: Output file is already uptodate.
<housing-eps-converted-to.pdf, id=51, 361.35pt x 216.81pt>
File: housing-eps-converted-to.pdf Graphic file (type pdf)
<use housing-eps-converted-to.pdf>
Package pdftex.def Info: housing-eps-converted-to.pdf  used on input line 642.
(pdftex.def)             Requested size: 252.94327pt x 151.76596pt.
Package epstopdf Info: Source file: <zfs.eps>
(epstopdf)                    date: 2022-02-19 08:12:33
(epstopdf)                    size: 19844 bytes
(epstopdf)             Output file: <zfs-eps-converted-to.pdf>
(epstopdf)                    date: 2022-02-19 08:12:52
(epstopdf)                    size: 9214 bytes
(epstopdf)             Command: <repstopdf --outfile=zfs-eps-converted-to.pdf z
fs.eps>
(epstopdf)             \includegraphics on input line 647.
Package epstopdf Info: Output file is already uptodate.
<zfs-eps-converted-to.pdf, id=52, 361.35pt x 216.81pt>
File: zfs-eps-converted-to.pdf Graphic file (type pdf)
<use zfs-eps-converted-to.pdf>
Package pdftex.def Info: zfs-eps-converted-to.pdf  used on input line 647.
(pdftex.def)             Requested size: 252.94327pt x 151.76596pt.

Overfull \hbox (163.22395pt too wide) in paragraph at lines 655--667
 [][] 
 []

[10] [11] [12 <./best_wine-eps-converted-to.pdf>] [13 <./wine_all_plot-eps-conv
erted-to.pdf> <./housing-eps-converted-to.pdf> <./zfs-eps-converted-to.pdf>]
[14] [15] [16] [17] [18] [19] [20] [21] (./geneticrbf.aux) ) 
Here is how much of TeX's memory you used:
 3017 strings out of 480171
 49032 string characters out of 5894489
 366942 words of memory out of 5000000
 20946 multiletter control sequences out of 15000+600000
 480773 words of font info for 49 fonts, out of 8000000 for 9000
 59 hyphenation exceptions out of 8191
 55i,12n,62p,246b,373s stack positions out of 5000i,500n,10000p,200000b,80000s
 </home/sheridan/.t
exlive2021/texmf-var/fonts/pk/ljfour/jknappen/ec/ectt1000.600pk> </home/sherida
n/.texlive2021/texmf-var/fonts/pk/ljfour/jknappen/ec/ecbx1200.600pk> </home/she
ridan/.texlive2021/texmf-var/fonts/pk/ljfour/jknappen/ec/ecbx1440.600pk> </home
/sheridan/.texlive2021/texmf-var/fonts/pk/ljfour/jknappen/ec/ecrm1000.600pk> </
home/sheridan/.texlive2021/texmf-var/fonts/pk/ljfour/jknappen/ec/ecbx1000.600pk
> </home/sheridan/.texlive2021/texmf-var/fonts/pk/ljfour/jknappen/ec/ecrm0900.6
00pk> </home/sheridan/.texlive2021/texmf-var/fonts/pk/ljfour/jknappen/ec/ecbx09
00.600pk> </home/sheridan/.texlive2021/texmf-var/fonts/pk/ljfour/jknappen/ec/ec
rm1200.600pk> </home/sheridan/.texlive2021/texmf-var/fonts/pk/ljfour/jknappen/e
c/ecrm1728.600pk></usr/share/texlive/texmf-dist/fonts/type1/public/amsfonts/cm/
cmex10.pfb></usr/share/texlive/texmf-dist/fonts/type1/public/amsfonts/cm/cmmi10
.pfb></usr/share/texlive/texmf-dist/fonts/type1/public/amsfonts/cm/cmmi5.pfb></
usr/share/texlive/texmf-dist/fonts/type1/public/amsfonts/cm/cmmi7.pfb></usr/sha
re/texlive/texmf-dist/fonts/type1/public/amsfonts/cm/cmr10.pfb></usr/share/texl
ive/texmf-dist/fonts/type1/public/amsfonts/cm/cmr7.pfb></usr/share/texlive/texm
f-dist/fonts/type1/public/amsfonts/cm/cmsy10.pfb></usr/share/texlive/texmf-dist
/fonts/type1/public/amsfonts/cm/cmsy5.pfb></usr/share/texlive/texmf-dist/fonts/
type1/public/amsfonts/cm/cmsy7.pfb>
Output written on geneticrbf.pdf (21 pages, 266370 bytes).
PDF statistics:
 501 PDF objects out of 1000 (max. 8388607)
 123 compressed objects within 2 object streams
 0 named destinations out of 1000 (max. 500000)
 21 words of extra memory for PDF output out of 10000 (max. 10000000)

