This is pdfTeX, Version 3.141592653-2.6-1.40.24 (TeX Live 2022/Debian) (preloaded format=pdflatex 2022.9.22)  10 OCT 2022 08:13
entering extended mode
 restricted \write18 enabled.
 %&-line parsing enabled.
**covid19prediction.tex
(./covid19prediction.tex
LaTeX2e <2022-06-01> patch level 5
L3 programming layer <2022-07-15>
(/usr/share/texlive/texmf-dist/tex/latex/base/article.cls
Document Class: article 2021/10/04 v1.4n Standard LaTeX document class
(/usr/share/texlive/texmf-dist/tex/latex/base/size10.clo
File: size10.clo 2021/10/04 v1.4n Standard LaTeX file (size option)
)
\c@part=\count185
\c@section=\count186
\c@subsection=\count187
\c@subsubsection=\count188
\c@paragraph=\count189
\c@subparagraph=\count190
\c@figure=\count191
\c@table=\count192
\abovecaptionskip=\skip47
\belowcaptionskip=\skip48
\bibindent=\dimen138
)
(/usr/share/texlive/texmf-dist/tex/latex/base/fontenc.sty
Package: fontenc 2021/04/29 v2.0v Standard LaTeX package
)
(/usr/share/texlive/texmf-dist/tex/latex/base/inputenc.sty
Package: inputenc 2021/02/14 v1.3d Input encoding file
\inpenc@prehook=\toks16
\inpenc@posthook=\toks17

(/usr/share/texlive/texmf-dist/tex/latex/base/latin9.def
File: latin9.def 2021/02/14 v1.3d Input encoding file
))
(/usr/share/texlive/texmf-dist/tex/latex/url/url.sty
\Urlmuskip=\muskip16
Package: url 2013/09/16  ver 3.4  Verb mode for urls, etc.
)
(/usr/share/texlive/texmf-dist/tex/latex/amsmath/amsmath.sty
Package: amsmath 2022/04/08 v2.17n AMS math features
\@mathmargin=\skip49

For additional information on amsmath, use the `?' option.
(/usr/share/texlive/texmf-dist/tex/latex/amsmath/amstext.sty
Package: amstext 2021/08/26 v2.01 AMS text

(/usr/share/texlive/texmf-dist/tex/latex/amsmath/amsgen.sty
File: amsgen.sty 1999/11/30 v2.0 generic functions
\@emptytoks=\toks18
\ex@=\dimen139
))
(/usr/share/texlive/texmf-dist/tex/latex/amsmath/amsbsy.sty
Package: amsbsy 1999/11/29 v1.2d Bold Symbols
\pmbraise@=\dimen140
)
(/usr/share/texlive/texmf-dist/tex/latex/amsmath/amsopn.sty
Package: amsopn 2022/04/08 v2.04 operator names
)
\inf@bad=\count193
LaTeX Info: Redefining \frac on input line 234.
\uproot@=\count194
\leftroot@=\count195
LaTeX Info: Redefining \overline on input line 399.
LaTeX Info: Redefining \colon on input line 410.
\classnum@=\count196
\DOTSCASE@=\count197
LaTeX Info: Redefining \ldots on input line 496.
LaTeX Info: Redefining \dots on input line 499.
LaTeX Info: Redefining \cdots on input line 620.
\Mathstrutbox@=\box51
\strutbox@=\box52
LaTeX Info: Redefining \big on input line 722.
LaTeX Info: Redefining \Big on input line 723.
LaTeX Info: Redefining \bigg on input line 724.
LaTeX Info: Redefining \Bigg on input line 725.
\big@size=\dimen141
LaTeX Font Info:    Redeclaring font encoding OML on input line 743.
LaTeX Font Info:    Redeclaring font encoding OMS on input line 744.
\macc@depth=\count198
LaTeX Info: Redefining \bmod on input line 905.
LaTeX Info: Redefining \pmod on input line 910.
LaTeX Info: Redefining \smash on input line 940.
LaTeX Info: Redefining \relbar on input line 970.
LaTeX Info: Redefining \Relbar on input line 971.
\c@MaxMatrixCols=\count199
\dotsspace@=\muskip17
\c@parentequation=\count266
\dspbrk@lvl=\count267
\tag@help=\toks19
\row@=\count268
\column@=\count269
\maxfields@=\count270
\andhelp@=\toks20
\eqnshift@=\dimen142
\alignsep@=\dimen143
\tagshift@=\dimen144
\tagwidth@=\dimen145
\totwidth@=\dimen146
\lineht@=\dimen147
\@envbody=\toks21
\multlinegap=\skip50
\multlinetaggap=\skip51
\mathdisplay@stack=\toks22
LaTeX Info: Redefining \[ on input line 2953.
LaTeX Info: Redefining \] on input line 2954.
)
(/usr/share/texlive/texmf-dist/tex/latex/graphics/graphicx.sty
Package: graphicx 2021/09/16 v1.2d Enhanced LaTeX Graphics (DPC,SPQR)

(/usr/share/texlive/texmf-dist/tex/latex/graphics/keyval.sty
Package: keyval 2022/05/29 v1.15 key=value parser (DPC)
\KV@toks@=\toks23
)
(/usr/share/texlive/texmf-dist/tex/latex/graphics/graphics.sty
Package: graphics 2022/03/10 v1.4e Standard LaTeX Graphics (DPC,SPQR)

(/usr/share/texlive/texmf-dist/tex/latex/graphics/trig.sty
Package: trig 2021/08/11 v1.11 sin cos tan (DPC)
)
(/usr/share/texlive/texmf-dist/tex/latex/graphics-cfg/graphics.cfg
File: graphics.cfg 2016/06/04 v1.11 sample graphics configuration
)
Package graphics Info: Driver file: pdftex.def on input line 107.

(/usr/share/texlive/texmf-dist/tex/latex/graphics-def/pdftex.def
File: pdftex.def 2020/10/05 v1.2a Graphics/color driver for pdftex
))
\Gin@req@height=\dimen148
\Gin@req@width=\dimen149
)
(/usr/share/texlive/texmf-dist/tex/generic/babel/babel.sty
Package: babel 2022/07/20 3.78 The Babel package
\babel@savecnt=\count271
\U@D=\dimen150
\l@unhyphenated=\language7

(/usr/share/texlive/texmf-dist/tex/generic/babel/txtbabel.def)
\bbl@readstream=\read2
\bbl@dirlevel=\count272

(/usr/share/texlive/texmf-dist/tex/generic/babel-english/english.ldf
Language: english 2017/06/06 v3.3r English support from the babel system
Package babel Info: Hyphen rules for 'british' set to \l@english
(babel)             (\language0). Reported on input line 82.
Package babel Info: Hyphen rules for 'UKenglish' set to \l@english
(babel)             (\language0). Reported on input line 83.
Package babel Info: Hyphen rules for 'canadian' set to \l@english
(babel)             (\language0). Reported on input line 102.
Package babel Info: Hyphen rules for 'australian' set to \l@english
(babel)             (\language0). Reported on input line 105.
Package babel Info: Hyphen rules for 'newzealand' set to \l@english
(babel)             (\language0). Reported on input line 108.
))
(/usr/share/texlive/texmf-dist/tex/generic/babel/locale/en/babel-english.tex
Package babel Info: Importing font and identification data for english
(babel)             from babel-en.ini. Reported on input line 11.
)
(/usr/share/texlive/texmf-dist/tex/latex/l3backend/l3backend-pdftex.def
File: l3backend-pdftex.def 2022-07-01 L3 backend support: PDF output (pdfTeX)
\l__color_backend_stack_int=\count273
\l__pdf_internal_box=\box53
)
(./covid19prediction.aux)
\openout1 = `covid19prediction.aux'.

LaTeX Font Info:    Checking defaults for OML/cmm/m/it on input line 31.
LaTeX Font Info:    ... okay on input line 31.
LaTeX Font Info:    Checking defaults for OMS/cmsy/m/n on input line 31.
LaTeX Font Info:    ... okay on input line 31.
LaTeX Font Info:    Checking defaults for OT1/cmr/m/n on input line 31.
LaTeX Font Info:    ... okay on input line 31.
LaTeX Font Info:    Checking defaults for T1/cmr/m/n on input line 31.
LaTeX Font Info:    ... okay on input line 31.
LaTeX Font Info:    Checking defaults for TS1/cmr/m/n on input line 31.
LaTeX Font Info:    ... okay on input line 31.
LaTeX Font Info:    Checking defaults for OMX/cmex/m/n on input line 31.
LaTeX Font Info:    ... okay on input line 31.
LaTeX Font Info:    Checking defaults for U/cmr/m/n on input line 31.
LaTeX Font Info:    ... okay on input line 31.

(/usr/share/texlive/texmf-dist/tex/context/base/mkii/supp-pdf.mkii
[Loading MPS to PDF converter (version 2006.09.02).]
\scratchcounter=\count274
\scratchdimen=\dimen151
\scratchbox=\box54
\nofMPsegments=\count275
\nofMParguments=\count276
\everyMPshowfont=\toks24
\MPscratchCnt=\count277
\MPscratchDim=\dimen152
\MPnumerator=\count278
\makeMPintoPDFobject=\count279
\everyMPtoPDFconversion=\toks25
) (/usr/share/texlive/texmf-dist/tex/latex/epstopdf-pkg/epstopdf-base.sty
Package: epstopdf-base 2020-01-24 v2.11 Base part for package epstopdf
Package epstopdf-base Info: Redefining graphics rule for `.eps' on input line 4
85.

(/usr/share/texlive/texmf-dist/tex/latex/latexconfig/epstopdf-sys.cfg
File: epstopdf-sys.cfg 2010/07/13 v1.3 Configuration of (r)epstopdf for TeX Liv
e
))
Overfull \hbox (10.20097pt too wide) in paragraph at lines 40--40
 [][] 
 []

[1

{/var/lib/texmf/fonts/map/pdftex/updmap/pdftex.map}] [2]
Package epstopdf Info: Source file: <flowchart.eps>
(epstopdf)                    date: 2022-10-09 14:24:08
(epstopdf)                    size: 726038 bytes
(epstopdf)             Output file: <flowchart-eps-converted-to.pdf>
(epstopdf)                    date: 2022-10-09 14:24:12
(epstopdf)                    size: 170517 bytes
(epstopdf)             Command: <repstopdf --outfile=flowchart-eps-converted-to
.pdf flowchart.eps>
(epstopdf)             \includegraphics on input line 155.
Package epstopdf Info: Output file is already uptodate.
<flowchart-eps-converted-to.pdf, id=20, 520.94624pt x 478.78876pt>
File: flowchart-eps-converted-to.pdf Graphic file (type pdf)
<use flowchart-eps-converted-to.pdf>
Package pdftex.def Info: flowchart-eps-converted-to.pdf  used on input line 155
.
(pdftex.def)             Requested size: 234.42365pt x 215.45294pt.
 [3 <./flowchart-eps-converted-to.pdf>]
LaTeX Font Info:    Trying to load font information for T1+cmtt on input line 2
25.
 (/usr/share/texlive/texmf-dist/tex/latex/base/t1cmtt.fd
File: t1cmtt.fd 2019/12/16 v2.5j Standard LaTeX font definitions
)
Overfull \hbox (25.17188pt too wide) in paragraph at lines 250--251
[]\T1/cmtt/m/n/10 <terminal>::=<xlist>                (0)                      
  
 []


Overfull \hbox (14.67444pt too wide) in paragraph at lines 262--263
[]\T1/cmtt/m/n/10 <digitlist>::=<digit>                  (0)                   

 []

[4] [5] [6]
Package epstopdf Info: Source file: <onepoint_crossover.eps>
(epstopdf)                    date: 2022-09-27 10:37:28
(epstopdf)                    size: 121541 bytes
(epstopdf)             Output file: <onepoint_crossover-eps-converted-to.pdf>
(epstopdf)                    date: 2022-10-02 10:30:23
(epstopdf)                    size: 23535 bytes
(epstopdf)             Command: <repstopdf --outfile=onepoint_crossover-eps-con
verted-to.pdf onepoint_crossover.eps>
(epstopdf)             \includegraphics on input line 390.
Package epstopdf Info: Output file is already uptodate.
<onepoint_crossover-eps-converted-to.pdf, id=45, 817.0525pt x 271.0125pt>
File: onepoint_crossover-eps-converted-to.pdf Graphic file (type pdf)
<use onepoint_crossover-eps-converted-to.pdf>
Package pdftex.def Info: onepoint_crossover-eps-converted-to.pdf  used on input
 line 390.
(pdftex.def)             Requested size: 408.52525pt x 135.5059pt.

Overfull \hbox (63.52525pt too wide) in paragraph at lines 390--391
 [][] 
 []

[7 <./onepoint_crossover-eps-converted-to.pdf>] [8] [9]
Overfull \hbox (0.504pt too wide) in paragraph at lines 529--536
[]\T1/cmr/m/n/10 The col-umn MLPPSO rep-re-sents the re-sults us-ing a neu-ral 
net-work trained
 []

[10] [11]
Package epstopdf Info: Source file: <covid19cases.eps>
(epstopdf)                    date: 2022-09-27 10:37:28
(epstopdf)                    size: 60756 bytes
(epstopdf)             Output file: <covid19cases-eps-converted-to.pdf>
(epstopdf)                    date: 2022-10-02 10:30:23
(epstopdf)                    size: 32336 bytes
(epstopdf)             Command: <repstopdf --outfile=covid19cases-eps-converted
-to.pdf covid19cases.eps>
(epstopdf)             \includegraphics on input line 704.
Package epstopdf Info: Output file is already uptodate.
<covid19cases-eps-converted-to.pdf, id=65, 455.7025pt x 256.96pt>
File: covid19cases-eps-converted-to.pdf Graphic file (type pdf)
<use covid19cases-eps-converted-to.pdf>
Package pdftex.def Info: covid19cases-eps-converted-to.pdf  used on input line 
704.
(pdftex.def)             Requested size: 318.98956pt x 179.87076pt.
Package epstopdf Info: Source file: <deaths_figure.eps>
(epstopdf)                    date: 2022-09-27 10:37:28
(epstopdf)                    size: 60483 bytes
(epstopdf)             Output file: <deaths_figure-eps-converted-to.pdf>
(epstopdf)                    date: 2022-10-02 10:30:23
(epstopdf)                    size: 32051 bytes
(epstopdf)             Command: <repstopdf --outfile=deaths_figure-eps-converte
d-to.pdf deaths_figure.eps>
(epstopdf)             \includegraphics on input line 711.
Package epstopdf Info: Output file is already uptodate.
<deaths_figure-eps-converted-to.pdf, id=66, 455.7025pt x 255.95625pt>
File: deaths_figure-eps-converted-to.pdf Graphic file (type pdf)
<use deaths_figure-eps-converted-to.pdf>
Package pdftex.def Info: deaths_figure-eps-converted-to.pdf  used on input line
 711.
(pdftex.def)             Requested size: 318.98956pt x 179.16814pt.
Package epstopdf Info: Source file: <brazil_total_deaths.eps>
(epstopdf)                    date: 2022-10-02 10:25:49
(epstopdf)                    size: 391097 bytes
(epstopdf)             Output file: <brazil_total_deaths-eps-converted-to.pdf>
(epstopdf)                    date: 2022-10-02 10:30:23
(epstopdf)                    size: 134527 bytes
(epstopdf)             Command: <repstopdf --outfile=brazil_total_deaths-eps-co
nverted-to.pdf brazil_total_deaths.eps>
(epstopdf)             \includegraphics on input line 719.
Package epstopdf Info: Output file is already uptodate.
<brazil_total_deaths-eps-converted-to.pdf, id=67, 807.015pt x 570.13pt>
File: brazil_total_deaths-eps-converted-to.pdf Graphic file (type pdf)
<use brazil_total_deaths-eps-converted-to.pdf>
Package pdftex.def Info: brazil_total_deaths-eps-converted-to.pdf  used on inpu
t line 719.
(pdftex.def)             Requested size: 363.1534pt x 256.55614pt.

Overfull \hbox (18.1534pt too wide) in paragraph at lines 719--720
 [][] 
 []

Package epstopdf Info: Source file: <average_chromosomes.eps>
(epstopdf)                    date: 2022-10-02 10:25:49
(epstopdf)                    size: 70434 bytes
(epstopdf)             Output file: <average_chromosomes-eps-converted-to.pdf>
(epstopdf)                    date: 2022-10-02 10:30:23
(epstopdf)                    size: 36982 bytes
(epstopdf)             Command: <repstopdf --outfile=average_chromosomes-eps-co
nverted-to.pdf average_chromosomes.eps>
(epstopdf)             \includegraphics on input line 726.
Package epstopdf Info: Output file is already uptodate.
<average_chromosomes-eps-converted-to.pdf, id=68, 455.7025pt x 255.95625pt>
File: average_chromosomes-eps-converted-to.pdf Graphic file (type pdf)
<use average_chromosomes-eps-converted-to.pdf>
Package pdftex.def Info: average_chromosomes-eps-converted-to.pdf  used on inpu
t line 726.
(pdftex.def)             Requested size: 318.98956pt x 179.16814pt.
Package epstopdf Info: Source file: <average_generations.eps>
(epstopdf)                    date: 2022-10-02 10:25:49
(epstopdf)                    size: 81109 bytes
(epstopdf)             Output file: <average_generations-eps-converted-to.pdf>
(epstopdf)                    date: 2022-10-02 10:30:24
(epstopdf)                    size: 42437 bytes
(epstopdf)             Command: <repstopdf --outfile=average_generations-eps-co
nverted-to.pdf average_generations.eps>
(epstopdf)             \includegraphics on input line 732.
Package epstopdf Info: Output file is already uptodate.
<average_generations-eps-converted-to.pdf, id=69, 455.7025pt x 255.95625pt>
File: average_generations-eps-converted-to.pdf Graphic file (type pdf)
<use average_generations-eps-converted-to.pdf>
Package pdftex.def Info: average_generations-eps-converted-to.pdf  used on inpu
t line 732.
(pdftex.def)             Requested size: 318.98956pt x 179.16814pt.
Package epstopdf Info: Source file: <diagram_cases.eps>
(epstopdf)                    date: 2022-10-02 10:25:49
(epstopdf)                    size: 164406 bytes
(epstopdf)             Output file: <diagram_cases-eps-converted-to.pdf>
(epstopdf)                    date: 2022-10-02 10:30:24
(epstopdf)                    size: 49892 bytes
(epstopdf)             Command: <repstopdf --outfile=diagram_cases-eps-converte
d-to.pdf diagram_cases.eps>
(epstopdf)             \includegraphics on input line 738.
Package epstopdf Info: Output file is already uptodate.
<diagram_cases-eps-converted-to.pdf, id=70, 470.75874pt x 289.08pt>
File: diagram_cases-eps-converted-to.pdf Graphic file (type pdf)
<use diagram_cases-eps-converted-to.pdf>
Package pdftex.def Info: diagram_cases-eps-converted-to.pdf  used on input line
 738.
(pdftex.def)             Requested size: 376.60751pt x 231.2643pt.

Overfull \hbox (31.60751pt too wide) in paragraph at lines 738--739
 [][] 
 []

Package epstopdf Info: Source file: <diagram_deaths.eps>
(epstopdf)                    date: 2022-10-02 10:25:49
(epstopdf)                    size: 114727 bytes
(epstopdf)             Output file: <diagram_deaths-eps-converted-to.pdf>
(epstopdf)                    date: 2022-10-02 10:30:24
(epstopdf)                    size: 28546 bytes
(epstopdf)             Command: <repstopdf --outfile=diagram_deaths-eps-convert
ed-to.pdf diagram_deaths.eps>
(epstopdf)             \includegraphics on input line 745.
Package epstopdf Info: Output file is already uptodate.
<diagram_deaths-eps-converted-to.pdf, id=71, 470.75874pt x 289.08pt>
File: diagram_deaths-eps-converted-to.pdf Graphic file (type pdf)
<use diagram_deaths-eps-converted-to.pdf>
Package pdftex.def Info: diagram_deaths-eps-converted-to.pdf  used on input lin
e 745.
(pdftex.def)             Requested size: 376.60751pt x 231.2643pt.

Overfull \hbox (31.60751pt too wide) in paragraph at lines 745--746
 [][] 
 []

[12] [13 <./covid19cases-eps-converted-to.pdf>] [14 <./deaths_figure-eps-conver
ted-to.pdf> <./brazil_total_deaths-eps-converted-to.pdf>] [15 <./average_chromo
somes-eps-converted-to.pdf> <./average_generations-eps-converted-to.pdf>]
[16 <./diagram_cases-eps-converted-to.pdf> <./diagram_deaths-eps-converted-to.p
df>] [17]
Underfull \hbox (badness 1412) in paragraph at lines 826--830
[]\T1/cmr/m/n/10 G.Georgoulas, D.Gavrilis, I.G. Tsou-los, C.Stylios, J.Bernarde
s, P.P.
 []

[18] [19] [20] [21] (./covid19prediction.aux) ) 
Here is how much of TeX's memory you used:
 3804 strings out of 479907
 63445 string characters out of 5886408
 385917 words of memory out of 5000000
 21975 multiletter control sequences out of 15000+600000
 482909 words of font info for 57 fonts, out of 8000000 for 9000
 59 hyphenation exceptions out of 8191
 55i,16n,62p,273b,306s stack positions out of 10000i,1000n,20000p,200000b,200000s
 </home/sheridan/.texlive2022/te
xmf-var/fonts/pk/ljfour/jknappen/ec/ectt1000.600pk> </home/sheridan/.texlive202
2/texmf-var/fonts/pk/ljfour/jknappen/ec/tcrm1000.600pk> </home/sheridan/.texliv
e2022/texmf-var/fonts/pk/ljfour/jknappen/ec/ecbx1200.600pk> </home/sheridan/.te
xlive2022/texmf-var/fonts/pk/ljfour/jknappen/ec/ecrm0800.600pk> </home/sheridan
/.texlive2022/texmf-var/fonts/pk/ljfour/jknappen/ec/tcrm0600.600pk> </home/sher
idan/.texlive2022/texmf-var/fonts/pk/ljfour/jknappen/ec/ecbx1000.600pk> </home/
sheridan/.texlive2022/texmf-var/fonts/pk/ljfour/jknappen/ec/ecrm1000.600pk> </h
ome/sheridan/.texlive2022/texmf-var/fonts/pk/ljfour/jknappen/ec/ecbx1440.600pk>
 </home/sheridan/.texlive2022/texmf-var/fonts/pk/ljfour/jknappen/ec/ecrm0900.60
0pk> </home/sheridan/.texlive2022/texmf-var/fonts/pk/ljfour/jknappen/ec/ecbx090
0.600pk> </home/sheridan/.texlive2022/texmf-var/fonts/pk/ljfour/jknappen/ec/tcr
m0800.600pk> </home/sheridan/.texlive2022/texmf-var/fonts/pk/ljfour/jknappen/ec
/ecrm1200.600pk> </home/sheridan/.texlive2022/texmf-var/fonts/pk/ljfour/jknappe
n/ec/ecrm1728.600pk></usr/share/texlive/texmf-dist/fonts/type1/public/amsfonts/
cm/cmex10.pfb></usr/share/texlive/texmf-dist/fonts/type1/public/amsfonts/cm/cmm
i10.pfb></usr/share/texlive/texmf-dist/fonts/type1/public/amsfonts/cm/cmmi5.pfb
></usr/share/texlive/texmf-dist/fonts/type1/public/amsfonts/cm/cmmi7.pfb></usr/
share/texlive/texmf-dist/fonts/type1/public/amsfonts/cm/cmr10.pfb></usr/share/t
exlive/texmf-dist/fonts/type1/public/amsfonts/cm/cmr7.pfb></usr/share/texlive/t
exmf-dist/fonts/type1/public/amsfonts/cm/cmr8.pfb></usr/share/texlive/texmf-dis
t/fonts/type1/public/amsfonts/cm/cmsy10.pfb></usr/share/texlive/texmf-dist/font
s/type1/public/amsfonts/cm/cmsy7.pfb>
Output written on covid19prediction.pdf (21 pages, 779349 bytes).
PDF statistics:
 564 PDF objects out of 1000 (max. 8388607)
 136 compressed objects within 2 object streams
 0 named destinations out of 1000 (max. 500000)
 46 words of extra memory for PDF output out of 10000 (max. 10000000)

