./OptimusApp --filename=../PROBLEMS/libbf1.so --opt_method=PMNEW --natoms= --optimization=1 --populationofcluster=500 --maxiterations=100 --stoppingrule=all --subClusters=1 --subClustersEnable=1 --propagation=0 --iterations=30 --threads=20
Terminated from 3
Terminated from 2
Terminated from 2
Terminated from 3
Terminated from 2
Terminated from 3
Terminated from 3
Terminated from 3
Terminated from 2
Terminated from 3
Terminated from 2
Terminated from 3
Terminated from 3
Terminated from 3
Terminated from 3
Terminated from 2
Terminated from 2
Terminated from 3
Terminated from 3
Terminated from 2
Terminated from 3
Terminated from 3
Terminated from 3
Terminated from 2
Terminated from 2
Terminated from 3
Terminated from 3
Terminated from 2
Terminated from 3
Terminated from 3
Iteration:   1 Minimum:        0.0000000000 Function calls:    9404
Iteration:   2 Minimum:        0.0000000000 Function calls:   24603
Iteration:   3 Minimum:        0.0000000000 Function calls:   14077
Iteration:   4 Minimum:        0.0000000000 Function calls:   10684
Iteration:   5 Minimum:        0.0000000000 Function calls:   34212
Iteration:   6 Minimum:        0.0000000000 Function calls:   10588
Iteration:   7 Minimum:        0.0000000000 Function calls:    9866
Iteration:   8 Minimum:        0.0000000000 Function calls:    9959
Iteration:   9 Minimum:        0.0000000000 Function calls:   32660
Iteration:  10 Minimum:        0.0000000000 Function calls:   10340
Iteration:  11 Minimum:        0.0000000000 Function calls:   33655
Iteration:  12 Minimum:        0.0000000000 Function calls:    9537
Iteration:  13 Minimum:        0.0000000000 Function calls:    9598
Iteration:  14 Minimum:        0.0000000000 Function calls:   10244
Iteration:  15 Minimum:        0.0000000000 Function calls:    9927
Iteration:  16 Minimum:        0.0000000000 Function calls:   27170
Iteration:  17 Minimum:        0.0000000000 Function calls:   31151
Iteration:  18 Minimum:        0.0000000000 Function calls:   10664
Iteration:  19 Minimum:        0.0000000000 Function calls:    9904
Iteration:  20 Minimum:        0.0000000000 Function calls:   30685
Iteration:  21 Minimum:        0.0000000000 Function calls:   10105
Iteration:  22 Minimum:        0.0000000000 Function calls:   10052
Iteration:  23 Minimum:        0.0000000000 Function calls:   10118
Iteration:  24 Minimum:        0.0000000000 Function calls:   16076
Iteration:  25 Minimum:        0.0000000000 Function calls:   31859
Iteration:  26 Minimum:        0.0000000000 Function calls:    9679
Iteration:  27 Minimum:        0.0000000000 Function calls:   10081
Iteration:  28 Minimum:        0.0000000000 Function calls:   13754
Iteration:  29 Minimum:        0.0000000000 Function calls:    9867
Iteration:  30 Minimum:        0.0000000000 Function calls:    9612
Global minimum:         0.0000000000
Average Calls :             16004.37
Std     Calls :            9144.9843
Global found  :               100.00%
