./OptimusApp --filename=../PROBLEMS/libbf2.so --opt_method=PMNEW --natoms= --optimization=1 --populationofcluster=500 --maxiterations=100 --stoppingrule=all --subClusters=1 --subClustersEnable=1 --propagation=0 --iterations=30 --threads=20
Terminated from 3
Terminated from 2
Terminated from 3
Terminated from 2
Terminated from 2
Terminated from 3
Terminated from 3
Terminated from 1
Terminated from 3
Terminated from 3
Terminated from 3
Terminated from 3
Terminated from 2
Terminated from 2
Terminated from 2
Terminated from 3
Terminated from 3
Terminated from 2
Terminated from 3
Terminated from 3
Terminated from 3
Terminated from 2
Terminated from 3
Terminated from 3
Terminated from 1
Terminated from 2
Terminated from 3
Terminated from 3
Terminated from 3
Terminated from 2
Iteration:   1 Minimum:        0.0000000000 Function calls:    9242
Iteration:   2 Minimum:        0.0000000000 Function calls:   22989
Iteration:   3 Minimum:        0.0000000000 Function calls:    9715
Iteration:   4 Minimum:        0.0000000000 Function calls:   32598
Iteration:   5 Minimum:        0.0000000000 Function calls:   36789
Iteration:   6 Minimum:        0.0000000000 Function calls:    9691
Iteration:   7 Minimum:        0.0000000000 Function calls:    9229
Iteration:   8 Minimum:        0.0000000000 Function calls:   27504
Iteration:   9 Minimum:        0.0000000000 Function calls:    9650
Iteration:  10 Minimum:        0.0000000000 Function calls:    9845
Iteration:  11 Minimum:        0.0000000000 Function calls:    9898
Iteration:  12 Minimum:        0.0000000000 Function calls:    9415
Iteration:  13 Minimum:        0.0000000000 Function calls:   23874
Iteration:  14 Minimum:        0.0000000000 Function calls:   19584
Iteration:  15 Minimum:        0.0000000000 Function calls:   38185
Iteration:  16 Minimum:        0.0000000000 Function calls:    8984
Iteration:  17 Minimum:        0.0000000000 Function calls:   10102
Iteration:  18 Minimum:        0.0000000000 Function calls:   32294
Iteration:  19 Minimum:        0.0000000000 Function calls:   10052
Iteration:  20 Minimum:        0.0000000000 Function calls:   10529
Iteration:  21 Minimum:        0.0000000000 Function calls:    9538
Iteration:  22 Minimum:        0.0000000000 Function calls:   31442
Iteration:  23 Minimum:        0.0000000000 Function calls:    9529
Iteration:  24 Minimum:        0.0000000000 Function calls:    9404
Iteration:  25 Minimum:        0.0000000000 Function calls:   33015
Iteration:  26 Minimum:        0.0000000000 Function calls:   41749
Iteration:  27 Minimum:        0.0000000000 Function calls:    9598
Iteration:  28 Minimum:        0.0000000000 Function calls:    9526
Iteration:  29 Minimum:        0.0000000000 Function calls:   10128
Iteration:  30 Minimum:        0.0000000000 Function calls:   40204
Global minimum:         0.0000000000
Average Calls :             18476.73
Std     Calls :           11601.1854
Global found  :               100.00%
