./OptimusApp --filename=../PROBLEMS/libbranin.so --opt_method=PMNEW --natoms= --optimization=1 --populationofcluster=500 --maxiterations=100 --stoppingrule=all --subClusters=1 --subClustersEnable=1 --propagation=0 --iterations=30 --threads=20
Terminated from 3
Terminated from 3
Terminated from 3
Terminated from 3
Terminated from 3
Terminated from 3
Terminated from 3
Terminated from 3
Terminated from 3
Terminated from 3
Terminated from 3
Terminated from 3
Terminated from 3
Terminated from 3
Terminated from 3
Terminated from 3
Terminated from 3
Terminated from 3
Terminated from 3
Terminated from 2
Terminated from 3
Terminated from 3
Terminated from 3
Terminated from 3
Terminated from 2
Terminated from 3
Terminated from 3
Terminated from 3
Terminated from 3
Terminated from 3
Iteration:   1 Minimum:        0.3978873577 Function calls:    7384
Iteration:   2 Minimum:        0.3978873577 Function calls:    7609
Iteration:   3 Minimum:        0.3978873577 Function calls:    7749
Iteration:   4 Minimum:        0.3978873577 Function calls:    7683
Iteration:   5 Minimum:        0.3978873577 Function calls:    7611
Iteration:   6 Minimum:        0.3978873577 Function calls:    7633
Iteration:   7 Minimum:        0.3978873577 Function calls:    7803
Iteration:   8 Minimum:        0.3978873577 Function calls:    7667
Iteration:   9 Minimum:        0.3978873577 Function calls:    7915
Iteration:  10 Minimum:        0.3978873577 Function calls:    7601
Iteration:  11 Minimum:        0.3978873577 Function calls:    7919
Iteration:  12 Minimum:        0.3978873577 Function calls:    7765
Iteration:  13 Minimum:        0.3978873577 Function calls:    7655
Iteration:  14 Minimum:        0.3978873577 Function calls:    7727
Iteration:  15 Minimum:        0.3978873577 Function calls:    7600
Iteration:  16 Minimum:        0.3978873577 Function calls:    7602
Iteration:  17 Minimum:        0.3978873577 Function calls:    7628
Iteration:  18 Minimum:        0.3978873577 Function calls:    7602
Iteration:  19 Minimum:        0.3978873577 Function calls:    7552
Iteration:  20 Minimum:        0.3978873577 Function calls:   12749
Iteration:  21 Minimum:        0.3978873577 Function calls:    7623
Iteration:  22 Minimum:        0.3978873577 Function calls:    7468
Iteration:  23 Minimum:        0.3978873577 Function calls:    7420
Iteration:  24 Minimum:        0.3978873577 Function calls:    7431
Iteration:  25 Minimum:        0.3978873577 Function calls:   12224
Iteration:  26 Minimum:        0.3978873577 Function calls:    7931
Iteration:  27 Minimum:        0.3978873577 Function calls:    7726
Iteration:  28 Minimum:        0.3978873577 Function calls:    7547
Iteration:  29 Minimum:        0.3978873577 Function calls:    7656
Iteration:  30 Minimum:        0.3978873577 Function calls:    7607
Global minimum:         0.3978873577
Average Calls :              7969.57
Std     Calls :            1216.2748
Global found  :               100.00%
