./OptimusApp --filename=../PROBLEMS/libcamel.so --opt_method=PMNEW --natoms= --optimization=1 --populationofcluster=500 --maxiterations=100 --stoppingrule=all --subClusters=1 --subClustersEnable=1 --propagation=0 --iterations=30 --threads=20
Terminated from 2
Terminated from 3
Terminated from 2
Terminated from 2
Terminated from 2
Terminated from 3
Terminated from 2
Terminated from 1
Terminated from 1
Terminated from 2
Terminated from 2
Terminated from 3
Terminated from 2
Terminated from 3
Terminated from 2
Terminated from 2
Terminated from 2
Terminated from 1
Terminated from 2
Terminated from 2
Terminated from 2
Terminated from 2
Terminated from 2
Terminated from 2
Terminated from 2
Terminated from 2
Terminated from 2
Terminated from 2
Terminated from 2
Terminated from 2
Iteration:   1 Minimum:       -1.0316284535 Function calls:   23172
Iteration:   2 Minimum:       -1.0316284535 Function calls:    9225
Iteration:   3 Minimum:       -1.0316284535 Function calls:   25864
Iteration:   4 Minimum:       -1.0316284535 Function calls:   21006
Iteration:   5 Minimum:       -1.0316284535 Function calls:   23948
Iteration:   6 Minimum:       -1.0316284535 Function calls:   13101
Iteration:   7 Minimum:       -1.0316284535 Function calls:   24334
Iteration:   8 Minimum:       -1.0316284535 Function calls:   24468
Iteration:   9 Minimum:       -1.0316284535 Function calls:   22341
Iteration:  10 Minimum:       -1.0316284535 Function calls:   30391
Iteration:  11 Minimum:       -1.0316284535 Function calls:   22792
Iteration:  12 Minimum:       -1.0316284535 Function calls:    9958
Iteration:  13 Minimum:       -1.0316284535 Function calls:   21929
Iteration:  14 Minimum:       -1.0316284535 Function calls:   10636
Iteration:  15 Minimum:       -1.0316284535 Function calls:   21100
Iteration:  16 Minimum:       -1.0316284535 Function calls:   20861
Iteration:  17 Minimum:       -1.0316284535 Function calls:   24436
Iteration:  18 Minimum:       -1.0316284535 Function calls:   21640
Iteration:  19 Minimum:       -1.0316284535 Function calls:   24386
Iteration:  20 Minimum:       -1.0316284535 Function calls:   30176
Iteration:  21 Minimum:       -1.0316284535 Function calls:   18284
Iteration:  22 Minimum:       -1.0316284535 Function calls:   26404
Iteration:  23 Minimum:       -1.0316284535 Function calls:   25830
Iteration:  24 Minimum:       -1.0316284535 Function calls:   22778
Iteration:  25 Minimum:       -1.0316284535 Function calls:   20259
Iteration:  26 Minimum:       -1.0316284535 Function calls:   28927
Iteration:  27 Minimum:       -1.0316284535 Function calls:   16551
Iteration:  28 Minimum:       -1.0316284535 Function calls:   27453
Iteration:  29 Minimum:       -1.0316284535 Function calls:   24427
Iteration:  30 Minimum:       -1.0316284535 Function calls:   20524
Global minimum:        -1.0316284535
Average Calls :             21906.70
Std     Calls :            5378.2400
Global found  :               100.00%
