./OptimusApp --filename=../PROBLEMS/libcigar.so --opt_method=PMNEW --natoms=10 --optimization=1 --populationofcluster=500 --maxiterations=100 --stoppingrule=all --subClusters=1 --subClustersEnable=1 --propagation=0 --iterations=30 --threads=20
Terminated from 3
Terminated from 3
Terminated from 3
Terminated from 3
Terminated from 3
Terminated from 3
Terminated from 3
Terminated from 2
Terminated from 3
Terminated from 2
Terminated from 3
Terminated from 3
Terminated from 3
Terminated from 3
Terminated from 2
Terminated from 2
Terminated from 3
Terminated from 3
Terminated from 3
Terminated from 3
Terminated from 3
Terminated from 2
Terminated from 3
Terminated from 3
Terminated from 3
Terminated from 2
Terminated from 3
Terminated from 3
Terminated from 3
Terminated from 3
Iteration:   1 Minimum:        0.0000000000 Function calls:   11750
Iteration:   2 Minimum:        0.0000000000 Function calls:    9876
Iteration:   3 Minimum:        0.0000000000 Function calls:   10073
Iteration:   4 Minimum:        0.0000000000 Function calls:   11083
Iteration:   5 Minimum:        0.0000000000 Function calls:   15090
Iteration:   6 Minimum:        0.0000000000 Function calls:   10437
Iteration:   7 Minimum:        0.0000000000 Function calls:   11211
Iteration:   8 Minimum:        0.0000000000 Function calls:   19960
Iteration:   9 Minimum:        0.0000000000 Function calls:   10202
Iteration:  10 Minimum:        0.0000000000 Function calls:   12414
Iteration:  11 Minimum:        0.0000000000 Function calls:   10815
Iteration:  12 Minimum:        0.0000000000 Function calls:   10531
Iteration:  13 Minimum:        0.0000000000 Function calls:   10295
Iteration:  14 Minimum:        0.0000000000 Function calls:    9552
Iteration:  15 Minimum:        0.0000000000 Function calls:   11380
Iteration:  16 Minimum:        0.0000000000 Function calls:   18542
Iteration:  17 Minimum:        0.0000000000 Function calls:    9514
Iteration:  18 Minimum:        0.0000000000 Function calls:    9759
Iteration:  19 Minimum:        0.0000000000 Function calls:   10718
Iteration:  20 Minimum:        0.0000000000 Function calls:   15836
Iteration:  21 Minimum:        0.0000000000 Function calls:   10129
Iteration:  22 Minimum:        0.0000000000 Function calls:   14906
Iteration:  23 Minimum:        0.0000000000 Function calls:   10465
Iteration:  24 Minimum:        0.0000000000 Function calls:   10444
Iteration:  25 Minimum:        0.0000000000 Function calls:   10068
Iteration:  26 Minimum:        0.0000000000 Function calls:   31603
Iteration:  27 Minimum:        0.0000000000 Function calls:    9179
Iteration:  28 Minimum:        0.0000000000 Function calls:    9605
Iteration:  29 Minimum:        0.0000000000 Function calls:   11623
Iteration:  30 Minimum:        0.0000000000 Function calls:    9896
Global minimum:         0.0000000000
Average Calls :             12231.87
Std     Calls :            4446.3299
Global found  :               100.00%
