./OptimusApp --filename=../PROBLEMS/libcm.so --opt_method=PMNEW --natoms=4 --optimization=1 --populationofcluster=500 --maxiterations=100 --stoppingrule=all --subClusters=1 --subClustersEnable=1 --propagation=0 --iterations=30 --threads=20
Terminated from 2
Terminated from 2
Terminated from 2
Terminated from 2
Terminated from 2
Terminated from 2
Terminated from 2
Terminated from 2
Terminated from 2
Terminated from 2
Terminated from 3
Terminated from 2
Terminated from 2
Terminated from 2
Terminated from 3
Terminated from 2
Terminated from 2
Terminated from 2
Terminated from 2
Terminated from 2
Terminated from 2
Terminated from 2
Terminated from 3
Terminated from 2
Terminated from 2
Terminated from 2
Terminated from 2
Terminated from 2
Terminated from 2
Terminated from 2
Iteration:   1 Minimum:       -0.4000000000 Function calls:   28447
Iteration:   2 Minimum:       -0.4000000000 Function calls:   30719
Iteration:   3 Minimum:       -0.4000000000 Function calls:   32497
Iteration:   4 Minimum:       -0.4000000000 Function calls:   38239
Iteration:   5 Minimum:       -0.4000000000 Function calls:   34514
Iteration:   6 Minimum:       -0.4000000000 Function calls:   18351
Iteration:   7 Minimum:       -0.4000000000 Function calls:   21747
Iteration:   8 Minimum:       -0.4000000000 Function calls:   34303
Iteration:   9 Minimum:       -0.4000000000 Function calls:   29101
Iteration:  10 Minimum:       -0.4000000000 Function calls:   31623
Iteration:  11 Minimum:       -0.4000000000 Function calls:   12053
Iteration:  12 Minimum:       -0.4000000000 Function calls:   22900
Iteration:  13 Minimum:       -0.4000000000 Function calls:   16925
Iteration:  14 Minimum:       -0.4000000000 Function calls:   20425
Iteration:  15 Minimum:       -0.4000000000 Function calls:   12155
Iteration:  16 Minimum:       -0.4000000000 Function calls:   15274
Iteration:  17 Minimum:       -0.4000000000 Function calls:   26039
Iteration:  18 Minimum:       -0.4000000000 Function calls:   21777
Iteration:  19 Minimum:       -0.4000000000 Function calls:   31678
Iteration:  20 Minimum:       -0.4000000000 Function calls:   39621
Iteration:  21 Minimum:       -0.4000000000 Function calls:   21220
Iteration:  22 Minimum:       -0.4000000000 Function calls:   16659
Iteration:  23 Minimum:       -0.4000000000 Function calls:    9407
Iteration:  24 Minimum:       -0.4000000000 Function calls:   17761
Iteration:  25 Minimum:       -0.4000000000 Function calls:   35446
Iteration:  26 Minimum:       -0.4000000000 Function calls:   30499
Iteration:  27 Minimum:       -0.4000000000 Function calls:   35354
Iteration:  28 Minimum:       -0.4000000000 Function calls:   20017
Iteration:  29 Minimum:       -0.4000000000 Function calls:   17187
Iteration:  30 Minimum:       -0.4000000000 Function calls:   42202
Global minimum:        -0.4000000000
Average Calls :             25471.33
Std     Calls :            8864.3166
Global found  :               100.00%
