./OptimusApp --filename=../PROBLEMS/libdiscus.so --opt_method=PMNEW --natoms=10 --optimization=1 --populationofcluster=500 --maxiterations=100 --stoppingrule=all --subClusters=1 --subClustersEnable=1 --propagation=0 --iterations=30 --threads=20
Terminated from 3
Terminated from 3
Terminated from 3
Terminated from 3
Terminated from 3
Terminated from 3
Terminated from 3
Terminated from 2
Terminated from 3
Terminated from 3
Terminated from 3
Terminated from 3
Terminated from 3
Terminated from 3
Terminated from 3
Terminated from 3
Terminated from 3
Terminated from 3
Terminated from 3
Terminated from 3
Terminated from 3
Terminated from 3
Terminated from 3
Terminated from 3
Terminated from 3
Terminated from 3
Terminated from 3
Terminated from 2
Terminated from 3
Terminated from 3
Iteration:   1 Minimum:        0.0000000000 Function calls:   10122
Iteration:   2 Minimum:        0.0000000000 Function calls:    7932
Iteration:   3 Minimum:        0.0000000000 Function calls:    9262
Iteration:   4 Minimum:        0.0000000000 Function calls:    7927
Iteration:   5 Minimum:        0.0000000000 Function calls:    7784
Iteration:   6 Minimum:        0.0000000000 Function calls:    7908
Iteration:   7 Minimum:        0.0000000000 Function calls:   12523
Iteration:   8 Minimum:        0.0000000000 Function calls:   26701
Iteration:   9 Minimum:        0.0000000000 Function calls:    7635
Iteration:  10 Minimum:        0.0000000000 Function calls:    7989
Iteration:  11 Minimum:        0.0000000000 Function calls:    7772
Iteration:  12 Minimum:        0.0000000000 Function calls:    8198
Iteration:  13 Minimum:        0.0000000000 Function calls:    9020
Iteration:  14 Minimum:        0.0000000000 Function calls:    7634
Iteration:  15 Minimum:        0.0000000000 Function calls:    7682
Iteration:  16 Minimum:        0.0000000000 Function calls:    7672
Iteration:  17 Minimum:        0.0000000000 Function calls:    9296
Iteration:  18 Minimum:        0.0000000000 Function calls:    7750
Iteration:  19 Minimum:        0.0000000000 Function calls:    7697
Iteration:  20 Minimum:        0.0000000000 Function calls:    7979
Iteration:  21 Minimum:        0.0000000000 Function calls:    9165
Iteration:  22 Minimum:        0.0000000000 Function calls:    7743
Iteration:  23 Minimum:        0.0000000000 Function calls:    8042
Iteration:  24 Minimum:        0.0000000000 Function calls:    7806
Iteration:  25 Minimum:        0.0000000000 Function calls:    7804
Iteration:  26 Minimum:        0.0000000000 Function calls:    7642
Iteration:  27 Minimum:        0.0000000000 Function calls:    7682
Iteration:  28 Minimum:        0.0000000000 Function calls:   22179
Iteration:  29 Minimum:        0.0000000000 Function calls:    7974
Iteration:  30 Minimum:        0.0000000000 Function calls:    7454
Global minimum:         0.0000000000
Average Calls :              9332.47
Std     Calls :            4201.5738
Global found  :               100.00%
