./OptimusApp --filename=../PROBLEMS/libEasom.so --opt_method=PMNEW --natoms= --optimization=1 --populationofcluster=500 --maxiterations=100 --stoppingrule=all --subClusters=1 --subClustersEnable=1 --propagation=0 --iterations=30 --threads=20
Terminated from 3
Terminated from 3
Terminated from 3
Terminated from 3
Terminated from 3
Terminated from 3
Terminated from 3
Terminated from 3
Terminated from 3
Terminated from 3
Terminated from 3
Terminated from 3
Terminated from 3
Terminated from 3
Terminated from 3
Terminated from 3
Terminated from 3
Terminated from 3
Terminated from 3
Terminated from 3
Terminated from 3
Terminated from 3
Terminated from 3
Terminated from 3
Terminated from 3
Terminated from 3
Terminated from 3
Terminated from 3
Terminated from 3
Terminated from 3
Iteration:   1 Minimum:       -1.0000000000 Function calls:    6828
Iteration:   2 Minimum:       -1.0000000000 Function calls:    6853
Iteration:   3 Minimum:       -1.0000000000 Function calls:    6796
Iteration:   4 Minimum:       -1.0000000000 Function calls:    6926
Iteration:   5 Minimum:       -1.0000000000 Function calls:    6959
Iteration:   6 Minimum:       -1.0000000000 Function calls:    6810
Iteration:   7 Minimum:       -1.0000000000 Function calls:    6864
Iteration:   8 Minimum:       -1.0000000000 Function calls:    7047
Iteration:   9 Minimum:       -1.0000000000 Function calls:    6926
Iteration:  10 Minimum:       -1.0000000000 Function calls:    6934
Iteration:  11 Minimum:       -1.0000000000 Function calls:    7045
Iteration:  12 Minimum:       -1.0000000000 Function calls:    6866
Iteration:  13 Minimum:       -1.0000000000 Function calls:    6885
Iteration:  14 Minimum:       -1.0000000000 Function calls:    6671
Iteration:  15 Minimum:       -1.0000000000 Function calls:    6951
Iteration:  16 Minimum:       -1.0000000000 Function calls:    6946
Iteration:  17 Minimum:       -1.0000000000 Function calls:    6844
Iteration:  18 Minimum:       -1.0000000000 Function calls:    6885
Iteration:  19 Minimum:       -1.0000000000 Function calls:    6765
Iteration:  20 Minimum:       -1.0000000000 Function calls:    6812
Iteration:  21 Minimum:       -1.0000000000 Function calls:    6924
Iteration:  22 Minimum:       -1.0000000000 Function calls:    6947
Iteration:  23 Minimum:       -1.0000000000 Function calls:    6911
Iteration:  24 Minimum:       -1.0000000000 Function calls:    6682
Iteration:  25 Minimum:       -1.0000000000 Function calls:    6792
Iteration:  26 Minimum:       -1.0000000000 Function calls:    6743
Iteration:  27 Minimum:       -1.0000000000 Function calls:    7001
Iteration:  28 Minimum:       -1.0000000000 Function calls:    6975
Iteration:  29 Minimum:       -1.0000000000 Function calls:    6839
Iteration:  30 Minimum:       -1.0000000000 Function calls:    6950
Global minimum:        -1.0000000000
Average Calls :              6879.23
Std     Calls :              93.0859
Global found  :               100.00%
