./OptimusApp --filename=../PROBLEMS/libelp.so --opt_method=PMNEW --natoms=10 --optimization=1 --populationofcluster=500 --maxiterations=100 --stoppingrule=all --subClusters=1 --subClustersEnable=1 --propagation=0 --iterations=30 --threads=20
Terminated from 3
Terminated from 3
Terminated from 3
Terminated from 3
Terminated from 3
Terminated from 3
Terminated from 3
Terminated from 3
Terminated from 3
Terminated from 3
Terminated from 3
Terminated from 3
Terminated from 3
Terminated from 3
Terminated from 3
Terminated from 3
Terminated from 3
Terminated from 3
Terminated from 3
Terminated from 3
Terminated from 3
Terminated from 3
Terminated from 3
Terminated from 3
Terminated from 3
Terminated from 3
Terminated from 3
Terminated from 3
Terminated from 3
Terminated from 3
Iteration:   1 Minimum:        0.0000000000 Function calls:    9143
Iteration:   2 Minimum:        0.0000000000 Function calls:   10307
Iteration:   3 Minimum:        0.0000000000 Function calls:    8943
Iteration:   4 Minimum:        0.0000000000 Function calls:   10003
Iteration:   5 Minimum:        0.0000000000 Function calls:    9801
Iteration:   6 Minimum:        0.0000000000 Function calls:   10204
Iteration:   7 Minimum:        0.0000000000 Function calls:    9769
Iteration:   8 Minimum:        0.0000000000 Function calls:    9640
Iteration:   9 Minimum:        0.0000000000 Function calls:    8688
Iteration:  10 Minimum:        0.0000000000 Function calls:    8812
Iteration:  11 Minimum:        0.0000000000 Function calls:    8778
Iteration:  12 Minimum:        0.0000000000 Function calls:    8547
Iteration:  13 Minimum:        0.0000000000 Function calls:   11470
Iteration:  14 Minimum:        0.0000000000 Function calls:    9480
Iteration:  15 Minimum:        0.0000000000 Function calls:    9126
Iteration:  16 Minimum:        0.0000000000 Function calls:   11342
Iteration:  17 Minimum:        0.0000000000 Function calls:    9277
Iteration:  18 Minimum:        0.0000000000 Function calls:    9634
Iteration:  19 Minimum:        0.0000000000 Function calls:    8945
Iteration:  20 Minimum:        0.0000000000 Function calls:    9597
Iteration:  21 Minimum:        0.0000000000 Function calls:    9299
Iteration:  22 Minimum:        0.0000000000 Function calls:   12074
Iteration:  23 Minimum:        0.0000000000 Function calls:   10076
Iteration:  24 Minimum:        0.0000000000 Function calls:    9354
Iteration:  25 Minimum:        0.0000000000 Function calls:    8550
Iteration:  26 Minimum:        0.0000000000 Function calls:    8982
Iteration:  27 Minimum:        0.0000000000 Function calls:    9822
Iteration:  28 Minimum:        0.0000000000 Function calls:    9268
Iteration:  29 Minimum:        0.0000000000 Function calls:   11098
Iteration:  30 Minimum:        0.0000000000 Function calls:    9168
Global minimum:         0.0000000000
Average Calls :              9639.90
Std     Calls :             871.8857
Global found  :               100.00%
