./OptimusApp --filename=../PROBLEMS/libexp.so --opt_method=PMNEW --natoms=16 --optimization=1 --populationofcluster=500 --maxiterations=100 --stoppingrule=all --subClusters=1 --subClustersEnable=1 --propagation=0 --iterations=30 --threads=20
Terminated from 3
Terminated from 3
Terminated from 2
Terminated from 2
Terminated from 2
Terminated from 2
Terminated from 2
Terminated from 3
Terminated from 2
Terminated from 3
Terminated from 2
Terminated from 2
Terminated from 2
Terminated from 2
Terminated from 2
Terminated from 2
Terminated from 2
Terminated from 2
Terminated from 2
Terminated from 2
Terminated from 2
Terminated from 3
Terminated from 2
Terminated from 2
Terminated from 3
Terminated from 2
Terminated from 3
Terminated from 2
Terminated from 2
Terminated from 2
Iteration:   1 Minimum:       -1.0000000000 Function calls:   11444
Iteration:   2 Minimum:       -1.0000000000 Function calls:   10043
Iteration:   3 Minimum:       -1.0000000000 Function calls:   16157
Iteration:   4 Minimum:       -1.0000000000 Function calls:   21116
Iteration:   5 Minimum:       -1.0000000000 Function calls:   24732
Iteration:   6 Minimum:       -1.0000000000 Function calls:   19998
Iteration:   7 Minimum:       -1.0000000000 Function calls:   16898
Iteration:   8 Minimum:       -1.0000000000 Function calls:    7740
Iteration:   9 Minimum:       -1.0000000000 Function calls:   33476
Iteration:  10 Minimum:       -1.0000000000 Function calls:    7915
Iteration:  11 Minimum:       -1.0000000000 Function calls:   14273
Iteration:  12 Minimum:       -1.0000000000 Function calls:   22099
Iteration:  13 Minimum:       -1.0000000000 Function calls:   15136
Iteration:  14 Minimum:       -1.0000000000 Function calls:   13797
Iteration:  15 Minimum:       -1.0000000000 Function calls:   22783
Iteration:  16 Minimum:       -1.0000000000 Function calls:   22580
Iteration:  17 Minimum:       -1.0000000000 Function calls:   27331
Iteration:  18 Minimum:       -1.0000000000 Function calls:   17225
Iteration:  19 Minimum:       -1.0000000000 Function calls:   14841
Iteration:  20 Minimum:       -1.0000000000 Function calls:   30231
Iteration:  21 Minimum:       -1.0000000000 Function calls:   16495
Iteration:  22 Minimum:       -1.0000000000 Function calls:    9068
Iteration:  23 Minimum:       -1.0000000000 Function calls:   15798
Iteration:  24 Minimum:       -1.0000000000 Function calls:   26853
Iteration:  25 Minimum:       -1.0000000000 Function calls:    8017
Iteration:  26 Minimum:       -1.0000000000 Function calls:   18733
Iteration:  27 Minimum:       -1.0000000000 Function calls:   13772
Iteration:  28 Minimum:       -1.0000000000 Function calls:   21943
Iteration:  29 Minimum:       -1.0000000000 Function calls:   18683
Iteration:  30 Minimum:       -1.0000000000 Function calls:   19390
Global minimum:        -1.0000000000
Average Calls :             17952.23
Std     Calls :            6494.3260
Global found  :               100.00%
