./OptimusApp --filename=../PROBLEMS/libexp.so --opt_method=PMNEW --natoms=4 --optimization=1 --populationofcluster=500 --maxiterations=100 --stoppingrule=all --subClusters=1 --subClustersEnable=1 --propagation=0 --iterations=30 --threads=20
Terminated from 3
Terminated from 2
Terminated from 2
Terminated from 2
Terminated from 2
Terminated from 2
Terminated from 2
Terminated from 2
Terminated from 2
Terminated from 2
Terminated from 2
Terminated from 2
Terminated from 2
Terminated from 2
Terminated from 2
Terminated from 2
Terminated from 2
Terminated from 2
Terminated from 2
Terminated from 2
Terminated from 2
Terminated from 3
Terminated from 2
Terminated from 3
Terminated from 2
Terminated from 2
Terminated from 2
Terminated from 3
Terminated from 2
Terminated from 2
Iteration:   1 Minimum:       -1.0000000000 Function calls:   13722
Iteration:   2 Minimum:       -1.0000000000 Function calls:   17721
Iteration:   3 Minimum:       -1.0000000000 Function calls:   16908
Iteration:   4 Minimum:       -1.0000000000 Function calls:   15392
Iteration:   5 Minimum:       -1.0000000000 Function calls:   18034
Iteration:   6 Minimum:       -1.0000000000 Function calls:   16839
Iteration:   7 Minimum:       -1.0000000000 Function calls:   18827
Iteration:   8 Minimum:       -1.0000000000 Function calls:   18057
Iteration:   9 Minimum:       -1.0000000000 Function calls:   16842
Iteration:  10 Minimum:       -1.0000000000 Function calls:   22314
Iteration:  11 Minimum:       -1.0000000000 Function calls:   22041
Iteration:  12 Minimum:       -1.0000000000 Function calls:   18716
Iteration:  13 Minimum:       -1.0000000000 Function calls:   16637
Iteration:  14 Minimum:       -1.0000000000 Function calls:   17481
Iteration:  15 Minimum:       -1.0000000000 Function calls:   19525
Iteration:  16 Minimum:       -1.0000000000 Function calls:   21325
Iteration:  17 Minimum:       -1.0000000000 Function calls:   15746
Iteration:  18 Minimum:       -1.0000000000 Function calls:   19451
Iteration:  19 Minimum:       -1.0000000000 Function calls:   17478
Iteration:  20 Minimum:       -1.0000000000 Function calls:   20175
Iteration:  21 Minimum:       -1.0000000000 Function calls:   21152
Iteration:  22 Minimum:       -1.0000000000 Function calls:   11660
Iteration:  23 Minimum:       -1.0000000000 Function calls:   24671
Iteration:  24 Minimum:       -1.0000000000 Function calls:   11469
Iteration:  25 Minimum:       -1.0000000000 Function calls:   17347
Iteration:  26 Minimum:       -1.0000000000 Function calls:   22667
Iteration:  27 Minimum:       -1.0000000000 Function calls:   16159
Iteration:  28 Minimum:       -1.0000000000 Function calls:   12472
Iteration:  29 Minimum:       -1.0000000000 Function calls:   19565
Iteration:  30 Minimum:       -1.0000000000 Function calls:   13993
Global minimum:        -1.0000000000
Average Calls :             17812.87
Std     Calls :            3182.2308
Global found  :               100.00%
