./OptimusApp --filename=../PROBLEMS/libgkls350.so --opt_method=PMNEW --natoms= --optimization=1 --populationofcluster=500 --maxiterations=100 --stoppingrule=all --subClusters=1 --subClustersEnable=1 --propagation=0 --iterations=30 --threads=20
Terminated from 2
Terminated from 1
Terminated from 2
Terminated from 2
Terminated from 1
Terminated from 2
Terminated from 2
Terminated from 2
Terminated from 2
Terminated from 2
Terminated from 2
Terminated from 2
Terminated from 2
Terminated from 1
Terminated from 2
Terminated from 2
Terminated from 2
Terminated from 2
Terminated from 1
Terminated from 2
Terminated from 2
Terminated from 2
Terminated from 1
Terminated from 2
Terminated from 2
Terminated from 2
Terminated from 1
Terminated from 2
Terminated from 2
Terminated from 2
Iteration:   1 Minimum:       -1.0000000000 Function calls:   18727
Iteration:   2 Minimum:       -1.0000000000 Function calls:   47536
Iteration:   3 Minimum:       -1.0000000000 Function calls:   27388
Iteration:   4 Minimum:       -1.0000000000 Function calls:   22689
Iteration:   5 Minimum:       -1.0000000000 Function calls:   28515
Iteration:   6 Minimum:       -1.0000000000 Function calls:   26365
Iteration:   7 Minimum:       -1.0000000000 Function calls:   14027
Iteration:   8 Minimum:       -1.0000000000 Function calls:   18486
Iteration:   9 Minimum:       -1.0000000000 Function calls:   11541
Iteration:  10 Minimum:       -1.0000000000 Function calls:   20617
Iteration:  11 Minimum:       -1.0000000000 Function calls:   18084
Iteration:  12 Minimum:       -1.0000000000 Function calls:   20812
Iteration:  13 Minimum:       -1.0000000000 Function calls:   25104
Iteration:  14 Minimum:       -1.0000000000 Function calls:   22951
Iteration:  15 Minimum:       -1.0000000000 Function calls:   28735
Iteration:  16 Minimum:       -1.0000000000 Function calls:   29109
Iteration:  17 Minimum:       -1.0000000000 Function calls:   23282
Iteration:  18 Minimum:       -1.0000000000 Function calls:   18041
Iteration:  19 Minimum:       -1.0000000000 Function calls:   16027
Iteration:  20 Minimum:       -1.0000000000 Function calls:   36156
Iteration:  21 Minimum:       -1.0000000000 Function calls:   28843
Iteration:  22 Minimum:       -1.0000000000 Function calls:   19560
Iteration:  23 Minimum:       -1.0000000000 Function calls:   41902
Iteration:  24 Minimum:       -1.0000000000 Function calls:   24644
Iteration:  25 Minimum:       -1.0000000000 Function calls:   28061
Iteration:  26 Minimum:       -1.0000000000 Function calls:   19671
Iteration:  27 Minimum:       -1.0000000000 Function calls:   33801
Iteration:  28 Minimum:       -1.0000000000 Function calls:   33947
Iteration:  29 Minimum:       -1.0000000000 Function calls:   16077
Iteration:  30 Minimum:       -1.0000000000 Function calls:   22830
Global minimum:        -1.0000000000
Average Calls :             24784.27
Std     Calls :            7959.9317
Global found  :               100.00%
