./OptimusApp --filename=../PROBLEMS/libgkls250.so --opt_method=PMNEW --natoms= --optimization=1 --populationofcluster=500 --maxiterations=100 --stoppingrule=all --subClusters=1 --subClustersEnable=1 --propagation=0 --iterations=30 --threads=20
Terminated from 2
Terminated from 2
Terminated from 1
Terminated from 3
Terminated from 2
Terminated from 2
Terminated from 2
Terminated from 2
Terminated from 2
Terminated from 2
Terminated from 2
Terminated from 2
Terminated from 2
Terminated from 1
Terminated from 2
Terminated from 3
Terminated from 2
Terminated from 2
Terminated from 2
Terminated from 2
Terminated from 3
Terminated from 2
Terminated from 2
Terminated from 2
Terminated from 2
Terminated from 3
Terminated from 2
Terminated from 3
Terminated from 2
Terminated from 3
Iteration:   1 Minimum:       -1.0000000000 Function calls:   32030
Iteration:   2 Minimum:       -1.0000000000 Function calls:   34094
Iteration:   3 Minimum:       -1.0000000000 Function calls:   18774
Iteration:   4 Minimum:       -1.0000000000 Function calls:    9911
Iteration:   5 Minimum:       -1.0000000000 Function calls:   29388
Iteration:   6 Minimum:       -1.0000000000 Function calls:   33048
Iteration:   7 Minimum:       -1.0000000000 Function calls:   18264
Iteration:   8 Minimum:       -1.0000000000 Function calls:   35049
Iteration:   9 Minimum:       -1.0000000000 Function calls:   29011
Iteration:  10 Minimum:       -1.0000000000 Function calls:   21432
Iteration:  11 Minimum:       -1.0000000000 Function calls:   25252
Iteration:  12 Minimum:       -1.0000000000 Function calls:   30149
Iteration:  13 Minimum:       -1.0000000000 Function calls:   15063
Iteration:  14 Minimum:       -1.0000000000 Function calls:   20134
Iteration:  15 Minimum:       -1.0000000000 Function calls:   17594
Iteration:  16 Minimum:       -1.0000000000 Function calls:    8346
Iteration:  17 Minimum:       -1.0000000000 Function calls:   33080
Iteration:  18 Minimum:       -1.0000000000 Function calls:   21148
Iteration:  19 Minimum:       -1.0000000000 Function calls:   19244
Iteration:  20 Minimum:       -1.0000000000 Function calls:   25270
Iteration:  21 Minimum:       -1.0000000000 Function calls:    9495
Iteration:  22 Minimum:       -1.0000000000 Function calls:   28939
Iteration:  23 Minimum:       -1.0000000000 Function calls:   15107
Iteration:  24 Minimum:       -1.0000000000 Function calls:   17811
Iteration:  25 Minimum:       -1.0000000000 Function calls:   17200
Iteration:  26 Minimum:       -1.0000000000 Function calls:    8406
Iteration:  27 Minimum:       -1.0000000000 Function calls:   30485
Iteration:  28 Minimum:       -1.0000000000 Function calls:    8291
Iteration:  29 Minimum:       -1.0000000000 Function calls:   39053
Iteration:  30 Minimum:       -1.0000000000 Function calls:   13859
Global minimum:        -1.0000000000
Average Calls :             22164.23
Std     Calls :            8913.6702
Global found  :               100.00%
