./OptimusApp --filename=../PROBLEMS/libgriewank2.so --opt_method=PMNEW --natoms= --optimization=1 --populationofcluster=500 --maxiterations=100 --stoppingrule=all --subClusters=1 --subClustersEnable=1 --propagation=0 --iterations=30 --threads=20
Terminated from 3
Terminated from 3
Terminated from 3
Terminated from 2
Terminated from 2
Terminated from 2
Terminated from 3
Terminated from 3
Terminated from 3
Terminated from 3
Terminated from 2
Terminated from 3
Terminated from 3
Terminated from 3
Terminated from 3
Terminated from 3
Terminated from 3
Terminated from 3
Terminated from 3
Terminated from 2
Terminated from 3
Terminated from 1
Terminated from 3
Terminated from 3
Terminated from 3
Terminated from 3
Terminated from 2
Terminated from 3
Terminated from 2
Terminated from 2
Iteration:   1 Minimum:        0.0000000000 Function calls:    8990
Iteration:   2 Minimum:        0.0385588940 Function calls:    8986
Iteration:   3 Minimum:        0.0000000000 Function calls:    9378
Iteration:   4 Minimum:        0.0000000000 Function calls:   18450
Iteration:   5 Minimum:        0.0000000000 Function calls:   21723
Iteration:   6 Minimum:        0.0000000000 Function calls:   22325
Iteration:   7 Minimum:        0.0000000000 Function calls:    9973
Iteration:   8 Minimum:        0.0000000000 Function calls:    9048
Iteration:   9 Minimum:        0.0000000000 Function calls:   12904
Iteration:  10 Minimum:        0.0000000000 Function calls:    9124
Iteration:  11 Minimum:        0.0000000000 Function calls:   31414
Iteration:  12 Minimum:        0.0000000000 Function calls:    9350
Iteration:  13 Minimum:        0.0000000000 Function calls:    9205
Iteration:  14 Minimum:        0.0000000000 Function calls:    9138
Iteration:  15 Minimum:        0.0000000000 Function calls:    8707
Iteration:  16 Minimum:        0.0000000000 Function calls:    9104
Iteration:  17 Minimum:        0.0000000000 Function calls:   13743
Iteration:  18 Minimum:        0.0000000000 Function calls:    9398
Iteration:  19 Minimum:        0.0000000000 Function calls:    9034
Iteration:  20 Minimum:        0.0000000000 Function calls:   24981
Iteration:  21 Minimum:        0.0000000000 Function calls:   10047
Iteration:  22 Minimum:        0.0000000000 Function calls:   31213
Iteration:  23 Minimum:        0.0000000000 Function calls:   12808
Iteration:  24 Minimum:        0.0000000000 Function calls:    9601
Iteration:  25 Minimum:        0.0000000000 Function calls:    9363
Iteration:  26 Minimum:        0.0000000000 Function calls:    9310
Iteration:  27 Minimum:        0.0000000000 Function calls:   19198
Iteration:  28 Minimum:        0.0000000000 Function calls:    9153
Iteration:  29 Minimum:        0.0000000000 Function calls:   39696
Iteration:  30 Minimum:        0.0000000000 Function calls:   29620
Global minimum:         0.0000000000
Average Calls :             14832.80
Std     Calls :            8536.5987
Global found  :                96.67%
