./OptimusApp --filename=../PROBLEMS/libgriewank10.so --opt_method=PMNEW --natoms= --optimization=1 --populationofcluster=500 --maxiterations=100 --stoppingrule=all --subClusters=1 --subClustersEnable=1 --propagation=0 --iterations=30 --threads=20
Terminated from 3
Terminated from 2
Terminated from 3
Terminated from 3
Terminated from 2
Terminated from 3
Terminated from 3
Terminated from 3
Terminated from 3
Terminated from 3
Terminated from 3
Terminated from 3
Terminated from 3
Terminated from 3
Terminated from 2
Terminated from 3
Terminated from 3
Terminated from 3
Terminated from 3
Terminated from 3
Terminated from 3
Terminated from 3
Terminated from 3
Terminated from 3
Terminated from 3
Terminated from 3
Terminated from 3
Terminated from 3
Terminated from 3
Terminated from 3
Iteration:   1 Minimum:        0.0000000000 Function calls:   14257
Iteration:   2 Minimum:        0.0000000000 Function calls:   15098
Iteration:   3 Minimum:        0.0000000000 Function calls:   17623
Iteration:   4 Minimum:        0.0000000000 Function calls:   14185
Iteration:   5 Minimum:        0.0000000000 Function calls:   17992
Iteration:   6 Minimum:        0.0000000000 Function calls:   12373
Iteration:   7 Minimum:        0.0000000000 Function calls:   10651
Iteration:   8 Minimum:        0.0000000000 Function calls:   11902
Iteration:   9 Minimum:        0.0000000000 Function calls:   10777
Iteration:  10 Minimum:        0.0000000000 Function calls:   10979
Iteration:  11 Minimum:        0.0000000000 Function calls:   11903
Iteration:  12 Minimum:        0.0000000000 Function calls:   11267
Iteration:  13 Minimum:        0.0000000000 Function calls:   10844
Iteration:  14 Minimum:        0.0000000000 Function calls:    9574
Iteration:  15 Minimum:        0.0000000000 Function calls:   14639
Iteration:  16 Minimum:        0.0000000000 Function calls:   11204
Iteration:  17 Minimum:        0.0000000000 Function calls:   11153
Iteration:  18 Minimum:        0.0000000000 Function calls:   10786
Iteration:  19 Minimum:        0.0000000000 Function calls:   10845
Iteration:  20 Minimum:        0.0000000000 Function calls:   14806
Iteration:  21 Minimum:        0.0000000000 Function calls:   11359
Iteration:  22 Minimum:        0.0000000000 Function calls:   14062
Iteration:  23 Minimum:        0.0000000000 Function calls:   10645
Iteration:  24 Minimum:        0.0000000000 Function calls:   11389
Iteration:  25 Minimum:        0.0000000000 Function calls:   10276
Iteration:  26 Minimum:        0.0000000000 Function calls:   11614
Iteration:  27 Minimum:        0.0000000000 Function calls:   10207
Iteration:  28 Minimum:        0.0000000000 Function calls:   10771
Iteration:  29 Minimum:        0.0000000000 Function calls:   11080
Iteration:  30 Minimum:        0.0000000000 Function calls:    9826
Global minimum:         0.0000000000
Average Calls :             12136.23
Std     Calls :            2144.7184
Global found  :               100.00%
