./OptimusApp --filename=../PROBLEMS/libhansen.so --opt_method=PMNEW --natoms=10 --optimization=1 --populationofcluster=500 --maxiterations=100 --stoppingrule=all --subClusters=1 --subClustersEnable=1 --propagation=0 --iterations=30 --threads=20
Terminated from 2
Terminated from 3
Terminated from 2
Terminated from 3
Terminated from 2
Terminated from 3
Terminated from 3
Terminated from 3
Terminated from 1
Terminated from 2
Terminated from 1
Terminated from 2
Terminated from 2
Terminated from 3
Terminated from 2
Terminated from 2
Terminated from 3
Terminated from 2
Terminated from 2
Terminated from 1
Terminated from 3
Terminated from 1
Terminated from 2
Terminated from 1
Terminated from 2
Terminated from 2
Terminated from 3
Terminated from 2
Terminated from 3
Terminated from 2
Iteration:   1 Minimum:     -176.5417931367 Function calls:   14286
Iteration:   2 Minimum:     -176.5417931367 Function calls:    7145
Iteration:   3 Minimum:     -176.5417931367 Function calls:   15458
Iteration:   4 Minimum:     -176.5417931367 Function calls:   10840
Iteration:   5 Minimum:     -176.5417931367 Function calls:   23197
Iteration:   6 Minimum:     -176.5417931367 Function calls:    8026
Iteration:   7 Minimum:     -176.5417931367 Function calls:    7701
Iteration:   8 Minimum:     -176.5417931367 Function calls:   11127
Iteration:   9 Minimum:     -176.5417931367 Function calls:   22529
Iteration:  10 Minimum:     -176.5417931367 Function calls:   13172
Iteration:  11 Minimum:     -176.5417931367 Function calls:   11433
Iteration:  12 Minimum:     -176.5417931367 Function calls:   29492
Iteration:  13 Minimum:     -176.5417931367 Function calls:   18208
Iteration:  14 Minimum:     -176.5417931367 Function calls:    7179
Iteration:  15 Minimum:     -176.5417931367 Function calls:   29545
Iteration:  16 Minimum:     -176.5417931367 Function calls:   10613
Iteration:  17 Minimum:     -176.5417931367 Function calls:    7315
Iteration:  18 Minimum:     -176.5417931367 Function calls:   12036
Iteration:  19 Minimum:     -176.5417931367 Function calls:   13664
Iteration:  20 Minimum:     -176.5417931367 Function calls:   26509
Iteration:  21 Minimum:     -176.5417931367 Function calls:    7703
Iteration:  22 Minimum:     -176.5417931367 Function calls:   29289
Iteration:  23 Minimum:     -176.5417931367 Function calls:   13499
Iteration:  24 Minimum:     -176.5417931367 Function calls:   17095
Iteration:  25 Minimum:     -176.5417931367 Function calls:   21288
Iteration:  26 Minimum:     -176.5417931367 Function calls:   14471
Iteration:  27 Minimum:     -176.5417931367 Function calls:   11180
Iteration:  28 Minimum:     -176.5417931367 Function calls:   19645
Iteration:  29 Minimum:     -176.5417931367 Function calls:   11513
Iteration:  30 Minimum:     -176.5417931367 Function calls:   26014
Global minimum:      -176.5417931367
Average Calls :             15705.73
Std     Calls :            7093.4790
Global found  :               100.00%
