./OptimusApp --filename=../PROBLEMS/libhartman6.so --opt_method=PMNEW --natoms= --optimization=1 --populationofcluster=500 --maxiterations=100 --stoppingrule=all --subClusters=1 --subClustersEnable=1 --propagation=0 --iterations=30 --threads=20
Terminated from 3
Terminated from 2
Terminated from 2
Terminated from 3
Terminated from 2
Terminated from 2
Terminated from 2
Terminated from 2
Terminated from 2
Terminated from 3
Terminated from 2
Terminated from 2
Terminated from 2
Terminated from 1
Terminated from 2
Terminated from 2
Terminated from 3
Terminated from 2
Terminated from 2
Terminated from 2
Terminated from 3
Terminated from 3
Terminated from 2
Terminated from 2
Terminated from 2
Terminated from 2
Terminated from 2
Terminated from 2
Terminated from 2
Terminated from 2
Iteration:   1 Minimum:       -3.3223680114 Function calls:    8321
Iteration:   2 Minimum:       -3.3223680114 Function calls:   14008
Iteration:   3 Minimum:       -3.3223680114 Function calls:   27064
Iteration:   4 Minimum:       -3.3223680114 Function calls:   11496
Iteration:   5 Minimum:       -3.3223680114 Function calls:   19297
Iteration:   6 Minimum:       -3.3223680114 Function calls:   22115
Iteration:   7 Minimum:       -3.3223680114 Function calls:   20450
Iteration:   8 Minimum:       -3.3223680114 Function calls:   13118
Iteration:   9 Minimum:       -3.3223680114 Function calls:   28561
Iteration:  10 Minimum:       -3.3223680114 Function calls:   10659
Iteration:  11 Minimum:       -3.3223680114 Function calls:   30620
Iteration:  12 Minimum:       -3.3223680114 Function calls:   19128
Iteration:  13 Minimum:       -3.3223680114 Function calls:   14796
Iteration:  14 Minimum:       -3.3223680114 Function calls:   22345
Iteration:  15 Minimum:       -3.3223680114 Function calls:   14155
Iteration:  16 Minimum:       -3.3223680114 Function calls:   22698
Iteration:  17 Minimum:       -3.3223680114 Function calls:   12267
Iteration:  18 Minimum:       -3.3223680114 Function calls:   27190
Iteration:  19 Minimum:       -3.3223680114 Function calls:   26209
Iteration:  20 Minimum:       -3.3223680114 Function calls:   15912
Iteration:  21 Minimum:       -3.3223680114 Function calls:   13266
Iteration:  22 Minimum:       -3.3223680114 Function calls:   10539
Iteration:  23 Minimum:       -3.3223680114 Function calls:   15453
Iteration:  24 Minimum:       -3.3223680114 Function calls:   31661
Iteration:  25 Minimum:       -3.3223680114 Function calls:   15269
Iteration:  26 Minimum:       -3.3223680114 Function calls:   20593
Iteration:  27 Minimum:       -3.3223680114 Function calls:   26079
Iteration:  28 Minimum:       -3.3223680114 Function calls:   14968
Iteration:  29 Minimum:       -3.3223680114 Function calls:   17665
Iteration:  30 Minimum:       -3.3223680114 Function calls:   17981
Global minimum:        -3.3223680114
Average Calls :             18796.10
Std     Calls :            6336.3858
Global found  :               100.00%
