./OptimusApp --filename=../PROBLEMS/libhartman3.so --opt_method=PMNEW --natoms= --optimization=1 --populationofcluster=500 --maxiterations=100 --stoppingrule=all --subClusters=1 --subClustersEnable=1 --propagation=0 --iterations=30 --threads=20
Terminated from 2
Terminated from 2
Terminated from 3
Terminated from 3
Terminated from 2
Terminated from 2
Terminated from 2
Terminated from 3
Terminated from 3
Terminated from 2
Terminated from 2
Terminated from 2
Terminated from 3
Terminated from 3
Terminated from 2
Terminated from 2
Terminated from 2
Terminated from 2
Terminated from 2
Terminated from 2
Terminated from 2
Terminated from 2
Terminated from 2
Terminated from 2
Terminated from 2
Terminated from 3
Terminated from 2
Terminated from 2
Terminated from 3
Terminated from 3
Iteration:   1 Minimum:       -3.8627821478 Function calls:   18621
Iteration:   2 Minimum:       -3.8627821478 Function calls:   12357
Iteration:   3 Minimum:       -3.8627821478 Function calls:    7692
Iteration:   4 Minimum:       -3.8627821478 Function calls:    8393
Iteration:   5 Minimum:       -3.8627821478 Function calls:   20166
Iteration:   6 Minimum:       -3.8627821478 Function calls:   21174
Iteration:   7 Minimum:       -3.8627821478 Function calls:   19842
Iteration:   8 Minimum:       -3.8627821478 Function calls:    7723
Iteration:   9 Minimum:       -3.8627821478 Function calls:   10849
Iteration:  10 Minimum:       -3.8627821478 Function calls:   14686
Iteration:  11 Minimum:       -3.8627821478 Function calls:   27747
Iteration:  12 Minimum:       -3.8627821478 Function calls:   16698
Iteration:  13 Minimum:       -3.8627821478 Function calls:    7565
Iteration:  14 Minimum:       -3.8627821478 Function calls:    9420
Iteration:  15 Minimum:       -3.8627821478 Function calls:   18185
Iteration:  16 Minimum:       -3.8627821478 Function calls:   21575
Iteration:  17 Minimum:       -3.8627821478 Function calls:   16221
Iteration:  18 Minimum:       -3.8627821478 Function calls:   14751
Iteration:  19 Minimum:       -3.8627821478 Function calls:   16077
Iteration:  20 Minimum:       -3.8627821478 Function calls:   17416
Iteration:  21 Minimum:       -3.8627821478 Function calls:   15431
Iteration:  22 Minimum:       -3.8627821478 Function calls:   22271
Iteration:  23 Minimum:       -3.8627821478 Function calls:   25376
Iteration:  24 Minimum:       -3.8627821478 Function calls:   21144
Iteration:  25 Minimum:       -3.8627821478 Function calls:   19504
Iteration:  26 Minimum:       -3.8627821478 Function calls:   10090
Iteration:  27 Minimum:       -3.8627821478 Function calls:   22218
Iteration:  28 Minimum:       -3.8627821478 Function calls:   17712
Iteration:  29 Minimum:       -3.8627821478 Function calls:    9192
Iteration:  30 Minimum:       -3.8627821478 Function calls:    7964
Global minimum:        -3.8627821478
Average Calls :             15935.33
Std     Calls :            5623.4789
Global found  :               100.00%
