./OptimusApp --filename=../PROBLEMS/libpotential.so --opt_method=PMNEW --natoms=10 --optimization=1 --populationofcluster=500 --maxiterations=100 --stoppingrule=all --subClusters=1 --subClustersEnable=1 --propagation=0 --iterations=30 --threads=20
Terminated from 1
Terminated from 2
Terminated from 2
Terminated from 2
Terminated from 2
Terminated from 2
Terminated from 2
Terminated from 1
Terminated from 2
Terminated from 2
Terminated from 2
Terminated from 1
Terminated from 2
Terminated from 2
Terminated from 2
Terminated from 2
Terminated from 2
Terminated from 2
Terminated from 2
Terminated from 2
Terminated from 2
Terminated from 2
Terminated from 2
Terminated from 2
Terminated from 2
Terminated from 1
Terminated from 2
Terminated from 2
Terminated from 2
Terminated from 2
Iteration:   1 Minimum:      -28.4225318934 Function calls:   14164
Iteration:   2 Minimum:      -28.4225318934 Function calls:   27644
Iteration:   3 Minimum:      -28.4225318934 Function calls:   26740
Iteration:   4 Minimum:      -28.4225318934 Function calls:   54619
Iteration:   5 Minimum:      -28.4225318934 Function calls:   21149
Iteration:   6 Minimum:      -28.4225318934 Function calls:   48003
Iteration:   7 Minimum:      -28.4225318934 Function calls:   16157
Iteration:   8 Minimum:      -28.4225318934 Function calls:   34996
Iteration:   9 Minimum:      -28.4225318934 Function calls:   29323
Iteration:  10 Minimum:      -28.4225318934 Function calls:   39263
Iteration:  11 Minimum:      -28.4225318934 Function calls:   29160
Iteration:  12 Minimum:      -28.4225318934 Function calls:   35999
Iteration:  13 Minimum:      -28.4225318934 Function calls:   29752
Iteration:  14 Minimum:      -28.4225318934 Function calls:   16627
Iteration:  15 Minimum:      -28.4225318934 Function calls:   36727
Iteration:  16 Minimum:      -28.4225318934 Function calls:   22104
Iteration:  17 Minimum:      -28.4225318934 Function calls:   23255
Iteration:  18 Minimum:      -28.4225318934 Function calls:   24940
Iteration:  19 Minimum:      -28.4225318934 Function calls:   26942
Iteration:  20 Minimum:      -28.4225318934 Function calls:   31298
Iteration:  21 Minimum:      -28.4225318934 Function calls:   26217
Iteration:  22 Minimum:      -28.4225318934 Function calls:   33222
Iteration:  23 Minimum:      -28.4225318934 Function calls:   29175
Iteration:  24 Minimum:      -28.4225318934 Function calls:   15306
Iteration:  25 Minimum:      -28.4225318934 Function calls:   28733
Iteration:  26 Minimum:      -28.4225318934 Function calls:   17620
Iteration:  27 Minimum:      -28.4225318934 Function calls:   31734
Iteration:  28 Minimum:      -28.4225318934 Function calls:   28206
Iteration:  29 Minimum:      -28.4225318934 Function calls:   24809
Iteration:  30 Minimum:      -28.4225318934 Function calls:   33104
Global minimum:       -28.4225318934
Average Calls :             28566.27
Std     Calls :            8871.2498
Global found  :               100.00%
