./OptimusApp --filename=../PROBLEMS/libpotential.so --opt_method=PMNEW --natoms=6 --optimization=1 --populationofcluster=500 --maxiterations=100 --stoppingrule=all --subClusters=1 --subClustersEnable=1 --propagation=0 --iterations=30 --threads=20
Terminated from 2
Terminated from 2
Terminated from 2
Terminated from 2
Terminated from 2
Terminated from 2
Terminated from 2
Terminated from 3
Terminated from 2
Terminated from 2
Terminated from 2
Terminated from 2
Terminated from 2
Terminated from 2
Terminated from 2
Terminated from 2
Terminated from 2
Terminated from 3
Terminated from 2
Terminated from 2
Terminated from 2
Terminated from 2
Terminated from 2
Terminated from 2
Terminated from 2
Terminated from 2
Terminated from 2
Terminated from 2
Terminated from 2
Terminated from 3
Iteration:   1 Minimum:      -12.7120622568 Function calls:   47201
Iteration:   2 Minimum:      -12.7120622568 Function calls:   18190
Iteration:   3 Minimum:      -12.7120622568 Function calls:   36345
Iteration:   4 Minimum:      -12.7120622568 Function calls:   21463
Iteration:   5 Minimum:      -12.7120622568 Function calls:   27401
Iteration:   6 Minimum:      -12.7120622568 Function calls:   37036
Iteration:   7 Minimum:      -12.7120622568 Function calls:   27957
Iteration:   8 Minimum:      -12.7120622568 Function calls:   11386
Iteration:   9 Minimum:      -12.7120622568 Function calls:   13568
Iteration:  10 Minimum:      -12.7120622568 Function calls:   17927
Iteration:  11 Minimum:      -12.7120622568 Function calls:   23906
Iteration:  12 Minimum:      -12.7120622568 Function calls:   49733
Iteration:  13 Minimum:      -12.7120622568 Function calls:   25953
Iteration:  14 Minimum:      -12.7120622568 Function calls:   24274
Iteration:  15 Minimum:      -12.7120622568 Function calls:   23430
Iteration:  16 Minimum:      -12.7120622568 Function calls:   21782
Iteration:  17 Minimum:      -12.7120622568 Function calls:   22183
Iteration:  18 Minimum:      -12.7120622568 Function calls:   11337
Iteration:  19 Minimum:      -12.7120622568 Function calls:   27975
Iteration:  20 Minimum:      -12.7120622568 Function calls:   20065
Iteration:  21 Minimum:      -12.7120622568 Function calls:   33447
Iteration:  22 Minimum:      -12.7120622568 Function calls:   27472
Iteration:  23 Minimum:      -12.7120622568 Function calls:   28079
Iteration:  24 Minimum:      -12.7120622568 Function calls:   17091
Iteration:  25 Minimum:      -12.7120622568 Function calls:   27687
Iteration:  26 Minimum:      -12.7120622568 Function calls:   18711
Iteration:  27 Minimum:      -12.7120622568 Function calls:   13247
Iteration:  28 Minimum:      -12.7120622568 Function calls:   28834
Iteration:  29 Minimum:      -12.7120622568 Function calls:   25529
Iteration:  30 Minimum:      -12.7120622568 Function calls:   10173
Global minimum:       -12.7120622568
Average Calls :             24646.07
Std     Calls :            9356.5760
Global found  :               100.00%
