./OptimusApp --filename=../PROBLEMS/libpotential.so --opt_method=PMNEW --natoms=5 --optimization=1 --populationofcluster=500 --maxiterations=100 --stoppingrule=all --subClusters=1 --subClustersEnable=1 --propagation=0 --iterations=30 --threads=20
Terminated from 2
Terminated from 2
Terminated from 2
Terminated from 2
Terminated from 2
Terminated from 1
Terminated from 1
Terminated from 2
Terminated from 2
Terminated from 2
Terminated from 2
Terminated from 2
Terminated from 2
Terminated from 2
Terminated from 2
Terminated from 2
Terminated from 1
Terminated from 2
Terminated from 2
Terminated from 2
Terminated from 2
Terminated from 2
Terminated from 2
Terminated from 2
Terminated from 3
Terminated from 2
Terminated from 2
Terminated from 2
Terminated from 2
Terminated from 2
Iteration:   1 Minimum:       -9.1038524157 Function calls:   30062
Iteration:   2 Minimum:       -9.1038524157 Function calls:   34253
Iteration:   3 Minimum:       -9.1038524157 Function calls:   50905
Iteration:   4 Minimum:       -9.1038524157 Function calls:   35718
Iteration:   5 Minimum:       -9.1038524157 Function calls:   12549
Iteration:   6 Minimum:       -9.1038524157 Function calls:   23513
Iteration:   7 Minimum:       -9.1038524157 Function calls:   29260
Iteration:   8 Minimum:       -9.1038524157 Function calls:   19890
Iteration:   9 Minimum:       -9.1038524157 Function calls:   38016
Iteration:  10 Minimum:       -9.1038524157 Function calls:   23896
Iteration:  11 Minimum:       -9.1038524157 Function calls:   25988
Iteration:  12 Minimum:       -9.1038524157 Function calls:   23373
Iteration:  13 Minimum:       -9.1038524157 Function calls:   33007
Iteration:  14 Minimum:       -9.1038524157 Function calls:   22985
Iteration:  15 Minimum:       -9.1038524157 Function calls:   19964
Iteration:  16 Minimum:       -9.1038524157 Function calls:   12770
Iteration:  17 Minimum:       -9.1038524157 Function calls:   28549
Iteration:  18 Minimum:       -9.1038524157 Function calls:   21328
Iteration:  19 Minimum:       -9.1038524157 Function calls:   23634
Iteration:  20 Minimum:       -9.1038524157 Function calls:   23442
Iteration:  21 Minimum:       -9.1038524157 Function calls:   36369
Iteration:  22 Minimum:       -9.1038524157 Function calls:   26785
Iteration:  23 Minimum:       -9.1038524157 Function calls:   14530
Iteration:  24 Minimum:       -9.1038524157 Function calls:   24904
Iteration:  25 Minimum:       -9.1038524157 Function calls:   10634
Iteration:  26 Minimum:       -9.1038524157 Function calls:   16947
Iteration:  27 Minimum:       -9.1038524157 Function calls:   21262
Iteration:  28 Minimum:       -9.1038524157 Function calls:   34695
Iteration:  29 Minimum:       -9.1038524157 Function calls:   21737
Iteration:  30 Minimum:       -9.1038524157 Function calls:   19057
Global minimum:        -9.1038524157
Average Calls :             25334.07
Std     Calls :            8583.5291
Global found  :               100.00%
