./OptimusApp --filename=../PROBLEMS/libpotential.so --opt_method=PMNEW --natoms=3 --optimization=1 --populationofcluster=500 --maxiterations=100 --stoppingrule=all --subClusters=1 --subClustersEnable=1 --propagation=0 --iterations=30 --threads=20
Terminated from 2
Terminated from 2
Terminated from 2
Terminated from 3
Terminated from 3
Terminated from 2
Terminated from 3
Terminated from 2
Terminated from 3
Terminated from 2
Terminated from 2
Terminated from 1
Terminated from 2
Terminated from 2
Terminated from 2
Terminated from 2
Terminated from 3
Terminated from 2
Terminated from 2
Terminated from 3
Terminated from 2
Terminated from 2
Terminated from 2
Terminated from 3
Terminated from 2
Terminated from 2
Terminated from 2
Terminated from 3
Terminated from 2
Terminated from 3
Iteration:   1 Minimum:       -3.0000000000 Function calls:   15815
Iteration:   2 Minimum:       -3.0000000000 Function calls:   15706
Iteration:   3 Minimum:       -3.0000000000 Function calls:   15848
Iteration:   4 Minimum:       -3.0000000000 Function calls:   11130
Iteration:   5 Minimum:       -3.0000000000 Function calls:   11723
Iteration:   6 Minimum:       -3.0000000000 Function calls:   23020
Iteration:   7 Minimum:       -3.0000000000 Function calls:    8779
Iteration:   8 Minimum:       -3.0000000000 Function calls:   18122
Iteration:   9 Minimum:       -3.0000000000 Function calls:   12763
Iteration:  10 Minimum:       -3.0000000000 Function calls:   27368
Iteration:  11 Minimum:       -3.0000000000 Function calls:   20011
Iteration:  12 Minimum:       -3.0000000000 Function calls:   26305
Iteration:  13 Minimum:       -3.0000000000 Function calls:   14035
Iteration:  14 Minimum:       -3.0000000000 Function calls:   17272
Iteration:  15 Minimum:       -3.0000000000 Function calls:   24225
Iteration:  16 Minimum:       -3.0000000000 Function calls:   15615
Iteration:  17 Minimum:       -3.0000000000 Function calls:   12154
Iteration:  18 Minimum:       -3.0000000000 Function calls:   22725
Iteration:  19 Minimum:       -3.0000000000 Function calls:   21127
Iteration:  20 Minimum:       -3.0000000000 Function calls:    8093
Iteration:  21 Minimum:       -3.0000000000 Function calls:   14662
Iteration:  22 Minimum:       -3.0000000000 Function calls:   15067
Iteration:  23 Minimum:       -3.0000000000 Function calls:   21194
Iteration:  24 Minimum:       -3.0000000000 Function calls:    8998
Iteration:  25 Minimum:       -3.0000000000 Function calls:   32416
Iteration:  26 Minimum:       -3.0000000000 Function calls:   23214
Iteration:  27 Minimum:       -3.0000000000 Function calls:   23554
Iteration:  28 Minimum:       -3.0000000000 Function calls:    9436
Iteration:  29 Minimum:       -3.0000000000 Function calls:   13675
Iteration:  30 Minimum:       -3.0000000000 Function calls:    9076
Global minimum:        -3.0000000000
Average Calls :             17104.27
Std     Calls :            6189.4532
Global found  :               100.00%
