./OptimusApp --filename=../PROBLEMS/librastrigin.so --opt_method=PMNEW --natoms= --optimization=1 --populationofcluster=500 --maxiterations=100 --stoppingrule=all --subClusters=1 --subClustersEnable=1 --propagation=0 --iterations=30 --threads=20
Terminated from 3
Terminated from 2
Terminated from 2
Terminated from 3
Terminated from 3
Terminated from 2
Terminated from 2
Terminated from 2
Terminated from 2
Terminated from 2
Terminated from 3
Terminated from 2
Terminated from 2
Terminated from 2
Terminated from 2
Terminated from 2
Terminated from 2
Terminated from 2
Terminated from 2
Terminated from 2
Terminated from 2
Terminated from 2
Terminated from 2
Terminated from 2
Terminated from 2
Terminated from 2
Terminated from 2
Terminated from 3
Terminated from 2
Terminated from 2
Iteration:   1 Minimum:       -2.0000000000 Function calls:   10061
Iteration:   2 Minimum:       -2.0000000000 Function calls:   26666
Iteration:   3 Minimum:       -2.0000000000 Function calls:   28726
Iteration:   4 Minimum:       -2.0000000000 Function calls:    9472
Iteration:   5 Minimum:       -2.0000000000 Function calls:    8984
Iteration:   6 Minimum:       -2.0000000000 Function calls:   22200
Iteration:   7 Minimum:       -2.0000000000 Function calls:   29456
Iteration:   8 Minimum:       -2.0000000000 Function calls:   28661
Iteration:   9 Minimum:       -2.0000000000 Function calls:   30870
Iteration:  10 Minimum:       -2.0000000000 Function calls:   20936
Iteration:  11 Minimum:       -2.0000000000 Function calls:    8713
Iteration:  12 Minimum:       -2.0000000000 Function calls:   28150
Iteration:  13 Minimum:       -2.0000000000 Function calls:   33229
Iteration:  14 Minimum:       -2.0000000000 Function calls:   24423
Iteration:  15 Minimum:       -2.0000000000 Function calls:   23605
Iteration:  16 Minimum:       -2.0000000000 Function calls:   28499
Iteration:  17 Minimum:       -2.0000000000 Function calls:   26255
Iteration:  18 Minimum:       -2.0000000000 Function calls:   31116
Iteration:  19 Minimum:       -2.0000000000 Function calls:   25811
Iteration:  20 Minimum:       -2.0000000000 Function calls:   30377
Iteration:  21 Minimum:       -2.0000000000 Function calls:   26061
Iteration:  22 Minimum:       -2.0000000000 Function calls:   30189
Iteration:  23 Minimum:       -2.0000000000 Function calls:   31601
Iteration:  24 Minimum:       -2.0000000000 Function calls:   30562
Iteration:  25 Minimum:       -2.0000000000 Function calls:   25583
Iteration:  26 Minimum:       -2.0000000000 Function calls:   28844
Iteration:  27 Minimum:       -2.0000000000 Function calls:   31030
Iteration:  28 Minimum:       -2.0000000000 Function calls:    8812
Iteration:  29 Minimum:       -2.0000000000 Function calls:   28894
Iteration:  30 Minimum:       -2.0000000000 Function calls:   26954
Global minimum:        -2.0000000000
Average Calls :             24824.67
Std     Calls :            7504.8005
Global found  :               100.00%
