./OptimusApp --filename=../PROBLEMS/librosenbrock8.so --opt_method=PMNEW --natoms= --optimization=1 --populationofcluster=500 --maxiterations=100 --stoppingrule=all --subClusters=1 --subClustersEnable=1 --propagation=0 --iterations=30 --threads=20
Terminated from 3
Terminated from 3
Terminated from 3
Terminated from 2
Terminated from 3
Terminated from 3
Terminated from 3
Terminated from 3
Terminated from 3
Terminated from 3
Terminated from 3
Terminated from 2
Terminated from 3
Terminated from 3
Terminated from 2
Terminated from 3
Terminated from 3
Terminated from 3
Terminated from 3
Terminated from 2
Terminated from 3
Terminated from 3
Terminated from 3
Terminated from 3
Terminated from 3
Terminated from 3
Terminated from 3
Terminated from 3
Terminated from 3
Terminated from 3
Iteration:   1 Minimum:        0.0000000000 Function calls:   10630
Iteration:   2 Minimum:        0.0000000000 Function calls:    9163
Iteration:   3 Minimum:        0.0000000000 Function calls:   11336
Iteration:   4 Minimum:        0.0000000000 Function calls:   20055
Iteration:   5 Minimum:        0.0000000000 Function calls:   12236
Iteration:   6 Minimum:        0.0000000000 Function calls:   12710
Iteration:   7 Minimum:        0.0000000000 Function calls:   11269
Iteration:   8 Minimum:        0.0000000000 Function calls:   11277
Iteration:   9 Minimum:        0.0000000000 Function calls:   15847
Iteration:  10 Minimum:        0.0000000000 Function calls:   11026
Iteration:  11 Minimum:        0.0000000000 Function calls:   11394
Iteration:  12 Minimum:        0.0000000000 Function calls:   19171
Iteration:  13 Minimum:        0.0000000000 Function calls:   14582
Iteration:  14 Minimum:        0.0000000000 Function calls:   10903
Iteration:  15 Minimum:        0.0000000000 Function calls:   15470
Iteration:  16 Minimum:        0.0000000000 Function calls:   14584
Iteration:  17 Minimum:        0.0000000000 Function calls:   14987
Iteration:  18 Minimum:        0.0000000000 Function calls:   15016
Iteration:  19 Minimum:        0.0000000000 Function calls:   14715
Iteration:  20 Minimum:        0.0000000000 Function calls:   20238
Iteration:  21 Minimum:        0.0000000000 Function calls:   17339
Iteration:  22 Minimum:        0.0000000000 Function calls:   11113
Iteration:  23 Minimum:        0.0000000000 Function calls:   10723
Iteration:  24 Minimum:        0.0000000000 Function calls:   11221
Iteration:  25 Minimum:        0.0000000000 Function calls:   14071
Iteration:  26 Minimum:        0.0000000000 Function calls:   10566
Iteration:  27 Minimum:        0.0000000000 Function calls:   11345
Iteration:  28 Minimum:        0.0000000000 Function calls:   10205
Iteration:  29 Minimum:        0.0000000000 Function calls:   11536
Iteration:  30 Minimum:        0.0000000000 Function calls:    9907
Global minimum:         0.0000000000
Average Calls :             13154.50
Std     Calls :            3002.1257
Global found  :               100.00%
