./OptimusApp --filename=../PROBLEMS/librosenbrock16.so --opt_method=PMNEW --natoms= --optimization=1 --populationofcluster=500 --maxiterations=100 --stoppingrule=all --subClusters=1 --subClustersEnable=1 --propagation=0 --iterations=30 --threads=20
Terminated from 3
Terminated from 3
Terminated from 3
Terminated from 3
Terminated from 3
Terminated from 2
Terminated from 3
Terminated from 3
Terminated from 3
Terminated from 3
Terminated from 3
Terminated from 3
Terminated from 3
Terminated from 3
Terminated from 3
Terminated from 3
Terminated from 3
Terminated from 3
Terminated from 3
Terminated from 3
Terminated from 3
Terminated from 3
Terminated from 3
Terminated from 2
Terminated from 3
Terminated from 3
Terminated from 2
Terminated from 3
Terminated from 3
Terminated from 2
Iteration:   1 Minimum:        0.0000000000 Function calls:   12682
Iteration:   2 Minimum:        0.0000000000 Function calls:   14906
Iteration:   3 Minimum:        0.0000000000 Function calls:   21797
Iteration:   4 Minimum:        0.0000000000 Function calls:   13366
Iteration:   5 Minimum:        0.0000000000 Function calls:   13231
Iteration:   6 Minimum:        0.0000000000 Function calls:   22756
Iteration:   7 Minimum:        0.0000000000 Function calls:   12795
Iteration:   8 Minimum:        0.0000000000 Function calls:   16146
Iteration:   9 Minimum:        0.0000000000 Function calls:   13948
Iteration:  10 Minimum:        0.0000000000 Function calls:   12868
Iteration:  11 Minimum:        0.0000000000 Function calls:   10022
Iteration:  12 Minimum:        0.0000000000 Function calls:   10991
Iteration:  13 Minimum:        0.0000000000 Function calls:   11820
Iteration:  14 Minimum:        0.0000000000 Function calls:   19230
Iteration:  15 Minimum:        0.0000000000 Function calls:   20082
Iteration:  16 Minimum:        0.0000000000 Function calls:   16697
Iteration:  17 Minimum:        0.0000000000 Function calls:   14202
Iteration:  18 Minimum:        0.0000000000 Function calls:   11793
Iteration:  19 Minimum:        0.0000000000 Function calls:   13627
Iteration:  20 Minimum:        0.0000000000 Function calls:   13103
Iteration:  21 Minimum:        0.0000000000 Function calls:   14401
Iteration:  22 Minimum:        0.0000000000 Function calls:   11275
Iteration:  23 Minimum:        0.0000000000 Function calls:   12653
Iteration:  24 Minimum:        0.0000000000 Function calls:   14594
Iteration:  25 Minimum:        0.0000000000 Function calls:   11675
Iteration:  26 Minimum:        0.0000000000 Function calls:   11839
Iteration:  27 Minimum:        0.0000000000 Function calls:   22484
Iteration:  28 Minimum:        0.0000000000 Function calls:   11866
Iteration:  29 Minimum:        0.0000000000 Function calls:   13737
Iteration:  30 Minimum:        0.0000000000 Function calls:   23318
Global minimum:         0.0000000000
Average Calls :             14796.80
Std     Calls :            3740.1707
Global found  :               100.00%
