./OptimusApp --filename=../PROBLEMS/libshekel10.so --opt_method=PMNEW --natoms= --optimization=1 --populationofcluster=500 --maxiterations=100 --stoppingrule=all --subClusters=1 --subClustersEnable=1 --propagation=0 --iterations=30 --threads=20
Terminated from 2
Terminated from 2
Terminated from 1
Terminated from 2
Terminated from 2
Terminated from 2
Terminated from 2
Terminated from 2
Terminated from 2
Terminated from 2
Terminated from 2
Terminated from 2
Terminated from 2
Terminated from 2
Terminated from 2
Terminated from 2
Terminated from 2
Terminated from 2
Terminated from 2
Terminated from 2
Terminated from 2
Terminated from 1
Terminated from 2
Terminated from 2
Terminated from 2
Terminated from 2
Terminated from 2
Terminated from 2
Terminated from 2
Terminated from 2
Iteration:   1 Minimum:      -10.5364098167 Function calls:   42991
Iteration:   2 Minimum:      -10.5364098167 Function calls:   18959
Iteration:   3 Minimum:      -10.5364098167 Function calls:   24399
Iteration:   4 Minimum:      -10.5364098167 Function calls:   14788
Iteration:   5 Minimum:      -10.5364098167 Function calls:   15561
Iteration:   6 Minimum:      -10.5364098167 Function calls:   15640
Iteration:   7 Minimum:      -10.5364098167 Function calls:   10693
Iteration:   8 Minimum:      -10.5364098167 Function calls:   21440
Iteration:   9 Minimum:      -10.5364098167 Function calls:   18987
Iteration:  10 Minimum:      -10.5364098167 Function calls:   18471
Iteration:  11 Minimum:      -10.5364098167 Function calls:   27182
Iteration:  12 Minimum:      -10.5364098167 Function calls:   20694
Iteration:  13 Minimum:      -10.5364098167 Function calls:   22632
Iteration:  14 Minimum:      -10.5364098167 Function calls:   21664
Iteration:  15 Minimum:      -10.5364098167 Function calls:   30845
Iteration:  16 Minimum:      -10.5364098167 Function calls:   25300
Iteration:  17 Minimum:      -10.5364098167 Function calls:   23988
Iteration:  18 Minimum:      -10.5364098167 Function calls:   14684
Iteration:  19 Minimum:      -10.5364098167 Function calls:   21975
Iteration:  20 Minimum:      -10.5364098167 Function calls:   24572
Iteration:  21 Minimum:      -10.5364098167 Function calls:   18969
Iteration:  22 Minimum:      -10.5364098167 Function calls:   14432
Iteration:  23 Minimum:      -10.5364098167 Function calls:   24657
Iteration:  24 Minimum:      -10.5364098167 Function calls:   48775
Iteration:  25 Minimum:      -10.5364098167 Function calls:   19457
Iteration:  26 Minimum:      -10.5364098167 Function calls:   16607
Iteration:  27 Minimum:      -10.5364098167 Function calls:   22493
Iteration:  28 Minimum:      -10.5364098167 Function calls:   12740
Iteration:  29 Minimum:      -10.5364098167 Function calls:   12781
Iteration:  30 Minimum:      -10.5364098167 Function calls:   17708
Global minimum:       -10.5364098167
Average Calls :             21469.47
Std     Calls :            8017.6058
Global found  :               100.00%
