./OptimusApp --filename=../PROBLEMS/libshekel7.so --opt_method=PMNEW --natoms= --optimization=1 --populationofcluster=500 --maxiterations=100 --stoppingrule=all --subClusters=1 --subClustersEnable=1 --propagation=0 --iterations=30 --threads=20
Terminated from 2
Terminated from 2
Terminated from 2
Terminated from 2
Terminated from 2
Terminated from 2
Terminated from 2
Terminated from 2
Terminated from 2
Terminated from 2
Terminated from 2
Terminated from 1
Terminated from 2
Terminated from 2
Terminated from 2
Terminated from 2
Terminated from 2
Terminated from 2
Terminated from 2
Terminated from 2
Terminated from 2
Terminated from 2
Terminated from 2
Terminated from 2
Terminated from 2
Terminated from 2
Terminated from 2
Terminated from 2
Terminated from 1
Terminated from 1
Iteration:   1 Minimum:      -10.3423777436 Function calls:   14280
Iteration:   2 Minimum:      -10.3423777436 Function calls:   35253
Iteration:   3 Minimum:      -10.3423777436 Function calls:   30379
Iteration:   4 Minimum:      -10.3423777436 Function calls:   15821
Iteration:   5 Minimum:      -10.3423777436 Function calls:   18772
Iteration:   6 Minimum:      -10.3423777436 Function calls:   34927
Iteration:   7 Minimum:      -10.3423777436 Function calls:   11275
Iteration:   8 Minimum:      -10.3423777436 Function calls:   17260
Iteration:   9 Minimum:      -10.3423777436 Function calls:   40062
Iteration:  10 Minimum:      -10.3423777436 Function calls:   14071
Iteration:  11 Minimum:      -10.3423777436 Function calls:   21381
Iteration:  12 Minimum:      -10.3423777436 Function calls:   25473
Iteration:  13 Minimum:      -10.3423777436 Function calls:   20996
Iteration:  14 Minimum:      -10.3423777436 Function calls:   24288
Iteration:  15 Minimum:      -10.3423777436 Function calls:   23009
Iteration:  16 Minimum:      -10.3423777436 Function calls:   20540
Iteration:  17 Minimum:      -10.3423777436 Function calls:   32668
Iteration:  18 Minimum:      -10.3423777436 Function calls:   26590
Iteration:  19 Minimum:      -10.3423777436 Function calls:   28364
Iteration:  20 Minimum:      -10.3423777436 Function calls:   25996
Iteration:  21 Minimum:      -10.3423777436 Function calls:   22841
Iteration:  22 Minimum:      -10.3423777436 Function calls:   16749
Iteration:  23 Minimum:      -10.3423777436 Function calls:   30509
Iteration:  24 Minimum:      -10.3423777436 Function calls:   26278
Iteration:  25 Minimum:      -10.3423777436 Function calls:   13655
Iteration:  26 Minimum:      -10.3423777436 Function calls:   16828
Iteration:  27 Minimum:      -10.3423777436 Function calls:   12325
Iteration:  28 Minimum:      -10.3423777436 Function calls:   14449
Iteration:  29 Minimum:      -10.3423777436 Function calls:   27502
Iteration:  30 Minimum:      -10.3423777436 Function calls:   15337
Global minimum:       -10.3423777436
Average Calls :             22595.93
Std     Calls :            7507.6491
Global found  :               100.00%
