./OptimusApp --filename=../PROBLEMS/libshekel5.so --opt_method=PMNEW --natoms= --optimization=1 --populationofcluster=500 --maxiterations=100 --stoppingrule=all --subClusters=1 --subClustersEnable=1 --propagation=0 --iterations=30 --threads=20
Terminated from 2
Terminated from 2
Terminated from 2
Terminated from 2
Terminated from 2
Terminated from 3
Terminated from 2
Terminated from 2
Terminated from 2
Terminated from 1
Terminated from 2
Terminated from 2
Terminated from 2
Terminated from 2
Terminated from 2
Terminated from 2
Terminated from 2
Terminated from 2
Terminated from 2
Terminated from 2
Terminated from 2
Terminated from 2
Terminated from 2
Terminated from 2
Terminated from 2
Terminated from 2
Terminated from 2
Terminated from 2
Terminated from 2
Terminated from 2
Iteration:   1 Minimum:      -10.1077491160 Function calls:   22569
Iteration:   2 Minimum:      -10.1077491160 Function calls:   15976
Iteration:   3 Minimum:      -10.1077491160 Function calls:   16678
Iteration:   4 Minimum:      -10.1077491160 Function calls:   30619
Iteration:   5 Minimum:      -10.1077491160 Function calls:   34881
Iteration:   6 Minimum:      -10.1077491160 Function calls:    8632
Iteration:   7 Minimum:      -10.1077491160 Function calls:   20223
Iteration:   8 Minimum:      -10.1077491160 Function calls:   13391
Iteration:   9 Minimum:      -10.1077491160 Function calls:   21297
Iteration:  10 Minimum:      -10.1077491160 Function calls:   20121
Iteration:  11 Minimum:      -10.1077491160 Function calls:   19294
Iteration:  12 Minimum:      -10.1077491160 Function calls:   28797
Iteration:  13 Minimum:      -10.1077491160 Function calls:   22440
Iteration:  14 Minimum:      -10.1077491160 Function calls:   19510
Iteration:  15 Minimum:      -10.1077491160 Function calls:    9637
Iteration:  16 Minimum:      -10.1077491160 Function calls:   21744
Iteration:  17 Minimum:      -10.1077491160 Function calls:   13146
Iteration:  18 Minimum:      -10.1077491160 Function calls:   13562
Iteration:  19 Minimum:      -10.1077491160 Function calls:   20026
Iteration:  20 Minimum:      -10.1077491160 Function calls:   23532
Iteration:  21 Minimum:      -10.1077491160 Function calls:   16239
Iteration:  22 Minimum:      -10.1077491160 Function calls:    9833
Iteration:  23 Minimum:      -10.1077491160 Function calls:   17456
Iteration:  24 Minimum:      -10.1077491160 Function calls:   15635
Iteration:  25 Minimum:      -10.1077491160 Function calls:   20358
Iteration:  26 Minimum:      -10.1077491160 Function calls:   31797
Iteration:  27 Minimum:      -10.1077491160 Function calls:   18606
Iteration:  28 Minimum:      -10.1077491160 Function calls:   12848
Iteration:  29 Minimum:      -10.1077491160 Function calls:   18231
Iteration:  30 Minimum:      -10.1077491160 Function calls:   34266
Global minimum:       -10.1077491160
Average Calls :             19711.47
Std     Calls :            6776.6417
Global found  :               100.00%
