./OptimusApp --filename=../PROBLEMS/libsinu.so --opt_method=PMNEW --natoms=8 --optimization=1 --populationofcluster=500 --maxiterations=100 --stoppingrule=all --subClusters=1 --subClustersEnable=1 --propagation=0 --iterations=30 --threads=20
Terminated from 2
Terminated from 2
Terminated from 2
Terminated from 2
Terminated from 2
Terminated from 2
Terminated from 2
Terminated from 2
Terminated from 2
Terminated from 2
Terminated from 2
Terminated from 2
Terminated from 2
Terminated from 2
Terminated from 2
Terminated from 2
Terminated from 2
Terminated from 2
Terminated from 2
Terminated from 2
Terminated from 2
Terminated from 2
Terminated from 2
Terminated from 2
Terminated from 2
Terminated from 2
Terminated from 2
Terminated from 2
Terminated from 2
Iteration:   1 Minimum:       -3.5000000000 Function calls:   20062
Iteration:   2 Minimum:       -3.5000000000 Function calls:   38967
Iteration:   3 Minimum:       -3.5000000000 Function calls:   20111
Iteration:   4 Minimum:       -3.5000000000 Function calls:   24526
Iteration:   5 Minimum:       -3.5000000000 Function calls:   29603
Iteration:   6 Minimum:       -3.5000000000 Function calls:   21934
Iteration:   7 Minimum:       -3.5000000000 Function calls:   19856
Iteration:   8 Minimum:       -3.5000000000 Function calls:   17711
Iteration:   9 Minimum:       -3.5000000000 Function calls:   22041
Iteration:  10 Minimum:       -3.5000000000 Function calls:   12220
Iteration:  11 Minimum:       -3.5000000000 Function calls:   12843
Iteration:  12 Minimum:       -3.5000000000 Function calls:   23190
Iteration:  13 Minimum:       -3.5000000000 Function calls:   16778
Iteration:  14 Minimum:       -3.5000000000 Function calls:   21715
Iteration:  15 Minimum:       -3.5000000000 Function calls:   10227
Iteration:  16 Minimum:       -3.5000000000 Function calls:   17636
Iteration:  17 Minimum:       -3.5000000000 Function calls:   16965
Iteration:  18 Minimum:       -3.5000000000 Function calls:   13800
Iteration:  19 Minimum:       -3.5000000000 Function calls:   13978
Iteration:  20 Minimum:       -3.5000000000 Function calls:   25389
Iteration:  21 Minimum:       -3.5000000000 Function calls:   48830
Iteration:  22 Minimum:       -3.5000000000 Function calls:   18773
Iteration:  23 Minimum:       -3.5000000000 Function calls:   14491
Iteration:  24 Minimum:       -3.5000000000 Function calls:   10417
Iteration:  25 Minimum:       -3.5000000000 Function calls:   16374
Iteration:  26 Minimum:       -3.5000000000 Function calls:   42625
Iteration:  27 Minimum:       -3.5000000000 Function calls:   19793
Iteration:  28 Minimum:       -3.5000000000 Function calls:   25602
Iteration:  29 Minimum:       -3.5000000000 Function calls:   19035
Iteration:  30 Minimum:       -3.5000000000 Function calls:   20928
Global minimum:        -3.5000000000
Average Calls :             21214.00
Std     Calls :            8763.2533
Global found  :               100.00%
