./OptimusApp --filename=../PROBLEMS/libsinu.so --opt_method=PMNEW --natoms=4 --optimization=1 --populationofcluster=500 --maxiterations=100 --stoppingrule=all --subClusters=1 --subClustersEnable=1 --propagation=0 --iterations=30 --threads=20
Terminated from 2
Terminated from 2
Terminated from 2
Terminated from 2
Terminated from 2
Terminated from 2
Terminated from 3
Terminated from 2
Terminated from 2
Terminated from 2
Terminated from 2
Terminated from 2
Terminated from 2
Terminated from 3
Terminated from 2
Terminated from 2
Terminated from 2
Terminated from 2
Terminated from 2
Terminated from 2
Terminated from 2
Terminated from 2
Terminated from 1
Terminated from 2
Terminated from 1
Terminated from 2
Terminated from 3
Terminated from 3
Terminated from 2
Terminated from 2
Iteration:   1 Minimum:       -3.5000000000 Function calls:   19573
Iteration:   2 Minimum:       -3.5000000000 Function calls:   13211
Iteration:   3 Minimum:       -3.5000000000 Function calls:   27076
Iteration:   4 Minimum:       -3.5000000000 Function calls:   17383
Iteration:   5 Minimum:       -3.5000000000 Function calls:   29561
Iteration:   6 Minimum:       -3.5000000000 Function calls:   21300
Iteration:   7 Minimum:       -3.5000000000 Function calls:   10495
Iteration:   8 Minimum:       -3.5000000000 Function calls:   13536
Iteration:   9 Minimum:       -3.5000000000 Function calls:   11958
Iteration:  10 Minimum:       -3.5000000000 Function calls:   13902
Iteration:  11 Minimum:       -3.5000000000 Function calls:   29338
Iteration:  12 Minimum:       -3.5000000000 Function calls:   20760
Iteration:  13 Minimum:       -3.5000000000 Function calls:   15124
Iteration:  14 Minimum:       -3.5000000000 Function calls:   13336
Iteration:  15 Minimum:       -3.5000000000 Function calls:   12167
Iteration:  16 Minimum:       -3.5000000000 Function calls:   15925
Iteration:  17 Minimum:       -3.5000000000 Function calls:   24457
Iteration:  18 Minimum:       -3.5000000000 Function calls:   18573
Iteration:  19 Minimum:       -3.5000000000 Function calls:   13324
Iteration:  20 Minimum:       -3.5000000000 Function calls:   16372
Iteration:  21 Minimum:       -3.5000000000 Function calls:   16153
Iteration:  22 Minimum:       -3.5000000000 Function calls:   20599
Iteration:  23 Minimum:       -3.5000000000 Function calls:   16118
Iteration:  24 Minimum:       -3.5000000000 Function calls:   31073
Iteration:  25 Minimum:       -3.5000000000 Function calls:   18437
Iteration:  26 Minimum:       -3.5000000000 Function calls:   31509
Iteration:  27 Minimum:       -3.5000000000 Function calls:    7455
Iteration:  28 Minimum:       -3.5000000000 Function calls:    8488
Iteration:  29 Minimum:       -3.5000000000 Function calls:   12664
Iteration:  30 Minimum:       -3.5000000000 Function calls:   23497
Global minimum:        -3.5000000000
Average Calls :             18112.13
Std     Calls :            6533.5117
Global found  :               100.00%
