This is pdfTeX, Version 3.141592653-2.6-1.40.25 (TeX Live 2023/Debian) (preloaded format=pdflatex 2023.11.27)  30 NOV 2023 13:30
entering extended mode
 restricted \write18 enabled.
 %&-line parsing enabled.
**ipso.tex
(./ipso.tex
LaTeX2e <2023-06-01> patch level 1
L3 programming layer <2023-08-29>
(/usr/share/texlive/texmf-dist/tex/latex/base/article.cls
Document Class: article 2023/05/17 v1.4n Standard LaTeX document class
(/usr/share/texlive/texmf-dist/tex/latex/base/size10.clo
File: size10.clo 2023/05/17 v1.4n Standard LaTeX file (size option)
)
\c@part=\count185
\c@section=\count186
\c@subsection=\count187
\c@subsubsection=\count188
\c@paragraph=\count189
\c@subparagraph=\count190
\c@figure=\count191
\c@table=\count192
\abovecaptionskip=\skip48
\belowcaptionskip=\skip49
\bibindent=\dimen140
)
(/usr/share/texlive/texmf-dist/tex/latex/base/fontenc.sty
Package: fontenc 2021/04/29 v2.0v Standard LaTeX package
)
(/usr/share/texlive/texmf-dist/tex/latex/base/inputenc.sty
Package: inputenc 2021/02/14 v1.3d Input encoding file
\inpenc@prehook=\toks17
\inpenc@posthook=\toks18

(/usr/share/texlive/texmf-dist/tex/latex/base/latin9.def
File: latin9.def 2021/02/14 v1.3d Input encoding file
))
(/usr/share/texlive/texmf-dist/tex/latex/amsmath/amsmath.sty
Package: amsmath 2023/05/13 v2.17o AMS math features
\@mathmargin=\skip50

For additional information on amsmath, use the `?' option.
(/usr/share/texlive/texmf-dist/tex/latex/amsmath/amstext.sty
Package: amstext 2021/08/26 v2.01 AMS text

(/usr/share/texlive/texmf-dist/tex/latex/amsmath/amsgen.sty
File: amsgen.sty 1999/11/30 v2.0 generic functions
\@emptytoks=\toks19
\ex@=\dimen141
))
(/usr/share/texlive/texmf-dist/tex/latex/amsmath/amsbsy.sty
Package: amsbsy 1999/11/29 v1.2d Bold Symbols
\pmbraise@=\dimen142
)
(/usr/share/texlive/texmf-dist/tex/latex/amsmath/amsopn.sty
Package: amsopn 2022/04/08 v2.04 operator names
)
\inf@bad=\count193
LaTeX Info: Redefining \frac on input line 234.
\uproot@=\count194
\leftroot@=\count195
LaTeX Info: Redefining \overline on input line 399.
LaTeX Info: Redefining \colon on input line 410.
\classnum@=\count196
\DOTSCASE@=\count197
LaTeX Info: Redefining \ldots on input line 496.
LaTeX Info: Redefining \dots on input line 499.
LaTeX Info: Redefining \cdots on input line 620.
\Mathstrutbox@=\box51
\strutbox@=\box52
LaTeX Info: Redefining \big on input line 722.
LaTeX Info: Redefining \Big on input line 723.
LaTeX Info: Redefining \bigg on input line 724.
LaTeX Info: Redefining \Bigg on input line 725.
\big@size=\dimen143
LaTeX Font Info:    Redeclaring font encoding OML on input line 743.
LaTeX Font Info:    Redeclaring font encoding OMS on input line 744.
\macc@depth=\count198
LaTeX Info: Redefining \bmod on input line 905.
LaTeX Info: Redefining \pmod on input line 910.
LaTeX Info: Redefining \smash on input line 940.
LaTeX Info: Redefining \relbar on input line 970.
LaTeX Info: Redefining \Relbar on input line 971.
\c@MaxMatrixCols=\count199
\dotsspace@=\muskip16
\c@parentequation=\count266
\dspbrk@lvl=\count267
\tag@help=\toks20
\row@=\count268
\column@=\count269
\maxfields@=\count270
\andhelp@=\toks21
\eqnshift@=\dimen144
\alignsep@=\dimen145
\tagshift@=\dimen146
\tagwidth@=\dimen147
\totwidth@=\dimen148
\lineht@=\dimen149
\@envbody=\toks22
\multlinegap=\skip51
\multlinetaggap=\skip52
\mathdisplay@stack=\toks23
LaTeX Info: Redefining \[ on input line 2953.
LaTeX Info: Redefining \] on input line 2954.
)
(/usr/share/texlive/texmf-dist/tex/latex/graphics/graphicx.sty
Package: graphicx 2021/09/16 v1.2d Enhanced LaTeX Graphics (DPC,SPQR)

(/usr/share/texlive/texmf-dist/tex/latex/graphics/keyval.sty
Package: keyval 2022/05/29 v1.15 key=value parser (DPC)
\KV@toks@=\toks24
)
(/usr/share/texlive/texmf-dist/tex/latex/graphics/graphics.sty
Package: graphics 2022/03/10 v1.4e Standard LaTeX Graphics (DPC,SPQR)

(/usr/share/texlive/texmf-dist/tex/latex/graphics/trig.sty
Package: trig 2021/08/11 v1.11 sin cos tan (DPC)
)
(/usr/share/texlive/texmf-dist/tex/latex/graphics-cfg/graphics.cfg
File: graphics.cfg 2016/06/04 v1.11 sample graphics configuration
)
Package graphics Info: Driver file: pdftex.def on input line 107.

(/usr/share/texlive/texmf-dist/tex/latex/graphics-def/pdftex.def
File: pdftex.def 2022/09/22 v1.2b Graphics/color driver for pdftex
))
\Gin@req@height=\dimen150
\Gin@req@width=\dimen151
)
(/usr/share/texlive/texmf-dist/tex/generic/babel/babel.sty
Package: babel 2023/09/29 v3.95 The Babel package
\babel@savecnt=\count271
\U@D=\dimen152
\l@unhyphenated=\language9

(/usr/share/texlive/texmf-dist/tex/generic/babel/txtbabel.def)
\bbl@readstream=\read2
\bbl@dirlevel=\count272

(/usr/share/texlive/texmf-dist/tex/generic/babel-english/english.ldf
Language: english 2017/06/06 v3.3r English support from the babel system
Package babel Info: Hyphen rules for 'british' set to \l@english
(babel)             (\language0). Reported on input line 82.
Package babel Info: Hyphen rules for 'UKenglish' set to \l@english
(babel)             (\language0). Reported on input line 83.
Package babel Info: Hyphen rules for 'canadian' set to \l@english
(babel)             (\language0). Reported on input line 102.
Package babel Info: Hyphen rules for 'australian' set to \l@english
(babel)             (\language0). Reported on input line 105.
Package babel Info: Hyphen rules for 'newzealand' set to \l@english
(babel)             (\language0). Reported on input line 108.
))
(/usr/share/texlive/texmf-dist/tex/generic/babel/locale/en/babel-english.tex
Package babel Info: Importing font and identification data for english
(babel)             from babel-en.ini. Reported on input line 11.
)
(/usr/share/texlive/texmf-dist/tex/latex/l3backend/l3backend-pdftex.def
File: l3backend-pdftex.def 2023-04-19 L3 backend support: PDF output (pdfTeX)
\l__color_backend_stack_int=\count273
\l__pdf_internal_box=\box53
)
(./ipso.aux)
\openout1 = `ipso.aux'.

LaTeX Font Info:    Checking defaults for OML/cmm/m/it on input line 18.
LaTeX Font Info:    ... okay on input line 18.
LaTeX Font Info:    Checking defaults for OMS/cmsy/m/n on input line 18.
LaTeX Font Info:    ... okay on input line 18.
LaTeX Font Info:    Checking defaults for OT1/cmr/m/n on input line 18.
LaTeX Font Info:    ... okay on input line 18.
LaTeX Font Info:    Checking defaults for T1/cmr/m/n on input line 18.
LaTeX Font Info:    ... okay on input line 18.
LaTeX Font Info:    Checking defaults for TS1/cmr/m/n on input line 18.
LaTeX Font Info:    ... okay on input line 18.
LaTeX Font Info:    Checking defaults for OMX/cmex/m/n on input line 18.
LaTeX Font Info:    ... okay on input line 18.
LaTeX Font Info:    Checking defaults for U/cmr/m/n on input line 18.
LaTeX Font Info:    ... okay on input line 18.
 (/usr/share/texlive/texmf-dist/tex/context/base/mkii/supp-pdf.mkii
[Loading MPS to PDF converter (version 2006.09.02).]
\scratchcounter=\count274
\scratchdimen=\dimen153
\scratchbox=\box54
\nofMPsegments=\count275
\nofMParguments=\count276
\everyMPshowfont=\toks25
\MPscratchCnt=\count277
\MPscratchDim=\dimen154
\MPnumerator=\count278
\makeMPintoPDFobject=\count279
\everyMPtoPDFconversion=\toks26
) (/usr/share/texlive/texmf-dist/tex/latex/epstopdf-pkg/epstopdf-base.sty
Package: epstopdf-base 2020-01-24 v2.11 Base part for package epstopdf
Package epstopdf-base Info: Redefining graphics rule for `.eps' on input line 4
85.

(/usr/share/texlive/texmf-dist/tex/latex/latexconfig/epstopdf-sys.cfg
File: epstopdf-sys.cfg 2010/07/13 v1.3 Configuration of (r)epstopdf for TeX Liv
e
))
[1

{/var/lib/texmf/fonts/map/pdftex/updmap/pdftex.map}] [2] [3] [4] [5] [6]
[7] [8]
Underfull \hbox (badness 10000) in paragraph at lines 468--469

 []

[9]
Overfull \hbox (15.1662pt too wide) in paragraph at lines 484--486
[]\T1/cmr/bx/n/10 Hansen \T1/cmr/m/n/10 func-tion: $\OML/cmm/m/it/10 f\OT1/cmr/
m/n/10 (\OML/cmm/m/it/10 x\OT1/cmr/m/n/10 ) = [][] \OML/cmm/m/it/10 i [] [] [][
] j [] []$\T1/cmr/m/n/10 ,
 []


Overfull \hbox (10.9151pt too wide) in paragraph at lines 512--524
\T1/cmr/m/n/10 with $\OML/cmm/m/it/10 x \OMS/cmsy/m/n/10 2 \OT1/cmr/m/n/10 [0\O
ML/cmm/m/it/10 ; \OT1/cmr/m/n/10 1][]$ \T1/cmr/m/n/10 and $\OML/cmm/m/it/10 a \
OT1/cmr/m/n/10 = [] \OML/cmm/m/it/10 ;  c \OT1/cmr/m/n/10 = []$
 []

[10]
Underfull \hbox (badness 10000) in paragraph at lines 544--545

 []

[11]
Overfull \hbox (52.71841pt too wide) detected at line 640
\OML/cmm/m/it/10 f\OT1/cmr/m/n/10 (\OML/cmm/m/it/10 x\OT1/cmr/m/n/10 ) = [] [][
] [] [] [] + [][] []
 []

[12]
Overfull \hbox (0.83835pt too wide) in paragraph at lines 708--715
[]\T1/cmr/m/n/10 The pro-posed in-er-tia cal-cu-la-tion method as de-fined in E
qua-tion 11[] achieves
 []

<ipso_sd_without.pdf, id=60, 346.29375pt x 214.8025pt>
File: ipso_sd_without.pdf Graphic file (type pdf)
<use ipso_sd_without.pdf>
Package pdftex.def Info: ipso_sd_without.pdf  used on input line 741.
(pdftex.def)             Requested size: 242.40396pt x 150.36072pt.
<ipso_sd_with.pdf, id=61, 342.27875pt x 214.8025pt>
File: ipso_sd_with.pdf Graphic file (type pdf)
<use ipso_sd_with.pdf>
Package pdftex.def Info: ipso_sd_with.pdf  used on input line 747.
(pdftex.def)             Requested size: 239.59348pt x 150.36072pt.

Overfull \hbox (18.81477pt too wide) in paragraph at lines 848--936
 [][] 
 []


LaTeX Warning: Float too large for page by 3.08694pt on input line 936.


Overfull \hbox (52.13997pt too wide) in paragraph at lines 942--1030
 [][] 
 []


Overfull \hbox (52.13997pt too wide) in paragraph at lines 1036--1124
 [][] 
 []


LaTeX Warning: Float too large for page by 3.08694pt on input line 1124.


Overfull \hbox (52.13997pt too wide) in paragraph at lines 1130--1218
 [][] 
 []


LaTeX Warning: Float too large for page by 3.08694pt on input line 1218.


Overfull \hbox (52.13997pt too wide) in paragraph at lines 1224--1312
 [][] 
 []


LaTeX Warning: Float too large for page by 3.08694pt on input line 1312.

<sinu_plot_ipso.pdf, id=62, 362.35374pt x 217.81375pt>
File: sinu_plot_ipso.pdf Graphic file (type pdf)
<use sinu_plot_ipso.pdf>
Package pdftex.def Info: sinu_plot_ipso.pdf  used on input line 1317.
(pdftex.def)             Requested size: 271.76463pt x 163.3599pt.
<gradientCheckPart.pdf, id=63, 362.35374pt x 217.81375pt>
File: gradientCheckPart.pdf Graphic file (type pdf)
<use gradientCheckPart.pdf>
Package pdftex.def Info: gradientCheckPart.pdf  used on input line 1323.
(pdftex.def)             Requested size: 253.64589pt x 152.46857pt.
[13] [14 <./ipso_sd_without.pdf> <./ipso_sd_with.pdf>] [15] [16] [17] [18]
[19] [20] [21 <./sinu_plot_ipso.pdf> <./gradientCheckPart.pdf>] [22

] [23]
[24] [25] [26] [27] [28] (./ipso.aux)
 ***********
LaTeX2e <2023-06-01> patch level 1
L3 programming layer <2023-08-29>
 ***********
 ) 
Here is how much of TeX's memory you used:
 3480 strings out of 476812
 54796 string characters out of 5807285
 2031791 words of memory out of 5000000
 24768 multiletter control sequences out of 15000+600000
 572120 words of font info for 64 fonts, out of 8000000 for 9000
 59 hyphenation exceptions out of 8191
 57i,14n,65p,241b,244s stack positions out of 10000i,1000n,20000p,200000b,200000s
 </home/sheridan/.texlive2023/texmf-var/fonts/pk/ljfour/jknappen/ec/ecti1000.
600pk> </home/sheridan/.texlive2023/texmf-var/fonts/pk/ljfour/jknappen/ec/ecbi1
000.600pk> </home/sheridan/.texlive2023/texmf-var/fonts/pk/ljfour/jknappen/ec/t
crm1000.600pk> </home/sheridan/.texlive2023/texmf-var/fonts/pk/ljfour/jknappen/
ec/ecbx1200.600pk> </home/sheridan/.texlive2023/texmf-var/fonts/pk/ljfour/jknap
pen/ec/ecbx1440.600pk> </home/sheridan/.texlive2023/texmf-var/fonts/pk/ljfour/j
knappen/ec/ecrm1000.600pk> </home/sheridan/.texlive2023/texmf-var/fonts/pk/ljfo
ur/jknappen/ec/ecbx1000.600pk> </home/sheridan/.texlive2023/texmf-var/fonts/pk/
ljfour/jknappen/ec/ecrm0900.600pk> </home/sheridan/.texlive2023/texmf-var/fonts
/pk/ljfour/jknappen/ec/ecbx0900.600pk> </home/sheridan/.texlive2023/texmf-var/f
onts/pk/ljfour/jknappen/ec/ecrm1200.600pk> </home/sheridan/.texlive2023/texmf-v
ar/fonts/pk/ljfour/jknappen/ec/ecrm1728.600pk></usr/share/texlive/texmf-dist/fo
nts/type1/public/amsfonts/cm/cmex10.pfb></usr/share/texlive/texmf-dist/fonts/ty
pe1/public/amsfonts/cmextra/cmex7.pfb></usr/share/texlive/texmf-dist/fonts/type
1/public/amsfonts/cm/cmmi10.pfb></usr/share/texlive/texmf-dist/fonts/type1/publ
ic/amsfonts/cm/cmmi7.pfb></usr/share/texlive/texmf-dist/fonts/type1/public/amsf
onts/cm/cmr10.pfb></usr/share/texlive/texmf-dist/fonts/type1/public/amsfonts/cm
/cmr5.pfb></usr/share/texlive/texmf-dist/fonts/type1/public/amsfonts/cm/cmr7.pf
b></usr/share/texlive/texmf-dist/fonts/type1/public/amsfonts/cm/cmsy10.pfb></us
r/share/texlive/texmf-dist/fonts/type1/public/amsfonts/cm/cmsy7.pfb>
Output written on ipso.pdf (28 pages, 533506 bytes).
PDF statistics:
 507 PDF objects out of 1000 (max. 8388607)
 138 compressed objects within 2 object streams
 0 named destinations out of 1000 (max. 500000)
 21 words of extra memory for PDF output out of 10000 (max. 10000000)

