This is pdfTeX, Version 3.141592653-2.6-1.40.25 (TeX Live 2023/Debian) (preloaded format=pdflatex 2023.11.16)  26 NOV 2023 14:39
entering extended mode
 restricted \write18 enabled.
 %&-line parsing enabled.
**newfc.tex
(./newfc.tex
LaTeX2e <2023-06-01> patch level 1
L3 programming layer <2023-08-29>
(/usr/share/texlive/texmf-dist/tex/latex/base/article.cls
Document Class: article 2023/05/17 v1.4n Standard LaTeX document class
(/usr/share/texlive/texmf-dist/tex/latex/base/size10.clo
File: size10.clo 2023/05/17 v1.4n Standard LaTeX file (size option)
)
\c@part=\count185
\c@section=\count186
\c@subsection=\count187
\c@subsubsection=\count188
\c@paragraph=\count189
\c@subparagraph=\count190
\c@figure=\count191
\c@table=\count192
\abovecaptionskip=\skip48
\belowcaptionskip=\skip49
\bibindent=\dimen140
)
(/usr/share/texlive/texmf-dist/tex/latex/base/fontenc.sty
Package: fontenc 2021/04/29 v2.0v Standard LaTeX package
)
(/usr/share/texlive/texmf-dist/tex/latex/base/inputenc.sty
Package: inputenc 2021/02/14 v1.3d Input encoding file
\inpenc@prehook=\toks17
\inpenc@posthook=\toks18

(/usr/share/texlive/texmf-dist/tex/latex/base/latin9.def
File: latin9.def 2021/02/14 v1.3d Input encoding file
))
(/usr/share/texlive/texmf-dist/tex/latex/srcltx/srcltx.sty
Package: srcltx 2006/11/12 v1.6 Source specials for inverse search in DVI files


(/usr/share/texlive/texmf-dist/tex/latex/base/ifthen.sty
Package: ifthen 2022/04/13 v1.1d Standard LaTeX ifthen package (DPC)
)
\src@lastline=\count193
\src@new@everypar=\toks19
\src@new@output=\toks20
)
(/usr/share/texlive/texmf-dist/tex/latex/float/float.sty
Package: float 2001/11/08 v1.3d Float enhancements (AL)
\c@float@type=\count194
\float@exts=\toks21
\float@box=\box51
\@float@everytoks=\toks22
\@floatcapt=\box52
)
(/usr/share/texlive/texmf-dist/tex/latex/base/textcomp.sty
Package: textcomp 2020/02/02 v2.0n Standard LaTeX package
)
(/usr/share/texlive/texmf-dist/tex/latex/url/url.sty
\Urlmuskip=\muskip16
Package: url 2013/09/16  ver 3.4  Verb mode for urls, etc.
)
(/usr/share/texlive/texmf-dist/tex/latex/amsmath/amsmath.sty
Package: amsmath 2023/05/13 v2.17o AMS math features
\@mathmargin=\skip50

For additional information on amsmath, use the `?' option.
(/usr/share/texlive/texmf-dist/tex/latex/amsmath/amstext.sty
Package: amstext 2021/08/26 v2.01 AMS text

(/usr/share/texlive/texmf-dist/tex/latex/amsmath/amsgen.sty
File: amsgen.sty 1999/11/30 v2.0 generic functions
\@emptytoks=\toks23
\ex@=\dimen141
))
(/usr/share/texlive/texmf-dist/tex/latex/amsmath/amsbsy.sty
Package: amsbsy 1999/11/29 v1.2d Bold Symbols
\pmbraise@=\dimen142
)
(/usr/share/texlive/texmf-dist/tex/latex/amsmath/amsopn.sty
Package: amsopn 2022/04/08 v2.04 operator names
)
\inf@bad=\count195
LaTeX Info: Redefining \frac on input line 234.
\uproot@=\count196
\leftroot@=\count197
LaTeX Info: Redefining \overline on input line 399.
LaTeX Info: Redefining \colon on input line 410.
\classnum@=\count198
\DOTSCASE@=\count199
LaTeX Info: Redefining \ldots on input line 496.
LaTeX Info: Redefining \dots on input line 499.
LaTeX Info: Redefining \cdots on input line 620.
\Mathstrutbox@=\box53
\strutbox@=\box54
LaTeX Info: Redefining \big on input line 722.
LaTeX Info: Redefining \Big on input line 723.
LaTeX Info: Redefining \bigg on input line 724.
LaTeX Info: Redefining \Bigg on input line 725.
\big@size=\dimen143
LaTeX Font Info:    Redeclaring font encoding OML on input line 743.
LaTeX Font Info:    Redeclaring font encoding OMS on input line 744.
\macc@depth=\count266
LaTeX Info: Redefining \bmod on input line 905.
LaTeX Info: Redefining \pmod on input line 910.
LaTeX Info: Redefining \smash on input line 940.
LaTeX Info: Redefining \relbar on input line 970.
LaTeX Info: Redefining \Relbar on input line 971.
\c@MaxMatrixCols=\count267
\dotsspace@=\muskip17
\c@parentequation=\count268
\dspbrk@lvl=\count269
\tag@help=\toks24
\row@=\count270
\column@=\count271
\maxfields@=\count272
\andhelp@=\toks25
\eqnshift@=\dimen144
\alignsep@=\dimen145
\tagshift@=\dimen146
\tagwidth@=\dimen147
\totwidth@=\dimen148
\lineht@=\dimen149
\@envbody=\toks26
\multlinegap=\skip51
\multlinetaggap=\skip52
\mathdisplay@stack=\toks27
LaTeX Info: Redefining \[ on input line 2953.
LaTeX Info: Redefining \] on input line 2954.
)
(/usr/share/texlive/texmf-dist/tex/latex/graphics/graphicx.sty
Package: graphicx 2021/09/16 v1.2d Enhanced LaTeX Graphics (DPC,SPQR)

(/usr/share/texlive/texmf-dist/tex/latex/graphics/keyval.sty
Package: keyval 2022/05/29 v1.15 key=value parser (DPC)
\KV@toks@=\toks28
)
(/usr/share/texlive/texmf-dist/tex/latex/graphics/graphics.sty
Package: graphics 2022/03/10 v1.4e Standard LaTeX Graphics (DPC,SPQR)

(/usr/share/texlive/texmf-dist/tex/latex/graphics/trig.sty
Package: trig 2021/08/11 v1.11 sin cos tan (DPC)
)
(/usr/share/texlive/texmf-dist/tex/latex/graphics-cfg/graphics.cfg
File: graphics.cfg 2016/06/04 v1.11 sample graphics configuration
)
Package graphics Info: Driver file: pdftex.def on input line 107.
Package srcltx Info: Expanded filename `pdftex.def' to `pdftex.def.tex' on inpu
t line 108.

:<+ pdftex.def.tex
(/usr/share/texlive/texmf-dist/tex/latex/graphics-def/pdftex.def
File: pdftex.def 2022/09/22 v1.2b Graphics/color driver for pdftex
)
:<-
)
\Gin@req@height=\dimen150
\Gin@req@width=\dimen151
)
\@float@every@algorithm=\toks29
\c@algorithm=\count273
 (/usr/share/texlive/texmf-dist/tex/generic/babel/babel.sty
Package: babel 2023/09/29 v3.95 The Babel package
\babel@savecnt=\count274
\U@D=\dimen152
\l@unhyphenated=\language9

(/usr/share/texlive/texmf-dist/tex/generic/babel/txtbabel.def)
\bbl@readstream=\read2
\bbl@dirlevel=\count275

(/usr/share/texlive/texmf-dist/tex/generic/babel-english/english.ldf
Language: english 2017/06/06 v3.3r English support from the babel system
Package babel Info: Hyphen rules for 'british' set to \l@english
(babel)             (\language0). Reported on input line 82.
Package babel Info: Hyphen rules for 'UKenglish' set to \l@english
(babel)             (\language0). Reported on input line 83.
Package babel Info: Hyphen rules for 'canadian' set to \l@english
(babel)             (\language0). Reported on input line 102.
Package babel Info: Hyphen rules for 'australian' set to \l@english
(babel)             (\language0). Reported on input line 105.
Package babel Info: Hyphen rules for 'newzealand' set to \l@english
(babel)             (\language0). Reported on input line 108.
))
(/usr/share/texlive/texmf-dist/tex/generic/babel/locale/en/babel-english.tex
Package babel Info: Importing font and identification data for english
(babel)             from babel-en.ini. Reported on input line 11.
)
(/usr/share/texlive/texmf-dist/tex/latex/l3backend/l3backend-pdftex.def
File: l3backend-pdftex.def 2023-04-19 L3 backend support: PDF output (pdfTeX)
\l__color_backend_stack_int=\count276
\l__pdf_internal_box=\box55
)
No file newfc.aux.
\openout1 = `newfc.aux'.

LaTeX Font Info:    Checking defaults for OML/cmm/m/it on input line 38.
LaTeX Font Info:    ... okay on input line 38.
LaTeX Font Info:    Checking defaults for OMS/cmsy/m/n on input line 38.
LaTeX Font Info:    ... okay on input line 38.
LaTeX Font Info:    Checking defaults for OT1/cmr/m/n on input line 38.
LaTeX Font Info:    ... okay on input line 38.
LaTeX Font Info:    Checking defaults for T1/cmr/m/n on input line 38.
LaTeX Font Info:    ... okay on input line 38.
LaTeX Font Info:    Checking defaults for TS1/cmr/m/n on input line 38.
LaTeX Font Info:    ... okay on input line 38.
LaTeX Font Info:    Checking defaults for OMX/cmex/m/n on input line 38.
LaTeX Font Info:    ... okay on input line 38.
LaTeX Font Info:    Checking defaults for U/cmr/m/n on input line 38.
LaTeX Font Info:    ... okay on input line 38.
(/usr/share/texlive/texmf-dist/tex/context/base/mkii/supp-pdf.mkii
[Loading MPS to PDF converter (version 2006.09.02).]
\scratchcounter=\count277
\scratchdimen=\dimen153
\scratchbox=\box56
\nofMPsegments=\count278
\nofMParguments=\count279
\everyMPshowfont=\toks30
\MPscratchCnt=\count280
\MPscratchDim=\dimen154
\MPnumerator=\count281
\makeMPintoPDFobject=\count282
\everyMPtoPDFconversion=\toks31
) (/usr/share/texlive/texmf-dist/tex/latex/epstopdf-pkg/epstopdf-base.sty
Package: epstopdf-base 2020-01-24 v2.11 Base part for package epstopdf
Package epstopdf-base Info: Redefining graphics rule for `.eps' on input line 4
85.

(/usr/share/texlive/texmf-dist/tex/latex/latexconfig/epstopdf-sys.cfg
File: epstopdf-sys.cfg 2010/07/13 v1.3 Configuration of (r)epstopdf for TeX Liv
e
))

LaTeX Warning: Citation `nn1' on page 1 undefined on input line 62.


LaTeX Warning: Citation `nn2' on page 1 undefined on input line 62.


LaTeX Warning: Citation `nnphysics1' on page 1 undefined on input line 65.


LaTeX Warning: Citation `nnphysics2' on page 1 undefined on input line 65.


LaTeX Warning: Citation `nnphysics3' on page 1 undefined on input line 65.


LaTeX Warning: Citation `nnchem1' on page 1 undefined on input line 66.


LaTeX Warning: Citation `nnchem2' on page 1 undefined on input line 66.


LaTeX Warning: Citation `nnchem3' on page 1 undefined on input line 66.


LaTeX Warning: Citation `nnecon1' on page 1 undefined on input line 66.


LaTeX Warning: Citation `nnecon2' on page 1 undefined on input line 66.


LaTeX Warning: Citation `nncecon3' on page 1 undefined on input line 66.


LaTeX Warning: Citation `nnmed1' on page 1 undefined on input line 67.


LaTeX Warning: Citation `nnmed2' on page 1 undefined on input line 67.


LaTeX Warning: Reference `eq:eq1' on page 1 undefined on input line 78.


LaTeX Warning: Citation `nnc' on page 1 undefined on input line 81.

[1

{/var/lib/texmf/fonts/map/pdftex/updmap/pdftex.map}]

LaTeX Warning: Reference `eq:nn' on page 2 undefined on input line 106.


LaTeX Warning: Reference `eq:eq1' on page 2 undefined on input line 108.


LaTeX Warning: Citation `bpnn' on page 2 undefined on input line 110.


LaTeX Warning: Citation `bpnn2' on page 2 undefined on input line 110.


LaTeX Warning: Citation `rpropnn' on page 2 undefined on input line 110.


LaTeX Warning: Citation `rpropnn3' on page 2 undefined on input line 110.


LaTeX Warning: Citation `rpropnn2' on page 2 undefined on input line 110.


LaTeX Warning: Citation `quasinn' on page 2 undefined on input line 111.


LaTeX Warning: Citation `quasinn2' on page 2 undefined on input line 111.


LaTeX Warning: Citation `psonn' on page 2 undefined on input line 112.


LaTeX Warning: Citation `psonn2' on page 2 undefined on input line 112.


LaTeX Warning: Citation `nndimension' on page 2 undefined on input line 123.


LaTeX Warning: Citation `nnpca1' on page 2 undefined on input line 125.


LaTeX Warning: Citation `nnpca2' on page 2 undefined on input line 125.


LaTeX Warning: Citation `nnpca3' on page 2 undefined on input line 125.


LaTeX Warning: Citation `nngeman' on page 2 undefined on input line 130.


LaTeX Warning: Citation `nnhawkins' on page 2 undefined on input line 131.


LaTeX Warning: Citation `nnsharing1' on page 2 undefined on input line 132.


LaTeX Warning: Citation `nnprunning1' on page 2 undefined on input line 133.


LaTeX Warning: Citation `nnprunning2' on page 2 undefined on input line 133.


LaTeX Warning: Citation `nnprunning3' on page 2 undefined on input line 133.


LaTeX Warning: Citation `nndrop1' on page 2 undefined on input line 134.


LaTeX Warning: Citation `nnearly1' on page 2 undefined on input line 134.


LaTeX Warning: Citation `nnearly2' on page 2 undefined on input line 134.


LaTeX Warning: Citation `nndecay1' on page 2 undefined on input line 135.


LaTeX Warning: Citation `nndecay2' on page 2 undefined on input line 135.

[2]

LaTeX Warning: Citation `ge1' on page 3 undefined on input line 140.


LaTeX Warning: Citation `fc1' on page 3 undefined on input line 147.


LaTeX Warning: Citation `fc2' on page 3 undefined on input line 148.


LaTeX Warning: Citation `fc3' on page 3 undefined on input line 149.


LaTeX Warning: Citation `fc4' on page 3 undefined on input line 150.


LaTeX Warning: Citation `genetic1' on page 3 undefined on input line 158.


LaTeX Warning: Citation `genetic2' on page 3 undefined on input line 158.


LaTeX Warning: Citation `par1' on page 3 undefined on input line 165.


LaTeX Warning: Citation `par2' on page 3 undefined on input line 165.


LaTeX Warning: Citation `par3' on page 3 undefined on input line 166.


LaTeX Warning: Citation `geneticnn1' on page 3 undefined on input line 167.


LaTeX Warning: Citation `geneticnn2' on page 3 undefined on input line 170.


LaTeX Warning: Citation `geneticnn3' on page 3 undefined on input line 172.


LaTeX Warning: Citation `genfc1' on page 3 undefined on input line 175.


LaTeX Warning: Citation `genfc2' on page 3 undefined on input line 178.


LaTeX Warning: Citation `genfc3' on page 3 undefined on input line 182.


LaTeX Warning: Citation `genfc4' on page 3 undefined on input line 184.


LaTeX Warning: Citation `cover' on page 3 undefined on input line 194.

[3]

LaTeX Warning: Reference `sec:Method-description' on page 4 undefined on input 
line 223.


LaTeX Warning: Reference `sec:Experiments' on page 4 undefined on input line 22
4.


LaTeX Warning: Reference `sec:Conclusions' on page 4 undefined on input line 22
7.


LaTeX Warning: Citation `rbf1' on page 4 undefined on input line 235.


LaTeX Warning: Citation `bnf1' on page 4 undefined on input line 245.

[4]

LaTeX Warning: Reference `fig:BNF-grammar-of' on page 5 undefined on input line
 261.


LaTeX Warning: Reference `tab:table_with_steps' on page 5 undefined on input li
ne 274.


LaTeX Warning: Reference `fig:BNF-grammar-of' on page 5 undefined on input line
 283.

LaTeX Font Info:    Trying to load font information for T1+cmtt on input line 2
94.
(/usr/share/texlive/texmf-dist/tex/latex/base/t1cmtt.fd
File: t1cmtt.fd 2023/04/13 v2.5m Standard LaTeX font definitions
)
Overfull \hbox (25.17188pt too wide) in paragraph at lines 319--320
[]\T1/cmtt/m/n/10 <terminal>::=<xlist>                (0)                      
  
 []


Overfull \hbox (14.67444pt too wide) in paragraph at lines 331--332
[]\T1/cmtt/m/n/10 <digitlist>::=<digit>                  (0)                   

 []


LaTeX Warning: Citation `fc1' on page 5 undefined on input line 396.

[5] [6]

LaTeX Warning: Reference `enu:Obtain-the-best' on page 7 undefined on input lin
e 417.


LaTeX Warning: Reference `subsec:Transformation-procedure' on page 7 undefined 
on input line 422.

[7]

LaTeX Warning: Reference `enu:Termination-check.-If' on page 8 undefined on inp
ut line 460.


LaTeX Warning: Reference `eq:sig' on page 8 undefined on input line 467.


LaTeX Warning: Reference `alg:CalculationBound' on page 8 undefined on input li
ne 474.

[8]
Overfull \hbox (4.43713pt too wide) in paragraph at lines 518--521
[]\T1/cmr/bx/n/10 Initialize \T1/cmr/m/n/10 ran-domly the dou-ble pre-ci-sion c
hro-mo-somes $\OML/cmm/m/it/10 D[]; i \OT1/cmr/m/n/10 = 1 [] \OML/cmm/m/it/10 N
[]$
 []


LaTeX Warning: Reference `enu:Local-Search-step.' on page 9 undefined on input 
line 523.


LaTeX Warning: Reference `alg:CalculationBound' on page 9 undefined on input li
ne 529.

[9]

LaTeX Warning: Reference `subsec:Feature-construction' on page 10 undefined on 
input line 539.


LaTeX Warning: Reference `enu:Termination-check.-If-1' on page 10 undefined on 
input line 540.


LaTeX Warning: Citation `tolmin' on page 10 undefined on input line 555.


LaTeX Warning: Citation `bfgs2' on page 10 undefined on input line 557.


LaTeX Warning: Citation `openmp' on page 10 undefined on input line 567.


LaTeX Warning: Reference `tab:Experimental-parameters.' on page 10 undefined on
 input line 576.

[10]

LaTeX Warning: Citation `balance' on page 11 undefined on input line 623.


LaTeX Warning: Citation `dermatology' on page 11 undefined on input line 624.


Overfull \hbox (23.85356pt too wide) in paragraph at lines 624--626
[]\T1/cmr/bx/n/10 Dermatology \T1/cmr/m/n/10 dataset [[]], which is used for di
f-fer-en-tial di-ag-no-sis of erythemato-
 []


LaTeX Warning: Citation `hayesroth' on page 11 undefined on input line 628.


LaTeX Warning: Citation `heart' on page 11 undefined on input line 629.


LaTeX Warning: Citation `ion1' on page 11 undefined on input line 631.


LaTeX Warning: Citation `ion2' on page 11 undefined on input line 631.


LaTeX Warning: Citation `parkinson' on page 11 undefined on input line 632.


Overfull \hbox (6.58694pt too wide) in paragraph at lines 632--635
\T1/cmr/m/n/10 mea-sure-ments from 31 peo-ple, 23 with Parkin-son's dis-ease (P
D).The dataset
 []


LaTeX Warning: Citation `popfailures' on page 11 undefined on input line 636.

[11]

LaTeX Warning: Citation `wine1' on page 12 undefined on input line 641.


LaTeX Warning: Citation `wine2' on page 12 undefined on input line 641.


LaTeX Warning: Citation `eeg1' on page 12 undefined on input line 643.


LaTeX Warning: Citation `eeg2' on page 12 undefined on input line 643.


LaTeX Warning: Citation `Stat' on page 12 undefined on input line 653.


LaTeX Warning: Citation `key23' on page 12 undefined on input line 659.


LaTeX Warning: Citation `ntdataset' on page 12 undefined on input line 661.


LaTeX Warning: Citation `pydataset' on page 12 undefined on input line 667.


LaTeX Warning: Reference `tab:Features-and-patterns' on page 12 undefined on in
put line 671.


LaTeX Warning: Reference `tab:exp1' on page 12 undefined on input line 735.


LaTeX Warning: Reference `tab:exp2' on page 12 undefined on input line 736.


LaTeX Warning: Citation `mrmr1' on page 12 undefined on input line 743.


LaTeX Warning: Citation `mrmr2' on page 12 undefined on input line 743.


Overfull \hbox (12.46051pt too wide) in paragraph at lines 743--748
[]\T1/cmr/m/n/10 The Min-i-mum Re-dun-dancy Max-i-mum Rel-e-vance Fea-ture Se-l
ec-tion method[[],
 []

[12] [13]

LaTeX Warning: Citation `mlpack' on page 14 undefined on input line 749.


LaTeX Warning: Reference `tab:Experimental-parameters.' on page 14 undefined on
 input line 754.


LaTeX Warning: Reference `fig:Graphic-reresentantion-of' on page 14 undefined o
n input line 762.


LaTeX Warning: Reference `subsec:Feature-construction' on page 14 undefined on 
input line 764.


LaTeX Warning: Reference `tab:experiments_with_chromosomes' on page 14 undefine
d on input line 766.


Overfull \hbox (5.54318pt too wide) in paragraph at lines 794--830
 [][] 
 []

[14]
Package epstopdf Info: Source file: <fc_graph_class.eps>
(epstopdf)                    date: 2023-10-06 06:57:36
(epstopdf)                    size: 98547 bytes
(epstopdf)             Output file: <fc_graph_class-eps-converted-to.pdf>
(epstopdf)                    date: 2023-10-06 06:57:36
(epstopdf)                    size: 20427 bytes
(epstopdf)             Command: <repstopdf --outfile=fc_graph_class-eps-convert
ed-to.pdf fc_graph_class.eps>
(epstopdf)             \includegraphics on input line 861.
Package epstopdf Info: Output file is already uptodate.
<fc_graph_class-eps-converted-to.pdf, id=68, 759.83875pt x 427.5975pt>
File: fc_graph_class-eps-converted-to.pdf Graphic file (type pdf)
<use fc_graph_class-eps-converted-to.pdf>
Package pdftex.def Info: fc_graph_class-eps-converted-to.pdf  used on input lin
e 861.
(pdftex.def)             Requested size: 379.91844pt x 213.79822pt.

Overfull \hbox (34.91844pt too wide) in paragraph at lines 861--862
 [][] 
 []


LaTeX Warning: Reference `subsec:Feature-construction' on page 15 undefined on 
input line 865.


LaTeX Warning: Reference `subsec:Feature-construction' on page 15 undefined on 
input line 865.

[15] [16 <./fc_graph_class-eps-converted-to.pdf>] [17]
Underfull \hbox (badness 1406) in paragraph at lines 986--990
[]\T1/cmr/m/n/10 Rinda Parama Satya Her-manto, Suhar-jito, Di-ana, Ari-adi Nu-g
roho,
 []

[18] [19] [20] [21] [22] [23] (./newfc.aux)
 ***********
LaTeX2e <2023-06-01> patch level 1
L3 programming layer <2023-08-29>
 ***********


LaTeX Warning: There were undefined references.


LaTeX Warning: Label(s) may have changed. Rerun to get cross-references right.

 ) 
Here is how much of TeX's memory you used:
 3841 strings out of 476812
 60518 string characters out of 5807285
 1942791 words of memory out of 5000000
 25109 multiletter control sequences out of 15000+600000
 571719 words of font info for 65 fonts, out of 8000000 for 9000
 59 hyphenation exceptions out of 8191
 58i,16n,65p,245b,413s stack positions out of 10000i,1000n,20000p,200000b,200000s
 </home/sheridan/.texlive2023/texmf-var/fonts/pk/ljfour/jknappen/ec/ectt1000.
600pk> </home/sheridan/.texlive2023/texmf-var/fonts/pk/ljfour/jknappen/ec/ecbx1
200.600pk> </home/sheridan/.texlive2023/texmf-var/fonts/pk/ljfour/jknappen/ec/t
crm1000.600pk> </home/sheridan/.texlive2023/texmf-var/fonts/pk/ljfour/jknappen/
ec/ecrm0800.600pk> </home/sheridan/.texlive2023/texmf-var/fonts/pk/ljfour/jknap
pen/ec/tcrm0600.600pk> </home/sheridan/.texlive2023/texmf-var/fonts/pk/ljfour/j
knappen/ec/ecbx1440.600pk> </home/sheridan/.texlive2023/texmf-var/fonts/pk/ljfo
ur/jknappen/ec/ecrm1000.600pk> </home/sheridan/.texlive2023/texmf-var/fonts/pk/
ljfour/jknappen/ec/ecbx1000.600pk> </home/sheridan/.texlive2023/texmf-var/fonts
/pk/ljfour/jknappen/ec/ecrm0900.600pk> </home/sheridan/.texlive2023/texmf-var/f
onts/pk/ljfour/jknappen/ec/ecbx0900.600pk> </home/sheridan/.texlive2023/texmf-v
ar/fonts/pk/ljfour/jknappen/ec/tcrm0800.600pk> </home/sheridan/.texlive2023/tex
mf-var/fonts/pk/ljfour/jknappen/ec/ecrm1200.600pk> </home/sheridan/.texlive2023
/texmf-var/fonts/pk/ljfour/jknappen/ec/ecrm1728.600pk></usr/share/texlive/texmf
-dist/fonts/type1/public/amsfonts/cm/cmex10.pfb></usr/share/texlive/texmf-dist/
fonts/type1/public/amsfonts/cm/cmmi10.pfb></usr/share/texlive/texmf-dist/fonts/
type1/public/amsfonts/cm/cmmi5.pfb></usr/share/texlive/texmf-dist/fonts/type1/p
ublic/amsfonts/cm/cmmi7.pfb></usr/share/texlive/texmf-dist/fonts/type1/public/a
msfonts/cm/cmr10.pfb></usr/share/texlive/texmf-dist/fonts/type1/public/amsfonts
/cm/cmr7.pfb></usr/share/texlive/texmf-dist/fonts/type1/public/amsfonts/cm/cmsy
10.pfb></usr/share/texlive/texmf-dist/fonts/type1/public/amsfonts/cm/cmsy7.pfb>

Output written on newfc.pdf (23 pages, 270817 bytes).
PDF statistics:
 545 PDF objects out of 1000 (max. 8388607)
 129 compressed objects within 2 object streams
 0 named destinations out of 1000 (max. 500000)
 6 words of extra memory for PDF output out of 10000 (max. 10000000)

