This is pdfTeX, Version 3.141592653-2.6-1.40.24 (TeX Live 2022/Debian) (preloaded format=pdflatex 2023.2.16)  2 MAR 2023 14:09
entering extended mode
 restricted \write18 enabled.
 %&-line parsing enabled.
**optimus_paper.tex
(./optimus_paper.tex
LaTeX2e <2022-11-01> patch level 1
L3 programming layer <2023-01-16>
(/usr/share/texlive/texmf-dist/tex/latex/base/article.cls
Document Class: article 2022/07/02 v1.4n Standard LaTeX document class
(/usr/share/texlive/texmf-dist/tex/latex/base/size10.clo
File: size10.clo 2022/07/02 v1.4n Standard LaTeX file (size option)
)
\c@part=\count185
\c@section=\count186
\c@subsection=\count187
\c@subsubsection=\count188
\c@paragraph=\count189
\c@subparagraph=\count190
\c@figure=\count191
\c@table=\count192
\abovecaptionskip=\skip48
\belowcaptionskip=\skip49
\bibindent=\dimen140
)
(/usr/share/texlive/texmf-dist/tex/latex/base/fontenc.sty
Package: fontenc 2021/04/29 v2.0v Standard LaTeX package
)
(/usr/share/texlive/texmf-dist/tex/latex/base/inputenc.sty
Package: inputenc 2021/02/14 v1.3d Input encoding file
\inpenc@prehook=\toks16
\inpenc@posthook=\toks17

(/usr/share/texlive/texmf-dist/tex/latex/base/latin9.def
File: latin9.def 2021/02/14 v1.3d Input encoding file
))
(/usr/share/texlive/texmf-dist/tex/latex/tools/array.sty
Package: array 2022/09/04 v2.5g Tabular extension package (FMi)
\col@sep=\dimen141
\ar@mcellbox=\box51
\extrarowheight=\dimen142
\NC@list=\toks18
\extratabsurround=\skip50
\backup@length=\skip51
\ar@cellbox=\box52
)
(/usr/share/texlive/texmf-dist/tex/latex/float/float.sty
Package: float 2001/11/08 v1.3d Float enhancements (AL)
\c@float@type=\count193
\float@exts=\toks19
\float@box=\box53
\@float@everytoks=\toks20
\@floatcapt=\box54
)
(/usr/share/texlive/texmf-dist/tex/latex/url/url.sty
\Urlmuskip=\muskip16
Package: url 2013/09/16  ver 3.4  Verb mode for urls, etc.
)
(/usr/share/texlive/texmf-dist/tex/latex/amsmath/amsmath.sty
Package: amsmath 2022/04/08 v2.17n AMS math features
\@mathmargin=\skip52

For additional information on amsmath, use the `?' option.
(/usr/share/texlive/texmf-dist/tex/latex/amsmath/amstext.sty
Package: amstext 2021/08/26 v2.01 AMS text

(/usr/share/texlive/texmf-dist/tex/latex/amsmath/amsgen.sty
File: amsgen.sty 1999/11/30 v2.0 generic functions
\@emptytoks=\toks21
\ex@=\dimen143
))
(/usr/share/texlive/texmf-dist/tex/latex/amsmath/amsbsy.sty
Package: amsbsy 1999/11/29 v1.2d Bold Symbols
\pmbraise@=\dimen144
)
(/usr/share/texlive/texmf-dist/tex/latex/amsmath/amsopn.sty
Package: amsopn 2022/04/08 v2.04 operator names
)
\inf@bad=\count194
LaTeX Info: Redefining \frac on input line 234.
\uproot@=\count195
\leftroot@=\count196
LaTeX Info: Redefining \overline on input line 399.
LaTeX Info: Redefining \colon on input line 410.
\classnum@=\count197
\DOTSCASE@=\count198
LaTeX Info: Redefining \ldots on input line 496.
LaTeX Info: Redefining \dots on input line 499.
LaTeX Info: Redefining \cdots on input line 620.
\Mathstrutbox@=\box55
\strutbox@=\box56
LaTeX Info: Redefining \big on input line 722.
LaTeX Info: Redefining \Big on input line 723.
LaTeX Info: Redefining \bigg on input line 724.
LaTeX Info: Redefining \Bigg on input line 725.
\big@size=\dimen145
LaTeX Font Info:    Redeclaring font encoding OML on input line 743.
LaTeX Font Info:    Redeclaring font encoding OMS on input line 744.
\macc@depth=\count199
LaTeX Info: Redefining \bmod on input line 905.
LaTeX Info: Redefining \pmod on input line 910.
LaTeX Info: Redefining \smash on input line 940.
LaTeX Info: Redefining \relbar on input line 970.
LaTeX Info: Redefining \Relbar on input line 971.
\c@MaxMatrixCols=\count266
\dotsspace@=\muskip17
\c@parentequation=\count267
\dspbrk@lvl=\count268
\tag@help=\toks22
\row@=\count269
\column@=\count270
\maxfields@=\count271
\andhelp@=\toks23
\eqnshift@=\dimen146
\alignsep@=\dimen147
\tagshift@=\dimen148
\tagwidth@=\dimen149
\totwidth@=\dimen150
\lineht@=\dimen151
\@envbody=\toks24
\multlinegap=\skip53
\multlinetaggap=\skip54
\mathdisplay@stack=\toks25
LaTeX Info: Redefining \[ on input line 2953.
LaTeX Info: Redefining \] on input line 2954.
)
(/usr/share/texlive/texmf-dist/tex/latex/graphics/graphicx.sty
Package: graphicx 2021/09/16 v1.2d Enhanced LaTeX Graphics (DPC,SPQR)

(/usr/share/texlive/texmf-dist/tex/latex/graphics/keyval.sty
Package: keyval 2022/05/29 v1.15 key=value parser (DPC)
\KV@toks@=\toks26
)
(/usr/share/texlive/texmf-dist/tex/latex/graphics/graphics.sty
Package: graphics 2022/03/10 v1.4e Standard LaTeX Graphics (DPC,SPQR)

(/usr/share/texlive/texmf-dist/tex/latex/graphics/trig.sty
Package: trig 2021/08/11 v1.11 sin cos tan (DPC)
)
(/usr/share/texlive/texmf-dist/tex/latex/graphics-cfg/graphics.cfg
File: graphics.cfg 2016/06/04 v1.11 sample graphics configuration
)
Package graphics Info: Driver file: pdftex.def on input line 107.

(/usr/share/texlive/texmf-dist/tex/latex/graphics-def/pdftex.def
File: pdftex.def 2022/09/22 v1.2b Graphics/color driver for pdftex
))
\Gin@req@height=\dimen152
\Gin@req@width=\dimen153
)
(/usr/share/texlive/texmf-dist/tex/generic/babel/babel.sty
Package: babel 2022/12/26 3.84 The Babel package
\babel@savecnt=\count272
\U@D=\dimen154
\l@unhyphenated=\language7

(/usr/share/texlive/texmf-dist/tex/generic/babel/txtbabel.def)
\bbl@readstream=\read2
\bbl@dirlevel=\count273

(/usr/share/texlive/texmf-dist/tex/generic/babel-english/english.ldf
Language: english 2017/06/06 v3.3r English support from the babel system
Package babel Info: Hyphen rules for 'british' set to \l@english
(babel)             (\language0). Reported on input line 82.
Package babel Info: Hyphen rules for 'UKenglish' set to \l@english
(babel)             (\language0). Reported on input line 83.
Package babel Info: Hyphen rules for 'canadian' set to \l@english
(babel)             (\language0). Reported on input line 102.
Package babel Info: Hyphen rules for 'australian' set to \l@english
(babel)             (\language0). Reported on input line 105.
Package babel Info: Hyphen rules for 'newzealand' set to \l@english
(babel)             (\language0). Reported on input line 108.
))
(/usr/share/texlive/texmf-dist/tex/generic/babel/locale/en/babel-english.tex
Package babel Info: Importing font and identification data for english
(babel)             from babel-en.ini. Reported on input line 11.
)
(/usr/share/texlive/texmf-dist/tex/latex/listings/listings.sty
\lst@mode=\count274
\lst@gtempboxa=\box57
\lst@token=\toks27
\lst@length=\count275
\lst@currlwidth=\dimen155
\lst@column=\count276
\lst@pos=\count277
\lst@lostspace=\dimen156
\lst@width=\dimen157
\lst@newlines=\count278
\lst@lineno=\count279
\lst@maxwidth=\dimen158

(/usr/share/texlive/texmf-dist/tex/latex/listings/lstmisc.sty
File: lstmisc.sty 2020/03/24 1.8d (Carsten Heinz)
\c@lstnumber=\count280
\lst@skipnumbers=\count281
\lst@framebox=\box58
)
(/usr/share/texlive/texmf-dist/tex/latex/listings/listings.cfg
File: listings.cfg 2020/03/24 1.8d listings configuration
))
Package: listings 2020/03/24 1.8d (Carsten Heinz)

(/usr/share/texlive/texmf-dist/tex/latex/l3backend/l3backend-pdftex.def
File: l3backend-pdftex.def 2023-01-16 L3 backend support: PDF output (pdfTeX)
\l__color_backend_stack_int=\count282
\l__pdf_internal_box=\box59
)
(./optimus_paper.aux)
\openout1 = `optimus_paper.aux'.

LaTeX Font Info:    Checking defaults for OML/cmm/m/it on input line 31.
LaTeX Font Info:    ... okay on input line 31.
LaTeX Font Info:    Checking defaults for OMS/cmsy/m/n on input line 31.
LaTeX Font Info:    ... okay on input line 31.
LaTeX Font Info:    Checking defaults for OT1/cmr/m/n on input line 31.
LaTeX Font Info:    ... okay on input line 31.
LaTeX Font Info:    Checking defaults for T1/cmr/m/n on input line 31.
LaTeX Font Info:    ... okay on input line 31.
LaTeX Font Info:    Checking defaults for TS1/cmr/m/n on input line 31.
LaTeX Font Info:    ... okay on input line 31.
LaTeX Font Info:    Checking defaults for OMX/cmex/m/n on input line 31.
LaTeX Font Info:    ... okay on input line 31.
LaTeX Font Info:    Checking defaults for U/cmr/m/n on input line 31.
LaTeX Font Info:    ... okay on input line 31.

(/usr/share/texlive/texmf-dist/tex/context/base/mkii/supp-pdf.mkii
[Loading MPS to PDF converter (version 2006.09.02).]
\scratchcounter=\count283
\scratchdimen=\dimen159
\scratchbox=\box60
\nofMPsegments=\count284
\nofMParguments=\count285
\everyMPshowfont=\toks28
\MPscratchCnt=\count286
\MPscratchDim=\dimen160
\MPnumerator=\count287
\makeMPintoPDFobject=\count288
\everyMPtoPDFconversion=\toks29
) (/usr/share/texlive/texmf-dist/tex/latex/epstopdf-pkg/epstopdf-base.sty
Package: epstopdf-base 2020-01-24 v2.11 Base part for package epstopdf
Package epstopdf-base Info: Redefining graphics rule for `.eps' on input line 4
85.

(/usr/share/texlive/texmf-dist/tex/latex/latexconfig/epstopdf-sys.cfg
File: epstopdf-sys.cfg 2010/07/13 v1.3 Configuration of (r)epstopdf for TeX Liv
e
))
\c@lstlisting=\count289

[1

{/var/lib/texmf/fonts/map/pdftex/updmap/pdftex.map}] [2]
LaTeX Font Info:    Trying to load font information for T1+cmtt on input line 1
43.

(/usr/share/texlive/texmf-dist/tex/latex/base/t1cmtt.fd
File: t1cmtt.fd 2022/07/10 v2.5l Standard LaTeX font definitions
) [3]
Overfull \hbox (5.1984pt too wide) in paragraph at lines 191--194
\T1/cmr/m/n/10 LD_LIBRAPY_PATH=$LD_LIBRAPY_PATH:$OPTIMUSPATH/lib/: 
 []


Overfull \hbox (11.29877pt too wide) in paragraph at lines 226--231
[]\T1/cmr/m/n/10 Improved Dif-fer-en-tial Evo-lu-tion. The mod-i-fied Dif-fer-e
n-tial Evo-lu-tion method
 []

[4] [5] [6]
Underfull \hbox (badness 10000) in paragraph at lines 341--347

 []

(/usr/share/texlive/texmf-dist/tex/latex/listings/lstlang1.sty
File: lstlang1.sty 2020/03/24 1.8d listings language file
)
(/usr/share/texlive/texmf-dist/tex/latex/listings/lstlang1.sty
File: lstlang1.sty 2020/03/24 1.8d listings language file
)
(/usr/share/texlive/texmf-dist/tex/latex/listings/lstmisc.sty
File: lstmisc.sty 2020/03/24 1.8d (Carsten Heinz)
)
Overfull \hbox (68.90208pt too wide) in paragraph at lines 398--399
[][][][][][][][][][][][][][][][][][][][][][] 
 []

[7] [8] [9]
Package epstopdf Info: Source file: <optimus_abstract.eps>
(epstopdf)                    date: 2023-01-22 18:32:06
(epstopdf)                    size: 491510 bytes
(epstopdf)             Output file: <optimus_abstract-eps-converted-to.pdf>
(epstopdf)                    date: 2023-01-22 18:32:06
(epstopdf)                    size: 106879 bytes
(epstopdf)             Command: <repstopdf --outfile=optimus_abstract-eps-conve
rted-to.pdf optimus_abstract.eps>
(epstopdf)             \includegraphics on input line 492.
Package epstopdf Info: Output file is already uptodate.
<optimus_abstract-eps-converted-to.pdf, id=51, 1814.78pt x 927.465pt>
File: optimus_abstract-eps-converted-to.pdf Graphic file (type pdf)
<use optimus_abstract-eps-converted-to.pdf>
Package pdftex.def Info: optimus_abstract-eps-converted-to.pdf  used on input l
ine 492.
(pdftex.def)             Requested size: 362.94957pt x 185.48972pt.

Overfull \hbox (17.94957pt too wide) in paragraph at lines 492--493
[][] 
 []

[10 <./optimus_abstract-eps-converted-to.pdf>] [11]
Overfull \hbox (17.10379pt too wide) in paragraph at lines 641--652
 [][] 
 []

[12]
Overfull \hbox (32.5519pt too wide) in paragraph at lines 659--675
 [][] 
 []


Overfull \hbox (33.93349pt too wide) in paragraph at lines 705--706
 []|\T1/cmr/bx/n/10 NEURALMINIMIZER| 
 []


Overfull \hbox (34.20758pt too wide) in paragraph at lines 703--723
 [][] 
 []

[13]
Package epstopdf Info: Source file: <parallelde_scale.eps>
(epstopdf)                    date: 2023-01-23 17:43:29
(epstopdf)                    size: 49310 bytes
(epstopdf)             Output file: <parallelde_scale-eps-converted-to.pdf>
(epstopdf)                    date: 2023-01-25 20:22:17
(epstopdf)                    size: 25129 bytes
(epstopdf)             Command: <repstopdf --outfile=parallelde_scale-eps-conve
rted-to.pdf parallelde_scale.eps>
(epstopdf)             \includegraphics on input line 743.
Package epstopdf Info: Output file is already uptodate.
<parallelde_scale-eps-converted-to.pdf, id=68, 455.7025pt x 255.95625pt>
File: parallelde_scale-eps-converted-to.pdf Graphic file (type pdf)
<use parallelde_scale-eps-converted-to.pdf>
Package pdftex.def Info: parallelde_scale-eps-converted-to.pdf  used on input l
ine 743.
(pdftex.def)             Requested size: 318.98956pt x 179.16814pt.
 [14] [15 <./parallelde_scale-eps-converted-to.pdf>]
Overfull \hbox (34.20758pt too wide) in paragraph at lines 811--841
 [][] 
 []


LaTeX Warning: `h' float specifier changed to `ht'.


Underfull \hbox (badness 10000) in paragraph at lines 853--865

 []

[16] [17]
Overfull \hbox (38.62863pt too wide) detected at line 896
\OML/cmm/m/it/10 g[]\OT1/cmr/m/n/10 (\OML/cmm/m/it/10 x\OT1/cmr/m/n/10 ) = [] [
] + [] [] [] \OMS/cmsy/m/n/10 ^^@ \OT1/cmr/m/n/10 1 \OMS/cmsy/m/n/10 ^^U \OT1/c
mr/m/n/10 0
 []


Overfull \hbox (21.75696pt too wide) detected at line 914
[] \OML/cmm/m/it/10 f\OT1/cmr/m/n/10 (\OML/cmm/m/it/10 x\OT1/cmr/m/n/10 ) = 25 
[][] + [][] + [][] + [][] + [][] + [][]
 []

[18]
Overfull \hbox (34.28589pt too wide) in paragraph at lines 967--967
 []|\T1/cmr/m/n/10 NEURALMINIMIZER| 
 []


Overfull \hbox (42.75421pt too wide) in paragraph at lines 965--977
 [][] 
 []

[19] [20] [21] [22] [23] [24] [25] [26] [27] [28] [29] [30]
Underfull \hbox (badness 2913) in paragraph at lines 1628--1632
\T1/cmr/m/n/10 op-ti-miza-tion, $\T1/cmtt/m/n/10 http : / / www . ntu . edu . s
g / home / EPNSugan / index _ files /
 []

[31] (./optimus_paper.aux) ) 
Here is how much of TeX's memory you used:
 5655 strings out of 477975
 84774 string characters out of 5839281
 1881330 words of memory out of 5000000
 25727 multiletter control sequences out of 15000+600000
 526623 words of font info for 62 fonts, out of 8000000 for 9000
 59 hyphenation exceptions out of 8191
 57i,15n,64p,260b,1296s stack positions out of 10000i,1000n,20000p,200000b,200000s
 </home/sheridan/.texlive2022/texmf-var/fonts/pk/lj
four/jknappen/ec/tcrm1000.600pk> </home/sheridan/.texlive2022/texmf-var/fonts/p
k/ljfour/jknappen/ec/ecti1000.600pk> </home/sheridan/.texlive2022/texmf-var/fon
ts/pk/ljfour/jknappen/ec/ecbx1200.600pk> </home/sheridan/.texlive2022/texmf-var
/fonts/pk/ljfour/jknappen/ec/ectt1000.600pk> </home/sheridan/.texlive2022/texmf
-var/fonts/pk/ljfour/jknappen/ec/ecrm0800.600pk> </home/sheridan/.texlive2022/t
exmf-var/fonts/pk/ljfour/jknappen/ec/tcrm0600.600pk> </home/sheridan/.texlive20
22/texmf-var/fonts/pk/ljfour/jknappen/ec/ecbx1440.600pk> </home/sheridan/.texli
ve2022/texmf-var/fonts/pk/ljfour/jknappen/ec/ecbx1000.600pk> </home/sheridan/.t
exlive2022/texmf-var/fonts/pk/ljfour/jknappen/ec/ecrm0900.600pk> </home/sherida
n/.texlive2022/texmf-var/fonts/pk/ljfour/jknappen/ec/ecbx0900.600pk> </home/she
ridan/.texlive2022/texmf-var/fonts/pk/ljfour/jknappen/ec/ecrm1000.600pk> </home
/sheridan/.texlive2022/texmf-var/fonts/pk/ljfour/jknappen/ec/tcrm0800.600pk> </
home/sheridan/.texlive2022/texmf-var/fonts/pk/ljfour/jknappen/ec/ecrm1200.600pk
> </home/sheridan/.texlive2022/texmf-var/fonts/pk/ljfour/jknappen/ec/ecrm1728.6
00pk></usr/share/texlive/texmf-dist/fonts/type1/public/amsfonts/cm/cmex10.pfb><
/usr/share/texlive/texmf-dist/fonts/type1/public/amsfonts/cm/cmmi10.pfb></usr/s
hare/texlive/texmf-dist/fonts/type1/public/amsfonts/cm/cmmi5.pfb></usr/share/te
xlive/texmf-dist/fonts/type1/public/amsfonts/cm/cmmi7.pfb></usr/share/texlive/t
exmf-dist/fonts/type1/public/amsfonts/cm/cmr10.pfb></usr/share/texlive/texmf-di
st/fonts/type1/public/amsfonts/cm/cmr5.pfb></usr/share/texlive/texmf-dist/fonts
/type1/public/amsfonts/cm/cmr7.pfb></usr/share/texlive/texmf-dist/fonts/type1/p
ublic/amsfonts/cm/cmsy10.pfb></usr/share/texlive/texmf-dist/fonts/type1/public/
amsfonts/cm/cmsy5.pfb></usr/share/texlive/texmf-dist/fonts/type1/public/amsfont
s/cm/cmsy7.pfb>
Output written on optimus_paper.pdf (31 pages, 424218 bytes).
PDF statistics:
 637 PDF objects out of 1000 (max. 8388607)
 158 compressed objects within 2 object streams
 0 named destinations out of 1000 (max. 500000)
 11 words of extra memory for PDF output out of 10000 (max. 10000000)

