This is pdfTeX, Version 3.141592653-2.6-1.40.24 (TeX Live 2022/Debian) (preloaded format=pdflatex 2022.11.17)  27 NOV 2022 09:53
entering extended mode
 restricted \write18 enabled.
 %&-line parsing enabled.
**optimus_paper.tex
(./optimus_paper.tex
LaTeX2e <2022-06-01> patch level 5
L3 programming layer <2022-08-30>
(/usr/share/texlive/texmf-dist/tex/latex/elsarticle/elsarticle.cls
Document Class: elsarticle 2020/11/20, 3.3: Elsevier Ltd
(/usr/share/texlive/texmf-dist/tex/latex/l3kernel/expl3.sty
Package: expl3 2022-08-30 L3 programming layer (loader) 

(/usr/share/texlive/texmf-dist/tex/latex/l3backend/l3backend-pdftex.def
File: l3backend-pdftex.def 2022-08-30 L3 backend support: PDF output (pdfTeX)
\l__color_backend_stack_int=\count185
\l__pdf_internal_box=\box51
))
(/usr/share/texlive/texmf-dist/tex/latex/l3packages/xparse/xparse.sty
Package: xparse 2022-06-22 L3 Experimental document command parser
)
(/usr/share/texlive/texmf-dist/tex/latex/etoolbox/etoolbox.sty
Package: etoolbox 2020/10/05 v2.5k e-TeX tools for LaTeX (JAW)
\etb@tempcnta=\count186
)
\@bls=\dimen138

(/usr/share/texlive/texmf-dist/tex/latex/base/article.cls
Document Class: article 2021/10/04 v1.4n Standard LaTeX document class
(/usr/share/texlive/texmf-dist/tex/latex/base/size10.clo
File: size10.clo 2021/10/04 v1.4n Standard LaTeX file (size option)
)
\c@part=\count187
\c@section=\count188
\c@subsection=\count189
\c@subsubsection=\count190
\c@paragraph=\count191
\c@subparagraph=\count192
\c@figure=\count193
\c@table=\count194
\abovecaptionskip=\skip47
\belowcaptionskip=\skip48
\bibindent=\dimen139
)
(/usr/share/texlive/texmf-dist/tex/latex/graphics/graphicx.sty
Package: graphicx 2021/09/16 v1.2d Enhanced LaTeX Graphics (DPC,SPQR)

(/usr/share/texlive/texmf-dist/tex/latex/graphics/keyval.sty
Package: keyval 2022/05/29 v1.15 key=value parser (DPC)
\KV@toks@=\toks16
)
(/usr/share/texlive/texmf-dist/tex/latex/graphics/graphics.sty
Package: graphics 2022/03/10 v1.4e Standard LaTeX Graphics (DPC,SPQR)

(/usr/share/texlive/texmf-dist/tex/latex/graphics/trig.sty
Package: trig 2021/08/11 v1.11 sin cos tan (DPC)
)
(/usr/share/texlive/texmf-dist/tex/latex/graphics-cfg/graphics.cfg
File: graphics.cfg 2016/06/04 v1.11 sample graphics configuration
)
Package graphics Info: Driver file: pdftex.def on input line 107.

(/usr/share/texlive/texmf-dist/tex/latex/graphics-def/pdftex.def
File: pdftex.def 2020/10/05 v1.2a Graphics/color driver for pdftex
))
\Gin@req@height=\dimen140
\Gin@req@width=\dimen141
)
\c@tnote=\count195
\c@fnote=\count196
\c@cnote=\count197
\c@ead=\count198
\c@author=\count199
\@eadauthor=\toks17
\c@affn=\count266
\absbox=\box52
\elsarticlehighlightsbox=\box53
\elsarticlegrabsbox=\box54
\keybox=\box55
\Columnwidth=\dimen142
\space@left=\dimen143
\els@boxa=\box56
\els@boxb=\box57
\leftMargin=\dimen144
\@enLab=\toks18
\@sep=\skip49
\@@sep=\skip50

(./optimus_paper.spl)
(/usr/share/texlive/texmf-dist/tex/latex/natbib/natbib.sty
Package: natbib 2010/09/13 8.31b (PWD, AO)
\bibhang=\skip51
\bibsep=\skip52
LaTeX Info: Redefining \cite on input line 694.
\c@NAT@ctr=\count267
)
\splwrite=\write3
\openout3 = `optimus_paper.spl'.

\appnamewidth=\dimen145
)
(/usr/share/texlive/texmf-dist/tex/latex/base/fontenc.sty
Package: fontenc 2021/04/29 v2.0v Standard LaTeX package
)
(/usr/share/texlive/texmf-dist/tex/latex/base/inputenc.sty
Package: inputenc 2021/02/14 v1.3d Input encoding file
\inpenc@prehook=\toks19
\inpenc@posthook=\toks20

(/usr/share/texlive/texmf-dist/tex/latex/base/latin9.def
File: latin9.def 2021/02/14 v1.3d Input encoding file
))
(/usr/share/texlive/texmf-dist/tex/latex/url/url.sty
\Urlmuskip=\muskip16
Package: url 2013/09/16  ver 3.4  Verb mode for urls, etc.
)
(/usr/share/texlive/texmf-dist/tex/latex/wasysym/wasysym.sty
Package: wasysym 2020/01/19 v2.4 Wasy-2 symbol support package
\symwasy=\mathgroup4
LaTeX Font Info:    Overwriting symbol font `wasy' in version `bold'
(Font)                  U/wasy/m/n --> U/wasy/b/n on input line 93.
)
(/usr/share/texlive/texmf-dist/tex/generic/babel/babel.sty
Package: babel 2022/09/17 3.80 The Babel package
\babel@savecnt=\count268
\U@D=\dimen146
\l@unhyphenated=\language7

(/usr/share/texlive/texmf-dist/tex/generic/babel/txtbabel.def)
\bbl@readstream=\read2
\bbl@dirlevel=\count269

(/usr/share/texlive/texmf-dist/tex/generic/babel-english/english.ldf
Language: english 2017/06/06 v3.3r English support from the babel system
Package babel Info: Hyphen rules for 'british' set to \l@english
(babel)             (\language0). Reported on input line 82.
Package babel Info: Hyphen rules for 'UKenglish' set to \l@english
(babel)             (\language0). Reported on input line 83.
Package babel Info: Hyphen rules for 'canadian' set to \l@english
(babel)             (\language0). Reported on input line 102.
Package babel Info: Hyphen rules for 'australian' set to \l@english
(babel)             (\language0). Reported on input line 105.
Package babel Info: Hyphen rules for 'newzealand' set to \l@english
(babel)             (\language0). Reported on input line 108.
))
(/usr/share/texlive/texmf-dist/tex/generic/babel/locale/en/babel-english.tex
Package babel Info: Importing font and identification data for english
(babel)             from babel-en.ini. Reported on input line 11.
)
(/usr/share/texlive/texmf-dist/tex/latex/listings/listings.sty
\lst@mode=\count270
\lst@gtempboxa=\box58
\lst@token=\toks21
\lst@length=\count271
\lst@currlwidth=\dimen147
\lst@column=\count272
\lst@pos=\count273
\lst@lostspace=\dimen148
\lst@width=\dimen149
\lst@newlines=\count274
\lst@lineno=\count275
\lst@maxwidth=\dimen150

(/usr/share/texlive/texmf-dist/tex/latex/listings/lstmisc.sty
File: lstmisc.sty 2020/03/24 1.8d (Carsten Heinz)
\c@lstnumber=\count276
\lst@skipnumbers=\count277
\lst@framebox=\box59
)
(/usr/share/texlive/texmf-dist/tex/latex/listings/listings.cfg
File: listings.cfg 2020/03/24 1.8d listings configuration
))
Package: listings 2020/03/24 1.8d (Carsten Heinz)

(./optimus_paper.aux)
\openout1 = `optimus_paper.aux'.

LaTeX Font Info:    Checking defaults for OML/cmm/m/it on input line 30.
LaTeX Font Info:    ... okay on input line 30.
LaTeX Font Info:    Checking defaults for OMS/cmsy/m/n on input line 30.
LaTeX Font Info:    ... okay on input line 30.
LaTeX Font Info:    Checking defaults for OT1/cmr/m/n on input line 30.
LaTeX Font Info:    ... okay on input line 30.
LaTeX Font Info:    Checking defaults for T1/cmr/m/n on input line 30.
LaTeX Font Info:    ... okay on input line 30.
LaTeX Font Info:    Checking defaults for TS1/cmr/m/n on input line 30.
LaTeX Font Info:    ... okay on input line 30.
LaTeX Font Info:    Checking defaults for OMX/cmex/m/n on input line 30.
LaTeX Font Info:    ... okay on input line 30.
LaTeX Font Info:    Checking defaults for U/cmr/m/n on input line 30.
LaTeX Font Info:    ... okay on input line 30.

(/usr/share/texlive/texmf-dist/tex/context/base/mkii/supp-pdf.mkii
[Loading MPS to PDF converter (version 2006.09.02).]
\scratchcounter=\count278
\scratchdimen=\dimen151
\scratchbox=\box60
\nofMPsegments=\count279
\nofMParguments=\count280
\everyMPshowfont=\toks22
\MPscratchCnt=\count281
\MPscratchDim=\dimen152
\MPnumerator=\count282
\makeMPintoPDFobject=\count283
\everyMPtoPDFconversion=\toks23
) (/usr/share/texlive/texmf-dist/tex/latex/epstopdf-pkg/epstopdf-base.sty
Package: epstopdf-base 2020-01-24 v2.11 Base part for package epstopdf
Package epstopdf-base Info: Redefining graphics rule for `.eps' on input line 4
85.

(/usr/share/texlive/texmf-dist/tex/latex/latexconfig/epstopdf-sys.cfg
File: epstopdf-sys.cfg 2010/07/13 v1.3 Configuration of (r)epstopdf for TeX Liv
e
))
\c@lstlisting=\count284

Underfull \hbox (badness 10000) in paragraph at lines 48--57

 []

LaTeX Font Info:    External font `cmex10' loaded for size
(Font)              <8> on input line 71.
LaTeX Font Info:    External font `cmex10' loaded for size
(Font)              <6> on input line 71.
LaTeX Font Info:    External font `cmex10' loaded for size
(Font)              <5> on input line 71.
LaTeX Font Info:    Trying to load font information for U+wasy on input line 71
.
(/usr/share/texlive/texmf-dist/tex/latex/wasysym/uwasy.fd
File: uwasy.fd 2020/01/19 v2.4 Wasy-2 symbol font definitions
)
LaTeX Font Info:    Trying to load font information for T1+cmtt on input line 7
1.

(/usr/share/texlive/texmf-dist/tex/latex/base/t1cmtt.fd
File: t1cmtt.fd 2019/12/16 v2.5j Standard LaTeX font definitions
)
LaTeX Font Info:    External font `cmex10' loaded for size
(Font)              <7> on input line 71.
Package epstopdf Info: Source file: <optimus_abstract.eps>
(epstopdf)                    date: 2022-11-27 09:45:49
(epstopdf)                    size: 491510 bytes
(epstopdf)             Output file: <optimus_abstract-eps-converted-to.pdf>
(epstopdf)                    date: 2022-11-27 09:53:15
(epstopdf)                    size: 106879 bytes
(epstopdf)             Command: <repstopdf --outfile=optimus_abstract-eps-conve
rted-to.pdf optimus_abstract.eps>
(epstopdf)             \includegraphics on input line 76.
Package epstopdf Info: Output file is already uptodate.
<optimus_abstract-eps-converted-to.pdf, id=1, 1814.78pt x 927.465pt>
File: optimus_abstract-eps-converted-to.pdf Graphic file (type pdf)
<use optimus_abstract-eps-converted-to.pdf>
Package pdftex.def Info: optimus_abstract-eps-converted-to.pdf  used on input l
ine 76.
(pdftex.def)             Requested size: 362.94957pt x 185.48972pt.

Overfull \hbox (32.94957pt too wide) in paragraph at lines 76--77
[][] 
 []


Underfull \vbox (badness 10000) has occurred while \output is active []


Overfull \hbox (2.22168pt too wide) has occurred while \output is active
[] 
 []

[1


{/var/lib/texmf/fonts/map/pdftex/updmap/pdftex.map}]
Overfull \hbox (80.69032pt too wide) in paragraph at lines 80--93
[][] 
 []

[2 <./optimus_abstract-eps-converted-to.pdf>]
Overfull \hbox (24.26782pt too wide) in paragraph at lines 166--168
\T1/cmr/m/n/10 e.g. LD_LIBRAPY_PATH=$LD_LIBRAPY_PATH:$OPTIMUSPATH/lib/: 
 []

[3]
Overfull \hbox (11.29877pt too wide) in paragraph at lines 198--201
[]\T1/cmr/m/n/10 Improved Dif-fer-en-tial Evo-lu-tion. The mod-i-fied Dif-fer-e
n-tial Evo-lu-tion method
 []

[4] [5]

Package natbib Warning: Citation `Jones' on page 6 undefined on input line 293.



Underfull \hbox (badness 10000) in paragraph at lines 290--296

 []

(/usr/share/texlive/texmf-dist/tex/latex/listings/lstlang1.sty
File: lstlang1.sty 2020/03/24 1.8d listings language file
)
(/usr/share/texlive/texmf-dist/tex/latex/listings/lstlang1.sty
File: lstlang1.sty 2020/03/24 1.8d listings language file
)
(/usr/share/texlive/texmf-dist/tex/latex/listings/lstmisc.sty
File: lstmisc.sty 2020/03/24 1.8d (Carsten Heinz)
)
Overfull \hbox (68.90208pt too wide) in paragraph at lines 342--343
[][][][][][][][][][][][][][][][][][][][][][] 
 []

[6] [7] [8] [9]
Underfull \vbox (badness 1147) has occurred while \output is active []

 [10]
[11] [12] [13] [14] [15] [16]

Package natbib Warning: There were undefined citations.

[17] (./optimus_paper.aux) ) 
Here is how much of TeX's memory you used:
 6214 strings out of 476959
 93236 string characters out of 5826741
 667241 words of memory out of 5000000
 27299 multiletter control sequences out of 15000+600000
 479935 words of font info for 51 fonts, out of 8000000 for 9000
 59 hyphenation exceptions out of 8191
 70i,9n,76p,236b,1689s stack positions out of 10000i,1000n,20000p,200000b,200000s
 </home/sheridan/.texlive2022/texmf-var/fonts/pk/lj
four/jknappen/ec/tcrm1000.600pk> </home/sheridan/.texlive2022/texmf-var/fonts/p
k/ljfour/jknappen/ec/ecsl1000.600pk> </home/sheridan/.texlive2022/texmf-var/fon
ts/pk/ljfour/jknappen/ec/ectt1000.600pk> </home/sheridan/.texlive2022/texmf-var
/fonts/pk/ljfour/jknappen/ec/ectt0800.600pk> </home/sheridan/.texlive2022/texmf
-var/fonts/pk/ljfour/jknappen/ec/ecrm0800.600pk> </home/sheridan/.texlive2022/t
exmf-var/fonts/pk/ljfour/jknappen/ec/ecti1000.600pk> </home/sheridan/.texlive20
22/texmf-var/fonts/pk/ljfour/jknappen/ec/ecbx1000.600pk> </home/sheridan/.texli
ve2022/texmf-var/fonts/pk/ljfour/jknappen/ec/ecti0800.600pk> </home/sheridan/.t
exlive2022/texmf-var/fonts/pk/ljfour/jknappen/ec/ecrm1000.600pk> </home/sherida
n/.texlive2022/texmf-var/fonts/pk/ljfour/jknappen/ec/ecrm1440.600pk></usr/share
/texlive/texmf-dist/fonts/type1/public/amsfonts/cm/cmex10.pfb></usr/share/texli
ve/texmf-dist/fonts/type1/public/amsfonts/cm/cmmi10.pfb></usr/share/texlive/tex
mf-dist/fonts/type1/public/amsfonts/cm/cmmi7.pfb></usr/share/texlive/texmf-dist
/fonts/type1/public/amsfonts/cm/cmr10.pfb></usr/share/texlive/texmf-dist/fonts/
type1/public/amsfonts/cm/cmr7.pfb></usr/share/texlive/texmf-dist/fonts/type1/pu
blic/amsfonts/cm/cmsy10.pfb></usr/share/texlive/texmf-dist/fonts/type1/public/a
msfonts/cm/cmsy6.pfb></usr/share/texlive/texmf-dist/fonts/type1/public/amsfonts
/cm/cmsy7.pfb></usr/share/texlive/texmf-dist/fonts/type1/public/wasy-type1/wasy
10.pfb>
Output written on optimus_paper.pdf (17 pages, 335045 bytes).
PDF statistics:
 534 PDF objects out of 1000 (max. 8388607)
 107 compressed objects within 2 object streams
 0 named destinations out of 1000 (max. 500000)
 6 words of extra memory for PDF output out of 10000 (max. 10000000)

