This is pdfTeX, Version 3.141592653-2.6-1.40.22 (TeX Live 2022/dev/Debian) (preloaded format=pdflatex 2023.1.15)  19 JAN 2023 08:18
entering extended mode
 restricted \write18 enabled.
 %&-line parsing enabled.
**neuralminimizer.tex
(./neuralminimizer.tex
LaTeX2e <2021-11-15> patch level 1
L3 programming layer <2022-01-21>
(/usr/share/texlive/texmf-dist/tex/latex/base/article.cls
Document Class: article 2021/10/04 v1.4n Standard LaTeX document class
(/usr/share/texlive/texmf-dist/tex/latex/base/size10.clo
File: size10.clo 2021/10/04 v1.4n Standard LaTeX file (size option)
)
\c@part=\count185
\c@section=\count186
\c@subsection=\count187
\c@subsubsection=\count188
\c@paragraph=\count189
\c@subparagraph=\count190
\c@figure=\count191
\c@table=\count192
\abovecaptionskip=\skip47
\belowcaptionskip=\skip48
\bibindent=\dimen138
)
(/usr/share/texlive/texmf-dist/tex/latex/base/fontenc.sty
Package: fontenc 2021/04/29 v2.0v Standard LaTeX package
)
(/usr/share/texlive/texmf-dist/tex/latex/base/inputenc.sty
Package: inputenc 2021/02/14 v1.3d Input encoding file
\inpenc@prehook=\toks16
\inpenc@posthook=\toks17

(/usr/share/texlive/texmf-dist/tex/latex/base/latin9.def
File: latin9.def 2021/02/14 v1.3d Input encoding file
))
(/usr/share/texlive/texmf-dist/tex/latex/float/float.sty
Package: float 2001/11/08 v1.3d Float enhancements (AL)
\c@float@type=\count193
\float@exts=\toks18
\float@box=\box50
\@float@everytoks=\toks19
\@floatcapt=\box51
)
(/usr/share/texlive/texmf-dist/tex/latex/url/url.sty
\Urlmuskip=\muskip16
Package: url 2013/09/16  ver 3.4  Verb mode for urls, etc.
)
(/usr/share/texlive/texmf-dist/tex/latex/graphics/graphicx.sty
Package: graphicx 2021/09/16 v1.2d Enhanced LaTeX Graphics (DPC,SPQR)

(/usr/share/texlive/texmf-dist/tex/latex/graphics/keyval.sty
Package: keyval 2014/10/28 v1.15 key=value parser (DPC)
\KV@toks@=\toks20
)
(/usr/share/texlive/texmf-dist/tex/latex/graphics/graphics.sty
Package: graphics 2021/03/04 v1.4d Standard LaTeX Graphics (DPC,SPQR)

(/usr/share/texlive/texmf-dist/tex/latex/graphics/trig.sty
Package: trig 2021/08/11 v1.11 sin cos tan (DPC)
)
(/usr/share/texlive/texmf-dist/tex/latex/graphics-cfg/graphics.cfg
File: graphics.cfg 2016/06/04 v1.11 sample graphics configuration
)
Package graphics Info: Driver file: pdftex.def on input line 107.

(/usr/share/texlive/texmf-dist/tex/latex/graphics-def/pdftex.def
File: pdftex.def 2020/10/05 v1.2a Graphics/color driver for pdftex
))
\Gin@req@height=\dimen139
\Gin@req@width=\dimen140
)
(/usr/share/texlive/texmf-dist/tex/generic/babel/babel.sty
Package: babel 2022/01/26 3.70 The Babel package
\babel@savecnt=\count194
\U@D=\dimen141
\l@unhyphenated=\language7

(/usr/share/texlive/texmf-dist/tex/generic/babel/txtbabel.def)
\bbl@readstream=\read2
\bbl@dirlevel=\count195

(/usr/share/texlive/texmf-dist/tex/generic/babel-english/english.ldf
Language: english 2017/06/06 v3.3r English support from the babel system
Package babel Info: Hyphen rules for 'british' set to \l@english
(babel)             (\language0). Reported on input line 82.
Package babel Info: Hyphen rules for 'UKenglish' set to \l@english
(babel)             (\language0). Reported on input line 83.
Package babel Info: Hyphen rules for 'canadian' set to \l@english
(babel)             (\language0). Reported on input line 102.
Package babel Info: Hyphen rules for 'australian' set to \l@english
(babel)             (\language0). Reported on input line 105.
Package babel Info: Hyphen rules for 'newzealand' set to \l@english
(babel)             (\language0). Reported on input line 108.
))
(/usr/share/texlive/texmf-dist/tex/latex/l3backend/l3backend-pdftex.def
File: l3backend-pdftex.def 2022-01-12 L3 backend support: PDF output (pdfTeX)
\l__color_backend_stack_int=\count196
\l__pdf_internal_box=\box52
)
(./neuralminimizer.aux)
\openout1 = `neuralminimizer.aux'.

LaTeX Font Info:    Checking defaults for OML/cmm/m/it on input line 19.
LaTeX Font Info:    ... okay on input line 19.
LaTeX Font Info:    Checking defaults for OMS/cmsy/m/n on input line 19.
LaTeX Font Info:    ... okay on input line 19.
LaTeX Font Info:    Checking defaults for OT1/cmr/m/n on input line 19.
LaTeX Font Info:    ... okay on input line 19.
LaTeX Font Info:    Checking defaults for T1/cmr/m/n on input line 19.
LaTeX Font Info:    ... okay on input line 19.
LaTeX Font Info:    Checking defaults for TS1/cmr/m/n on input line 19.
LaTeX Font Info:    ... okay on input line 19.
LaTeX Font Info:    Checking defaults for OMX/cmex/m/n on input line 19.
LaTeX Font Info:    ... okay on input line 19.
LaTeX Font Info:    Checking defaults for U/cmr/m/n on input line 19.
LaTeX Font Info:    ... okay on input line 19.

(/usr/share/texlive/texmf-dist/tex/context/base/mkii/supp-pdf.mkii
[Loading MPS to PDF converter (version 2006.09.02).]
\scratchcounter=\count197
\scratchdimen=\dimen142
\scratchbox=\box53
\nofMPsegments=\count198
\nofMParguments=\count199
\everyMPshowfont=\toks21
\MPscratchCnt=\count266
\MPscratchDim=\dimen143
\MPnumerator=\count267
\makeMPintoPDFobject=\count268
\everyMPtoPDFconversion=\toks22
) (/usr/share/texlive/texmf-dist/tex/latex/epstopdf-pkg/epstopdf-base.sty
Package: epstopdf-base 2020-01-24 v2.11 Base part for package epstopdf
Package epstopdf-base Info: Redefining graphics rule for `.eps' on input line 4
85.

(/usr/share/texlive/texmf-dist/tex/latex/latexconfig/epstopdf-sys.cfg
File: epstopdf-sys.cfg 2010/07/13 v1.3 Configuration of (r)epstopdf for TeX Liv
e
))
LaTeX Font Info:    External font `cmex10' loaded for size
(Font)              <12> on input line 28.
LaTeX Font Info:    External font `cmex10' loaded for size
(Font)              <8> on input line 28.
LaTeX Font Info:    External font `cmex10' loaded for size
(Font)              <6> on input line 28.
LaTeX Font Info:    External font `cmex10' loaded for size
(Font)              <5> on input line 28.
LaTeX Font Info:    External font `cmex10' loaded for size
(Font)              <7> on input line 51.

[1

{/var/lib/texmf/fonts/map/pdftex/updmap/pdftex.map}] [2] [3]
Overfull \hbox (26.48228pt too wide) in paragraph at lines 189--191
 \T1/cmr/m/n/10 The train-ing er-ror for the RBF net-work on a set $\OML/cmm/m/
it/10 T \OT1/cmr/m/n/10 = []$
 []

[4] [5]
Package epstopdf Info: Source file: <diagram.eps>
(epstopdf)                    date: 2023-01-13 13:09:49
(epstopdf)                    size: 143445 bytes
(epstopdf)             Output file: <diagram-eps-converted-to.pdf>
(epstopdf)                    date: 2023-01-19 08:18:23
(epstopdf)                    size: 44228 bytes
(epstopdf)             Command: <repstopdf --outfile=diagram-eps-converted-to.p
df diagram.eps>
(epstopdf)             \includegraphics on input line 284.
Package epstopdf Info: Output file is already uptodate.
<diagram-eps-converted-to.pdf, id=37, 298.11375pt x 1096.095pt>
File: diagram-eps-converted-to.pdf Graphic file (type pdf)
<use diagram-eps-converted-to.pdf>
Package pdftex.def Info: diagram-eps-converted-to.pdf  used on input line 284.
(pdftex.def)             Requested size: 119.24338pt x 438.43024pt.
 [6]
LaTeX Font Info:    Trying to load font information for T1+cmtt on input line 3
12.
 (/usr/share/texlive/texmf-dist/tex/latex/base/t1cmtt.fd
File: t1cmtt.fd 2019/12/16 v2.5j Standard LaTeX font definitions
) [7 <./diagram-eps-converted-to.pdf>]
Overfull \hbox (64.91864pt too wide) in paragraph at lines 353--371
 [][] 
 []

[8]
Overfull \hbox (47.3217pt too wide) in paragraph at lines 377--449
 [][] 
 []

[9]
Package epstopdf Info: Source file: <boxplot.eps>
(epstopdf)                    date: 2023-01-13 10:19:27
(epstopdf)                    size: 434027 bytes
(epstopdf)             Output file: <boxplot-eps-converted-to.pdf>
(epstopdf)                    date: 2023-01-19 08:18:23
(epstopdf)                    size: 61119 bytes
(epstopdf)             Command: <repstopdf --outfile=boxplot-eps-converted-to.p
df boxplot.eps>
(epstopdf)             \includegraphics on input line 453.
Package epstopdf Info: Output file is already uptodate.
<boxplot-eps-converted-to.pdf, id=55, 392.46625pt x 257.96375pt>
File: boxplot-eps-converted-to.pdf Graphic file (type pdf)
<use boxplot-eps-converted-to.pdf>
Package pdftex.def Info: boxplot-eps-converted-to.pdf  used on input line 453.
(pdftex.def)             Requested size: 392.46527pt x 257.9631pt.

Overfull \hbox (47.46527pt too wide) in paragraph at lines 453--454
 [][] 
 []

[10] [11 <./boxplot-eps-converted-to.pdf>] [12] [13]
Overfull \hbox (20.93904pt too wide) in paragraph at lines 629--632
[]\T1/cmr/bx/n/10 Branin \T1/cmr/m/n/10 func-tion. The func-tion is de-fined by
 $\OML/cmm/m/it/10 f\OT1/cmr/m/n/10 (\OML/cmm/m/it/10 x\OT1/cmr/m/n/10 ) = [][]
 +
 []

[14]
Overfull \hbox (15.35135pt too wide) in paragraph at lines 666--668
[]\T1/cmr/bx/n/10 Hansen \T1/cmr/m/n/10 func-tion. $\OML/cmm/m/it/10 f\OT1/cmr/
m/n/10 (\OML/cmm/m/it/10 x\OT1/cmr/m/n/10 ) = [][] \OML/cmm/m/it/10 i [] [] [][
] j [] []$\T1/cmr/m/n/10 ,
 []


Overfull \hbox (10.9151pt too wide) in paragraph at lines 695--707
\T1/cmr/m/n/10 with $\OML/cmm/m/it/10 x \OMS/cmsy/m/n/10 2 \OT1/cmr/m/n/10 [0\O
ML/cmm/m/it/10 ; \OT1/cmr/m/n/10 1][]$ \T1/cmr/m/n/10 and $\OML/cmm/m/it/10 a \
OT1/cmr/m/n/10 = [] \OML/cmm/m/it/10 ;  c \OT1/cmr/m/n/10 = []$
 []

[15] [16]
Overfull \hbox (52.71841pt too wide) detected at line 824
\OML/cmm/m/it/10 f\OT1/cmr/m/n/10 (\OML/cmm/m/it/10 x\OT1/cmr/m/n/10 ) = [] [][
] [] [] [] + [][] []
 []

[17] [18] [19] [20] [21] [22] [23] (./neuralminimizer.aux) ) 
Here is how much of TeX's memory you used:
 2847 strings out of 480171
 45674 string characters out of 5894489
 364945 words of memory out of 5000000
 20778 multiletter control sequences out of 15000+600000
 483168 words of font info for 54 fonts, out of 8000000 for 9000
 59 hyphenation exceptions out of 8191
 55i,13n,62p,313b,292s stack positions out of 5000i,500n,10000p,200000b,80000s
 </home/sheridan/.t
exlive2021/texmf-var/fonts/pk/ljfour/jknappen/ec/ecbi1000.600pk> </home/sherida
n/.texlive2021/texmf-var/fonts/pk/ljfour/jknappen/ec/tcrm1000.600pk> </home/she
ridan/.texlive2021/texmf-var/fonts/pk/ljfour/jknappen/ec/ectt1000.600pk> </home
/sheridan/.texlive2021/texmf-var/fonts/pk/ljfour/jknappen/ec/ecti1000.600pk> </
home/sheridan/.texlive2021/texmf-var/fonts/pk/ljfour/jknappen/ec/ecbx1000.600pk
> </home/sheridan/.texlive2021/texmf-var/fonts/pk/ljfour/jknappen/ec/ecbx1200.6
00pk> </home/sheridan/.texlive2021/texmf-var/fonts/pk/ljfour/jknappen/ec/ecrm08
00.600pk> </home/sheridan/.texlive2021/texmf-var/fonts/pk/ljfour/jknappen/ec/tc
rm0600.600pk> </home/sheridan/.texlive2021/texmf-var/fonts/pk/ljfour/jknappen/e
c/ecrm1000.600pk> </home/sheridan/.texlive2021/texmf-var/fonts/pk/ljfour/jknapp
en/ec/ecbx1440.600pk> </home/sheridan/.texlive2021/texmf-var/fonts/pk/ljfour/jk
nappen/ec/ecrm0900.600pk> </home/sheridan/.texlive2021/texmf-var/fonts/pk/ljfou
r/jknappen/ec/ecbx0900.600pk> </home/sheridan/.texlive2021/texmf-var/fonts/pk/l
jfour/jknappen/ec/tcrm0800.600pk> </home/sheridan/.texlive2021/texmf-var/fonts/
pk/ljfour/jknappen/ec/ecrm1200.600pk> </home/sheridan/.texlive2021/texmf-var/fo
nts/pk/ljfour/jknappen/ec/ecrm1728.600pk></usr/share/texlive/texmf-dist/fonts/t
ype1/public/amsfonts/cm/cmex10.pfb></usr/share/texlive/texmf-dist/fonts/type1/p
ublic/amsfonts/cm/cmmi10.pfb></usr/share/texlive/texmf-dist/fonts/type1/public/
amsfonts/cm/cmmi5.pfb></usr/share/texlive/texmf-dist/fonts/type1/public/amsfont
s/cm/cmmi7.pfb></usr/share/texlive/texmf-dist/fonts/type1/public/amsfonts/cm/cm
r10.pfb></usr/share/texlive/texmf-dist/fonts/type1/public/amsfonts/cm/cmr5.pfb>
</usr/share/texlive/texmf-dist/fonts/type1/public/amsfonts/cm/cmr7.pfb></usr/sh
are/texlive/texmf-dist/fonts/type1/public/amsfonts/cm/cmr8.pfb></usr/share/texl
ive/texmf-dist/fonts/type1/public/amsfonts/cm/cmsy10.pfb></usr/share/texlive/te
xmf-dist/fonts/type1/public/amsfonts/cm/cmsy5.pfb></usr/share/texlive/texmf-dis
t/fonts/type1/public/amsfonts/cm/cmsy7.pfb>
Output written on neuralminimizer.pdf (23 pages, 371373 bytes).
PDF statistics:
 564 PDF objects out of 1000 (max. 8388607)
 147 compressed objects within 2 object streams
 0 named destinations out of 1000 (max. 500000)
 11 words of extra memory for PDF output out of 10000 (max. 10000000)

