This is pdfTeX, Version 3.141592653-2.6-1.40.25 (TeX Live 2023/Debian) (preloaded format=pdflatex 2023.11.27)  16 DEC 2023 13:53
entering extended mode
 restricted \write18 enabled.
 %&-line parsing enabled.
**desolverwithgo_nonames.tex
(./desolverwithgo_nonames.tex
LaTeX2e <2023-06-01> patch level 1
L3 programming layer <2023-08-29>
(/usr/share/texlive/texmf-dist/tex/latex/base/article.cls
Document Class: article 2023/05/17 v1.4n Standard LaTeX document class
(/usr/share/texlive/texmf-dist/tex/latex/base/size10.clo
File: size10.clo 2023/05/17 v1.4n Standard LaTeX file (size option)
)
\c@part=\count185
\c@section=\count186
\c@subsection=\count187
\c@subsubsection=\count188
\c@paragraph=\count189
\c@subparagraph=\count190
\c@figure=\count191
\c@table=\count192
\abovecaptionskip=\skip48
\belowcaptionskip=\skip49
\bibindent=\dimen140
)
(/usr/share/texlive/texmf-dist/tex/latex/base/fontenc.sty
Package: fontenc 2021/04/29 v2.0v Standard LaTeX package
)
(/usr/share/texlive/texmf-dist/tex/latex/base/inputenc.sty
Package: inputenc 2021/02/14 v1.3d Input encoding file
\inpenc@prehook=\toks17
\inpenc@posthook=\toks18

(/usr/share/texlive/texmf-dist/tex/latex/base/latin9.def
File: latin9.def 2021/02/14 v1.3d Input encoding file
))
(/usr/share/texlive/texmf-dist/tex/latex/url/url.sty
\Urlmuskip=\muskip16
Package: url 2013/09/16  ver 3.4  Verb mode for urls, etc.
)
(/usr/share/texlive/texmf-dist/tex/latex/graphics/graphicx.sty
Package: graphicx 2021/09/16 v1.2d Enhanced LaTeX Graphics (DPC,SPQR)

(/usr/share/texlive/texmf-dist/tex/latex/graphics/keyval.sty
Package: keyval 2022/05/29 v1.15 key=value parser (DPC)
\KV@toks@=\toks19
)
(/usr/share/texlive/texmf-dist/tex/latex/graphics/graphics.sty
Package: graphics 2022/03/10 v1.4e Standard LaTeX Graphics (DPC,SPQR)

(/usr/share/texlive/texmf-dist/tex/latex/graphics/trig.sty
Package: trig 2021/08/11 v1.11 sin cos tan (DPC)
)
(/usr/share/texlive/texmf-dist/tex/latex/graphics-cfg/graphics.cfg
File: graphics.cfg 2016/06/04 v1.11 sample graphics configuration
)
Package graphics Info: Driver file: pdftex.def on input line 107.

(/usr/share/texlive/texmf-dist/tex/latex/graphics-def/pdftex.def
File: pdftex.def 2022/09/22 v1.2b Graphics/color driver for pdftex
))
\Gin@req@height=\dimen141
\Gin@req@width=\dimen142
)
(/usr/share/texlive/texmf-dist/tex/latex/esint/esint.sty
Package: esint 
\symlargesymbolsA=\mathgroup4
)
(/usr/share/texlive/texmf-dist/tex/generic/babel/babel.sty
Package: babel 2023/09/29 v3.95 The Babel package
\babel@savecnt=\count193
\U@D=\dimen143
\l@unhyphenated=\language9

(/usr/share/texlive/texmf-dist/tex/generic/babel/txtbabel.def)
\bbl@readstream=\read2
\bbl@dirlevel=\count194

(/usr/share/texlive/texmf-dist/tex/generic/babel-english/english.ldf
Language: english 2017/06/06 v3.3r English support from the babel system
Package babel Info: Hyphen rules for 'british' set to \l@english
(babel)             (\language0). Reported on input line 82.
Package babel Info: Hyphen rules for 'UKenglish' set to \l@english
(babel)             (\language0). Reported on input line 83.
Package babel Info: Hyphen rules for 'canadian' set to \l@english
(babel)             (\language0). Reported on input line 102.
Package babel Info: Hyphen rules for 'australian' set to \l@english
(babel)             (\language0). Reported on input line 105.
Package babel Info: Hyphen rules for 'newzealand' set to \l@english
(babel)             (\language0). Reported on input line 108.
))
(/usr/share/texlive/texmf-dist/tex/generic/babel/locale/en/babel-english.tex
Package babel Info: Importing font and identification data for english
(babel)             from babel-en.ini. Reported on input line 11.
)
(/usr/share/texlive/texmf-dist/tex/latex/l3backend/l3backend-pdftex.def
File: l3backend-pdftex.def 2023-04-19 L3 backend support: PDF output (pdfTeX)
\l__color_backend_stack_int=\count195
\l__pdf_internal_box=\box51
)
No file desolverwithgo_nonames.aux.
\openout1 = `desolverwithgo_nonames.aux'.

LaTeX Font Info:    Checking defaults for OML/cmm/m/it on input line 19.
LaTeX Font Info:    ... okay on input line 19.
LaTeX Font Info:    Checking defaults for OMS/cmsy/m/n on input line 19.
LaTeX Font Info:    ... okay on input line 19.
LaTeX Font Info:    Checking defaults for OT1/cmr/m/n on input line 19.
LaTeX Font Info:    ... okay on input line 19.
LaTeX Font Info:    Checking defaults for T1/cmr/m/n on input line 19.
LaTeX Font Info:    ... okay on input line 19.
LaTeX Font Info:    Checking defaults for TS1/cmr/m/n on input line 19.
LaTeX Font Info:    ... okay on input line 19.
LaTeX Font Info:    Checking defaults for OMX/cmex/m/n on input line 19.
LaTeX Font Info:    ... okay on input line 19.
LaTeX Font Info:    Checking defaults for U/cmr/m/n on input line 19.
LaTeX Font Info:    ... okay on input line 19.
(/usr/share/texlive/texmf-dist/tex/context/base/mkii/supp-pdf.mkii
[Loading MPS to PDF converter (version 2006.09.02).]
\scratchcounter=\count196
\scratchdimen=\dimen144
\scratchbox=\box52
\nofMPsegments=\count197
\nofMParguments=\count198
\everyMPshowfont=\toks20
\MPscratchCnt=\count199
\MPscratchDim=\dimen145
\MPnumerator=\count266
\makeMPintoPDFobject=\count267
\everyMPtoPDFconversion=\toks21
) (/usr/share/texlive/texmf-dist/tex/latex/epstopdf-pkg/epstopdf-base.sty
Package: epstopdf-base 2020-01-24 v2.11 Base part for package epstopdf
Package epstopdf-base Info: Redefining graphics rule for `.eps' on input line 4
85.

(/usr/share/texlive/texmf-dist/tex/latex/latexconfig/epstopdf-sys.cfg
File: epstopdf-sys.cfg 2010/07/13 v1.3 Configuration of (r)epstopdf for TeX Liv
e
))
LaTeX Font Info:    External font `cmex10' loaded for size
(Font)              <12> on input line 28.
LaTeX Font Info:    External font `cmex10' loaded for size
(Font)              <8> on input line 28.
LaTeX Font Info:    External font `cmex10' loaded for size
(Font)              <6> on input line 28.
LaTeX Font Info:    Trying to load font information for U+esint on input line 2
8.

(/usr/share/texlive/texmf-dist/tex/latex/esint/uesint.fd
File: uesint.fd 
)
Overfull \hbox (10.20097pt too wide) in paragraph at lines 28--28
 [][] 
 []

LaTeX Font Info:    External font `cmex10' loaded for size
(Font)              <5> on input line 28.

LaTeX Warning: Citation `de_physics1' on page 1 undefined on input line 50.


LaTeX Warning: Citation `de_physics2' on page 1 undefined on input line 50.


LaTeX Warning: Citation `de_chem1' on page 1 undefined on input line 51.


LaTeX Warning: Citation `de_chem2' on page 1 undefined on input line 51.


LaTeX Warning: Citation `de_chem3' on page 1 undefined on input line 51.


LaTeX Warning: Citation `de_econ1' on page 1 undefined on input line 51.


LaTeX Warning: Citation `de_econ2' on page 1 undefined on input line 51.


LaTeX Warning: Citation `de_bio1' on page 1 undefined on input line 52.


LaTeX Warning: Citation `de_bio2' on page 1 undefined on input line 52.


LaTeX Warning: Citation `de_rk1' on page 1 undefined on input line 56.


LaTeX Warning: Citation `de_rk2' on page 1 undefined on input line 56.


LaTeX Warning: Citation `de_rk3' on page 1 undefined on input line 56.


LaTeX Warning: Citation `de_wave1' on page 1 undefined on input line 57.


LaTeX Warning: Citation `de_wave2' on page 1 undefined on input line 57.


LaTeX Warning: Citation `de_wave3' on page 1 undefined on input line 57.


LaTeX Warning: Citation `de_pred1' on page 1 undefined on input line 58.


LaTeX Warning: Citation `de_pred2' on page 1 undefined on input line 58.


LaTeX Warning: Citation `neural1' on page 1 undefined on input line 59.


LaTeX Warning: Citation `neural2' on page 1 undefined on input line 59.


LaTeX Warning: Citation `de_nn1' on page 1 undefined on input line 59.


LaTeX Warning: Citation `de_nn2' on page 1 undefined on input line 59.


LaTeX Warning: Citation `de_nn3' on page 1 undefined on input line 59.


LaTeX Warning: Citation `de_finite1' on page 1 undefined on input line 60.


LaTeX Warning: Citation `de_finite2' on page 1 undefined on input line 60.


LaTeX Warning: Citation `de_semimplicit1' on page 1 undefined on input line 63.



LaTeX Warning: Citation `de_semiimplicit2' on page 1 undefined on input line 65
.


LaTeX Warning: Citation `de_semiexplicit' on page 1 undefined on input line 67.



LaTeX Warning: Citation `de_semipred1' on page 1 undefined on input line 69.


LaTeX Warning: Citation `de_semipred2' on page 1 undefined on input line 69.


LaTeX Warning: Citation `ge_main' on page 1 undefined on input line 70.


LaTeX Warning: Citation `de_tsoulos' on page 1 undefined on input line 72.

[1

{/var/lib/texmf/fonts/map/pdftex/updmap/pdftex.map}]
LaTeX Font Info:    External font `cmex10' loaded for size
(Font)              <7> on input line 78.


LaTeX Warning: Citation `de_svm1' on page 2 undefined on input line 91.


LaTeX Warning: Citation `de_svm2' on page 2 undefined on input line 91.


LaTeX Warning: Citation `de_deep1' on page 2 undefined on input line 92.


LaTeX Warning: Citation `de_deep2' on page 2 undefined on input line 92.


LaTeX Warning: Citation `de_nnc' on page 2 undefined on input line 93.


LaTeX Warning: Citation `RbfMain' on page 2 undefined on input line 95.


LaTeX Warning: Citation `ga1' on page 2 undefined on input line 98.


LaTeX Warning: Citation `ga2' on page 2 undefined on input line 98.


LaTeX Warning: Citation `ga3' on page 2 undefined on input line 98.


LaTeX Warning: Citation `pso1' on page 2 undefined on input line 98.


LaTeX Warning: Citation `pso2' on page 2 undefined on input line 98.


LaTeX Warning: Citation `gen_par1' on page 2 undefined on input line 102.


LaTeX Warning: Citation `gen_par2' on page 2 undefined on input line 102.


LaTeX Warning: Citation `gen_par3' on page 2 undefined on input line 102.


LaTeX Warning: Citation `nn_de_similar1' on page 2 undefined on input line 118.



LaTeX Warning: Citation `nn_de_similar2' on page 2 undefined on input line 120.


[2]

LaTeX Warning: Reference `sec:Method-description' on page 3 undefined on input 
line 125.


LaTeX Warning: Reference `sec:Experiments' on page 3 undefined on input line 12
7.


LaTeX Warning: Reference `sec:Conclusions' on page 3 undefined on input line 12
9.


Overfull \hbox (37.41461pt too wide) in paragraph at lines 164--165
[]\T1/cmr/bx/n/10 Compute \T1/cmr/m/n/10 the quan-tity for the er-ror $\OML/cmm
/m/it/10 E[] \OT1/cmr/m/n/10 = [][] \OML/cmm/m/it/10   [][]$ 
 []

[3]
Overfull \hbox (40.82018pt too wide) in paragraph at lines 202--203
[]\T1/cmr/bx/n/10 Calculate \T1/cmr/m/n/10 the er-ror value: $\OML/cmm/m/it/10 
E[] \OT1/cmr/m/n/10 = [][] [][]$ 
 []

[4]

LaTeX Warning: Citation `nnphysics1' on page 5 undefined on input line 253.


LaTeX Warning: Citation `nnphysics2' on page 5 undefined on input line 253.


LaTeX Warning: Citation `nnphysics3' on page 5 undefined on input line 253.


LaTeX Warning: Citation `nnchem1' on page 5 undefined on input line 254.


LaTeX Warning: Citation `nnchem2' on page 5 undefined on input line 254.


LaTeX Warning: Citation `nnchem3' on page 5 undefined on input line 254.


LaTeX Warning: Citation `nnmed1' on page 5 undefined on input line 254.


LaTeX Warning: Citation `nnmed2' on page 5 undefined on input line 254.


LaTeX Warning: Reference `eq:eq1' on page 5 undefined on input line 264.


LaTeX Warning: Citation `nnc' on page 5 undefined on input line 267.

[5]

LaTeX Warning: Citation `rbfphysics1' on page 6 undefined on input line 296.


LaTeX Warning: Citation `rbfchemistry1' on page 6 undefined on input line 296.


LaTeX Warning: Citation `rbfmed1' on page 6 undefined on input line 296.


LaTeX Warning: Citation `gen_app1' on page 6 undefined on input line 321.


LaTeX Warning: Citation `gen_app2' on page 6 undefined on input line 322.


LaTeX Warning: Citation `gen_app3' on page 6 undefined on input line 322.

[6]

LaTeX Warning: Reference `subsec:Calculation-of-error' on page 7 undefined on i
nput line 360.


LaTeX Warning: Citation `powell' on page 7 undefined on input line 364.

[7]

LaTeX Warning: Citation `kaeloAli' on page 8 undefined on input line 385.


LaTeX Warning: Reference `enu:Check-for-termination.' on page 8 undefined on in
put line 390.


LaTeX Warning: Citation `pso_app1' on page 8 undefined on input line 401.


LaTeX Warning: Citation `pso_app2' on page 8 undefined on input line 401.


LaTeX Warning: Citation `pso_app3' on page 8 undefined on input line 401.


LaTeX Warning: Citation `pso_app4' on page 8 undefined on input line 401.


Overfull \hbox (4.2787pt too wide) in paragraph at lines 416--418
[]\T1/cmr/bx/n/10 Initialize \T1/cmr/m/n/10 the ve-loc-i-ties of the par-ti-cle
s $\OML/cmm/m/it/10 u[]; u[]; :::; u[]$ \T1/cmr/m/n/10 us-ing the scheme 
 []

[8]

LaTeX Warning: Reference `enu:Check-Termination.' on page 9 undefined on input 
line 454.


LaTeX Warning: Citation `de_nn1' on page 9 undefined on input line 460.


LaTeX Warning: Citation `de_tsoulos' on page 9 undefined on input line 460.

[9] [10] [11]
Overfull \hbox (28.03362pt too wide) in paragraph at lines 605--608
\T1/cmr/m/n/10 with $\OML/cmm/m/it/10 y[]\OT1/cmr/m/n/10 (0) = [](1\OML/cmm/m/i
t/10 :\OT1/cmr/m/n/10 0)\OML/cmm/m/it/10 ;  y[]\OT1/cmr/m/n/10 (0) = 1\OML/cmm/
m/it/10 :\OT1/cmr/m/n/10 0\OML/cmm/m/it/10 ;  t \OMS/cmsy/m/n/10 2 \OT1/cmr/m/n
/10 [0\OML/cmm/m/it/10 ; \OT1/cmr/m/n/10 1]$ \T1/cmr/m/n/10 and so-lu-tions $\O
ML/cmm/m/it/10 y[]\OT1/cmr/m/n/10 (\OML/cmm/m/it/10 t\OT1/cmr/m/n/10 ) = [] [] 
\OML/cmm/m/it/10 ;  y[]\OT1/cmr/m/n/10 (\OML/cmm/m/it/10 t\OT1/cmr/m/n/10 ) =
 []

[12]
LaTeX Font Info:    Trying to load font information for T1+cmtt on input line 6
51.
 (/usr/share/texlive/texmf-dist/tex/latex/base/t1cmtt.fd
File: t1cmtt.fd 2023/04/13 v2.5m Standard LaTeX font definitions
)

LaTeX Warning: Reference `tab:Parameter-settings.' on page 13 undefined on inpu
t line 652.


LaTeX Warning: Reference `tab:genetic_results' on page 13 undefined on input li
ne 661.

[13]

LaTeX Warning: Reference `fig:Average-execution-times' on page 14 undefined on 
input line 691.


LaTeX Warning: Citation `openmp' on page 14 undefined on input line 696.


LaTeX Warning: Reference `fig:nlode4_error' on page 14 undefined on input line 
708.


LaTeX Warning: Reference `fig:error_sode2' on page 14 undefined on input line 7
08.

<timecomparison.pdf, id=66, 455.7025pt x 255.95625pt>
File: timecomparison.pdf Graphic file (type pdf)
<use timecomparison.pdf>
Package pdftex.def Info: timecomparison.pdf  used on input line 799.
(pdftex.def)             Requested size: 318.98956pt x 179.16814pt.
<nlode4_error.pdf, id=67, 361.35pt x 216.81pt>
File: nlode4_error.pdf Graphic file (type pdf)
<use nlode4_error.pdf>
Package pdftex.def Info: nlode4_error.pdf  used on input line 806.
(pdftex.def)             Requested size: 252.94327pt x 151.76596pt.
<sode2_error.pdf, id=68, 361.35pt x 216.81pt>
File: sode2_error.pdf Graphic file (type pdf)
<use sode2_error.pdf>
Package pdftex.def Info: sode2_error.pdf  used on input line 813.
(pdftex.def)             Requested size: 252.94327pt x 151.76596pt.
[14] [15 <./timecomparison.pdf>] [16 <./nlode4_error.pdf> <./sode2_error.pdf>]

LaTeX Warning: Citation `de_hires' on page 17 undefined on input line 828.


LaTeX Warning: Citation `de_rober' on page 17 undefined on input line 852.


LaTeX Warning: Citation `de_orego' on page 17 undefined on input line 865.


LaTeX Warning: Citation `de_memb' on page 17 undefined on input line 882.


LaTeX Warning: Reference `tab:Comparison-with-MEMDB' on page 17 undefined on in
put line 883.

[17]

LaTeX Warning: Citation `openmpi' on page 18 undefined on input line 923.


LaTeX Warning: Citation `openmp' on page 18 undefined on input line 923.


Underfull \hbox (badness 1270) in paragraph at lines 937--941
[]\T1/cmr/m/n/10 J.L. Pad-gett, Y. Geldiyev, S. Gau-tam, W. Peng, Y. Mechref, A
.
 []

[18]
Underfull \hbox (badness 1281) in paragraph at lines 962--965
[]\T1/cmr/m/n/10 C.A. Kennedy, M.H. Car-pen-ter, Higher-order ad-di-tive Runge-
-Kutta
 []


Underfull \hbox (badness 1817) in paragraph at lines 977--981
[]\T1/cmr/m/n/10 M.H.Heydari, M.R.Hooshmandasl, F.Mohammadi, Leg-en-dre wavelet
s
 []

[19] [20] [21] [22] [23] [24] (./desolverwithgo_nonames.aux)
 ***********
LaTeX2e <2023-06-01> patch level 1
L3 programming layer <2023-08-29>
 ***********


LaTeX Warning: There were undefined references.


LaTeX Warning: Label(s) may have changed. Rerun to get cross-references right.

 ) 
Here is how much of TeX's memory you used:
 2941 strings out of 476812
 48589 string characters out of 5807285
 1940791 words of memory out of 5000000
 24234 multiletter control sequences out of 15000+600000
 570658 words of font info for 65 fonts, out of 8000000 for 9000
 59 hyphenation exceptions out of 8191
 57i,13n,65p,291b,318s stack positions out of 10000i,1000n,20000p,200000b,200000s
 </home/sheridan/.texlive2023/texmf-var/fonts/pk/ljfour/jknappen/ec/ectt1000.
600pk> </home/sheridan/.texlive2023/texmf-var/fonts/pk/ljfour/jknappen/ec/ecbx1
200.600pk> </home/sheridan/.texlive2023/texmf-var/fonts/pk/ljfour/jknappen/ec/e
crm0800.600pk> </home/sheridan/.texlive2023/texmf-var/fonts/pk/ljfour/jknappen/
ec/tcrm0600.600pk> </home/sheridan/.texlive2023/texmf-var/fonts/pk/ljfour/jknap
pen/ec/ecbx1440.600pk> </home/sheridan/.texlive2023/texmf-var/fonts/pk/ljfour/j
knappen/ec/ecrm1000.600pk> </home/sheridan/.texlive2023/texmf-var/fonts/pk/ljfo
ur/jknappen/ec/ecbx1000.600pk> </home/sheridan/.texlive2023/texmf-var/fonts/pk/
ljfour/jknappen/ec/ecrm0900.600pk> </home/sheridan/.texlive2023/texmf-var/fonts
/pk/ljfour/jknappen/ec/ecbx0900.600pk> </home/sheridan/.texlive2023/texmf-var/f
onts/pk/ljfour/jknappen/ec/tcrm0800.600pk> </home/sheridan/.texlive2023/texmf-v
ar/fonts/pk/ljfour/jknappen/ec/ecrm1200.600pk> </home/sheridan/.texlive2023/tex
mf-var/fonts/pk/ljfour/jknappen/ec/ecrm1728.600pk></usr/share/texlive/texmf-dis
t/fonts/type1/public/amsfonts/cm/cmex10.pfb></usr/share/texlive/texmf-dist/font
s/type1/public/amsfonts/cm/cmmi10.pfb></usr/share/texlive/texmf-dist/fonts/type
1/public/amsfonts/cm/cmmi5.pfb></usr/share/texlive/texmf-dist/fonts/type1/publi
c/amsfonts/cm/cmmi7.pfb></usr/share/texlive/texmf-dist/fonts/type1/public/amsfo
nts/cm/cmr10.pfb></usr/share/texlive/texmf-dist/fonts/type1/public/amsfonts/cm/
cmr7.pfb></usr/share/texlive/texmf-dist/fonts/type1/public/amsfonts/cm/cmr8.pfb
></usr/share/texlive/texmf-dist/fonts/type1/public/amsfonts/cm/cmsy10.pfb></usr
/share/texlive/texmf-dist/fonts/type1/public/amsfonts/cm/cmsy7.pfb></usr/share/
texlive/texmf-dist/fonts/type1/public/esint-type1/esint10.pfb>
Output written on desolverwithgo_nonames.pdf (24 pages, 321574 bytes).
PDF statistics:
 560 PDF objects out of 1000 (max. 8388607)
 142 compressed objects within 2 object streams
 0 named destinations out of 1000 (max. 500000)
 16 words of extra memory for PDF output out of 10000 (max. 10000000)

