This is pdfTeX, Version 3.141592653-2.6-1.40.24 (TeX Live 2022/Debian) (preloaded format=pdflatex 2022.11.18)  25 NOV 2022 13:13
entering extended mode
 restricted \write18 enabled.
 %&-line parsing enabled.
**rbsampling.tex
(./rbsampling.tex
LaTeX2e <2022-06-01> patch level 5
L3 programming layer <2022-08-30>
(/usr/share/texlive/texmf-dist/tex/latex/base/article.cls
Document Class: article 2021/10/04 v1.4n Standard LaTeX document class
(/usr/share/texlive/texmf-dist/tex/latex/base/size10.clo
File: size10.clo 2021/10/04 v1.4n Standard LaTeX file (size option)
)
\c@part=\count185
\c@section=\count186
\c@subsection=\count187
\c@subsubsection=\count188
\c@paragraph=\count189
\c@subparagraph=\count190
\c@figure=\count191
\c@table=\count192
\abovecaptionskip=\skip47
\belowcaptionskip=\skip48
\bibindent=\dimen138
)
(/usr/share/texlive/texmf-dist/tex/latex/base/fontenc.sty
Package: fontenc 2021/04/29 v2.0v Standard LaTeX package
)
(/usr/share/texlive/texmf-dist/tex/latex/base/inputenc.sty
Package: inputenc 2021/02/14 v1.3d Input encoding file
\inpenc@prehook=\toks16
\inpenc@posthook=\toks17

(/usr/share/texlive/texmf-dist/tex/latex/base/latin9.def
File: latin9.def 2021/02/14 v1.3d Input encoding file
))
(/usr/share/texlive/texmf-dist/tex/latex/float/float.sty
Package: float 2001/11/08 v1.3d Float enhancements (AL)
\c@float@type=\count193
\float@exts=\toks18
\float@box=\box51
\@float@everytoks=\toks19
\@floatcapt=\box52
)
(/usr/share/texlive/texmf-dist/tex/latex/url/url.sty
\Urlmuskip=\muskip16
Package: url 2013/09/16  ver 3.4  Verb mode for urls, etc.
)
(/usr/share/texlive/texmf-dist/tex/latex/amsmath/amstext.sty
Package: amstext 2021/08/26 v2.01 AMS text

(/usr/share/texlive/texmf-dist/tex/latex/amsmath/amsgen.sty
File: amsgen.sty 1999/11/30 v2.0 generic functions
\@emptytoks=\toks20
\ex@=\dimen139
))
(/usr/share/texlive/texmf-dist/tex/latex/graphics/graphicx.sty
Package: graphicx 2021/09/16 v1.2d Enhanced LaTeX Graphics (DPC,SPQR)

(/usr/share/texlive/texmf-dist/tex/latex/graphics/keyval.sty
Package: keyval 2022/05/29 v1.15 key=value parser (DPC)
\KV@toks@=\toks21
)
(/usr/share/texlive/texmf-dist/tex/latex/graphics/graphics.sty
Package: graphics 2022/03/10 v1.4e Standard LaTeX Graphics (DPC,SPQR)

(/usr/share/texlive/texmf-dist/tex/latex/graphics/trig.sty
Package: trig 2021/08/11 v1.11 sin cos tan (DPC)
)
(/usr/share/texlive/texmf-dist/tex/latex/graphics-cfg/graphics.cfg
File: graphics.cfg 2016/06/04 v1.11 sample graphics configuration
)
Package graphics Info: Driver file: pdftex.def on input line 107.

(/usr/share/texlive/texmf-dist/tex/latex/graphics-def/pdftex.def
File: pdftex.def 2020/10/05 v1.2a Graphics/color driver for pdftex
))
\Gin@req@height=\dimen140
\Gin@req@width=\dimen141
)
\@float@every@algorithm=\toks22
\c@algorithm=\count194

(/usr/share/texlive/texmf-dist/tex/generic/babel/babel.sty
Package: babel 2022/09/17 3.80 The Babel package
\babel@savecnt=\count195
\U@D=\dimen142
\l@unhyphenated=\language7

(/usr/share/texlive/texmf-dist/tex/generic/babel/txtbabel.def)
\bbl@readstream=\read2
\bbl@dirlevel=\count196

(/usr/share/texlive/texmf-dist/tex/generic/babel-english/english.ldf
Language: english 2017/06/06 v3.3r English support from the babel system
Package babel Info: Hyphen rules for 'british' set to \l@english
(babel)             (\language0). Reported on input line 82.
Package babel Info: Hyphen rules for 'UKenglish' set to \l@english
(babel)             (\language0). Reported on input line 83.
Package babel Info: Hyphen rules for 'canadian' set to \l@english
(babel)             (\language0). Reported on input line 102.
Package babel Info: Hyphen rules for 'australian' set to \l@english
(babel)             (\language0). Reported on input line 105.
Package babel Info: Hyphen rules for 'newzealand' set to \l@english
(babel)             (\language0). Reported on input line 108.
))
(/usr/share/texlive/texmf-dist/tex/generic/babel/locale/en/babel-english.tex
Package babel Info: Importing font and identification data for english
(babel)             from babel-en.ini. Reported on input line 11.
)
(/usr/share/texlive/texmf-dist/tex/latex/l3backend/l3backend-pdftex.def
File: l3backend-pdftex.def 2022-08-30 L3 backend support: PDF output (pdfTeX)
\l__color_backend_stack_int=\count197
\l__pdf_internal_box=\box53
)
(./rbsampling.aux)
\openout1 = `rbsampling.aux'.

LaTeX Font Info:    Checking defaults for OML/cmm/m/it on input line 24.
LaTeX Font Info:    ... okay on input line 24.
LaTeX Font Info:    Checking defaults for OMS/cmsy/m/n on input line 24.
LaTeX Font Info:    ... okay on input line 24.
LaTeX Font Info:    Checking defaults for OT1/cmr/m/n on input line 24.
LaTeX Font Info:    ... okay on input line 24.
LaTeX Font Info:    Checking defaults for T1/cmr/m/n on input line 24.
LaTeX Font Info:    ... okay on input line 24.
LaTeX Font Info:    Checking defaults for TS1/cmr/m/n on input line 24.
LaTeX Font Info:    ... okay on input line 24.
LaTeX Font Info:    Checking defaults for OMX/cmex/m/n on input line 24.
LaTeX Font Info:    ... okay on input line 24.
LaTeX Font Info:    Checking defaults for U/cmr/m/n on input line 24.
LaTeX Font Info:    ... okay on input line 24.

(/usr/share/texlive/texmf-dist/tex/context/base/mkii/supp-pdf.mkii
[Loading MPS to PDF converter (version 2006.09.02).]
\scratchcounter=\count198
\scratchdimen=\dimen143
\scratchbox=\box54
\nofMPsegments=\count199
\nofMParguments=\count266
\everyMPshowfont=\toks23
\MPscratchCnt=\count267
\MPscratchDim=\dimen144
\MPnumerator=\count268
\makeMPintoPDFobject=\count269
\everyMPtoPDFconversion=\toks24
) (/usr/share/texlive/texmf-dist/tex/latex/epstopdf-pkg/epstopdf-base.sty
Package: epstopdf-base 2020-01-24 v2.11 Base part for package epstopdf
Package epstopdf-base Info: Redefining graphics rule for `.eps' on input line 4
85.

(/usr/share/texlive/texmf-dist/tex/latex/latexconfig/epstopdf-sys.cfg
File: epstopdf-sys.cfg 2010/07/13 v1.3 Configuration of (r)epstopdf for TeX Liv
e
))
LaTeX Font Info:    External font `cmex10' loaded for size
(Font)              <12> on input line 32.
LaTeX Font Info:    External font `cmex10' loaded for size
(Font)              <8> on input line 32.
LaTeX Font Info:    External font `cmex10' loaded for size
(Font)              <6> on input line 32.

Overfull \hbox (10.20097pt too wide) in paragraph at lines 32--32
 [][] 
 []

LaTeX Font Info:    External font `cmex10' loaded for size
(Font)              <5> on input line 32.
LaTeX Font Info:    External font `cmex10' loaded for size
(Font)              <7> on input line 52.
[1

{/var/lib/texmf/fonts/map/pdftex/updmap/pdftex.map}] [2] [3] [4]
Package epstopdf Info: Source file: <hansen_plot.eps>
(epstopdf)                    date: 2022-10-14 21:59:50
(epstopdf)                    size: 19318 bytes
(epstopdf)             Output file: <hansen_plot-eps-converted-to.pdf>
(epstopdf)                    date: 2022-10-14 21:59:54
(epstopdf)                    size: 9007 bytes
(epstopdf)             Command: <repstopdf --outfile=hansen_plot-eps-converted-
to.pdf hansen_plot.eps>
(epstopdf)             \includegraphics on input line 230.
Package epstopdf Info: Output file is already uptodate.
<hansen_plot-eps-converted-to.pdf, id=34, 361.35pt x 216.81pt>
File: hansen_plot-eps-converted-to.pdf Graphic file (type pdf)
<use hansen_plot-eps-converted-to.pdf>
Package pdftex.def Info: hansen_plot-eps-converted-to.pdf  used on input line 2
30.
(pdftex.def)             Requested size: 252.94327pt x 151.76596pt.
Package epstopdf Info: Source file: <termination_check.eps>
(epstopdf)                    date: 2022-10-14 21:59:50
(epstopdf)                    size: 20489 bytes
(epstopdf)             Output file: <termination_check-eps-converted-to.pdf>
(epstopdf)                    date: 2022-10-14 21:59:54
(epstopdf)                    size: 9184 bytes
(epstopdf)             Command: <repstopdf --outfile=termination_check-eps-conv
erted-to.pdf termination_check.eps>
(epstopdf)             \includegraphics on input line 235.
Package epstopdf Info: Output file is already uptodate.
<termination_check-eps-converted-to.pdf, id=35, 361.35pt x 216.81pt>
File: termination_check-eps-converted-to.pdf Graphic file (type pdf)
<use termination_check-eps-converted-to.pdf>
Package pdftex.def Info: termination_check-eps-converted-to.pdf  used on input 
line 235.
(pdftex.def)             Requested size: 252.94327pt x 151.76596pt.
 [5 <./hansen_plot-eps-converted-to.pdf> <./termination_check-eps-converted-to.
pdf>]
[6]
Package epstopdf Info: Source file: <gaussian.eps>
(epstopdf)                    date: 2022-10-14 21:59:50
(epstopdf)                    size: 21140 bytes
(epstopdf)             Output file: <gaussian-eps-converted-to.pdf>
(epstopdf)                    date: 2022-10-14 21:59:54
(epstopdf)                    size: 9719 bytes
(epstopdf)             Command: <repstopdf --outfile=gaussian-eps-converted-to.
pdf gaussian.eps>
(epstopdf)             \includegraphics on input line 314.
Package epstopdf Info: Output file is already uptodate.
<gaussian-eps-converted-to.pdf, id=53, 361.35pt x 216.81pt>
File: gaussian-eps-converted-to.pdf Graphic file (type pdf)
<use gaussian-eps-converted-to.pdf>
Package pdftex.def Info: gaussian-eps-converted-to.pdf  used on input line 314.

(pdftex.def)             Requested size: 361.34912pt x 216.80946pt.

Overfull \hbox (16.34912pt too wide) in paragraph at lines 314--315
 [][] 
 []

Package epstopdf Info: Source file: <rbfdiagram.eps>
(epstopdf)                    date: 2022-10-14 21:59:50
(epstopdf)                    size: 60589 bytes
(epstopdf)             Output file: <rbfdiagram-eps-converted-to.pdf>
(epstopdf)                    date: 2022-10-14 21:59:54
(epstopdf)                    size: 24584 bytes
(epstopdf)             Command: <repstopdf --outfile=rbfdiagram-eps-converted-t
o.pdf rbfdiagram.eps>
(epstopdf)             \includegraphics on input line 319.
Package epstopdf Info: Output file is already uptodate.
<rbfdiagram-eps-converted-to.pdf, id=54, 1200.485pt x 516.93124pt>
File: rbfdiagram-eps-converted-to.pdf Graphic file (type pdf)
<use rbfdiagram-eps-converted-to.pdf>
Package pdftex.def Info: rbfdiagram-eps-converted-to.pdf  used on input line 31
9.
(pdftex.def)             Requested size: 360.14828pt x 155.08057pt.

Overfull \hbox (15.14828pt too wide) in paragraph at lines 319--320
 [][] 
 []

[7 <./gaussian-eps-converted-to.pdf>]
Package epstopdf Info: Source file: <flowchart.eps>
(epstopdf)                    date: 2022-11-25 13:09:25
(epstopdf)                    size: 147189 bytes
(epstopdf)             Output file: <flowchart-eps-converted-to.pdf>
(epstopdf)                    date: 2022-11-25 13:13:53
(epstopdf)                    size: 51019 bytes
(epstopdf)             Command: <repstopdf --outfile=flowchart-eps-converted-to
.pdf flowchart.eps>
(epstopdf)             \includegraphics on input line 370.
Package epstopdf Info: Output file is already uptodate.
<flowchart-eps-converted-to.pdf, id=64, 315.1775pt x 729.72626pt>
File: flowchart-eps-converted-to.pdf Graphic file (type pdf)
<use flowchart-eps-converted-to.pdf>
Package pdftex.def Info: flowchart-eps-converted-to.pdf  used on input line 370
.
(pdftex.def)             Requested size: 220.62274pt x 510.8049pt.
 [8 <./rbfdiagram-eps-converted-to.pdf>]
[9] [10 <./flowchart-eps-converted-to.pdf>]
Overfull \hbox (20.93904pt too wide) in paragraph at lines 401--405
[]\T1/cmr/bx/n/10 Branin \T1/cmr/m/n/10 func-tion. The func-tion is de-fined by
 $\OML/cmm/m/it/10 f\OT1/cmr/m/n/10 (\OML/cmm/m/it/10 x\OT1/cmr/m/n/10 ) = [][]
 +
 []

[11]
Overfull \hbox (15.35135pt too wide) in paragraph at lines 448--450
[]\T1/cmr/bx/n/10 Hansen \T1/cmr/m/n/10 func-tion. $\OML/cmm/m/it/10 f\OT1/cmr/
m/n/10 (\OML/cmm/m/it/10 x\OT1/cmr/m/n/10 ) = [][] \OML/cmm/m/it/10 i [] [] [][
] j [] []$\T1/cmr/m/n/10 ,
 []

[12]
Overfull \hbox (10.9151pt too wide) in paragraph at lines 477--489
\T1/cmr/m/n/10 with $\OML/cmm/m/it/10 x \OMS/cmsy/m/n/10 2 \OT1/cmr/m/n/10 [0\O
ML/cmm/m/it/10 ; \OT1/cmr/m/n/10 1][]$ \T1/cmr/m/n/10 and $\OML/cmm/m/it/10 a \
OT1/cmr/m/n/10 = [] \OML/cmm/m/it/10 ;  c \OT1/cmr/m/n/10 = []$
 []

[13] [14]
Overfull \hbox (52.71841pt too wide) detected at line 612
\OML/cmm/m/it/10 f\OT1/cmr/m/n/10 (\OML/cmm/m/it/10 x\OT1/cmr/m/n/10 ) = [] [][
] [] [] [] + [][] []
 []

LaTeX Font Info:    Trying to load font information for T1+cmtt on input line 6
34.
(/usr/share/texlive/texmf-dist/tex/latex/base/t1cmtt.fd
File: t1cmtt.fd 2019/12/16 v2.5j Standard LaTeX font definitions
) [15]
Overfull \hbox (1.67712pt too wide) in paragraph at lines 775--851
 [][] 
 []

[16]
Overfull \hbox (1.67712pt too wide) in paragraph at lines 856--932
 [][] 
 []

[17]
Package epstopdf Info: Source file: <timeforsinu.eps>
(epstopdf)                    date: 2022-10-14 21:59:50
(epstopdf)                    size: 29182 bytes
(epstopdf)             Output file: <timeforsinu-eps-converted-to.pdf>
(epstopdf)                    date: 2022-10-14 21:59:54
(epstopdf)                    size: 15880 bytes
(epstopdf)             Command: <repstopdf --outfile=timeforsinu-eps-converted-
to.pdf timeforsinu.eps>
(epstopdf)             \includegraphics on input line 937.
Package epstopdf Info: Output file is already uptodate.
<timeforsinu-eps-converted-to.pdf, id=104, 455.7025pt x 255.95625pt>
File: timeforsinu-eps-converted-to.pdf Graphic file (type pdf)
<use timeforsinu-eps-converted-to.pdf>
Package pdftex.def Info: timeforsinu-eps-converted-to.pdf  used on input line 9
37.
(pdftex.def)             Requested size: 318.98956pt x 179.16814pt.
 [18] [19] [20 <./timeforsinu-eps-converted-to.pdf>] [21] [22] [23]
[24] [25] [26] (./rbsampling.aux) ) 
Here is how much of TeX's memory you used:
 3171 strings out of 476959
 53365 string characters out of 5826741
 432926 words of memory out of 5000000
 24290 multiletter control sequences out of 15000+600000
 484702 words of font info for 56 fonts, out of 8000000 for 9000
 59 hyphenation exceptions out of 8191
 55i,13n,62p,270b,370s stack positions out of 10000i,1000n,20000p,200000b,200000s
 </home/sheridan/.texlive2022/texmf-var/font
s/pk/ljfour/jknappen/ec/ectt1000.600pk> </home/sheridan/.texlive2022/texmf-var/
fonts/pk/ljfour/jknappen/ec/ecbi1000.600pk> </home/sheridan/.texlive2022/texmf-
var/fonts/pk/ljfour/jknappen/ec/tcrm1000.600pk> </home/sheridan/.texlive2022/te
xmf-var/fonts/pk/ljfour/jknappen/ec/ecbx1200.600pk> </home/sheridan/.texlive202
2/texmf-var/fonts/pk/ljfour/jknappen/ec/ecrm0800.600pk> </home/sheridan/.texliv
e2022/texmf-var/fonts/pk/ljfour/jknappen/ec/tcrm0600.600pk> </home/sheridan/.te
xlive2022/texmf-var/fonts/pk/ljfour/jknappen/ec/ecbx1440.600pk> </home/sheridan
/.texlive2022/texmf-var/fonts/pk/ljfour/jknappen/ec/ecrm1000.600pk> </home/sher
idan/.texlive2022/texmf-var/fonts/pk/ljfour/jknappen/ec/ecbx1000.600pk> </home/
sheridan/.texlive2022/texmf-var/fonts/pk/ljfour/jknappen/ec/ecrm0900.600pk> </h
ome/sheridan/.texlive2022/texmf-var/fonts/pk/ljfour/jknappen/ec/ecbx0900.600pk>
 </home/sheridan/.texlive2022/texmf-var/fonts/pk/ljfour/jknappen/ec/tcrm0800.60
0pk> </home/sheridan/.texlive2022/texmf-var/fonts/pk/ljfour/jknappen/ec/ecrm120
0.600pk> </home/sheridan/.texlive2022/texmf-var/fonts/pk/ljfour/jknappen/ec/ecr
m1728.600pk></usr/share/texlive/texmf-dist/fonts/type1/public/amsfonts/cm/cmex1
0.pfb></usr/share/texlive/texmf-dist/fonts/type1/public/amsfonts/cm/cmmi10.pfb>
</usr/share/texlive/texmf-dist/fonts/type1/public/amsfonts/cm/cmmi5.pfb></usr/s
hare/texlive/texmf-dist/fonts/type1/public/amsfonts/cm/cmmi7.pfb></usr/share/te
xlive/texmf-dist/fonts/type1/public/amsfonts/cm/cmr10.pfb></usr/share/texlive/t
exmf-dist/fonts/type1/public/amsfonts/cm/cmr5.pfb></usr/share/texlive/texmf-dis
t/fonts/type1/public/amsfonts/cm/cmr7.pfb></usr/share/texlive/texmf-dist/fonts/
type1/public/amsfonts/cm/cmr8.pfb></usr/share/texlive/texmf-dist/fonts/type1/pu
blic/amsfonts/cm/cmsy10.pfb></usr/share/texlive/texmf-dist/fonts/type1/public/a
msfonts/cm/cmsy5.pfb></usr/share/texlive/texmf-dist/fonts/type1/public/amsfonts
/cm/cmsy7.pfb>
Output written on rbsampling.pdf (26 pages, 380588 bytes).
PDF statistics:
 584 PDF objects out of 1000 (max. 8388607)
 160 compressed objects within 2 object streams
 0 named destinations out of 1000 (max. 500000)
 31 words of extra memory for PDF output out of 10000 (max. 10000000)

