This is pdfTeX, Version 3.141592653-2.6-1.40.24 (TeX Live 2022/Debian) (preloaded format=pdflatex 2024.2.21)  10 APR 2024 09:16
entering extended mode
 restricted \write18 enabled.
 %&-line parsing enabled.
**neuralminimizer.tex
(./neuralminimizer.tex
LaTeX2e <2022-11-01> patch level 1
L3 programming layer <2023-01-16>
(/usr/share/texlive/texmf-dist/tex/latex/base/article.cls
Document Class: article 2022/07/02 v1.4n Standard LaTeX document class
(/usr/share/texlive/texmf-dist/tex/latex/base/size10.clo
File: size10.clo 2022/07/02 v1.4n Standard LaTeX file (size option)
)
\c@part=\count185
\c@section=\count186
\c@subsection=\count187
\c@subsubsection=\count188
\c@paragraph=\count189
\c@subparagraph=\count190
\c@figure=\count191
\c@table=\count192
\abovecaptionskip=\skip48
\belowcaptionskip=\skip49
\bibindent=\dimen140
)
(/usr/share/texlive/texmf-dist/tex/latex/base/fontenc.sty
Package: fontenc 2021/04/29 v2.0v Standard LaTeX package
)
(/usr/share/texlive/texmf-dist/tex/latex/base/inputenc.sty
Package: inputenc 2021/02/14 v1.3d Input encoding file
\inpenc@prehook=\toks16
\inpenc@posthook=\toks17

(/usr/share/texlive/texmf-dist/tex/latex/base/latin9.def
File: latin9.def 2021/02/14 v1.3d Input encoding file
))
(/usr/share/texlive/texmf-dist/tex/latex/url/url.sty
\Urlmuskip=\muskip16
Package: url 2013/09/16  ver 3.4  Verb mode for urls, etc.
)
(/usr/share/texlive/texmf-dist/tex/latex/graphics/graphicx.sty
Package: graphicx 2021/09/16 v1.2d Enhanced LaTeX Graphics (DPC,SPQR)

(/usr/share/texlive/texmf-dist/tex/latex/graphics/keyval.sty
Package: keyval 2022/05/29 v1.15 key=value parser (DPC)
\KV@toks@=\toks18
)
(/usr/share/texlive/texmf-dist/tex/latex/graphics/graphics.sty
Package: graphics 2022/03/10 v1.4e Standard LaTeX Graphics (DPC,SPQR)

(/usr/share/texlive/texmf-dist/tex/latex/graphics/trig.sty
Package: trig 2021/08/11 v1.11 sin cos tan (DPC)
)
(/usr/share/texlive/texmf-dist/tex/latex/graphics-cfg/graphics.cfg
File: graphics.cfg 2016/06/04 v1.11 sample graphics configuration
)
Package graphics Info: Driver file: pdftex.def on input line 107.

(/usr/share/texlive/texmf-dist/tex/latex/graphics-def/pdftex.def
File: pdftex.def 2022/09/22 v1.2b Graphics/color driver for pdftex
))
\Gin@req@height=\dimen141
\Gin@req@width=\dimen142
)
(/usr/share/texlive/texmf-dist/tex/generic/babel/babel.sty
Package: babel 2022/12/26 3.84 The Babel package
\babel@savecnt=\count193
\U@D=\dimen143
\l@unhyphenated=\language7

(/usr/share/texlive/texmf-dist/tex/generic/babel/txtbabel.def)
\bbl@readstream=\read2
\bbl@dirlevel=\count194

(/usr/share/texlive/texmf-dist/tex/generic/babel-english/english.ldf
Language: english 2017/06/06 v3.3r English support from the babel system
Package babel Info: Hyphen rules for 'british' set to \l@english
(babel)             (\language0). Reported on input line 82.
Package babel Info: Hyphen rules for 'UKenglish' set to \l@english
(babel)             (\language0). Reported on input line 83.
Package babel Info: Hyphen rules for 'canadian' set to \l@english
(babel)             (\language0). Reported on input line 102.
Package babel Info: Hyphen rules for 'australian' set to \l@english
(babel)             (\language0). Reported on input line 105.
Package babel Info: Hyphen rules for 'newzealand' set to \l@english
(babel)             (\language0). Reported on input line 108.
))
(/usr/share/texlive/texmf-dist/tex/generic/babel/locale/en/babel-english.tex
Package babel Info: Importing font and identification data for english
(babel)             from babel-en.ini. Reported on input line 11.
)
(/usr/share/texlive/texmf-dist/tex/latex/l3backend/l3backend-pdftex.def
File: l3backend-pdftex.def 2023-01-16 L3 backend support: PDF output (pdfTeX)
\l__color_backend_stack_int=\count195
\l__pdf_internal_box=\box51
)
No file neuralminimizer.aux.
\openout1 = `neuralminimizer.aux'.

LaTeX Font Info:    Checking defaults for OML/cmm/m/it on input line 18.
LaTeX Font Info:    ... okay on input line 18.
LaTeX Font Info:    Checking defaults for OMS/cmsy/m/n on input line 18.
LaTeX Font Info:    ... okay on input line 18.
LaTeX Font Info:    Checking defaults for OT1/cmr/m/n on input line 18.
LaTeX Font Info:    ... okay on input line 18.
LaTeX Font Info:    Checking defaults for T1/cmr/m/n on input line 18.
LaTeX Font Info:    ... okay on input line 18.
LaTeX Font Info:    Checking defaults for TS1/cmr/m/n on input line 18.
LaTeX Font Info:    ... okay on input line 18.
LaTeX Font Info:    Checking defaults for OMX/cmex/m/n on input line 18.
LaTeX Font Info:    ... okay on input line 18.
LaTeX Font Info:    Checking defaults for U/cmr/m/n on input line 18.
LaTeX Font Info:    ... okay on input line 18.
(/usr/share/texlive/texmf-dist/tex/context/base/mkii/supp-pdf.mkii
[Loading MPS to PDF converter (version 2006.09.02).]
\scratchcounter=\count196
\scratchdimen=\dimen144
\scratchbox=\box52
\nofMPsegments=\count197
\nofMParguments=\count198
\everyMPshowfont=\toks19
\MPscratchCnt=\count199
\MPscratchDim=\dimen145
\MPnumerator=\count266
\makeMPintoPDFobject=\count267
\everyMPtoPDFconversion=\toks20
) (/usr/share/texlive/texmf-dist/tex/latex/epstopdf-pkg/epstopdf-base.sty
Package: epstopdf-base 2020-01-24 v2.11 Base part for package epstopdf
Package epstopdf-base Info: Redefining graphics rule for `.eps' on input line 4
85.

(/usr/share/texlive/texmf-dist/tex/latex/latexconfig/epstopdf-sys.cfg
File: epstopdf-sys.cfg 2010/07/13 v1.3 Configuration of (r)epstopdf for TeX Liv
e
))
LaTeX Font Info:    External font `cmex10' loaded for size
(Font)              <12> on input line 28.
LaTeX Font Info:    External font `cmex10' loaded for size
(Font)              <8> on input line 28.
LaTeX Font Info:    External font `cmex10' loaded for size
(Font)              <6> on input line 28.
LaTeX Font Info:    External font `cmex10' loaded for size
(Font)              <5> on input line 28.
LaTeX Font Info:    External font `cmex10' loaded for size
(Font)              <7> on input line 48.


LaTeX Warning: Citation `go_physics1' on page 1 undefined on input line 58.


LaTeX Warning: Citation `go_physics2' on page 1 undefined on input line 58.


LaTeX Warning: Citation `go_physics3' on page 1 undefined on input line 58.


LaTeX Warning: Citation `go_chemistry1' on page 1 undefined on input line 59.


LaTeX Warning: Citation `go_chemistry2' on page 1 undefined on input line 59.


LaTeX Warning: Citation `go_chemistry3' on page 1 undefined on input line 59.


LaTeX Warning: Citation `go_econ1' on page 1 undefined on input line 60.


LaTeX Warning: Citation `go_econ2' on page 1 undefined on input line 60.


LaTeX Warning: Citation `go_med1' on page 1 undefined on input line 60.


LaTeX Warning: Citation `go_med2' on page 1 undefined on input line 60.


LaTeX Warning: Reference `eq:eq1' on page 1 undefined on input line 62.


LaTeX Warning: Citation `crs1' on page 1 undefined on input line 63.


LaTeX Warning: Citation `crs2' on page 1 undefined on input line 63.


LaTeX Warning: Citation `crs3' on page 1 undefined on input line 63.


LaTeX Warning: Citation `simann_major' on page 1 undefined on input line 64.


LaTeX Warning: Citation `simann1' on page 1 undefined on input line 64.


LaTeX Warning: Citation `simann2' on page 1 undefined on input line 64.


LaTeX Warning: Citation `diffe1' on page 1 undefined on input line 65.


LaTeX Warning: Citation `diffe2' on page 1 undefined on input line 65.


LaTeX Warning: Citation `pso_major' on page 1 undefined on input line 66.


LaTeX Warning: Citation `pso1' on page 1 undefined on input line 66.


LaTeX Warning: Citation `pso2' on page 1 undefined on input line 66.


LaTeX Warning: Citation `aco1' on page 1 undefined on input line 67.


LaTeX Warning: Citation `aco2' on page 1 undefined on input line 67.


LaTeX Warning: Citation `ga1' on page 1 undefined on input line 67.


LaTeX Warning: Citation `ga2' on page 1 undefined on input line 67.


LaTeX Warning: Citation `ga3' on page 1 undefined on input line 67.


LaTeX Warning: Citation `FloudasReview' on page 1 undefined on input line 69.


LaTeX Warning: Citation `pso_hybrid1' on page 1 undefined on input line 73.


LaTeX Warning: Citation `pso_hybrid2' on page 1 undefined on input line 73.


LaTeX Warning: Citation `pso_hybrid3' on page 1 undefined on input line 73.


LaTeX Warning: Citation `tmlsl' on page 1 undefined on input line 74.


LaTeX Warning: Citation `Salhi' on page 1 undefined on input line 74.


LaTeX Warning: Citation `minfinder' on page 1 undefined on input line 74.


LaTeX Warning: Citation `msstop1' on page 1 undefined on input line 76.


LaTeX Warning: Citation `msstop2' on page 1 undefined on input line 76.


LaTeX Warning: Citation `msstop3' on page 1 undefined on input line 76.


LaTeX Warning: Citation `parallel-pso' on page 1 undefined on input line 79.


LaTeX Warning: Citation `parallel-multistart' on page 1 undefined on input line
 79.


LaTeX Warning: Citation `parallel-doublepop' on page 1 undefined on input line 
79.


LaTeX Warning: Citation `msgpu1' on page 1 undefined on input line 80.


LaTeX Warning: Citation `msgpu2' on page 1 undefined on input line 80.

[1

{/var/lib/texmf/fonts/map/pdftex/updmap/pdftex.map}]

LaTeX Warning: Citation `multistart-tsp1' on page 2 undefined on input line 87.



LaTeX Warning: Citation `multistart_tsp2' on page 2 undefined on input line 87.



LaTeX Warning: Citation `multistart_tsp3' on page 2 undefined on input line 87.



LaTeX Warning: Citation `ms_clique1' on page 2 undefined on input line 88.


LaTeX Warning: Citation `ms_clique2' on page 2 undefined on input line 88.


LaTeX Warning: Citation `multistart-vehicle1' on page 2 undefined on input line
 89.


LaTeX Warning: Citation `multistart-vehicle2' on page 2 undefined on input line
 89.


LaTeX Warning: Citation `ms_schedule1' on page 2 undefined on input line 90.


LaTeX Warning: Citation `ms_schedule2' on page 2 undefined on input line 90.


LaTeX Warning: Citation `rbf_main1' on page 2 undefined on input line 91.


LaTeX Warning: Citation `rbf_face' on page 2 undefined on input line 101.


LaTeX Warning: Citation `rbf_function1' on page 2 undefined on input line 101.


LaTeX Warning: Citation `rbf_function2' on page 2 undefined on input line 101.


LaTeX Warning: Citation `rbf_image' on page 2 undefined on input line 101.


LaTeX Warning: Citation `Tsoulos1' on page 2 undefined on input line 104.


LaTeX Warning: Reference `sec:Method-Description' on page 2 undefined on input 
line 111.


LaTeX Warning: Reference `sec:Experiments' on page 2 undefined on input line 11
2.


LaTeX Warning: Reference `sec:Conclusions' on page 2 undefined on input line 11
4.


LaTeX Warning: Citation `powell' on page 2 undefined on input line 129.

[2]

LaTeX Warning: Reference `fig:A-plot-for' on page 3 undefined on input line 161
.


LaTeX Warning: Reference `eq:rbf_error' on page 3 undefined on input line 167.


LaTeX Warning: Citation `kmeans' on page 3 undefined on input line 172.

[3]
Package epstopdf Info: Source file: <gaussian.eps>
(epstopdf)                    date: 2024-02-23 11:57:32
(epstopdf)                    size: 21140 bytes
(epstopdf)             Output file: <gaussian-eps-converted-to.pdf>
(epstopdf)                    date: 2024-04-05 07:59:21
(epstopdf)                    size: 9721 bytes
(epstopdf)             Command: <repstopdf --outfile=gaussian-eps-converted-to.
pdf gaussian.eps>
(epstopdf)             \includegraphics on input line 194.
Package epstopdf Info: Output file is already uptodate.
<gaussian-eps-converted-to.pdf, id=31, 361.35pt x 216.81pt>
File: gaussian-eps-converted-to.pdf Graphic file (type pdf)
<use gaussian-eps-converted-to.pdf>
Package pdftex.def Info: gaussian-eps-converted-to.pdf  used on input line 194.

(pdftex.def)             Requested size: 252.94327pt x 151.76596pt.
 [4 <./gaussian-eps-converted-to.pdf>]

LaTeX Warning: Citation `Tsoulos1' on page 5 undefined on input line 251.


LaTeX Warning: Citation `Ali1' on page 5 undefined on input line 266.


LaTeX Warning: Citation `Floudas1' on page 5 undefined on input line 266.

[5]
Overfull \hbox (20.93904pt too wide) in paragraph at lines 289--292
[]\T1/cmr/bx/n/10 Branin \T1/cmr/m/n/10 func-tion. The func-tion is de-fined by
 $\OML/cmm/m/it/10 f\OT1/cmr/m/n/10 (\OML/cmm/m/it/10 x\OT1/cmr/m/n/10 ) = [][]
 +
 []

[6]
Overfull \hbox (15.35135pt too wide) in paragraph at lines 327--329
[]\T1/cmr/bx/n/10 Hansen \T1/cmr/m/n/10 func-tion. $\OML/cmm/m/it/10 f\OT1/cmr/
m/n/10 (\OML/cmm/m/it/10 x\OT1/cmr/m/n/10 ) = [][] \OML/cmm/m/it/10 i [] [] [][
] j [] []$\T1/cmr/m/n/10 ,
 []

[7]
Overfull \hbox (10.9151pt too wide) in paragraph at lines 356--368
\T1/cmr/m/n/10 with $\OML/cmm/m/it/10 x \OMS/cmsy/m/n/10 2 \OT1/cmr/m/n/10 [0\O
ML/cmm/m/it/10 ; \OT1/cmr/m/n/10 1][]$ \T1/cmr/m/n/10 and $\OML/cmm/m/it/10 a \
OT1/cmr/m/n/10 = [] \OML/cmm/m/it/10 ;  c \OT1/cmr/m/n/10 = []$
 []


LaTeX Warning: Citation `Jones' on page 8 undefined on input line 385.

[8]
Overfull \hbox (52.71841pt too wide) detected at line 487
\OML/cmm/m/it/10 f\OT1/cmr/m/n/10 (\OML/cmm/m/it/10 x\OT1/cmr/m/n/10 ) = [] [][
] [] [] [] + [][] []
 []


LaTeX Warning: Reference `tab:Experimental-settings.' on page 9 undefined on in
put line 503.

LaTeX Font Info:    Trying to load font information for T1+cmtt on input line 5
08.
(/usr/share/texlive/texmf-dist/tex/latex/base/t1cmtt.fd
File: t1cmtt.fd 2022/07/10 v2.5l Standard LaTeX font definitions
) [9]

LaTeX Warning: Reference `tab:Comparison' on page 10 undefined on input line 51
3.


LaTeX Warning: Reference `tab:kexperiments' on page 10 undefined on input line 
528.


Overfull \hbox (64.91864pt too wide) in paragraph at lines 539--557
 [][] 
 []

[10] [11] [12] [13] [14] [15] [16] [17] [18] (./neuralminimizer.aux)

LaTeX Warning: There were undefined references.


LaTeX Warning: Label(s) may have changed. Rerun to get cross-references right.

 ) 
Here is how much of TeX's memory you used:
 2796 strings out of 477975
 45698 string characters out of 5839281
 1884330 words of memory out of 5000000
 22914 multiletter control sequences out of 15000+600000
 526196 words of font info for 58 fonts, out of 8000000 for 9000
 59 hyphenation exceptions out of 8191
 57i,13n,62p,242b,298s stack positions out of 10000i,1000n,20000p,200000b,200000s
 </home/sheridan/.texlive2022/texmf-var/fonts/pk/ljfour/jknappen/ec/ectt1000.
600pk> </home/sheridan/.texlive2022/texmf-var/fonts/pk/ljfour/jknappen/ec/ecti1
000.600pk> </home/sheridan/.texlive2022/texmf-var/fonts/pk/ljfour/jknappen/ec/e
cbi1000.600pk> </home/sheridan/.texlive2022/texmf-var/fonts/pk/ljfour/jknappen/
ec/tcrm1000.600pk> </home/sheridan/.texlive2022/texmf-var/fonts/pk/ljfour/jknap
pen/ec/ecbx1200.600pk> </home/sheridan/.texlive2022/texmf-var/fonts/pk/ljfour/j
knappen/ec/ecbx1000.600pk> </home/sheridan/.texlive2022/texmf-var/fonts/pk/ljfo
ur/jknappen/ec/ecrm0800.600pk> </home/sheridan/.texlive2022/texmf-var/fonts/pk/
ljfour/jknappen/ec/tcrm0600.600pk> </home/sheridan/.texlive2022/texmf-var/fonts
/pk/ljfour/jknappen/ec/ecrm1000.600pk> </home/sheridan/.texlive2022/texmf-var/f
onts/pk/ljfour/jknappen/ec/ecbx1440.600pk> </home/sheridan/.texlive2022/texmf-v
ar/fonts/pk/ljfour/jknappen/ec/ecrm0900.600pk> </home/sheridan/.texlive2022/tex
mf-var/fonts/pk/ljfour/jknappen/ec/ecbx0900.600pk> </home/sheridan/.texlive2022
/texmf-var/fonts/pk/ljfour/jknappen/ec/tcrm0800.600pk> </home/sheridan/.texlive
2022/texmf-var/fonts/pk/ljfour/jknappen/ec/ecrm1200.600pk> </home/sheridan/.tex
live2022/texmf-var/fonts/pk/ljfour/jknappen/ec/ecrm1728.600pk></usr/share/texli
ve/texmf-dist/fonts/type1/public/amsfonts/cm/cmex10.pfb></usr/share/texlive/tex
mf-dist/fonts/type1/public/amsfonts/cm/cmmi10.pfb></usr/share/texlive/texmf-dis
t/fonts/type1/public/amsfonts/cm/cmmi5.pfb></usr/share/texlive/texmf-dist/fonts
/type1/public/amsfonts/cm/cmmi7.pfb></usr/share/texlive/texmf-dist/fonts/type1/
public/amsfonts/cm/cmr10.pfb></usr/share/texlive/texmf-dist/fonts/type1/public/
amsfonts/cm/cmr5.pfb></usr/share/texlive/texmf-dist/fonts/type1/public/amsfonts
/cm/cmr7.pfb></usr/share/texlive/texmf-dist/fonts/type1/public/amsfonts/cm/cmr8
.pfb></usr/share/texlive/texmf-dist/fonts/type1/public/amsfonts/cm/cmsy10.pfb><
/usr/share/texlive/texmf-dist/fonts/type1/public/amsfonts/cm/cmsy5.pfb></usr/sh
are/texlive/texmf-dist/fonts/type1/public/amsfonts/cm/cmsy7.pfb>
Output written on neuralminimizer.pdf (18 pages, 274152 bytes).
PDF statistics:
 556 PDF objects out of 1000 (max. 8388607)
 137 compressed objects within 2 object streams
 0 named destinations out of 1000 (max. 500000)
 6 words of extra memory for PDF output out of 10000 (max. 10000000)

