This is pdfTeX, Version 3.141592653-2.6-1.40.25 (TeX Live 2023/Debian) (preloaded format=pdflatex 2023.10.5)  12 OCT 2023 14:21
entering extended mode
 restricted \write18 enabled.
 %&-line parsing enabled.
**desolverwithgo_final.tex
(./desolverwithgo_final.tex
LaTeX2e <2023-06-01>
L3 programming layer <2023-06-05>
(/usr/share/texlive/texmf-dist/tex/latex/base/article.cls
Document Class: article 2023/05/17 v1.4n Standard LaTeX document class
(/usr/share/texlive/texmf-dist/tex/latex/base/size10.clo
File: size10.clo 2023/05/17 v1.4n Standard LaTeX file (size option)
)
\c@part=\count185
\c@section=\count186
\c@subsection=\count187
\c@subsubsection=\count188
\c@paragraph=\count189
\c@subparagraph=\count190
\c@figure=\count191
\c@table=\count192
\abovecaptionskip=\skip48
\belowcaptionskip=\skip49
\bibindent=\dimen140
)
(/usr/share/texlive/texmf-dist/tex/latex/base/fontenc.sty
Package: fontenc 2021/04/29 v2.0v Standard LaTeX package
)
(/usr/share/texlive/texmf-dist/tex/latex/base/inputenc.sty
Package: inputenc 2021/02/14 v1.3d Input encoding file
\inpenc@prehook=\toks17
\inpenc@posthook=\toks18

(/usr/share/texlive/texmf-dist/tex/latex/base/latin9.def
File: latin9.def 2021/02/14 v1.3d Input encoding file
))
(/usr/share/texlive/texmf-dist/tex/latex/url/url.sty
\Urlmuskip=\muskip16
Package: url 2013/09/16  ver 3.4  Verb mode for urls, etc.
)
(/usr/share/texlive/texmf-dist/tex/latex/graphics/graphicx.sty
Package: graphicx 2021/09/16 v1.2d Enhanced LaTeX Graphics (DPC,SPQR)

(/usr/share/texlive/texmf-dist/tex/latex/graphics/keyval.sty
Package: keyval 2022/05/29 v1.15 key=value parser (DPC)
\KV@toks@=\toks19
)
(/usr/share/texlive/texmf-dist/tex/latex/graphics/graphics.sty
Package: graphics 2022/03/10 v1.4e Standard LaTeX Graphics (DPC,SPQR)

(/usr/share/texlive/texmf-dist/tex/latex/graphics/trig.sty
Package: trig 2021/08/11 v1.11 sin cos tan (DPC)
)
(/usr/share/texlive/texmf-dist/tex/latex/graphics-cfg/graphics.cfg
File: graphics.cfg 2016/06/04 v1.11 sample graphics configuration
)
Package graphics Info: Driver file: pdftex.def on input line 107.

(/usr/share/texlive/texmf-dist/tex/latex/graphics-def/pdftex.def
File: pdftex.def 2022/09/22 v1.2b Graphics/color driver for pdftex
))
\Gin@req@height=\dimen141
\Gin@req@width=\dimen142
)
(/usr/share/texlive/texmf-dist/tex/latex/esint/esint.sty
Package: esint 
\symlargesymbolsA=\mathgroup4
)
(/usr/share/texlive/texmf-dist/tex/generic/babel/babel.sty
Package: babel 2023/05/11 v3.89 The Babel package
\babel@savecnt=\count193
\U@D=\dimen143
\l@unhyphenated=\language7

(/usr/share/texlive/texmf-dist/tex/generic/babel/txtbabel.def)
\bbl@readstream=\read2
\bbl@dirlevel=\count194

(/usr/share/texlive/texmf-dist/tex/generic/babel-english/english.ldf
Language: english 2017/06/06 v3.3r English support from the babel system
Package babel Info: Hyphen rules for 'british' set to \l@english
(babel)             (\language0). Reported on input line 82.
Package babel Info: Hyphen rules for 'UKenglish' set to \l@english
(babel)             (\language0). Reported on input line 83.
Package babel Info: Hyphen rules for 'canadian' set to \l@english
(babel)             (\language0). Reported on input line 102.
Package babel Info: Hyphen rules for 'australian' set to \l@english
(babel)             (\language0). Reported on input line 105.
Package babel Info: Hyphen rules for 'newzealand' set to \l@english
(babel)             (\language0). Reported on input line 108.
))
(/usr/share/texlive/texmf-dist/tex/generic/babel/locale/en/babel-english.tex
Package babel Info: Importing font and identification data for english
(babel)             from babel-en.ini. Reported on input line 11.
)
(/usr/share/texlive/texmf-dist/tex/latex/l3backend/l3backend-pdftex.def
File: l3backend-pdftex.def 2023-04-19 L3 backend support: PDF output (pdfTeX)
\l__color_backend_stack_int=\count195
\l__pdf_internal_box=\box51
)
(./desolverwithgo_final.aux)
\openout1 = `desolverwithgo_final.aux'.

LaTeX Font Info:    Checking defaults for OML/cmm/m/it on input line 19.
LaTeX Font Info:    ... okay on input line 19.
LaTeX Font Info:    Checking defaults for OMS/cmsy/m/n on input line 19.
LaTeX Font Info:    ... okay on input line 19.
LaTeX Font Info:    Checking defaults for OT1/cmr/m/n on input line 19.
LaTeX Font Info:    ... okay on input line 19.
LaTeX Font Info:    Checking defaults for T1/cmr/m/n on input line 19.
LaTeX Font Info:    ... okay on input line 19.
LaTeX Font Info:    Checking defaults for TS1/cmr/m/n on input line 19.
LaTeX Font Info:    ... okay on input line 19.
LaTeX Font Info:    Checking defaults for OMX/cmex/m/n on input line 19.
LaTeX Font Info:    ... okay on input line 19.
LaTeX Font Info:    Checking defaults for U/cmr/m/n on input line 19.
LaTeX Font Info:    ... okay on input line 19.

(/usr/share/texlive/texmf-dist/tex/context/base/mkii/supp-pdf.mkii
[Loading MPS to PDF converter (version 2006.09.02).]
\scratchcounter=\count196
\scratchdimen=\dimen144
\scratchbox=\box52
\nofMPsegments=\count197
\nofMParguments=\count198
\everyMPshowfont=\toks20
\MPscratchCnt=\count199
\MPscratchDim=\dimen145
\MPnumerator=\count266
\makeMPintoPDFobject=\count267
\everyMPtoPDFconversion=\toks21
) (/usr/share/texlive/texmf-dist/tex/latex/epstopdf-pkg/epstopdf-base.sty
Package: epstopdf-base 2020-01-24 v2.11 Base part for package epstopdf
Package epstopdf-base Info: Redefining graphics rule for `.eps' on input line 4
85.

(/usr/share/texlive/texmf-dist/tex/latex/latexconfig/epstopdf-sys.cfg
File: epstopdf-sys.cfg 2010/07/13 v1.3 Configuration of (r)epstopdf for TeX Liv
e
))
LaTeX Font Info:    External font `cmex10' loaded for size
(Font)              <12> on input line 28.
LaTeX Font Info:    External font `cmex10' loaded for size
(Font)              <8> on input line 28.
LaTeX Font Info:    External font `cmex10' loaded for size
(Font)              <6> on input line 28.
LaTeX Font Info:    Trying to load font information for U+esint on input line 2
8.

(/usr/share/texlive/texmf-dist/tex/latex/esint/uesint.fd
File: uesint.fd 
)
Overfull \hbox (10.20097pt too wide) in paragraph at lines 28--28
 [][] 
 []

LaTeX Font Info:    External font `cmex10' loaded for size
(Font)              <5> on input line 28.
[1

{/var/lib/texmf/fonts/map/pdftex/updmap/pdftex.map}]
LaTeX Font Info:    External font `cmex10' loaded for size
(Font)              <7> on input line 78.
 [2]
Overfull \hbox (37.41461pt too wide) in paragraph at lines 164--165
[]\T1/cmr/bx/n/10 Compute \T1/cmr/m/n/10 the quan-tity for the er-ror $\OML/cmm
/m/it/10 E[] \OT1/cmr/m/n/10 = [][] \OML/cmm/m/it/10   [][]$ 
 []

[3]
Overfull \hbox (40.82018pt too wide) in paragraph at lines 202--203
[]\T1/cmr/bx/n/10 Calculate \T1/cmr/m/n/10 the er-ror value: $\OML/cmm/m/it/10 
E[] \OT1/cmr/m/n/10 = [][] [][]$ 
 []

[4] [5] [6] [7]
Overfull \hbox (4.2787pt too wide) in paragraph at lines 416--418
[]\T1/cmr/bx/n/10 Initialize \T1/cmr/m/n/10 the ve-loc-i-ties of the par-ti-cle
s $\OML/cmm/m/it/10 u[]; u[]; :::; u[]$ \T1/cmr/m/n/10 us-ing the scheme 
 []

[8] [9] [10] [11]
Overfull \hbox (28.03362pt too wide) in paragraph at lines 605--608
\T1/cmr/m/n/10 with $\OML/cmm/m/it/10 y[]\OT1/cmr/m/n/10 (0) = [](1\OML/cmm/m/i
t/10 :\OT1/cmr/m/n/10 0)\OML/cmm/m/it/10 ;  y[]\OT1/cmr/m/n/10 (0) = 1\OML/cmm/
m/it/10 :\OT1/cmr/m/n/10 0\OML/cmm/m/it/10 ;  t \OMS/cmsy/m/n/10 2 \OT1/cmr/m/n
/10 [0\OML/cmm/m/it/10 ; \OT1/cmr/m/n/10 1]$ \T1/cmr/m/n/10 and so-lu-tions $\O
ML/cmm/m/it/10 y[]\OT1/cmr/m/n/10 (\OML/cmm/m/it/10 t\OT1/cmr/m/n/10 ) = [] [] 
\OML/cmm/m/it/10 ;  y[]\OT1/cmr/m/n/10 (\OML/cmm/m/it/10 t\OT1/cmr/m/n/10 ) =
 []

[12]
LaTeX Font Info:    Trying to load font information for T1+cmtt on input line 6
51.
 (/usr/share/texlive/texmf-dist/tex/latex/base/t1cmtt.fd
File: t1cmtt.fd 2023/04/13 v2.5m Standard LaTeX font definitions
) [13]
Package epstopdf Info: Source file: <timecomparison.eps>
(epstopdf)                    date: 2023-10-06 06:57:36
(epstopdf)                    size: 56408 bytes
(epstopdf)             Output file: <timecomparison-eps-converted-to.pdf>
(epstopdf)                    date: 2023-10-12 14:20:57
(epstopdf)                    size: 29291 bytes
(epstopdf)             Command: <repstopdf --outfile=timecomparison-eps-convert
ed-to.pdf timecomparison.eps>
(epstopdf)             \includegraphics on input line 799.
Package epstopdf Info: Output file is already uptodate.
<timecomparison-eps-converted-to.pdf, id=66, 455.7025pt x 255.95625pt>
File: timecomparison-eps-converted-to.pdf Graphic file (type pdf)
<use timecomparison-eps-converted-to.pdf>
Package pdftex.def Info: timecomparison-eps-converted-to.pdf  used on input lin
e 799.
(pdftex.def)             Requested size: 318.98956pt x 179.16814pt.
Package epstopdf Info: Source file: <nlode4_error.eps>
(epstopdf)                    date: 2023-10-06 06:57:36
(epstopdf)                    size: 22893 bytes
(epstopdf)             Output file: <nlode4_error-eps-converted-to.pdf>
(epstopdf)                    date: 2023-10-12 14:20:57
(epstopdf)                    size: 10808 bytes
(epstopdf)             Command: <repstopdf --outfile=nlode4_error-eps-converted
-to.pdf nlode4_error.eps>
(epstopdf)             \includegraphics on input line 806.
Package epstopdf Info: Output file is already uptodate.
<nlode4_error-eps-converted-to.pdf, id=67, 361.35pt x 216.81pt>
File: nlode4_error-eps-converted-to.pdf Graphic file (type pdf)
<use nlode4_error-eps-converted-to.pdf>
Package pdftex.def Info: nlode4_error-eps-converted-to.pdf  used on input line 
806.
(pdftex.def)             Requested size: 252.94327pt x 151.76596pt.
Package epstopdf Info: Source file: <sode2_error.eps>
(epstopdf)                    date: 2023-10-06 06:57:36
(epstopdf)                    size: 28675 bytes
(epstopdf)             Output file: <sode2_error-eps-converted-to.pdf>
(epstopdf)                    date: 2023-10-12 14:20:58
(epstopdf)                    size: 12513 bytes
(epstopdf)             Command: <repstopdf --outfile=sode2_error-eps-converted-
to.pdf sode2_error.eps>
(epstopdf)             \includegraphics on input line 813.
Package epstopdf Info: Output file is already uptodate.
<sode2_error-eps-converted-to.pdf, id=68, 361.35pt x 216.81pt>
File: sode2_error-eps-converted-to.pdf Graphic file (type pdf)
<use sode2_error-eps-converted-to.pdf>
Package pdftex.def Info: sode2_error-eps-converted-to.pdf  used on input line 8
13.
(pdftex.def)             Requested size: 252.94327pt x 151.76596pt.
 [14]
[15 <./timecomparison-eps-converted-to.pdf>] [16 <./nlode4_error-eps-converted-
to.pdf> <./sode2_error-eps-converted-to.pdf>] [17]
Underfull \hbox (badness 1270) in paragraph at lines 937--941
[]\T1/cmr/m/n/10 J.L. Pad-gett, Y. Geldiyev, S. Gau-tam, W. Peng, Y. Mechref, A
.
 []

[18]
Underfull \hbox (badness 1281) in paragraph at lines 962--965
[]\T1/cmr/m/n/10 C.A. Kennedy, M.H. Car-pen-ter, Higher-order ad-di-tive Runge-
-Kutta
 []


Underfull \hbox (badness 1817) in paragraph at lines 977--981
[]\T1/cmr/m/n/10 M.H.Heydari, M.R.Hooshmandasl, F.Mohammadi, Leg-en-dre wavelet
s
 []

[19] [20] [21] [22] [23] [24] (./desolverwithgo_final.aux)
 ***********
LaTeX2e <2023-06-01>
L3 programming layer <2023-06-05>
 ***********
 ) 
Here is how much of TeX's memory you used:
 3015 strings out of 477619
 50524 string characters out of 5829986
 1873759 words of memory out of 5000000
 23503 multiletter control sequences out of 15000+600000
 525976 words of font info for 63 fonts, out of 8000000 for 9000
 59 hyphenation exceptions out of 8191
 57i,13n,65p,289b,318s stack positions out of 10000i,1000n,20000p,200000b,200000s
 </home/sheridan/.texlive2023/texmf-var/fonts/pk/ljfour/jknappen/ec/ectt1000.
600pk> </home/sheridan/.texlive2023/texmf-var/fonts/pk/ljfour/jknappen/ec/ecbx1
200.600pk> </home/sheridan/.texlive2023/texmf-var/fonts/pk/ljfour/jknappen/ec/e
crm0800.600pk> </home/sheridan/.texlive2023/texmf-var/fonts/pk/ljfour/jknappen/
ec/tcrm0600.600pk> </home/sheridan/.texlive2023/texmf-var/fonts/pk/ljfour/jknap
pen/ec/ecbx1440.600pk> </home/sheridan/.texlive2023/texmf-var/fonts/pk/ljfour/j
knappen/ec/ecrm1000.600pk> </home/sheridan/.texlive2023/texmf-var/fonts/pk/ljfo
ur/jknappen/ec/ecbx1000.600pk> </home/sheridan/.texlive2023/texmf-var/fonts/pk/
ljfour/jknappen/ec/ecrm0900.600pk> </home/sheridan/.texlive2023/texmf-var/fonts
/pk/ljfour/jknappen/ec/ecbx0900.600pk> </home/sheridan/.texlive2023/texmf-var/f
onts/pk/ljfour/jknappen/ec/tcrm0800.600pk> </home/sheridan/.texlive2023/texmf-v
ar/fonts/pk/ljfour/jknappen/ec/ecrm1200.600pk> </home/sheridan/.texlive2023/tex
mf-var/fonts/pk/ljfour/jknappen/ec/ecrm1728.600pk></usr/share/texlive/texmf-dis
t/fonts/type1/public/amsfonts/cm/cmex10.pfb></usr/share/texlive/texmf-dist/font
s/type1/public/amsfonts/cm/cmmi10.pfb></usr/share/texlive/texmf-dist/fonts/type
1/public/amsfonts/cm/cmmi5.pfb></usr/share/texlive/texmf-dist/fonts/type1/publi
c/amsfonts/cm/cmmi7.pfb></usr/share/texlive/texmf-dist/fonts/type1/public/amsfo
nts/cm/cmr10.pfb></usr/share/texlive/texmf-dist/fonts/type1/public/amsfonts/cm/
cmr7.pfb></usr/share/texlive/texmf-dist/fonts/type1/public/amsfonts/cm/cmr8.pfb
></usr/share/texlive/texmf-dist/fonts/type1/public/amsfonts/cm/cmsy10.pfb></usr
/share/texlive/texmf-dist/fonts/type1/public/amsfonts/cm/cmsy7.pfb></usr/share/
texlive/texmf-dist/fonts/type1/public/esint-type1/esint10.pfb>
Output written on desolverwithgo_final.pdf (24 pages, 320575 bytes).
PDF statistics:
 559 PDF objects out of 1000 (max. 8388607)
 142 compressed objects within 2 object streams
 0 named destinations out of 1000 (max. 500000)
 16 words of extra memory for PDF output out of 10000 (max. 10000000)

