This is pdfTeX, Version 3.141592653-2.6-1.40.25 (TeX Live 2023/Debian) (preloaded format=pdflatex 2024.4.18)  20 APR 2024 15:39
entering extended mode
 restricted \write18 enabled.
 %&-line parsing enabled.
**newmultistart.tex
(./newmultistart.tex
LaTeX2e <2023-11-01> patch level 1
L3 programming layer <2024-01-22>
(/usr/share/texlive/texmf-dist/tex/latex/base/article.cls
Document Class: article 2023/05/17 v1.4n Standard LaTeX document class
(/usr/share/texlive/texmf-dist/tex/latex/base/size10.clo
File: size10.clo 2023/05/17 v1.4n Standard LaTeX file (size option)
)
\c@part=\count187
\c@section=\count188
\c@subsection=\count189
\c@subsubsection=\count190
\c@paragraph=\count191
\c@subparagraph=\count192
\c@figure=\count193
\c@table=\count194
\abovecaptionskip=\skip48
\belowcaptionskip=\skip49
\bibindent=\dimen140
)
(/usr/share/texlive/texmf-dist/tex/latex/base/fontenc.sty
Package: fontenc 2021/04/29 v2.0v Standard LaTeX package
)
(/usr/share/texlive/texmf-dist/tex/latex/base/inputenc.sty
Package: inputenc 2021/02/14 v1.3d Input encoding file
\inpenc@prehook=\toks17
\inpenc@posthook=\toks18

(/usr/share/texlive/texmf-dist/tex/latex/base/latin9.def
File: latin9.def 2021/02/14 v1.3d Input encoding file
))
(/usr/share/texlive/texmf-dist/tex/latex/float/float.sty
Package: float 2001/11/08 v1.3d Float enhancements (AL)
\c@float@type=\count195
\float@exts=\toks19
\float@box=\box51
\@float@everytoks=\toks20
\@floatcapt=\box52
)
(/usr/share/texlive/texmf-dist/tex/latex/url/url.sty
\Urlmuskip=\muskip16
Package: url 2013/09/16  ver 3.4  Verb mode for urls, etc.
)
(/usr/share/texlive/texmf-dist/tex/latex/amsmath/amsmath.sty
Package: amsmath 2023/05/13 v2.17o AMS math features
\@mathmargin=\skip50

For additional information on amsmath, use the `?' option.
(/usr/share/texlive/texmf-dist/tex/latex/amsmath/amstext.sty
Package: amstext 2021/08/26 v2.01 AMS text

(/usr/share/texlive/texmf-dist/tex/latex/amsmath/amsgen.sty
File: amsgen.sty 1999/11/30 v2.0 generic functions
\@emptytoks=\toks21
\ex@=\dimen141
))
(/usr/share/texlive/texmf-dist/tex/latex/amsmath/amsbsy.sty
Package: amsbsy 1999/11/29 v1.2d Bold Symbols
\pmbraise@=\dimen142
)
(/usr/share/texlive/texmf-dist/tex/latex/amsmath/amsopn.sty
Package: amsopn 2022/04/08 v2.04 operator names
)
\inf@bad=\count196
LaTeX Info: Redefining \frac on input line 234.
\uproot@=\count197
\leftroot@=\count198
LaTeX Info: Redefining \overline on input line 399.
LaTeX Info: Redefining \colon on input line 410.
\classnum@=\count199
\DOTSCASE@=\count266
LaTeX Info: Redefining \ldots on input line 496.
LaTeX Info: Redefining \dots on input line 499.
LaTeX Info: Redefining \cdots on input line 620.
\Mathstrutbox@=\box53
\strutbox@=\box54
LaTeX Info: Redefining \big on input line 722.
LaTeX Info: Redefining \Big on input line 723.
LaTeX Info: Redefining \bigg on input line 724.
LaTeX Info: Redefining \Bigg on input line 725.
\big@size=\dimen143
LaTeX Font Info:    Redeclaring font encoding OML on input line 743.
LaTeX Font Info:    Redeclaring font encoding OMS on input line 744.
\macc@depth=\count267
LaTeX Info: Redefining \bmod on input line 905.
LaTeX Info: Redefining \pmod on input line 910.
LaTeX Info: Redefining \smash on input line 940.
LaTeX Info: Redefining \relbar on input line 970.
LaTeX Info: Redefining \Relbar on input line 971.
\c@MaxMatrixCols=\count268
\dotsspace@=\muskip17
\c@parentequation=\count269
\dspbrk@lvl=\count270
\tag@help=\toks22
\row@=\count271
\column@=\count272
\maxfields@=\count273
\andhelp@=\toks23
\eqnshift@=\dimen144
\alignsep@=\dimen145
\tagshift@=\dimen146
\tagwidth@=\dimen147
\totwidth@=\dimen148
\lineht@=\dimen149
\@envbody=\toks24
\multlinegap=\skip51
\multlinetaggap=\skip52
\mathdisplay@stack=\toks25
LaTeX Info: Redefining \[ on input line 2953.
LaTeX Info: Redefining \] on input line 2954.
)
(/usr/share/texlive/texmf-dist/tex/latex/graphics/graphicx.sty
Package: graphicx 2021/09/16 v1.2d Enhanced LaTeX Graphics (DPC,SPQR)

(/usr/share/texlive/texmf-dist/tex/latex/graphics/keyval.sty
Package: keyval 2022/05/29 v1.15 key=value parser (DPC)
\KV@toks@=\toks26
)
(/usr/share/texlive/texmf-dist/tex/latex/graphics/graphics.sty
Package: graphics 2022/03/10 v1.4e Standard LaTeX Graphics (DPC,SPQR)

(/usr/share/texlive/texmf-dist/tex/latex/graphics/trig.sty
Package: trig 2021/08/11 v1.11 sin cos tan (DPC)
)
(/usr/share/texlive/texmf-dist/tex/latex/graphics-cfg/graphics.cfg
File: graphics.cfg 2016/06/04 v1.11 sample graphics configuration
)
Package graphics Info: Driver file: pdftex.def on input line 107.

(/usr/share/texlive/texmf-dist/tex/latex/graphics-def/pdftex.def
File: pdftex.def 2022/09/22 v1.2b Graphics/color driver for pdftex
))
\Gin@req@height=\dimen150
\Gin@req@width=\dimen151
)
\@float@every@algorithm=\toks27
\c@algorithm=\count274

(/usr/share/texlive/texmf-dist/tex/generic/babel/babel.sty
Package: babel 2024/01/07 v24.1 The Babel package
\babel@savecnt=\count275
\U@D=\dimen152
\l@unhyphenated=\language9

(/usr/share/texlive/texmf-dist/tex/generic/babel/txtbabel.def)
\bbl@readstream=\read2
\bbl@dirlevel=\count276

(/usr/share/texlive/texmf-dist/tex/generic/babel-english/english.ldf
Language: english 2017/06/06 v3.3r English support from the babel system
Package babel Info: Hyphen rules for 'british' set to \l@english
(babel)             (\language0). Reported on input line 82.
Package babel Info: Hyphen rules for 'UKenglish' set to \l@english
(babel)             (\language0). Reported on input line 83.
Package babel Info: Hyphen rules for 'canadian' set to \l@english
(babel)             (\language0). Reported on input line 102.
Package babel Info: Hyphen rules for 'australian' set to \l@english
(babel)             (\language0). Reported on input line 105.
Package babel Info: Hyphen rules for 'newzealand' set to \l@english
(babel)             (\language0). Reported on input line 108.
))
(/usr/share/texlive/texmf-dist/tex/generic/babel/locale/en/babel-english.tex
Package babel Info: Importing font and identification data for english
(babel)             from babel-en.ini. Reported on input line 11.
)
(/usr/share/texlive/texmf-dist/tex/latex/l3backend/l3backend-pdftex.def
File: l3backend-pdftex.def 2024-01-04 L3 backend support: PDF output (pdfTeX)
\l__color_backend_stack_int=\count277
\l__pdf_internal_box=\box55
)
(./newmultistart.aux)
\openout1 = `newmultistart.aux'.

LaTeX Font Info:    Checking defaults for OML/cmm/m/it on input line 28.
LaTeX Font Info:    ... okay on input line 28.
LaTeX Font Info:    Checking defaults for OMS/cmsy/m/n on input line 28.
LaTeX Font Info:    ... okay on input line 28.
LaTeX Font Info:    Checking defaults for OT1/cmr/m/n on input line 28.
LaTeX Font Info:    ... okay on input line 28.
LaTeX Font Info:    Checking defaults for T1/cmr/m/n on input line 28.
LaTeX Font Info:    ... okay on input line 28.
LaTeX Font Info:    Checking defaults for TS1/cmr/m/n on input line 28.
LaTeX Font Info:    ... okay on input line 28.
LaTeX Font Info:    Checking defaults for OMX/cmex/m/n on input line 28.
LaTeX Font Info:    ... okay on input line 28.
LaTeX Font Info:    Checking defaults for U/cmr/m/n on input line 28.
LaTeX Font Info:    ... okay on input line 28.

(/usr/share/texlive/texmf-dist/tex/context/base/mkii/supp-pdf.mkii
[Loading MPS to PDF converter (version 2006.09.02).]
\scratchcounter=\count278
\scratchdimen=\dimen153
\scratchbox=\box56
\nofMPsegments=\count279
\nofMParguments=\count280
\everyMPshowfont=\toks28
\MPscratchCnt=\count281
\MPscratchDim=\dimen154
\MPnumerator=\count282
\makeMPintoPDFobject=\count283
\everyMPtoPDFconversion=\toks29
) (/usr/share/texlive/texmf-dist/tex/latex/epstopdf-pkg/epstopdf-base.sty
Package: epstopdf-base 2020-01-24 v2.11 Base part for package epstopdf
Package epstopdf-base Info: Redefining graphics rule for `.eps' on input line 4
85.

(/usr/share/texlive/texmf-dist/tex/latex/latexconfig/epstopdf-sys.cfg
File: epstopdf-sys.cfg 2010/07/13 v1.3 Configuration of (r)epstopdf for TeX Liv
e
))
[1

{/var/lib/texmf/fonts/map/pdftex/updmap/pdftex.map}] [2] [3]
Package epstopdf Info: Source file: <rastrigin_start.eps>
(epstopdf)                    date: 2024-02-23 11:57:32
(epstopdf)                    size: 18198 bytes
(epstopdf)             Output file: <rastrigin_start-eps-converted-to.pdf>
(epstopdf)                    date: 2024-04-20 15:38:48
(epstopdf)                    size: 8570 bytes
(epstopdf)             Command: <repstopdf --outfile=rastrigin_start-eps-conver
ted-to.pdf rastrigin_start.eps>
(epstopdf)             \includegraphics on input line 240.
Package epstopdf Info: Output file is already uptodate.
<rastrigin_start-eps-converted-to.pdf, id=29, 361.35pt x 216.81pt>
File: rastrigin_start-eps-converted-to.pdf Graphic file (type pdf)
<use rastrigin_start-eps-converted-to.pdf>
Package pdftex.def Info: rastrigin_start-eps-converted-to.pdf  used on input li
ne 240.
(pdftex.def)             Requested size: 252.94327pt x 151.76596pt.
Package epstopdf Info: Source file: <exp16_start.eps>
(epstopdf)                    date: 2024-02-23 11:57:32
(epstopdf)                    size: 17139 bytes
(epstopdf)             Output file: <exp16_start-eps-converted-to.pdf>
(epstopdf)                    date: 2024-04-20 15:38:48
(epstopdf)                    size: 8077 bytes
(epstopdf)             Command: <repstopdf --outfile=exp16_start-eps-converted-
to.pdf exp16_start.eps>
(epstopdf)             \includegraphics on input line 248.
Package epstopdf Info: Output file is already uptodate.
<exp16_start-eps-converted-to.pdf, id=30, 361.35pt x 216.81pt>
File: exp16_start-eps-converted-to.pdf Graphic file (type pdf)
<use exp16_start-eps-converted-to.pdf>
Package pdftex.def Info: exp16_start-eps-converted-to.pdf  used on input line 2
48.
(pdftex.def)             Requested size: 252.94327pt x 151.76596pt.
 [4] [5 <./rastrigin_start-eps-converted-to.pdf> <./exp16_start-eps-converted-t
o.pdf>]
Package epstopdf Info: Source file: <termination_check.eps>
(epstopdf)                    date: 2024-02-23 11:57:32
(epstopdf)                    size: 20489 bytes
(epstopdf)             Output file: <termination_check-eps-converted-to.pdf>
(epstopdf)                    date: 2024-04-20 15:38:48
(epstopdf)                    size: 9325 bytes
(epstopdf)             Command: <repstopdf --outfile=termination_check-eps-conv
erted-to.pdf termination_check.eps>
(epstopdf)             \includegraphics on input line 287.
Package epstopdf Info: Output file is already uptodate.
<termination_check-eps-converted-to.pdf, id=52, 361.35pt x 216.81pt>
File: termination_check-eps-converted-to.pdf Graphic file (type pdf)
<use termination_check-eps-converted-to.pdf>
Package pdftex.def Info: termination_check-eps-converted-to.pdf  used on input 
line 287.
(pdftex.def)             Requested size: 252.94327pt x 151.76596pt.
 [6 <./termination_check-eps-converted-to.pdf>]
Underfull \hbox (badness 10000) in paragraph at lines 299--311

 []

[7]
Overfull \hbox (5.28171pt too wide) in paragraph at lines 351--355
[]\T1/cmr/m/n/10 Multistart method with the re-pul-sion sam-pling tech-nique [[
]] (ti-tle MREP).
 []

[8]
Overfull \hbox (11.45546pt too wide) in paragraph at lines 439--507
 [][] 
 []

Package epstopdf Info: Source file: <expplot.eps>
(epstopdf)                    date: 2024-02-23 11:57:32
(epstopdf)                    size: 22564 bytes
(epstopdf)             Output file: <expplot-eps-converted-to.pdf>
(epstopdf)                    date: 2024-04-20 15:38:48
(epstopdf)                    size: 9702 bytes
(epstopdf)             Command: <repstopdf --outfile=expplot-eps-converted-to.p
df expplot.eps>
(epstopdf)             \includegraphics on input line 608.
Package epstopdf Info: Output file is already uptodate.
<expplot-eps-converted-to.pdf, id=71, 361.35pt x 216.81pt>
File: expplot-eps-converted-to.pdf Graphic file (type pdf)
<use expplot-eps-converted-to.pdf>
Package pdftex.def Info: expplot-eps-converted-to.pdf  used on input line 608.
(pdftex.def)             Requested size: 252.94327pt x 151.76596pt.
Package epstopdf Info: Source file: <plotsamples.eps>
(epstopdf)                    date: 2024-02-23 11:57:32
(epstopdf)                    size: 26466 bytes
(epstopdf)             Output file: <plotsamples-eps-converted-to.pdf>
(epstopdf)                    date: 2024-04-20 15:38:48
(epstopdf)                    size: 11758 bytes
(epstopdf)             Command: <repstopdf --outfile=plotsamples-eps-converted-
to.pdf plotsamples.eps>
(epstopdf)             \includegraphics on input line 615.
Package epstopdf Info: Output file is already uptodate.
<plotsamples-eps-converted-to.pdf, id=72, 361.35pt x 216.81pt>
File: plotsamples-eps-converted-to.pdf Graphic file (type pdf)
<use plotsamples-eps-converted-to.pdf>
Package pdftex.def Info: plotsamples-eps-converted-to.pdf  used on input line 6
15.
(pdftex.def)             Requested size: 252.94327pt x 151.76596pt.
Package epstopdf Info: Source file: <methods_comparison.eps>
(epstopdf)                    date: 2024-02-23 11:57:32
(epstopdf)                    size: 131061 bytes
(epstopdf)             Output file: <methods_comparison-eps-converted-to.pdf>
(epstopdf)                    date: 2024-04-20 15:38:49
(epstopdf)                    size: 46841 bytes
(epstopdf)             Command: <repstopdf --outfile=methods_comparison-eps-con
verted-to.pdf methods_comparison.eps>
(epstopdf)             \includegraphics on input line 647.
Package epstopdf Info: Output file is already uptodate.
<methods_comparison-eps-converted-to.pdf, id=73, 436.63126pt x 312.16624pt>
File: methods_comparison-eps-converted-to.pdf Graphic file (type pdf)
<use methods_comparison-eps-converted-to.pdf>
Package pdftex.def Info: methods_comparison-eps-converted-to.pdf  used on input
 line 647.
(pdftex.def)             Requested size: 436.63019pt x 312.16548pt.

Overfull \hbox (91.63019pt too wide) in paragraph at lines 647--648
 [][] 
 []

[9] [10] [11] [12 <./expplot-eps-converted-to.pdf> <./plotsamples-eps-converted
-to.pdf>] [13 <./methods_comparison-eps-converted-to.pdf>]
Overfull \hbox (20.93904pt too wide) in paragraph at lines 682--686
[]\T1/cmr/bx/n/10 Branin \T1/cmr/m/n/10 func-tion. The func-tion is de-fined by
 $\OML/cmm/m/it/10 f\OT1/cmr/m/n/10 (\OML/cmm/m/it/10 x\OT1/cmr/m/n/10 ) = [][]
 +
 []

[14]
Overfull \hbox (15.35135pt too wide) in paragraph at lines 736--738
[]\T1/cmr/bx/n/10 Hansen \T1/cmr/m/n/10 func-tion. $\OML/cmm/m/it/10 f\OT1/cmr/
m/n/10 (\OML/cmm/m/it/10 x\OT1/cmr/m/n/10 ) = [][] \OML/cmm/m/it/10 i [] [] [][
] j [] []$\T1/cmr/m/n/10 ,
 []

[15]
Overfull \hbox (10.9151pt too wide) in paragraph at lines 765--777
\T1/cmr/m/n/10 with $\OML/cmm/m/it/10 x \OMS/cmsy/m/n/10 2 \OT1/cmr/m/n/10 [0\O
ML/cmm/m/it/10 ; \OT1/cmr/m/n/10 1][]$ \T1/cmr/m/n/10 and $\OML/cmm/m/it/10 a \
OT1/cmr/m/n/10 = [] \OML/cmm/m/it/10 ;  c \OT1/cmr/m/n/10 = []$
 []


Overfull \hbox (3.8929pt too wide) in paragraph at lines 792--794
\T1/cmr/m/n/10 In the cur-rent ex-per-i-ments three dif-fer-ent cases were stud
-ied: $\OML/cmm/m/it/10 N \OT1/cmr/m/n/10 = 5\OML/cmm/m/it/10 ;  \OT1/cmr/m/n/1
0 10\OML/cmm/m/it/10 ;  \OT1/cmr/m/n/10 20$ 
 []

[16] [17]
Overfull \hbox (52.71841pt too wide) detected at line 894
\OML/cmm/m/it/10 f\OT1/cmr/m/n/10 (\OML/cmm/m/it/10 x\OT1/cmr/m/n/10 ) = [] [][
] [] [] [] + [][] []
 []


Overfull \hbox (38.62863pt too wide) detected at line 912
\OML/cmm/m/it/10 g[]\OT1/cmr/m/n/10 (\OML/cmm/m/it/10 x\OT1/cmr/m/n/10 ) = [] [
] + [] [] [] \OMS/cmsy/m/n/10 ^^@ \OT1/cmr/m/n/10 1 \OMS/cmsy/m/n/10 ^^U \OT1/c
mr/m/n/10 0
 []


Overfull \hbox (21.75696pt too wide) detected at line 932
[] \OML/cmm/m/it/10 f\OT1/cmr/m/n/10 (\OML/cmm/m/it/10 x\OT1/cmr/m/n/10 ) = 25 
[][] + [][] + [][] + [][] + [][] + [][]
 []

[18] [19] [20] [21]
Underfull \hbox (badness 1648) in paragraph at lines 1098--1103
\T1/cmr/m/n/10 ing Global Op-ti-miza-tion Prob-lems," 2008 Third In-ter-na-tion
al Con-
 []


Underfull \hbox (badness 1721) in paragraph at lines 1098--1103
\T1/cmr/m/n/10 fer-ence on Dig-i-tal In-for-ma-tion Man-age-ment, 2008, pp. 18-
24, doi:
 []

[22] [23] [24] [25]
LaTeX Font Info:    Trying to load font information for T1+cmtt on input line 1
309.
 (/usr/share/texlive/texmf-dist/tex/latex/base/t1cmtt.fd
File: t1cmtt.fd 2023/04/13 v2.5m Standard LaTeX font definitions
)
[26] (./newmultistart.aux)
 ***********
LaTeX2e <2023-11-01> patch level 1
L3 programming layer <2024-01-22>
 ***********
 ) 
Here is how much of TeX's memory you used:
 3856 strings out of 476106
 62775 string characters out of 5793933
 1964975 words of memory out of 5000000
 25837 multiletter control sequences out of 15000+600000
 571719 words of font info for 65 fonts, out of 8000000 for 9000
 59 hyphenation exceptions out of 8191
 57i,11n,65p,403b,507s stack positions out of 10000i,1000n,20000p,200000b,200000s
 </home/sheridan/.texlive2023/texmf-var/fonts/pk/ljfour/jknappen/ec/ectt1000.
600pk> </home/sheridan/.texlive2023/texmf-var/fonts/pk/ljfour/jknappen/ec/tcrm1
000.600pk> </home/sheridan/.texlive2023/texmf-var/fonts/pk/ljfour/jknappen/ec/e
cbx1200.600pk> </home/sheridan/.texlive2023/texmf-var/fonts/pk/ljfour/jknappen/
ec/ecrm0800.600pk> </home/sheridan/.texlive2023/texmf-var/fonts/pk/ljfour/jknap
pen/ec/tcrm0600.600pk> </home/sheridan/.texlive2023/texmf-var/fonts/pk/ljfour/j
knappen/ec/ecbx1440.600pk> </home/sheridan/.texlive2023/texmf-var/fonts/pk/ljfo
ur/jknappen/ec/ecrm1000.600pk> </home/sheridan/.texlive2023/texmf-var/fonts/pk/
ljfour/jknappen/ec/ecbx1000.600pk> </home/sheridan/.texlive2023/texmf-var/fonts
/pk/ljfour/jknappen/ec/ecrm0900.600pk> </home/sheridan/.texlive2023/texmf-var/f
onts/pk/ljfour/jknappen/ec/ecbx0900.600pk> </home/sheridan/.texlive2023/texmf-v
ar/fonts/pk/ljfour/jknappen/ec/tcrm0800.600pk> </home/sheridan/.texlive2023/tex
mf-var/fonts/pk/ljfour/jknappen/ec/ecrm1200.600pk> </home/sheridan/.texlive2023
/texmf-var/fonts/pk/ljfour/jknappen/ec/ecrm1728.600pk></usr/share/texlive/texmf
-dist/fonts/type1/public/amsfonts/cm/cmex10.pfb></usr/share/texlive/texmf-dist/
fonts/type1/public/amsfonts/cmextra/cmex7.pfb></usr/share/texlive/texmf-dist/fo
nts/type1/public/amsfonts/cm/cmmi10.pfb></usr/share/texlive/texmf-dist/fonts/ty
pe1/public/amsfonts/cm/cmmi5.pfb></usr/share/texlive/texmf-dist/fonts/type1/pub
lic/amsfonts/cm/cmmi7.pfb></usr/share/texlive/texmf-dist/fonts/type1/public/ams
fonts/cm/cmr10.pfb></usr/share/texlive/texmf-dist/fonts/type1/public/amsfonts/c
m/cmr5.pfb></usr/share/texlive/texmf-dist/fonts/type1/public/amsfonts/cm/cmr7.p
fb></usr/share/texlive/texmf-dist/fonts/type1/public/amsfonts/cm/cmsy10.pfb></u
sr/share/texlive/texmf-dist/fonts/type1/public/amsfonts/cm/cmsy5.pfb></usr/shar
e/texlive/texmf-dist/fonts/type1/public/amsfonts/cm/cmsy7.pfb>
Output written on newmultistart.pdf (26 pages, 352757 bytes).
PDF statistics:
 574 PDF objects out of 1000 (max. 8388607)
 165 compressed objects within 2 object streams
 0 named destinations out of 1000 (max. 500000)
 31 words of extra memory for PDF output out of 10000 (max. 10000000)

