This is pdfTeX, Version 3.141592653-2.6-1.40.24 (TeX Live 2022/Debian) (preloaded format=pdflatex 2023.1.22)  25 JAN 2023 20:22
entering extended mode
 restricted \write18 enabled.
 %&-line parsing enabled.
**optimus_paper.tex
(./optimus_paper.tex
LaTeX2e <2022-11-01>
L3 programming layer <2022-11-02>
(/usr/share/texlive/texmf-dist/tex/latex/elsarticle/elsarticle.cls
Document Class: elsarticle 2020/11/20, 3.3: Elsevier Ltd
(/usr/share/texlive/texmf-dist/tex/latex/l3kernel/expl3.sty
Package: expl3 2022-11-02 L3 programming layer (loader) 

(/usr/share/texlive/texmf-dist/tex/latex/l3backend/l3backend-pdftex.def
File: l3backend-pdftex.def 2022-10-26 L3 backend support: PDF output (pdfTeX)
\l__color_backend_stack_int=\count185
\l__pdf_internal_box=\box51
))
(/usr/share/texlive/texmf-dist/tex/latex/l3packages/xparse/xparse.sty
Package: xparse 2022-06-22 L3 Experimental document command parser
)
(/usr/share/texlive/texmf-dist/tex/latex/etoolbox/etoolbox.sty
Package: etoolbox 2020/10/05 v2.5k e-TeX tools for LaTeX (JAW)
\etb@tempcnta=\count186
)
\@bls=\dimen140

(/usr/share/texlive/texmf-dist/tex/latex/base/article.cls
Document Class: article 2022/07/02 v1.4n Standard LaTeX document class
(/usr/share/texlive/texmf-dist/tex/latex/base/size10.clo
File: size10.clo 2022/07/02 v1.4n Standard LaTeX file (size option)
)
\c@part=\count187
\c@section=\count188
\c@subsection=\count189
\c@subsubsection=\count190
\c@paragraph=\count191
\c@subparagraph=\count192
\c@figure=\count193
\c@table=\count194
\abovecaptionskip=\skip47
\belowcaptionskip=\skip48
\bibindent=\dimen141
)
(/usr/share/texlive/texmf-dist/tex/latex/graphics/graphicx.sty
Package: graphicx 2021/09/16 v1.2d Enhanced LaTeX Graphics (DPC,SPQR)

(/usr/share/texlive/texmf-dist/tex/latex/graphics/keyval.sty
Package: keyval 2022/05/29 v1.15 key=value parser (DPC)
\KV@toks@=\toks16
)
(/usr/share/texlive/texmf-dist/tex/latex/graphics/graphics.sty
Package: graphics 2022/03/10 v1.4e Standard LaTeX Graphics (DPC,SPQR)

(/usr/share/texlive/texmf-dist/tex/latex/graphics/trig.sty
Package: trig 2021/08/11 v1.11 sin cos tan (DPC)
)
(/usr/share/texlive/texmf-dist/tex/latex/graphics-cfg/graphics.cfg
File: graphics.cfg 2016/06/04 v1.11 sample graphics configuration
)
Package graphics Info: Driver file: pdftex.def on input line 107.

(/usr/share/texlive/texmf-dist/tex/latex/graphics-def/pdftex.def
File: pdftex.def 2022/09/22 v1.2b Graphics/color driver for pdftex
))
\Gin@req@height=\dimen142
\Gin@req@width=\dimen143
)
\c@tnote=\count195
\c@fnote=\count196
\c@cnote=\count197
\c@ead=\count198
\c@author=\count199
\@eadauthor=\toks17
\c@affn=\count266
\absbox=\box52
\elsarticlehighlightsbox=\box53
\elsarticlegrabsbox=\box54
\keybox=\box55
\Columnwidth=\dimen144
\space@left=\dimen145
\els@boxa=\box56
\els@boxb=\box57
\leftMargin=\dimen146
\@enLab=\toks18
\@sep=\skip49
\@@sep=\skip50

(./optimus_paper.spl)
(/usr/share/texlive/texmf-dist/tex/latex/natbib/natbib.sty
Package: natbib 2010/09/13 8.31b (PWD, AO)
\bibhang=\skip51
\bibsep=\skip52
LaTeX Info: Redefining \cite on input line 694.
\c@NAT@ctr=\count267
)
\splwrite=\write3
\openout3 = `optimus_paper.spl'.

\appnamewidth=\dimen147
)
(/usr/share/texlive/texmf-dist/tex/latex/base/fontenc.sty
Package: fontenc 2021/04/29 v2.0v Standard LaTeX package
)
(/usr/share/texlive/texmf-dist/tex/latex/base/inputenc.sty
Package: inputenc 2021/02/14 v1.3d Input encoding file
\inpenc@prehook=\toks19
\inpenc@posthook=\toks20

(/usr/share/texlive/texmf-dist/tex/latex/base/latin9.def
File: latin9.def 2021/02/14 v1.3d Input encoding file
))
(/usr/share/texlive/texmf-dist/tex/latex/float/float.sty
Package: float 2001/11/08 v1.3d Float enhancements (AL)
\c@float@type=\count268
\float@exts=\toks21
\float@box=\box58
\@float@everytoks=\toks22
\@floatcapt=\box59
)
(/usr/share/texlive/texmf-dist/tex/latex/url/url.sty
\Urlmuskip=\muskip16
Package: url 2013/09/16  ver 3.4  Verb mode for urls, etc.
)
(/usr/share/texlive/texmf-dist/tex/generic/babel/babel.sty
Package: babel 2022/10/23 3.82 The Babel package
\babel@savecnt=\count269
\U@D=\dimen148
\l@unhyphenated=\language7

(/usr/share/texlive/texmf-dist/tex/generic/babel/txtbabel.def)
\bbl@readstream=\read2
\bbl@dirlevel=\count270

(/usr/share/texlive/texmf-dist/tex/generic/babel-english/english.ldf
Language: english 2017/06/06 v3.3r English support from the babel system
Package babel Info: Hyphen rules for 'british' set to \l@english
(babel)             (\language0). Reported on input line 82.
Package babel Info: Hyphen rules for 'UKenglish' set to \l@english
(babel)             (\language0). Reported on input line 83.
Package babel Info: Hyphen rules for 'canadian' set to \l@english
(babel)             (\language0). Reported on input line 102.
Package babel Info: Hyphen rules for 'australian' set to \l@english
(babel)             (\language0). Reported on input line 105.
Package babel Info: Hyphen rules for 'newzealand' set to \l@english
(babel)             (\language0). Reported on input line 108.
))
(/usr/share/texlive/texmf-dist/tex/generic/babel/locale/en/babel-english.tex
Package babel Info: Importing font and identification data for english
(babel)             from babel-en.ini. Reported on input line 11.
)
(/usr/share/texlive/texmf-dist/tex/latex/listings/listings.sty
\lst@mode=\count271
\lst@gtempboxa=\box60
\lst@token=\toks23
\lst@length=\count272
\lst@currlwidth=\dimen149
\lst@column=\count273
\lst@pos=\count274
\lst@lostspace=\dimen150
\lst@width=\dimen151
\lst@newlines=\count275
\lst@lineno=\count276
\lst@maxwidth=\dimen152

(/usr/share/texlive/texmf-dist/tex/latex/listings/lstmisc.sty
File: lstmisc.sty 2020/03/24 1.8d (Carsten Heinz)
\c@lstnumber=\count277
\lst@skipnumbers=\count278
\lst@framebox=\box61
)
(/usr/share/texlive/texmf-dist/tex/latex/listings/listings.cfg
File: listings.cfg 2020/03/24 1.8d listings configuration
))
Package: listings 2020/03/24 1.8d (Carsten Heinz)

(./optimus_paper.aux)
\openout1 = `optimus_paper.aux'.

LaTeX Font Info:    Checking defaults for OML/cmm/m/it on input line 30.
LaTeX Font Info:    ... okay on input line 30.
LaTeX Font Info:    Checking defaults for OMS/cmsy/m/n on input line 30.
LaTeX Font Info:    ... okay on input line 30.
LaTeX Font Info:    Checking defaults for OT1/cmr/m/n on input line 30.
LaTeX Font Info:    ... okay on input line 30.
LaTeX Font Info:    Checking defaults for T1/cmr/m/n on input line 30.
LaTeX Font Info:    ... okay on input line 30.
LaTeX Font Info:    Checking defaults for TS1/cmr/m/n on input line 30.
LaTeX Font Info:    ... okay on input line 30.
LaTeX Font Info:    Checking defaults for OMX/cmex/m/n on input line 30.
LaTeX Font Info:    ... okay on input line 30.
LaTeX Font Info:    Checking defaults for U/cmr/m/n on input line 30.
LaTeX Font Info:    ... okay on input line 30.

(/usr/share/texlive/texmf-dist/tex/context/base/mkii/supp-pdf.mkii
[Loading MPS to PDF converter (version 2006.09.02).]
\scratchcounter=\count279
\scratchdimen=\dimen153
\scratchbox=\box62
\nofMPsegments=\count280
\nofMParguments=\count281
\everyMPshowfont=\toks24
\MPscratchCnt=\count282
\MPscratchDim=\dimen154
\MPnumerator=\count283
\makeMPintoPDFobject=\count284
\everyMPtoPDFconversion=\toks25
) (/usr/share/texlive/texmf-dist/tex/latex/epstopdf-pkg/epstopdf-base.sty
Package: epstopdf-base 2020-01-24 v2.11 Base part for package epstopdf
Package epstopdf-base Info: Redefining graphics rule for `.eps' on input line 4
85.

(/usr/share/texlive/texmf-dist/tex/latex/latexconfig/epstopdf-sys.cfg
File: epstopdf-sys.cfg 2010/07/13 v1.3 Configuration of (r)epstopdf for TeX Liv
e
))
\c@lstlisting=\count285

Underfull \hbox (badness 10000) in paragraph at lines 44--52

 []

LaTeX Font Info:    External font `cmex10' loaded for size
(Font)              <8> on input line 66.
LaTeX Font Info:    External font `cmex10' loaded for size
(Font)              <6> on input line 66.
LaTeX Font Info:    External font `cmex10' loaded for size
(Font)              <5> on input line 66.
LaTeX Font Info:    External font `cmex10' loaded for size
(Font)              <7> on input line 66.
LaTeX Font Info:    Trying to load font information for T1+cmtt on input line 7
4.
(/usr/share/texlive/texmf-dist/tex/latex/base/t1cmtt.fd
File: t1cmtt.fd 2022/07/10 v2.5l Standard LaTeX font definitions
)
Overfull \hbox (2.22168pt too wide) has occurred while \output is active
[] 
 []

[1


{/var/lib/texmf/fonts/map/pdftex/updmap/pdftex.map}] [2]
Overfull \hbox (24.26782pt too wide) in paragraph at lines 183--185
\T1/cmr/m/n/10 e.g. LD_LIBRAPY_PATH=$LD_LIBRAPY_PATH:$OPTIMUSPATH/lib/: 
 []

[3]
Overfull \hbox (11.29877pt too wide) in paragraph at lines 215--218
[]\T1/cmr/m/n/10 Improved Dif-fer-en-tial Evo-lu-tion. The mod-i-fied Dif-fer-e
n-tial Evo-lu-tion method
 []

[4] [5]
Underfull \hbox (badness 10000) in paragraph at lines 315--321

 []

(/usr/share/texlive/texmf-dist/tex/latex/listings/lstlang1.sty
File: lstlang1.sty 2020/03/24 1.8d listings language file
)
(/usr/share/texlive/texmf-dist/tex/latex/listings/lstlang1.sty
File: lstlang1.sty 2020/03/24 1.8d listings language file
)
(/usr/share/texlive/texmf-dist/tex/latex/listings/lstmisc.sty
File: lstmisc.sty 2020/03/24 1.8d (Carsten Heinz)
)
Overfull \hbox (68.90208pt too wide) in paragraph at lines 367--368
[][][][][][][][][][][][][][][][][][][][][][] 
 []

[6] [7]
Package epstopdf Info: Source file: <optimus_abstract.eps>
(epstopdf)                    date: 2023-01-22 18:32:06
(epstopdf)                    size: 491510 bytes
(epstopdf)             Output file: <optimus_abstract-eps-converted-to.pdf>
(epstopdf)                    date: 2023-01-22 18:32:06
(epstopdf)                    size: 106879 bytes
(epstopdf)             Command: <repstopdf --outfile=optimus_abstract-eps-conve
rted-to.pdf optimus_abstract.eps>
(epstopdf)             \includegraphics on input line 458.
Package epstopdf Info: Output file is already uptodate.
<optimus_abstract-eps-converted-to.pdf, id=41, 1814.78pt x 927.465pt>
File: optimus_abstract-eps-converted-to.pdf Graphic file (type pdf)
<use optimus_abstract-eps-converted-to.pdf>
Package pdftex.def Info: optimus_abstract-eps-converted-to.pdf  used on input l
ine 458.
(pdftex.def)             Requested size: 362.94957pt x 185.48972pt.

Overfull \hbox (17.94957pt too wide) in paragraph at lines 458--459
[][] 
 []


Underfull \vbox (badness 2119) has occurred while \output is active []

 [8]
[9 <./optimus_abstract-eps-converted-to.pdf>] [10]
Underfull \vbox (badness 1248) has occurred while \output is active []

 [11]
Underfull \vbox (badness 10000) has occurred while \output is active []

 [12]
Package epstopdf Info: Source file: <parallelde_scale.eps>
(epstopdf)                    date: 2023-01-23 17:43:29
(epstopdf)                    size: 49310 bytes
(epstopdf)             Output file: <parallelde_scale-eps-converted-to.pdf>
(epstopdf)                    date: 2023-01-25 20:22:17
(epstopdf)                    size: 25129 bytes
(epstopdf)             Command: <repstopdf --outfile=parallelde_scale-eps-conve
rted-to.pdf parallelde_scale.eps>
(epstopdf)             \includegraphics on input line 736.
Package epstopdf Info: Output file is already uptodate.
<parallelde_scale-eps-converted-to.pdf, id=60, 455.7025pt x 255.95625pt>
File: parallelde_scale-eps-converted-to.pdf Graphic file (type pdf)
<use parallelde_scale-eps-converted-to.pdf>
Package pdftex.def Info: parallelde_scale-eps-converted-to.pdf  used on input l
ine 736.
(pdftex.def)             Requested size: 318.98956pt x 179.16814pt.

[13 <./parallelde_scale-eps-converted-to.pdf>]

LaTeX Warning: `h' float specifier changed to `ht'.

[14] [15] [16] [17] [18] [19] [20] [21] [22] [23] [24] (./optimus_paper.aux) ) 
Here is how much of TeX's memory you used:
 6170 strings out of 476855
 94384 string characters out of 5823862
 668029 words of memory out of 5000000
 27368 multiletter control sequences out of 15000+600000
 478526 words of font info for 45 fonts, out of 8000000 for 9000
 59 hyphenation exceptions out of 8191
 70i,13n,76p,236b,1691s stack positions out of 10000i,1000n,20000p,200000b,200000s
 
</home/sheridan/.texlive2022/texmf-var/fonts/pk/ljfour/jknappen/ec/tcrm1000.600
pk> </home/sheridan/.texlive2022/texmf-var/fonts/pk/ljfour/jknappen/ec/ecsl1000
.600pk> </home/sheridan/.texlive2022/texmf-var/fonts/pk/ljfour/jknappen/ec/ecrm
0800.600pk> </home/sheridan/.texlive2022/texmf-var/fonts/pk/ljfour/jknappen/ec/
ectt1000.600pk> </home/sheridan/.texlive2022/texmf-var/fonts/pk/ljfour/jknappen
/ec/ecti1000.600pk> </home/sheridan/.texlive2022/texmf-var/fonts/pk/ljfour/jkna
ppen/ec/ecbx1000.600pk> </home/sheridan/.texlive2022/texmf-var/fonts/pk/ljfour/
jknappen/ec/ecti0800.600pk> </home/sheridan/.texlive2022/texmf-var/fonts/pk/ljf
our/jknappen/ec/ecrm1000.600pk> </home/sheridan/.texlive2022/texmf-var/fonts/pk
/ljfour/jknappen/ec/ecrm1440.600pk></usr/share/texlive/texmf-dist/fonts/type1/p
ublic/amsfonts/cm/cmex10.pfb></usr/share/texlive/texmf-dist/fonts/type1/public/
amsfonts/cm/cmmi10.pfb></usr/share/texlive/texmf-dist/fonts/type1/public/amsfon
ts/cm/cmmi5.pfb></usr/share/texlive/texmf-dist/fonts/type1/public/amsfonts/cm/c
mmi7.pfb></usr/share/texlive/texmf-dist/fonts/type1/public/amsfonts/cm/cmr10.pf
b></usr/share/texlive/texmf-dist/fonts/type1/public/amsfonts/cm/cmr5.pfb></usr/
share/texlive/texmf-dist/fonts/type1/public/amsfonts/cm/cmr7.pfb></usr/share/te
xlive/texmf-dist/fonts/type1/public/amsfonts/cm/cmsy10.pfb></usr/share/texlive/
texmf-dist/fonts/type1/public/amsfonts/cm/cmsy5.pfb></usr/share/texlive/texmf-d
ist/fonts/type1/public/amsfonts/cm/cmsy6.pfb></usr/share/texlive/texmf-dist/fon
ts/type1/public/amsfonts/cm/cmsy7.pfb>
Output written on optimus_paper.pdf (24 pages, 402772 bytes).
PDF statistics:
 563 PDF objects out of 1000 (max. 8388607)
 125 compressed objects within 2 object streams
 0 named destinations out of 1000 (max. 500000)
 11 words of extra memory for PDF output out of 10000 (max. 10000000)

