This is pdfTeX, Version 3.141592653-2.6-1.40.25 (TeX Live 2023/Arch Linux) (preloaded format=pdflatex 2023.3.31)  12 APR 2023 10:02
entering extended mode
 restricted \write18 enabled.
 %&-line parsing enabled.
**ppso.tex
(./ppso.tex
LaTeX2e <2022-11-01> patch level 1
L3 programming layer <2023-02-22>
(/usr/share/texmf-dist/tex/latex/base/article.cls
Document Class: article 2022/07/02 v1.4n Standard LaTeX document class
(/usr/share/texmf-dist/tex/latex/base/size10.clo
File: size10.clo 2022/07/02 v1.4n Standard LaTeX file (size option)
)
\c@part=\count185
\c@section=\count186
\c@subsection=\count187
\c@subsubsection=\count188
\c@paragraph=\count189
\c@subparagraph=\count190
\c@figure=\count191
\c@table=\count192
\abovecaptionskip=\skip48
\belowcaptionskip=\skip49
\bibindent=\dimen140
)
(/usr/share/texmf-dist/tex/latex/base/fontenc.sty
Package: fontenc 2021/04/29 v2.0v Standard LaTeX package
)
(/usr/share/texmf-dist/tex/latex/base/inputenc.sty
Package: inputenc 2021/02/14 v1.3d Input encoding file
\inpenc@prehook=\toks16
\inpenc@posthook=\toks17

(/usr/share/texmf-dist/tex/latex/base/latin9.def
File: latin9.def 2021/02/14 v1.3d Input encoding file
))
(/usr/share/texmf-dist/tex/latex/float/float.sty
Package: float 2001/11/08 v1.3d Float enhancements (AL)
\c@float@type=\count193
\float@exts=\toks18
\float@box=\box51
\@float@everytoks=\toks19
\@floatcapt=\box52
)
(/usr/share/texmf-dist/tex/latex/url/url.sty
\Urlmuskip=\muskip16
Package: url 2013/09/16  ver 3.4  Verb mode for urls, etc.
)
(/usr/share/texmf-dist/tex/latex/amsmath/amstext.sty
Package: amstext 2021/08/26 v2.01 AMS text

(/usr/share/texmf-dist/tex/latex/amsmath/amsgen.sty
File: amsgen.sty 1999/11/30 v2.0 generic functions
\@emptytoks=\toks20
\ex@=\dimen141
))
(/usr/share/texmf-dist/tex/latex/graphics/graphicx.sty
Package: graphicx 2021/09/16 v1.2d Enhanced LaTeX Graphics (DPC,SPQR)

(/usr/share/texmf-dist/tex/latex/graphics/keyval.sty
Package: keyval 2022/05/29 v1.15 key=value parser (DPC)
\KV@toks@=\toks21
)
(/usr/share/texmf-dist/tex/latex/graphics/graphics.sty
Package: graphics 2022/03/10 v1.4e Standard LaTeX Graphics (DPC,SPQR)

(/usr/share/texmf-dist/tex/latex/graphics/trig.sty
Package: trig 2021/08/11 v1.11 sin cos tan (DPC)
)
(/usr/share/texmf-dist/tex/latex/graphics-cfg/graphics.cfg
File: graphics.cfg 2016/06/04 v1.11 sample graphics configuration
)
Package graphics Info: Driver file: pdftex.def on input line 107.

(/usr/share/texmf-dist/tex/latex/graphics-def/pdftex.def
File: pdftex.def 2022/09/22 v1.2b Graphics/color driver for pdftex
))
\Gin@req@height=\dimen142
\Gin@req@width=\dimen143
)
\@float@every@algorithm=\toks22
\c@algorithm=\count194

(/usr/share/texmf-dist/tex/generic/babel/babel.sty
Package: babel 2023/02/13 3.86 The Babel package
\babel@savecnt=\count195
\U@D=\dimen144
\l@unhyphenated=\language87

(/usr/share/texmf-dist/tex/generic/babel/txtbabel.def)
\bbl@readstream=\read2
\bbl@dirlevel=\count196

(/usr/share/texmf-dist/tex/generic/babel-english/english.ldf
Language: english 2017/06/06 v3.3r English support from the babel system
Package babel Info: Hyphen rules for 'canadian' set to \l@english
(babel)             (\language0). Reported on input line 102.
Package babel Info: Hyphen rules for 'australian' set to \l@ukenglish
(babel)             (\language21). Reported on input line 105.
Package babel Info: Hyphen rules for 'newzealand' set to \l@ukenglish
(babel)             (\language21). Reported on input line 108.
))
(/usr/share/texmf-dist/tex/generic/babel/locale/en/babel-english.tex
Package babel Info: Importing font and identification data for english
(babel)             from babel-en.ini. Reported on input line 11.
)
(/usr/share/texmf-dist/tex/latex/l3backend/l3backend-pdftex.def
File: l3backend-pdftex.def 2023-01-16 L3 backend support: PDF output (pdfTeX)
\l__color_backend_stack_int=\count197
\l__pdf_internal_box=\box53
) (./ppso.aux)
\openout1 = `ppso.aux'.

LaTeX Font Info:    Checking defaults for OML/cmm/m/it on input line 34.
LaTeX Font Info:    ... okay on input line 34.
LaTeX Font Info:    Checking defaults for OMS/cmsy/m/n on input line 34.
LaTeX Font Info:    ... okay on input line 34.
LaTeX Font Info:    Checking defaults for OT1/cmr/m/n on input line 34.
LaTeX Font Info:    ... okay on input line 34.
LaTeX Font Info:    Checking defaults for T1/cmr/m/n on input line 34.
LaTeX Font Info:    ... okay on input line 34.
LaTeX Font Info:    Checking defaults for TS1/cmr/m/n on input line 34.
LaTeX Font Info:    ... okay on input line 34.
LaTeX Font Info:    Checking defaults for OMX/cmex/m/n on input line 34.
LaTeX Font Info:    ... okay on input line 34.
LaTeX Font Info:    Checking defaults for U/cmr/m/n on input line 34.
LaTeX Font Info:    ... okay on input line 34.

(/usr/share/texmf-dist/tex/context/base/mkii/supp-pdf.mkii
[Loading MPS to PDF converter (version 2006.09.02).]
\scratchcounter=\count198
\scratchdimen=\dimen145
\scratchbox=\box54
\nofMPsegments=\count199
\nofMParguments=\count266
\everyMPshowfont=\toks23
\MPscratchCnt=\count267
\MPscratchDim=\dimen146
\MPnumerator=\count268
\makeMPintoPDFobject=\count269
\everyMPtoPDFconversion=\toks24
) (/usr/share/texmf-dist/tex/latex/epstopdf-pkg/epstopdf-base.sty
Package: epstopdf-base 2020-01-24 v2.11 Base part for package epstopdf
Package epstopdf-base Info: Redefining graphics rule for `.eps' on input line 4
85.

(/usr/share/texmf-dist/tex/latex/latexconfig/epstopdf-sys.cfg
File: epstopdf-sys.cfg 2010/07/13 v1.3 Configuration of (r)epstopdf for TeX Liv
e
))
LaTeX Font Info:    External font `cmex10' loaded for size
(Font)              <12> on input line 37.
LaTeX Font Info:    External font `cmex10' loaded for size
(Font)              <8> on input line 37.
LaTeX Font Info:    External font `cmex10' loaded for size
(Font)              <6> on input line 37.
LaTeX Font Info:    External font `cmex10' loaded for size
(Font)              <7> on input line 73.
LaTeX Font Info:    External font `cmex10' loaded for size
(Font)              <5> on input line 73.
 [1

{/var/lib/texmf/fonts/map/pdftex/updmap/pdftex.map}{/usr/share/texmf-dist/fonts
/enc/dvips/cm-super/cm-super-t1.enc}] [2] [3] [4] [5] [6] [7] [8]
Package epstopdf Info: Source file: <image2.eps>
(epstopdf)                    date: 2023-04-12 10:01:26
(epstopdf)                    size: 10130757 bytes
(epstopdf)             Output file: <image2-eps-converted-to.pdf>
(epstopdf)                    date: 2023-04-12 10:01:35
(epstopdf)                    size: 89325 bytes
(epstopdf)             Command: <repstopdf --outfile=image2-eps-converted-to.pd
f image2.eps>
(epstopdf)             \includegraphics on input line 401.
Package epstopdf Info: Output file is already uptodate.
<image2-eps-converted-to.pdf, id=44, 560.0925pt x 172.645pt>
File: image2-eps-converted-to.pdf Graphic file (type pdf)
<use image2-eps-converted-to.pdf>
Package pdftex.def Info: image2-eps-converted-to.pdf  used on input line 401.
(pdftex.def)             Requested size: 392.06207pt x 120.85066pt.

Overfull \hbox (47.06207pt too wide) in paragraph at lines 401--402
 [][] 
 []

[9 <./image2-eps-converted-to.pdf>]
Overfull \hbox (126.24884pt too wide) in paragraph at lines 445--497
[][] 
 []

[10]
LaTeX Font Info:    Trying to load font information for T1+cmtt on input line 5
07.
 (/usr/share/texmf-dist/tex/latex/base/t1cmtt.fd
File: t1cmtt.fd 2022/07/10 v2.5l Standard LaTeX font definitions
) [11]
Overfull \hbox (20.69176pt too wide) in paragraph at lines 551--625
[][]  
 []

[12] [13]
Overfull \hbox (123.0145pt too wide) in paragraph at lines 660--734
[][]  
 []

Package epstopdf Info: Source file: <boxplot_1to1.eps>
(epstopdf)                    date: 2023-04-12 10:01:26
(epstopdf)                    size: 13791154 bytes
(epstopdf)             Output file: <boxplot_1to1-eps-converted-to.pdf>
(epstopdf)                    date: 2023-04-12 10:01:41
(epstopdf)                    size: 90258 bytes
(epstopdf)             Command: <repstopdf --outfile=boxplot_1to1-eps-converted
-to.pdf boxplot_1to1.eps>
(epstopdf)             \includegraphics on input line 736.
Package epstopdf Info: Output file is already uptodate.
<boxplot_1to1-eps-converted-to.pdf, id=72, 361.35pt x 301.125pt>
File: boxplot_1to1-eps-converted-to.pdf Graphic file (type pdf)
<use boxplot_1to1-eps-converted-to.pdf>
Package pdftex.def Info: boxplot_1to1-eps-converted-to.pdf  used on input line 
736.
(pdftex.def)             Requested size: 325.21199pt x 271.00998pt.
[14]
Package epstopdf Info: Source file: <nonparametric.eps>
(epstopdf)                    date: 2023-04-12 10:01:26
(epstopdf)                    size: 801806 bytes
(epstopdf)             Output file: <nonparametric-eps-converted-to.pdf>
(epstopdf)                    date: 2023-04-12 10:01:41
(epstopdf)                    size: 14863 bytes
(epstopdf)             Command: <repstopdf --outfile=nonparametric-eps-converte
d-to.pdf nonparametric.eps>
(epstopdf)             \includegraphics on input line 743.
Package epstopdf Info: Output file is already uptodate.
<nonparametric-eps-converted-to.pdf, id=76, 523.9575pt x 424.58624pt>
File: nonparametric-eps-converted-to.pdf Graphic file (type pdf)
<use nonparametric-eps-converted-to.pdf>
Package pdftex.def Info: nonparametric-eps-converted-to.pdf  used on input line
 743.
(pdftex.def)             Requested size: 366.76775pt x 297.20834pt.

Overfull \hbox (21.76775pt too wide) in paragraph at lines 743--744
 [][] 
 []

[15] [16 <./boxplot_1to1-eps-converted-to.pdf>]
Overfull \hbox (47.14119pt too wide) in paragraph at lines 769--843
[][]  
 []

[17 <./nonparametric-eps-converted-to.pdf>] [18] [19]
Package epstopdf Info: Source file: <elp_time.eps>
(epstopdf)                    date: 2023-04-12 10:01:26
(epstopdf)                    size: 51458 bytes
(epstopdf)             Output file: <elp_time-eps-converted-to.pdf>
(epstopdf)                    date: 2023-04-12 10:01:42
(epstopdf)                    size: 25156 bytes
(epstopdf)             Command: <repstopdf --outfile=elp_time-eps-converted-to.
pdf elp_time.eps>
(epstopdf)             \includegraphics on input line 964.
Package epstopdf Info: Output file is already uptodate.
<elp_time-eps-converted-to.pdf, id=97, 455.7025pt x 255.95625pt>
File: elp_time-eps-converted-to.pdf Graphic file (type pdf)
<use elp_time-eps-converted-to.pdf>
Package pdftex.def Info: elp_time-eps-converted-to.pdf  used on input line 964.

(pdftex.def)             Requested size: 318.98956pt x 179.16814pt.
Package epstopdf Info: Source file: <gklstime.eps>
(epstopdf)                    date: 2023-04-12 10:01:26
(epstopdf)                    size: 47327 bytes
(epstopdf)             Output file: <gklstime-eps-converted-to.pdf>
(epstopdf)                    date: 2023-04-12 10:01:42
(epstopdf)                    size: 23428 bytes
(epstopdf)             Command: <repstopdf --outfile=gklstime-eps-converted-to.
pdf gklstime.eps>
(epstopdf)             \includegraphics on input line 983.
Package epstopdf Info: Output file is already uptodate.
<gklstime-eps-converted-to.pdf, id=98, 455.7025pt x 255.95625pt>
File: gklstime-eps-converted-to.pdf Graphic file (type pdf)
<use gklstime-eps-converted-to.pdf>
Package pdftex.def Info: gklstime-eps-converted-to.pdf  used on input line 983.

(pdftex.def)             Requested size: 364.56248pt x 204.76526pt.

Overfull \hbox (19.56248pt too wide) in paragraph at lines 983--984
[][] 
 []

[20 <./elp_time-eps-converted-to.pdf>]
Package epstopdf Info: Source file: <gklscalls.eps>
(epstopdf)                    date: 2023-04-12 10:01:26
(epstopdf)                    size: 61059 bytes
(epstopdf)             Output file: <gklscalls-eps-converted-to.pdf>
(epstopdf)                    date: 2023-04-12 10:01:42
(epstopdf)                    size: 30257 bytes
(epstopdf)             Command: <repstopdf --outfile=gklscalls-eps-converted-to
.pdf gklscalls.eps>
(epstopdf)             \includegraphics on input line 993.
Package epstopdf Info: Output file is already uptodate.
<gklscalls-eps-converted-to.pdf, id=106, 455.7025pt x 255.95625pt>
File: gklscalls-eps-converted-to.pdf Graphic file (type pdf)
<use gklscalls-eps-converted-to.pdf>
Package pdftex.def Info: gklscalls-eps-converted-to.pdf  used on input line 993
.
(pdftex.def)             Requested size: 364.56248pt x 204.76526pt.

Overfull \hbox (19.56248pt too wide) in paragraph at lines 993--994
[][] 
 []

[21 <./gklstime-eps-converted-to.pdf>]
Package epstopdf Info: Source file: <gklsrate.eps>
(epstopdf)                    date: 2023-04-12 10:01:26
(epstopdf)                    size: 74531 bytes
(epstopdf)             Output file: <gklsrate-eps-converted-to.pdf>
(epstopdf)                    date: 2023-04-12 10:01:42
(epstopdf)                    size: 36496 bytes
(epstopdf)             Command: <repstopdf --outfile=gklsrate-eps-converted-to.
pdf gklsrate.eps>
(epstopdf)             \includegraphics on input line 1004.
Package epstopdf Info: Output file is already uptodate.
<gklsrate-eps-converted-to.pdf, id=112, 455.7025pt x 255.95625pt>
File: gklsrate-eps-converted-to.pdf Graphic file (type pdf)
<use gklsrate-eps-converted-to.pdf>
Package pdftex.def Info: gklsrate-eps-converted-to.pdf  used on input line 1004
.
(pdftex.def)             Requested size: 364.56248pt x 204.76526pt.

Overfull \hbox (19.56248pt too wide) in paragraph at lines 1004--1005
[][] 
 []

[22 <./gklscalls-eps-converted-to.pdf>]
Package epstopdf Info: Source file: <mlp_time.eps>
(epstopdf)                    date: 2023-04-12 10:01:49
(epstopdf)                    size: 44950 bytes
(epstopdf)             Output file: <mlp_time-eps-converted-to.pdf>
(epstopdf)                    date: 2023-04-12 10:02:36
(epstopdf)                    size: 22828 bytes
(epstopdf)             Command: <repstopdf --outfile=mlp_time-eps-converted-to.
pdf mlp_time.eps>
(epstopdf)             \includegraphics on input line 1022.
Package epstopdf Info: Output file is already uptodate.
<mlp_time-eps-converted-to.pdf, id=118, 455.7025pt x 255.95625pt>
File: mlp_time-eps-converted-to.pdf Graphic file (type pdf)
<use mlp_time-eps-converted-to.pdf>
Package pdftex.def Info: mlp_time-eps-converted-to.pdf  used on input line 1022
.
(pdftex.def)             Requested size: 364.56248pt x 204.76526pt.

Overfull \hbox (19.56248pt too wide) in paragraph at lines 1022--1023
 [][] 
 []

[23 <./gklsrate-eps-converted-to.pdf>] [24 <./mlp_time-eps-converted-to.pdf>]
[25] [26] [27] [28] [29] [30] [31] [32] (./ppso.aux) ) 
Here is how much of TeX's memory you used:
 3236 strings out of 476025
 53551 string characters out of 5796532
 1882388 words of memory out of 5000000
 23656 multiletter control sequences out of 15000+600000
 525266 words of font info for 55 fonts, out of 8000000 for 9000
 1141 hyphenation exceptions out of 8191
 57i,13n,62p,443b,402s stack positions out of 5000i,500n,10000p,200000b,80000s
</usr/share/texmf-dist/fo
nts/type1/public/amsfonts/cm/cmex10.pfb></usr/share/texmf-dist/fonts/type1/publ
ic/amsfonts/cm/cmmi10.pfb></usr/share/texmf-dist/fonts/type1/public/amsfonts/cm
/cmmi5.pfb></usr/share/texmf-dist/fonts/type1/public/amsfonts/cm/cmmi6.pfb></us
r/share/texmf-dist/fonts/type1/public/amsfonts/cm/cmmi7.pfb></usr/share/texmf-d
ist/fonts/type1/public/amsfonts/cm/cmmi8.pfb></usr/share/texmf-dist/fonts/type1
/public/amsfonts/cm/cmr10.pfb></usr/share/texmf-dist/fonts/type1/public/amsfont
s/cm/cmr5.pfb></usr/share/texmf-dist/fonts/type1/public/amsfonts/cm/cmr6.pfb></
usr/share/texmf-dist/fonts/type1/public/amsfonts/cm/cmr7.pfb></usr/share/texmf-
dist/fonts/type1/public/amsfonts/cm/cmr8.pfb></usr/share/texmf-dist/fonts/type1
/public/amsfonts/cm/cmsy10.pfb></usr/share/texmf-dist/fonts/type1/public/amsfon
ts/cm/cmsy5.pfb></usr/share/texmf-dist/fonts/type1/public/amsfonts/cm/cmsy6.pfb
></usr/share/texmf-dist/fonts/type1/public/amsfonts/cm/cmsy7.pfb></usr/share/te
xmf-dist/fonts/type1/public/amsfonts/cm/cmsy8.pfb></usr/share/texmf-dist/fonts/
type1/public/cm-super/sfbi1000.pfb></usr/share/texmf-dist/fonts/type1/public/cm
-super/sfbx0900.pfb></usr/share/texmf-dist/fonts/type1/public/cm-super/sfbx1000
.pfb></usr/share/texmf-dist/fonts/type1/public/cm-super/sfbx1200.pfb></usr/shar
e/texmf-dist/fonts/type1/public/cm-super/sfbx1440.pfb></usr/share/texmf-dist/fo
nts/type1/public/cm-super/sfrm0800.pfb></usr/share/texmf-dist/fonts/type1/publi
c/cm-super/sfrm0900.pfb></usr/share/texmf-dist/fonts/type1/public/cm-super/sfrm
1000.pfb></usr/share/texmf-dist/fonts/type1/public/cm-super/sfrm1200.pfb></usr/
share/texmf-dist/fonts/type1/public/cm-super/sfrm1728.pfb></usr/share/texmf-dis
t/fonts/type1/public/cm-super/sftt1000.pfb>
Output written on ppso.pdf (32 pages, 757411 bytes).
PDF statistics:
 268 PDF objects out of 1000 (max. 8388607)
 167 compressed objects within 2 object streams
 0 named destinations out of 1000 (max. 500000)
 41 words of extra memory for PDF output out of 10000 (max. 10000000)

