Genetic. Generation:    1 Fitness:    6.43644 Worst:   10.15387 Average:    9.09562 Variance:   13.82517 Stopat:    6.91258 
Genetic. Generation:    2 Fitness:    5.85620 Worst:   10.17572 Average:    8.83394 Variance:   11.40498 Stopat:    5.70249 
Genetic. Generation:    3 Fitness:    5.66443 Worst:   10.31100 Average:    8.58845 Variance:    9.23077 Stopat:    4.61538 
Genetic. Generation:    4 Fitness:    5.66027 Worst:   10.69412 Average:    8.51518 Variance:    7.70770 Stopat:    3.85385 
Genetic. Generation:    5 Fitness:    5.02022 Worst:   10.06693 Average:    8.24056 Variance:    6.45735 Stopat:    3.22868 
Genetic. Generation:    6 Fitness:    5.02022 Worst:   10.45682 Average:    8.26001 Variance:    5.55586 Stopat:    2.77793 
Genetic. Generation:    7 Fitness:    4.99172 Worst:   10.20894 Average:    8.09663 Variance:    4.87302 Stopat:    2.43651 
Genetic. Generation:    8 Fitness:    4.97602 Worst:   11.40636 Average:    8.10552 Variance:    4.33876 Stopat:    2.16938 
Genetic. Generation:    9 Fitness:    4.89782 Worst:   10.68950 Average:    7.70278 Variance:    3.90724 Stopat:    1.95362 
Genetic. Generation:   10 Fitness:    3.88861 Worst:   10.30461 Average:    7.76505 Variance:    3.61369 Stopat:    1.80685 
Genetic. Generation:   11 Fitness:    3.88861 Worst:   10.04910 Average:    7.52726 Variance:    3.35965 Stopat:    1.80685 
Genetic. Generation:   12 Fitness:    3.54333 Worst:   10.02837 Average:    7.50975 Variance:    3.18176 Stopat:    1.59088 
Genetic. Generation:   13 Fitness:    3.44739 Worst:   10.18065 Average:    7.15804 Variance:    3.03172 Stopat:    1.51586 
Genetic. Generation:   14 Fitness:    3.07226 Worst:   10.42600 Average:    6.73711 Variance:    2.94761 Stopat:    1.47380 
Genetic. Generation:   15 Fitness:    3.07226 Worst:   10.26085 Average:    6.70536 Variance:    2.86018 Stopat:    1.43009 
Genetic. Generation:   16 Fitness:    3.07226 Worst:    9.92802 Average:    6.82351 Variance:    2.77232 Stopat:    1.43009 
Genetic. Generation:   17 Fitness:    3.07226 Worst:    9.98847 Average:    6.82012 Variance:    2.68578 Stopat:    1.43009 
Genetic. Generation:   18 Fitness:    3.07226 Worst:   10.08588 Average:    6.89138 Variance:    2.60163 Stopat:    1.43009 
Genetic. Generation:   19 Fitness:    3.07226 Worst:    9.78898 Average:    6.64881 Variance:    2.52046 Stopat:    1.43009 
Genetic. Generation:   20 Fitness:    3.05968 Worst:   10.16106 Average:    6.49849 Variance:    2.44369 Stopat:    1.22184 
Genetic. Generation:   21 Fitness:    2.51677 Worst:    9.86984 Average:    6.35419 Variance:    2.42675 Stopat:    1.21337 
Genetic. Generation:   22 Fitness:    2.51677 Worst:    9.95847 Average:    6.52686 Variance:    2.40345 Stopat:    1.20173 
Genetic. Generation:   23 Fitness:    2.51677 Worst:   10.02335 Average:    6.53153 Variance:    2.37553 Stopat:    1.20173 
Genetic. Generation:   24 Fitness:    2.51677 Worst:   10.05072 Average:    6.41094 Variance:    2.34430 Stopat:    1.20173 
Genetic. Generation:   25 Fitness:    2.51677 Worst:    9.86542 Average:    6.45317 Variance:    2.31075 Stopat:    1.20173 
Genetic. Generation:   26 Fitness:    2.51677 Worst:    9.99854 Average:    6.51498 Variance:    2.27565 Stopat:    1.20173 
Genetic. Generation:   27 Fitness:    2.51677 Worst:   10.01225 Average:    6.52262 Variance:    2.23957 Stopat:    1.20173 
Genetic. Generation:   28 Fitness:    2.51677 Worst:   10.01585 Average:    6.28048 Variance:    2.20298 Stopat:    1.20173 
Genetic. Generation:   29 Fitness:    2.46385 Worst:    9.95355 Average:    5.80872 Variance:    2.16993 Stopat:    1.08497 
Genetic. Generation:   30 Fitness:    2.44359 Worst:   10.05221 Average:    5.59310 Variance:    2.13788 Stopat:    1.06894 
Genetic. Generation:   31 Fitness:    2.44359 Worst:   10.26993 Average:    5.82853 Variance:    2.10553 Stopat:    1.05277 
Genetic. Generation:   32 Fitness:    2.44359 Worst:    9.86385 Average:    5.35712 Variance:    2.07312 Stopat:    1.05277 
Genetic. Generation:   33 Fitness:    2.39472 Worst:    9.92749 Average:    5.32245 Variance:    2.04369 Stopat:    1.02184 
Genetic. Generation:   34 Fitness:    2.39472 Worst:    9.59838 Average:    4.83145 Variance:    2.01419 Stopat:    1.00709 
Genetic. Generation:   35 Fitness:    2.39472 Worst:    9.80928 Average:    5.10973 Variance:    1.98476 Stopat:    1.00709 
Genetic. Generation:   36 Fitness:    2.39472 Worst:    9.96833 Average:    5.32156 Variance:    1.95553 Stopat:    1.00709 
Genetic. Generation:   37 Fitness:    2.39472 Worst:    9.89052 Average:    5.35218 Variance:    1.92659 Stopat:    1.00709 
Genetic. Generation:   38 Fitness:    2.39472 Worst:    9.93792 Average:    5.41992 Variance:    1.89801 Stopat:    1.00709 
Genetic. Generation:   39 Fitness:    2.39472 Worst:   10.04084 Average:    5.55390 Variance:    1.86984 Stopat:    1.00709 
Genetic. Generation:   40 Fitness:    2.37389 Worst:   10.08851 Average:    5.16102 Variance:    1.84300 Stopat:    0.92150 
Genetic. Generation:   41 Fitness:    2.37389 Worst:   10.00721 Average:    5.53681 Variance:    1.81657 Stopat:    0.90828 
Genetic. Generation:   42 Fitness:    2.37389 Worst:    9.97679 Average:    5.50636 Variance:    1.79057 Stopat:    0.90828 
Genetic. Generation:   43 Fitness:    2.35631 Worst:    9.96397 Average:    5.63195 Variance:    1.76568 Stopat:    0.88284 
Genetic. Generation:   44 Fitness:    2.35497 Worst:   10.32531 Average:    5.43282 Variance:    1.74126 Stopat:    0.87063 
Genetic. Generation:   45 Fitness:    2.33633 Worst:    9.95372 Average:    5.34705 Variance:    1.71792 Stopat:    0.85896 
Genetic. Generation:   46 Fitness:    2.33633 Worst:   10.31100 Average:    5.80845 Variance:    1.69497 Stopat:    0.85896 
Genetic. Generation:   47 Fitness:    2.33633 Worst:   10.15575 Average:    5.73730 Variance:    1.67242 Stopat:    0.85896 
Genetic. Generation:   48 Fitness:    2.28897 Worst:    9.95886 Average:    5.45607 Variance:    1.65179 Stopat:    0.82590 
Genetic. Generation:   49 Fitness:    2.28897 Worst:   10.27463 Average:    5.89324 Variance:    1.63146 Stopat:    0.82590 
Genetic. Generation:   50 Fitness:    2.28532 Worst:   10.19372 Average:    4.86270 Variance:    1.61154 Stopat:    0.80577 
Genetic. Generation:   51 Fitness:    2.28532 Worst:    9.80564 Average:    4.91774 Variance:    1.59194 Stopat:    0.80577 
Genetic. Generation:   52 Fitness:    2.28532 Worst:    9.98642 Average:    4.79173 Variance:    1.57266 Stopat:    0.80577 
Genetic. Generation:   53 Fitness:    2.28532 Worst:   10.04433 Average:    5.23742 Variance:    1.55370 Stopat:    0.80577 
Genetic. Generation:   54 Fitness:    2.26825 Worst:   10.04689 Average:    5.05177 Variance:    1.53551 Stopat:    0.76776 
Genetic. Generation:   55 Fitness:    2.26825 Worst:   10.03052 Average:    4.89615 Variance:    1.51763 Stopat:    0.76776 
Genetic. Generation:   56 Fitness:    2.26825 Worst:    9.99824 Average:    4.87816 Variance:    1.50004 Stopat:    0.76776 
Genetic. Generation:   57 Fitness:    2.26825 Worst:    9.70289 Average:    5.14340 Variance:    1.48276 Stopat:    0.76776 
Genetic. Generation:   58 Fitness:    2.26825 Worst:   10.02554 Average:    5.28741 Variance:    1.46577 Stopat:    0.76776 
Genetic. Generation:   59 Fitness:    2.26825 Worst:    9.87920 Average:    5.14420 Variance:    1.44908 Stopat:    0.76776 
Genetic. Generation:   60 Fitness:    2.26757 Worst:   10.03867 Average:    5.41247 Variance:    1.43271 Stopat:    0.71635 
Genetic. Generation:   61 Fitness:    2.26757 Worst:   10.04027 Average:    5.67132 Variance:    1.41663 Stopat:    0.70831 
Genetic. Generation:   62 Fitness:    2.26757 Worst:   10.08165 Average:    5.14109 Variance:    1.40084 Stopat:    0.70831 
Genetic. Generation:   63 Fitness:    2.26757 Worst:   10.04284 Average:    5.27922 Variance:    1.38533 Stopat:    0.70831 
Genetic. Generation:   64 Fitness:    2.24984 Worst:    9.87872 Average:    5.31902 Variance:    1.37046 Stopat:    0.68523 
Genetic. Generation:   65 Fitness:    2.24984 Worst:   10.13859 Average:    5.63277 Variance:    1.35585 Stopat:    0.67792 
Genetic. Generation:   66 Fitness:    2.24984 Worst:   10.10437 Average:    5.17608 Variance:    1.34149 Stopat:    0.67792 
Genetic. Generation:   67 Fitness:    2.24984 Worst:    9.67602 Average:    4.92521 Variance:    1.32738 Stopat:    0.67792 
Genetic. Generation:   68 Fitness:    2.24984 Worst:    9.95919 Average:    4.88005 Variance:    1.31352 Stopat:    0.67792 
Genetic. Generation:   69 Fitness:    2.24984 Worst:    9.95773 Average:    5.23941 Variance:    1.29991 Stopat:    0.67792 
Genetic. Generation:   70 Fitness:    2.24984 Worst:   10.10222 Average:    5.35358 Variance:    1.28653 Stopat:    0.67792 
Genetic. Generation:   71 Fitness:    2.24984 Worst:    9.95898 Average:    5.61785 Variance:    1.27339 Stopat:    0.67792 
Genetic. Generation:   72 Fitness:    2.24984 Worst:    9.86495 Average:    5.55595 Variance:    1.26049 Stopat:    0.67792 
Genetic. Generation:   73 Fitness:    2.23626 Worst:   10.03114 Average:    5.37555 Variance:    1.24802 Stopat:    0.62401 
Genetic. Generation:   74 Fitness:    2.17713 Worst:    9.84688 Average:    5.40063 Variance:    1.23671 Stopat:    0.61835 
Genetic. Generation:   75 Fitness:    2.17713 Worst:   10.11309 Average:    5.22840 Variance:    1.22555 Stopat:    0.61278 
Genetic. Generation:   76 Fitness:    2.17713 Worst:    9.72761 Average:    5.19552 Variance:    1.21456 Stopat:    0.61278 
Genetic. Generation:   77 Fitness:    2.17713 Worst:    9.88057 Average:    5.37171 Variance:    1.20372 Stopat:    0.61278 
Genetic. Generation:   78 Fitness:    2.17713 Worst:    9.87979 Average:    5.00466 Variance:    1.19304 Stopat:    0.61278 
Genetic. Generation:   79 Fitness:    2.17713 Worst:    9.93080 Average:    5.46749 Variance:    1.18252 Stopat:    0.61278 
Genetic. Generation:   80 Fitness:    2.17713 Worst:    9.84452 Average:    4.63758 Variance:    1.17214 Stopat:    0.61278 
Genetic. Generation:   81 Fitness:    2.17713 Worst:    9.70610 Average:    5.26965 Variance:    1.16192 Stopat:    0.61278 
Genetic. Generation:   82 Fitness:    2.17713 Worst:    9.97632 Average:    5.08820 Variance:    1.15185 Stopat:    0.61278 
Genetic. Generation:   83 Fitness:    2.17713 Worst:    9.82753 Average:    5.16722 Variance:    1.14192 Stopat:    0.61278 
Genetic. Generation:   84 Fitness:    2.17713 Worst:    9.69958 Average:    5.31071 Variance:    1.13214 Stopat:    0.61278 
Genetic. Generation:   85 Fitness:    2.17713 Worst:    9.83905 Average:    4.97379 Variance:    1.12251 Stopat:    0.61278 
Genetic. Generation:   86 Fitness:    2.17713 Worst:    9.91277 Average:    5.19189 Variance:    1.11301 Stopat:    0.61278 
Genetic. Generation:   87 Fitness:    2.17713 Worst:    9.79775 Average:    4.78488 Variance:    1.10365 Stopat:    0.61278 
Genetic. Generation:   88 Fitness:    2.17713 Worst:    9.56121 Average:    5.52141 Variance:    1.09444 Stopat:    0.61278 
Genetic. Generation:   89 Fitness:    2.17713 Worst:    9.45942 Average:    4.80417 Variance:    1.08535 Stopat:    0.61278 
Genetic. Generation:   90 Fitness:    2.17713 Worst:    9.61476 Average:    4.55394 Variance:    1.07640 Stopat:    0.61278 
Genetic. Generation:   91 Fitness:    2.17713 Worst:    9.86760 Average:    5.10889 Variance:    1.06758 Stopat:    0.61278 
Genetic. Generation:   92 Fitness:    2.17713 Worst:   10.13022 Average:    5.45341 Variance:    1.05889 Stopat:    0.61278 
Genetic. Generation:   93 Fitness:    2.17713 Worst:   10.34357 Average:    5.17385 Variance:    1.05032 Stopat:    0.61278 
Genetic. Generation:   94 Fitness:    2.17713 Worst:    9.84036 Average:    5.36811 Variance:    1.04188 Stopat:    0.61278 
Genetic. Generation:   95 Fitness:    2.17713 Worst:    9.82441 Average:    5.26899 Variance:    1.03356 Stopat:    0.61278 
Genetic. Generation:   96 Fitness:    2.17713 Worst:    9.83378 Average:    5.71643 Variance:    1.02536 Stopat:    0.61278 
Genetic. Generation:   97 Fitness:    2.17713 Worst:    9.85298 Average:    5.59104 Variance:    1.01728 Stopat:    0.61278 
Genetic. Generation:   98 Fitness:    2.17713 Worst:   10.18054 Average:    5.63630 Variance:    1.00931 Stopat:    0.61278 
Genetic. Generation:   99 Fitness:    2.17713 Worst:    9.84504 Average:    5.51404 Variance:    1.00146 Stopat:    0.61278 
Genetic. Generation:  100 Fitness:    2.17713 Worst:    9.73674 Average:    5.13226 Variance:    0.99372 Stopat:    0.61278 
Genetic. Generation:  101 Fitness:    2.17713 Worst:    9.81843 Average:    5.23831 Variance:    0.98609 Stopat:    0.61278 
Genetic. Generation:  102 Fitness:    2.17713 Worst:    9.94728 Average:    5.64875 Variance:    0.97856 Stopat:    0.61278 
Genetic. Generation:  103 Fitness:    2.17713 Worst:    9.74345 Average:    5.35179 Variance:    0.97114 Stopat:    0.61278 
Genetic. Generation:  104 Fitness:    2.17713 Worst:   10.02639 Average:    5.51821 Variance:    0.96383 Stopat:    0.61278 
Genetic. Generation:  105 Fitness:    2.17713 Worst:   10.08499 Average:    5.49476 Variance:    0.95662 Stopat:    0.61278 
Genetic. Generation:  106 Fitness:    2.17713 Worst:   10.03432 Average:    5.76708 Variance:    0.94950 Stopat:    0.61278 
Genetic. Generation:  107 Fitness:    2.17713 Worst:   10.05721 Average:    5.39949 Variance:    0.94249 Stopat:    0.61278 
Genetic. Generation:  108 Fitness:    2.17713 Worst:   10.18104 Average:    5.60917 Variance:    0.93557 Stopat:    0.61278 
Genetic. Generation:  109 Fitness:    2.17713 Worst:   10.21243 Average:    5.89601 Variance:    0.92875 Stopat:    0.61278 
Genetic. Generation:  110 Fitness:    2.17713 Worst:   10.02811 Average:    5.59254 Variance:    0.92202 Stopat:    0.61278 
Genetic. Generation:  111 Fitness:    2.17713 Worst:    9.83744 Average:    5.26321 Variance:    0.91538 Stopat:    0.61278 
Genetic. Generation:  112 Fitness:    2.17713 Worst:   10.05722 Average:    5.81187 Variance:    0.90883 Stopat:    0.61278 
Genetic. Generation:  113 Fitness:    2.17713 Worst:    9.79675 Average:    5.44434 Variance:    0.90236 Stopat:    0.61278 
Genetic. Generation:  114 Fitness:    2.17713 Worst:    9.88968 Average:    5.05449 Variance:    0.89599 Stopat:    0.61278 
Genetic. Generation:  115 Fitness:    2.17713 Worst:   10.10326 Average:    5.21489 Variance:    0.88970 Stopat:    0.61278 
Genetic. Generation:  116 Fitness:    2.17713 Worst:   10.14917 Average:    5.47277 Variance:    0.88349 Stopat:    0.61278 
Genetic. Generation:  117 Fitness:    2.17713 Worst:    9.65279 Average:    5.20136 Variance:    0.87737 Stopat:    0.61278 
Genetic. Generation:  118 Fitness:    2.17713 Worst:    9.92246 Average:    5.74961 Variance:    0.87132 Stopat:    0.61278 
Genetic. Generation:  119 Fitness:    2.17713 Worst:   10.09844 Average:    5.79454 Variance:    0.86535 Stopat:    0.61278 
Genetic. Generation:  120 Fitness:    2.17713 Worst:    9.99708 Average:    5.18103 Variance:    0.85946 Stopat:    0.61278 
Genetic. Generation:  121 Fitness:    2.17713 Worst:    9.95771 Average:    5.58661 Variance:    0.85365 Stopat:    0.61278 
Genetic. Generation:  122 Fitness:    2.17713 Worst:   10.33512 Average:    5.26408 Variance:    0.84791 Stopat:    0.61278 
Genetic. Generation:  123 Fitness:    2.17713 Worst:    9.84960 Average:    5.24956 Variance:    0.84225 Stopat:    0.61278 
Genetic. Generation:  124 Fitness:    2.17713 Worst:    9.82961 Average:    5.15908 Variance:    0.83665 Stopat:    0.61278 
Genetic. Generation:  125 Fitness:    2.17713 Worst:    9.80289 Average:    5.41256 Variance:    0.83113 Stopat:    0.61278 
Genetic. Generation:  126 Fitness:    2.17713 Worst:   10.10130 Average:    5.31965 Variance:    0.82568 Stopat:    0.61278 
Genetic. Generation:  127 Fitness:    2.17713 Worst:   10.01849 Average:    5.37960 Variance:    0.82029 Stopat:    0.61278 
Genetic. Generation:  128 Fitness:    2.17713 Worst:   10.25843 Average:    5.51663 Variance:    0.81498 Stopat:    0.61278 
Genetic. Generation:  129 Fitness:    2.17713 Worst:   10.00671 Average:    5.40997 Variance:    0.80972 Stopat:    0.61278 
Genetic. Generation:  130 Fitness:    2.17701 Worst:   10.15313 Average:    5.05599 Variance:    0.80454 Stopat:    0.40227 
Genetic. Generation:  131 Fitness:    2.17701 Worst:    9.96586 Average:    5.72955 Variance:    0.79941 Stopat:    0.40227 
Genetic. Generation:  132 Fitness:    2.17701 Worst:    9.77267 Average:    5.07729 Variance:    0.79435 Stopat:    0.40227 
Genetic. Generation:  133 Fitness:    2.17701 Worst:   10.04895 Average:    5.23628 Variance:    0.78936 Stopat:    0.40227 
Genetic. Generation:  134 Fitness:    2.17701 Worst:   10.03882 Average:    5.40512 Variance:    0.78442 Stopat:    0.40227 
Genetic. Generation:  135 Fitness:    2.17701 Worst:   10.03038 Average:    5.61308 Variance:    0.77954 Stopat:    0.40227 
Genetic. Generation:  136 Fitness:    2.17701 Worst:   10.14100 Average:    5.40917 Variance:    0.77472 Stopat:    0.40227 
Genetic. Generation:  137 Fitness:    2.17701 Worst:   10.00382 Average:    5.09997 Variance:    0.76995 Stopat:    0.40227 
Genetic. Generation:  138 Fitness:    2.17701 Worst:    9.99141 Average:    5.14509 Variance:    0.76525 Stopat:    0.40227 
Genetic. Generation:  139 Fitness:    2.17701 Worst:    9.79325 Average:    5.04641 Variance:    0.76060 Stopat:    0.40227 
Genetic. Generation:  140 Fitness:    2.17701 Worst:    9.95297 Average:    4.92749 Variance:    0.75600 Stopat:    0.40227 
Genetic. Generation:  141 Fitness:    2.17701 Worst:    9.77775 Average:    5.38529 Variance:    0.75146 Stopat:    0.40227 
Genetic. Generation:  142 Fitness:    2.17660 Worst:   10.12919 Average:    5.59760 Variance:    0.74697 Stopat:    0.37348 
Genetic. Generation:  143 Fitness:    2.17660 Worst:    9.93095 Average:    5.09222 Variance:    0.74253 Stopat:    0.37127 
Genetic. Generation:  144 Fitness:    2.17660 Worst:    9.63492 Average:    5.07736 Variance:    0.73814 Stopat:    0.37127 
Genetic. Generation:  145 Fitness:    2.17660 Worst:    9.81235 Average:    5.21348 Variance:    0.73381 Stopat:    0.37127 
Genetic. Generation:  146 Fitness:    2.17660 Worst:    9.60738 Average:    4.80243 Variance:    0.72952 Stopat:    0.37127 
Genetic. Generation:  147 Fitness:    2.17660 Worst:    9.83819 Average:    4.79697 Variance:    0.72528 Stopat:    0.37127 
Genetic. Generation:  148 Fitness:    2.17660 Worst:    9.68157 Average:    4.79604 Variance:    0.72109 Stopat:    0.37127 
Genetic. Generation:  149 Fitness:    2.17660 Worst:    9.76184 Average:    4.88979 Variance:    0.71695 Stopat:    0.37127 
Genetic. Generation:  150 Fitness:    2.17660 Worst:    9.57146 Average:    4.60032 Variance:    0.71285 Stopat:    0.37127 
Genetic. Generation:  151 Fitness:    2.17660 Worst:    9.99786 Average:    5.11688 Variance:    0.70880 Stopat:    0.37127 
Genetic. Generation:  152 Fitness:    2.17660 Worst:    9.81866 Average:    4.96696 Variance:    0.70479 Stopat:    0.37127 
Genetic. Generation:  153 Fitness:    2.17660 Worst:    9.98983 Average:    5.34480 Variance:    0.70083 Stopat:    0.37127 
Genetic. Generation:  154 Fitness:    2.17660 Worst:   10.16203 Average:    5.23009 Variance:    0.69691 Stopat:    0.37127 
Genetic. Generation:  155 Fitness:    2.17660 Worst:    9.95709 Average:    5.09632 Variance:    0.69303 Stopat:    0.37127 
Genetic. Generation:  156 Fitness:    2.17660 Worst:    9.89787 Average:    4.97691 Variance:    0.68920 Stopat:    0.37127 
Genetic. Generation:  157 Fitness:    2.17660 Worst:    9.84595 Average:    4.67019 Variance:    0.68540 Stopat:    0.37127 
Genetic. Generation:  158 Fitness:    2.17660 Worst:    9.95179 Average:    5.19811 Variance:    0.68165 Stopat:    0.37127 
Genetic. Generation:  159 Fitness:    2.17660 Worst:    9.78574 Average:    4.78785 Variance:    0.67793 Stopat:    0.37127 
Genetic. Generation:  160 Fitness:    2.17660 Worst:    9.96236 Average:    5.02200 Variance:    0.67426 Stopat:    0.37127 
Genetic. Generation:  161 Fitness:    2.17660 Worst:   10.02822 Average:    5.25111 Variance:    0.67062 Stopat:    0.37127 
Genetic. Generation:  162 Fitness:    2.17660 Worst:   10.00957 Average:    4.76401 Variance:    0.66703 Stopat:    0.37127 
Genetic. Generation:  163 Fitness:    2.17660 Worst:    9.89093 Average:    4.92128 Variance:    0.66347 Stopat:    0.37127 
Genetic. Generation:  164 Fitness:    2.17470 Worst:   10.06984 Average:    4.79132 Variance:    0.65995 Stopat:    0.32998 
Genetic. Generation:  165 Fitness:    2.17470 Worst:    9.97083 Average:    4.88994 Variance:    0.65647 Stopat:    0.32998 
Genetic. Generation:  166 Fitness:    2.17470 Worst:    9.91995 Average:    4.95468 Variance:    0.65303 Stopat:    0.32998 
Genetic. Generation:  167 Fitness:    2.17470 Worst:    9.84365 Average:    4.71111 Variance:    0.64962 Stopat:    0.32998 
Genetic. Generation:  168 Fitness:    2.17470 Worst:    9.83644 Average:    5.14665 Variance:    0.64624 Stopat:    0.32998 
Genetic. Generation:  169 Fitness:    2.17470 Worst:   10.20921 Average:    5.23475 Variance:    0.64290 Stopat:    0.32998 
Genetic. Generation:  170 Fitness:    2.17470 Worst:   10.24110 Average:    5.25334 Variance:    0.63960 Stopat:    0.32998 
Genetic. Generation:  171 Fitness:    2.17470 Worst:    9.89374 Average:    5.13700 Variance:    0.63632 Stopat:    0.32998 
Genetic. Generation:  172 Fitness:    2.17470 Worst:   10.09775 Average:    5.24651 Variance:    0.63308 Stopat:    0.32998 
Genetic. Generation:  173 Fitness:    2.17470 Worst:   10.28445 Average:    4.89369 Variance:    0.62988 Stopat:    0.32998 
Genetic. Generation:  174 Fitness:    2.17470 Worst:   10.33606 Average:    4.85834 Variance:    0.62670 Stopat:    0.32998 
Genetic. Generation:  175 Fitness:    2.17470 Worst:    9.99791 Average:    4.83648 Variance:    0.62356 Stopat:    0.32998 
Genetic. Generation:  176 Fitness:    2.17470 Worst:   10.01289 Average:    4.61335 Variance:    0.62044 Stopat:    0.32998 
Genetic. Generation:  177 Fitness:    2.17470 Worst:    9.65938 Average:    4.83597 Variance:    0.61736 Stopat:    0.32998 
Genetic. Generation:  178 Fitness:    2.17470 Worst:    9.99360 Average:    4.79665 Variance:    0.61430 Stopat:    0.32998 
Genetic. Generation:  179 Fitness:    2.17470 Worst:    9.78449 Average:    4.61163 Variance:    0.61128 Stopat:    0.32998 
Genetic. Generation:  180 Fitness:    2.17470 Worst:    9.80696 Average:    4.56146 Variance:    0.60829 Stopat:    0.32998 
Genetic. Generation:  181 Fitness:    2.17470 Worst:   10.16083 Average:    4.58745 Variance:    0.60532 Stopat:    0.32998 
Genetic. Generation:  182 Fitness:    2.17470 Worst:   10.02887 Average:    4.84917 Variance:    0.60238 Stopat:    0.32998 
Genetic. Generation:  183 Fitness:    2.17470 Worst:   10.12962 Average:    5.16665 Variance:    0.59947 Stopat:    0.32998 
Genetic. Generation:  184 Fitness:    2.17470 Worst:   10.35539 Average:    4.70561 Variance:    0.59659 Stopat:    0.32998 
Genetic. Generation:  185 Fitness:    2.17470 Worst:    9.89873 Average:    4.30520 Variance:    0.59373 Stopat:    0.32998 
Genetic. Generation:  186 Fitness:    2.17470 Worst:    9.79192 Average:    4.50136 Variance:    0.59090 Stopat:    0.32998 
Genetic. Generation:  187 Fitness:    2.17470 Worst:   10.02064 Average:    4.30158 Variance:    0.58810 Stopat:    0.32998 
Genetic. Generation:  188 Fitness:    2.17470 Worst:    9.98241 Average:    4.30861 Variance:    0.58533 Stopat:    0.32998 
Genetic. Generation:  189 Fitness:    2.17470 Worst:    9.85382 Average:    4.09614 Variance:    0.58258 Stopat:    0.32998 
Genetic. Generation:  190 Fitness:    2.16958 Worst:    9.76504 Average:    4.06837 Variance:    0.57987 Stopat:    0.28993 
Genetic. Generation:  191 Fitness:    2.16837 Worst:    9.93848 Average:    4.12785 Variance:    0.57718 Stopat:    0.28859 
Genetic. Generation:  192 Fitness:    2.15168 Worst:   10.10413 Average:    3.57987 Variance:    0.57457 Stopat:    0.28728 
Genetic. Generation:  193 Fitness:    2.15168 Worst:    9.65272 Average:    3.33446 Variance:    0.57198 Stopat:    0.28599 
Genetic. Generation:  194 Fitness:    2.14664 Worst:    9.85743 Average:    3.56889 Variance:    0.56942 Stopat:    0.28471 
Genetic. Generation:  195 Fitness:    2.14664 Worst:    9.55580 Average:    3.09805 Variance:    0.56689 Stopat:    0.28345 
Genetic. Generation:  196 Fitness:    2.13885 Worst:    9.39979 Average:    3.14905 Variance:    0.56440 Stopat:    0.28220 
Genetic. Generation:  197 Fitness:    2.13885 Worst:    9.48459 Average:    3.06760 Variance:    0.56193 Stopat:    0.28097 
Genetic. Generation:  198 Fitness:    2.13840 Worst:    9.39760 Average:    2.66920 Variance:    0.55949 Stopat:    0.27974 
Genetic. Generation:  199 Fitness:    2.11783 Worst:    8.70484 Average:    2.59736 Variance:    0.55712 Stopat:    0.27856 
Genetic. Generation:  200 Fitness:    2.11783 Worst:    5.18408 Average:    2.40155 Variance:    0.55478 Stopat:    0.27856 
