Genetic. Generation:    1 Fitness:    5.73521 Worst:   12.24835 Average:    9.03074 Variance:   11.34076 Stopat:    5.67038 
Genetic. Generation:    2 Fitness:    4.87490 Worst:   10.26878 Average:    8.57221 Variance:    8.95752 Stopat:    4.47876 
Genetic. Generation:    3 Fitness:    4.39167 Worst:   10.31374 Average:    8.38650 Variance:    6.98290 Stopat:    3.49145 
Genetic. Generation:    4 Fitness:    4.39167 Worst:   10.27505 Average:    8.33119 Variance:    5.71340 Stopat:    3.49145 
Genetic. Generation:    5 Fitness:    4.39167 Worst:   10.47633 Average:    8.15677 Variance:    4.83177 Stopat:    3.49145 
Genetic. Generation:    6 Fitness:    4.39167 Worst:   10.13689 Average:    8.12053 Variance:    4.18475 Stopat:    3.49145 
Genetic. Generation:    7 Fitness:    3.89754 Worst:   10.14486 Average:    7.87733 Variance:    3.66168 Stopat:    1.83084 
Genetic. Generation:    8 Fitness:    3.89754 Worst:   10.08573 Average:    7.80895 Variance:    3.25484 Stopat:    1.83084 
Genetic. Generation:    9 Fitness:    3.88893 Worst:   10.15351 Average:    7.27420 Variance:    2.92936 Stopat:    1.46468 
Genetic. Generation:   10 Fitness:    3.71070 Worst:    9.82843 Average:    7.01116 Variance:    2.66559 Stopat:    1.33280 
Genetic. Generation:   11 Fitness:    3.67592 Worst:    9.86888 Average:    6.72309 Variance:    2.44634 Stopat:    1.22317 
Genetic. Generation:   12 Fitness:    3.54831 Worst:   10.31641 Average:    6.51119 Variance:    2.26480 Stopat:    1.13240 
Genetic. Generation:   13 Fitness:    3.23456 Worst:   10.17350 Average:    6.54203 Variance:    2.12658 Stopat:    1.06329 
Genetic. Generation:   14 Fitness:    3.23456 Worst:   10.09435 Average:    6.45675 Variance:    2.00385 Stopat:    1.06329 
Genetic. Generation:   15 Fitness:    3.23456 Worst:   10.01863 Average:    6.19439 Variance:    1.89424 Stopat:    1.06329 
Genetic. Generation:   16 Fitness:    2.76358 Worst:   10.01893 Average:    6.19560 Variance:    1.83332 Stopat:    0.91666 
Genetic. Generation:   17 Fitness:    2.76358 Worst:   10.09969 Average:    6.23439 Variance:    1.77387 Stopat:    0.91666 
Genetic. Generation:   18 Fitness:    2.76358 Worst:    9.92028 Average:    6.35201 Variance:    1.71645 Stopat:    0.91666 
Genetic. Generation:   19 Fitness:    2.76358 Worst:   10.10765 Average:    5.97175 Variance:    1.66136 Stopat:    0.91666 
Genetic. Generation:   20 Fitness:    2.76358 Worst:   10.45323 Average:    6.13533 Variance:    1.60872 Stopat:    0.91666 
Genetic. Generation:   21 Fitness:    2.76358 Worst:   11.27773 Average:    5.88474 Variance:    1.55858 Stopat:    0.91666 
Genetic. Generation:   22 Fitness:    2.76358 Worst:   10.88723 Average:    5.57655 Variance:    1.51088 Stopat:    0.91666 
Genetic. Generation:   23 Fitness:    2.76358 Worst:   10.09236 Average:    5.56283 Variance:    1.46556 Stopat:    0.91666 
Genetic. Generation:   24 Fitness:    2.64478 Worst:    9.95527 Average:    5.72799 Variance:    1.42885 Stopat:    0.71443 
Genetic. Generation:   25 Fitness:    2.64478 Worst:   10.17931 Average:    5.80509 Variance:    1.39336 Stopat:    0.71443 
Genetic. Generation:   26 Fitness:    2.62605 Worst:   10.30824 Average:    5.56127 Variance:    1.36004 Stopat:    0.68002 
Genetic. Generation:   27 Fitness:    2.62605 Worst:   10.67366 Average:    5.64397 Variance:    1.32785 Stopat:    0.68002 
Genetic. Generation:   28 Fitness:    2.62605 Worst:   10.42518 Average:    5.32455 Variance:    1.29678 Stopat:    0.68002 
Genetic. Generation:   29 Fitness:    2.52015 Worst:   10.44922 Average:    5.46106 Variance:    1.27159 Stopat:    0.63579 
Genetic. Generation:   30 Fitness:    2.43178 Worst:   10.55887 Average:    5.31289 Variance:    1.25112 Stopat:    0.62556 
Genetic. Generation:   31 Fitness:    2.43178 Worst:   10.57726 Average:    5.91728 Variance:    1.23069 Stopat:    0.62556 
Genetic. Generation:   32 Fitness:    2.43178 Worst:   11.24685 Average:    5.97875 Variance:    1.21040 Stopat:    0.62556 
Genetic. Generation:   33 Fitness:    2.43178 Worst:   10.49449 Average:    5.69587 Variance:    1.19033 Stopat:    0.62556 
Genetic. Generation:   34 Fitness:    2.43178 Worst:   10.29302 Average:    5.53940 Variance:    1.17055 Stopat:    0.62556 
Genetic. Generation:   35 Fitness:    2.43178 Worst:   11.02272 Average:    5.92526 Variance:    1.15110 Stopat:    0.62556 
Genetic. Generation:   36 Fitness:    2.43178 Worst:   10.67471 Average:    6.11133 Variance:    1.13201 Stopat:    0.62556 
Genetic. Generation:   37 Fitness:    2.42392 Worst:   10.73103 Average:    5.84201 Variance:    1.11358 Stopat:    0.55679 
Genetic. Generation:   38 Fitness:    2.37559 Worst:   10.42910 Average:    5.83871 Variance:    1.09715 Stopat:    0.54857 
Genetic. Generation:   39 Fitness:    2.37559 Worst:   11.79926 Average:    6.48809 Variance:    1.08095 Stopat:    0.54857 
Genetic. Generation:   40 Fitness:    2.33922 Worst:   10.87102 Average:    6.08110 Variance:    1.06618 Stopat:    0.53309 
Genetic. Generation:   41 Fitness:    2.33922 Worst:   10.84883 Average:    6.24277 Variance:    1.05158 Stopat:    0.53309 
Genetic. Generation:   42 Fitness:    2.33922 Worst:   10.66562 Average:    6.12052 Variance:    1.03716 Stopat:    0.53309 
Genetic. Generation:   43 Fitness:    2.33922 Worst:   10.74015 Average:    5.96348 Variance:    1.02296 Stopat:    0.53309 
Genetic. Generation:   44 Fitness:    2.33922 Worst:   10.09628 Average:    5.48784 Variance:    1.00898 Stopat:    0.53309 
Genetic. Generation:   45 Fitness:    2.33922 Worst:   10.42100 Average:    5.33130 Variance:    0.99523 Stopat:    0.53309 
Genetic. Generation:   46 Fitness:    2.33922 Worst:   10.23640 Average:    5.74777 Variance:    0.98173 Stopat:    0.53309 
Genetic. Generation:   47 Fitness:    2.31282 Worst:   11.17300 Average:    5.62062 Variance:    0.96913 Stopat:    0.48457 
Genetic. Generation:   48 Fitness:    2.31282 Worst:   10.07183 Average:    5.11223 Variance:    0.95674 Stopat:    0.48457 
Genetic. Generation:   49 Fitness:    2.31282 Worst:   10.25889 Average:    5.16311 Variance:    0.94455 Stopat:    0.48457 
Genetic. Generation:   50 Fitness:    2.31282 Worst:   10.04002 Average:    5.15687 Variance:    0.93257 Stopat:    0.48457 
Genetic. Generation:   51 Fitness:    2.28878 Worst:   10.14668 Average:    5.23732 Variance:    0.92133 Stopat:    0.46067 
Genetic. Generation:   52 Fitness:    2.25882 Worst:    9.94665 Average:    4.74357 Variance:    0.91093 Stopat:    0.45547 
Genetic. Generation:   53 Fitness:    2.25882 Worst:   10.25640 Average:    5.34764 Variance:    0.90067 Stopat:    0.45547 
Genetic. Generation:   54 Fitness:    2.25882 Worst:   10.41249 Average:    4.78237 Variance:    0.89054 Stopat:    0.45547 
Genetic. Generation:   55 Fitness:    2.25882 Worst:   10.48451 Average:    4.97912 Variance:    0.88056 Stopat:    0.45547 
Genetic. Generation:   56 Fitness:    2.25882 Worst:   10.26581 Average:    4.79542 Variance:    0.87072 Stopat:    0.45547 
Genetic. Generation:   57 Fitness:    2.24070 Worst:   10.52307 Average:    5.04357 Variance:    0.86138 Stopat:    0.43069 
Genetic. Generation:   58 Fitness:    2.23827 Worst:   10.38644 Average:    4.75407 Variance:    0.85222 Stopat:    0.42611 
Genetic. Generation:   59 Fitness:    2.22270 Worst:   10.09683 Average:    5.23545 Variance:    0.84347 Stopat:    0.42173 
Genetic. Generation:   60 Fitness:    2.22270 Worst:   13.02400 Average:    5.02225 Variance:    0.83483 Stopat:    0.42173 
Genetic. Generation:   61 Fitness:    2.22270 Worst:   10.49394 Average:    4.98900 Variance:    0.82631 Stopat:    0.42173 
Genetic. Generation:   62 Fitness:    2.22270 Worst:   10.54739 Average:    5.49810 Variance:    0.81790 Stopat:    0.42173 
Genetic. Generation:   63 Fitness:    2.22270 Worst:   10.91565 Average:    5.61194 Variance:    0.80961 Stopat:    0.42173 
Genetic. Generation:   64 Fitness:    2.22270 Worst:   10.88060 Average:    6.06228 Variance:    0.80144 Stopat:    0.42173 
Genetic. Generation:   65 Fitness:    2.22270 Worst:   10.40138 Average:    5.76699 Variance:    0.79339 Stopat:    0.42173 
Genetic. Generation:   66 Fitness:    2.22270 Worst:   10.17373 Average:    5.54127 Variance:    0.78546 Stopat:    0.42173 
Genetic. Generation:   67 Fitness:    2.21844 Worst:   10.21227 Average:    5.59218 Variance:    0.77772 Stopat:    0.38886 
Genetic. Generation:   68 Fitness:    2.21844 Worst:   10.21896 Average:    5.51806 Variance:    0.77008 Stopat:    0.38886 
Genetic. Generation:   69 Fitness:    2.21844 Worst:   10.46737 Average:    5.40357 Variance:    0.76257 Stopat:    0.38886 
Genetic. Generation:   70 Fitness:    2.21286 Worst:   10.07242 Average:    5.60978 Variance:    0.75524 Stopat:    0.37762 
Genetic. Generation:   71 Fitness:    2.21286 Worst:   10.09080 Average:    5.31645 Variance:    0.74803 Stopat:    0.37762 
Genetic. Generation:   72 Fitness:    2.20700 Worst:   10.51934 Average:    5.75889 Variance:    0.74100 Stopat:    0.37050 
Genetic. Generation:   73 Fitness:    2.20700 Worst:   10.27875 Average:    5.70573 Variance:    0.73408 Stopat:    0.37050 
Genetic. Generation:   74 Fitness:    2.20700 Worst:   10.22708 Average:    5.46249 Variance:    0.72725 Stopat:    0.37050 
Genetic. Generation:   75 Fitness:    2.20673 Worst:   10.80237 Average:    5.54948 Variance:    0.72054 Stopat:    0.36027 
Genetic. Generation:   76 Fitness:    2.20673 Worst:   10.15803 Average:    5.37958 Variance:    0.71392 Stopat:    0.36027 
Genetic. Generation:   77 Fitness:    2.20673 Worst:   10.46829 Average:    4.94674 Variance:    0.70741 Stopat:    0.36027 
Genetic. Generation:   78 Fitness:    2.20673 Worst:   10.12373 Average:    5.06692 Variance:    0.70100 Stopat:    0.36027 
Genetic. Generation:   79 Fitness:    2.20673 Worst:   10.03017 Average:    4.87084 Variance:    0.69468 Stopat:    0.36027 
Genetic. Generation:   80 Fitness:    2.20334 Worst:   10.27650 Average:    4.82960 Variance:    0.68849 Stopat:    0.34425 
Genetic. Generation:   81 Fitness:    2.17105 Worst:   10.52631 Average:    4.93286 Variance:    0.68276 Stopat:    0.34138 
Genetic. Generation:   82 Fitness:    2.15493 Worst:    9.92721 Average:    4.78237 Variance:    0.67727 Stopat:    0.33864 
Genetic. Generation:   83 Fitness:    2.15493 Worst:   10.58405 Average:    4.81087 Variance:    0.67186 Stopat:    0.33864 
Genetic. Generation:   84 Fitness:    2.15493 Worst:   10.13046 Average:    4.84957 Variance:    0.66651 Stopat:    0.33864 
Genetic. Generation:   85 Fitness:    2.15493 Worst:   10.20210 Average:    4.40801 Variance:    0.66122 Stopat:    0.33864 
Genetic. Generation:   86 Fitness:    2.14844 Worst:   10.00046 Average:    4.49479 Variance:    0.65607 Stopat:    0.32804 
Genetic. Generation:   87 Fitness:    2.14844 Worst:   10.78701 Average:    4.62252 Variance:    0.65098 Stopat:    0.32804 
Genetic. Generation:   88 Fitness:    2.14844 Worst:   10.68416 Average:    4.58357 Variance:    0.64595 Stopat:    0.32804 
Genetic. Generation:   89 Fitness:    2.14844 Worst:   10.53323 Average:    4.62349 Variance:    0.64099 Stopat:    0.32804 
Genetic. Generation:   90 Fitness:    2.14844 Worst:   10.58854 Average:    4.59220 Variance:    0.63608 Stopat:    0.32804 
Genetic. Generation:   91 Fitness:    2.14844 Worst:   10.14758 Average:    4.70910 Variance:    0.63124 Stopat:    0.32804 
Genetic. Generation:   92 Fitness:    2.14844 Worst:   10.91778 Average:    4.83617 Variance:    0.62645 Stopat:    0.32804 
Genetic. Generation:   93 Fitness:    2.14844 Worst:   10.13492 Average:    4.79221 Variance:    0.62173 Stopat:    0.32804 
Genetic. Generation:   94 Fitness:    2.14844 Worst:   10.20497 Average:    4.86281 Variance:    0.61706 Stopat:    0.32804 
Genetic. Generation:   95 Fitness:    2.14844 Worst:   10.34409 Average:    4.71946 Variance:    0.61246 Stopat:    0.32804 
Genetic. Generation:   96 Fitness:    2.14124 Worst:   10.54907 Average:    4.67463 Variance:    0.60797 Stopat:    0.30399 
Genetic. Generation:   97 Fitness:    2.14124 Worst:   10.38283 Average:    4.92563 Variance:    0.60354 Stopat:    0.30399 
Genetic. Generation:   98 Fitness:    2.14124 Worst:   10.12113 Average:    5.04670 Variance:    0.59916 Stopat:    0.30399 
Genetic. Generation:   99 Fitness:    2.14124 Worst:   10.44674 Average:    4.52991 Variance:    0.59483 Stopat:    0.30399 
Genetic. Generation:  100 Fitness:    2.14124 Worst:   10.43078 Average:    4.67200 Variance:    0.59056 Stopat:    0.30399 
Genetic. Generation:  101 Fitness:    2.14124 Worst:   10.42247 Average:    5.16920 Variance:    0.58634 Stopat:    0.30399 
Genetic. Generation:  102 Fitness:    2.14124 Worst:   10.37822 Average:    5.12569 Variance:    0.58217 Stopat:    0.30399 
Genetic. Generation:  103 Fitness:    2.14124 Worst:   10.19713 Average:    4.25708 Variance:    0.57806 Stopat:    0.30399 
Genetic. Generation:  104 Fitness:    2.14124 Worst:   10.23150 Average:    4.67991 Variance:    0.57399 Stopat:    0.30399 
Genetic. Generation:  105 Fitness:    2.14124 Worst:   10.28690 Average:    4.54089 Variance:    0.56997 Stopat:    0.30399 
Genetic. Generation:  106 Fitness:    2.14124 Worst:   10.72784 Average:    5.22203 Variance:    0.56601 Stopat:    0.30399 
Genetic. Generation:  107 Fitness:    2.14124 Worst:   10.60221 Average:    4.99069 Variance:    0.56209 Stopat:    0.30399 
Genetic. Generation:  108 Fitness:    2.14124 Worst:   10.60618 Average:    5.13429 Variance:    0.55822 Stopat:    0.30399 
Genetic. Generation:  109 Fitness:    2.14124 Worst:   10.49316 Average:    4.90192 Variance:    0.55439 Stopat:    0.30399 
Genetic. Generation:  110 Fitness:    2.14124 Worst:   10.07853 Average:    4.49563 Variance:    0.55062 Stopat:    0.30399 
Genetic. Generation:  111 Fitness:    2.14124 Worst:   10.35186 Average:    5.41284 Variance:    0.54688 Stopat:    0.30399 
Genetic. Generation:  112 Fitness:    2.13865 Worst:   10.99806 Average:    5.22874 Variance:    0.54321 Stopat:    0.27161 
Genetic. Generation:  113 Fitness:    2.13865 Worst:   10.26573 Average:    5.44724 Variance:    0.53959 Stopat:    0.27161 
Genetic. Generation:  114 Fitness:    2.13865 Worst:   11.13231 Average:    5.92085 Variance:    0.53601 Stopat:    0.27161 
Genetic. Generation:  115 Fitness:    2.13865 Worst:   10.60736 Average:    5.52809 Variance:    0.53247 Stopat:    0.27161 
Genetic. Generation:  116 Fitness:    2.13865 Worst:   10.10963 Average:    5.00073 Variance:    0.52897 Stopat:    0.27161 
Genetic. Generation:  117 Fitness:    2.13865 Worst:   10.32431 Average:    5.18365 Variance:    0.52552 Stopat:    0.27161 
Genetic. Generation:  118 Fitness:    2.13865 Worst:   10.59961 Average:    5.57282 Variance:    0.52210 Stopat:    0.27161 
Genetic. Generation:  119 Fitness:    2.13865 Worst:   10.24473 Average:    5.29731 Variance:    0.51873 Stopat:    0.27161 
Genetic. Generation:  120 Fitness:    2.13865 Worst:   10.92333 Average:    4.96313 Variance:    0.51539 Stopat:    0.27161 
Genetic. Generation:  121 Fitness:    2.13865 Worst:   10.10383 Average:    5.13719 Variance:    0.51210 Stopat:    0.27161 
Genetic. Generation:  122 Fitness:    2.13865 Worst:   10.24771 Average:    5.42949 Variance:    0.50884 Stopat:    0.27161 
Genetic. Generation:  123 Fitness:    2.12981 Worst:   10.27493 Average:    5.18967 Variance:    0.50567 Stopat:    0.25283 
Genetic. Generation:  124 Fitness:    2.12981 Worst:   10.78571 Average:    5.33346 Variance:    0.50253 Stopat:    0.25283 
Genetic. Generation:  125 Fitness:    2.12981 Worst:   10.61009 Average:    5.44003 Variance:    0.49943 Stopat:    0.25283 
Genetic. Generation:  126 Fitness:    2.12981 Worst:   10.24760 Average:    5.33664 Variance:    0.49637 Stopat:    0.25283 
Genetic. Generation:  127 Fitness:    2.12981 Worst:   10.69215 Average:    5.58347 Variance:    0.49334 Stopat:    0.25283 
Genetic. Generation:  128 Fitness:    2.12981 Worst:   10.21941 Average:    5.42237 Variance:    0.49034 Stopat:    0.25283 
Genetic. Generation:  129 Fitness:    2.12981 Worst:   10.30000 Average:    5.82482 Variance:    0.48738 Stopat:    0.25283 
Genetic. Generation:  130 Fitness:    2.12981 Worst:   10.23181 Average:    5.37097 Variance:    0.48445 Stopat:    0.25283 
Genetic. Generation:  131 Fitness:    2.12981 Worst:   10.09488 Average:    5.70585 Variance:    0.48155 Stopat:    0.25283 
Genetic. Generation:  132 Fitness:    2.12981 Worst:   10.50651 Average:    5.67863 Variance:    0.47869 Stopat:    0.25283 
Genetic. Generation:  133 Fitness:    2.12981 Worst:   10.79074 Average:    5.54191 Variance:    0.47585 Stopat:    0.25283 
Genetic. Generation:  134 Fitness:    2.12981 Worst:   10.65239 Average:    5.73070 Variance:    0.47305 Stopat:    0.25283 
Genetic. Generation:  135 Fitness:    2.11618 Worst:   10.95894 Average:    5.97922 Variance:    0.47034 Stopat:    0.23517 
Genetic. Generation:  136 Fitness:    2.11618 Worst:   10.46309 Average:    5.71092 Variance:    0.46766 Stopat:    0.23517 
Genetic. Generation:  137 Fitness:    2.11618 Worst:   10.45783 Average:    5.64927 Variance:    0.46501 Stopat:    0.23517 
Genetic. Generation:  138 Fitness:    2.11618 Worst:   10.18551 Average:    5.65392 Variance:    0.46238 Stopat:    0.23517 
Genetic. Generation:  139 Fitness:    2.11618 Worst:   10.58846 Average:    5.92866 Variance:    0.45979 Stopat:    0.23517 
Genetic. Generation:  140 Fitness:    2.11618 Worst:   10.50808 Average:    5.44696 Variance:    0.45722 Stopat:    0.23517 
Genetic. Generation:  141 Fitness:    2.11618 Worst:   10.84065 Average:    6.04175 Variance:    0.45467 Stopat:    0.23517 
Genetic. Generation:  142 Fitness:    2.11618 Worst:   10.56859 Average:    6.02119 Variance:    0.45215 Stopat:    0.23517 
Genetic. Generation:  143 Fitness:    2.11618 Worst:   10.08054 Average:    5.49420 Variance:    0.44966 Stopat:    0.23517 
Genetic. Generation:  144 Fitness:    2.11618 Worst:   11.08653 Average:    5.66841 Variance:    0.44720 Stopat:    0.23517 
Genetic. Generation:  145 Fitness:    2.11618 Worst:   10.25005 Average:    5.48282 Variance:    0.44475 Stopat:    0.23517 
Genetic. Generation:  146 Fitness:    2.11618 Worst:   10.69590 Average:    5.76355 Variance:    0.44234 Stopat:    0.23517 
Genetic. Generation:  147 Fitness:    2.11618 Worst:   10.59573 Average:    5.98310 Variance:    0.43995 Stopat:    0.23517 
Genetic. Generation:  148 Fitness:    2.11416 Worst:   11.00380 Average:    5.57177 Variance:    0.43759 Stopat:    0.21879 
Genetic. Generation:  149 Fitness:    2.11416 Worst:   10.34150 Average:    5.47620 Variance:    0.43525 Stopat:    0.21879 
Genetic. Generation:  150 Fitness:    2.11416 Worst:   10.81531 Average:    5.18874 Variance:    0.43294 Stopat:    0.21879 
Genetic. Generation:  151 Fitness:    2.11416 Worst:   10.13962 Average:    4.98085 Variance:    0.43065 Stopat:    0.21879 
Genetic. Generation:  152 Fitness:    2.11416 Worst:   10.31804 Average:    4.38662 Variance:    0.42838 Stopat:    0.21879 
Genetic. Generation:  153 Fitness:    2.11382 Worst:   10.52168 Average:    4.41387 Variance:    0.42614 Stopat:    0.21307 
Genetic. Generation:  154 Fitness:    2.11382 Worst:   10.10701 Average:    4.35472 Variance:    0.42391 Stopat:    0.21307 
Genetic. Generation:  155 Fitness:    2.11332 Worst:   10.42243 Average:    4.22628 Variance:    0.42172 Stopat:    0.21086 
Genetic. Generation:  156 Fitness:    2.10549 Worst:    9.87168 Average:    3.96818 Variance:    0.41957 Stopat:    0.20978 
Genetic. Generation:  157 Fitness:    2.09306 Worst:   10.29356 Average:    4.43849 Variance:    0.41749 Stopat:    0.20874 
Genetic. Generation:  158 Fitness:    2.09306 Worst:   10.19436 Average:    4.36620 Variance:    0.41542 Stopat:    0.20874 
Genetic. Generation:  159 Fitness:    2.09306 Worst:   10.19582 Average:    3.89430 Variance:    0.41338 Stopat:    0.20874 
Genetic. Generation:  160 Fitness:    2.09276 Worst:   10.45540 Average:    3.92295 Variance:    0.41136 Stopat:    0.20568 
Genetic. Generation:  161 Fitness:    2.09276 Worst:    9.88714 Average:    4.41247 Variance:    0.40935 Stopat:    0.20568 
Genetic. Generation:  162 Fitness:    2.09276 Worst:    9.39343 Average:    3.94060 Variance:    0.40736 Stopat:    0.20568 
Genetic. Generation:  163 Fitness:    2.09276 Worst:    9.39433 Average:    3.74925 Variance:    0.40539 Stopat:    0.20568 
Genetic. Generation:  164 Fitness:    2.09276 Worst:    9.89874 Average:    4.02585 Variance:    0.40344 Stopat:    0.20568 
Genetic. Generation:  165 Fitness:    2.09276 Worst:    9.83725 Average:    4.08991 Variance:    0.40151 Stopat:    0.20568 
Genetic. Generation:  166 Fitness:    2.09276 Worst:    9.80991 Average:    4.32169 Variance:    0.39959 Stopat:    0.20568 
Genetic. Generation:  167 Fitness:    2.09276 Worst:   10.14280 Average:    4.36601 Variance:    0.39769 Stopat:    0.20568 
Genetic. Generation:  168 Fitness:    2.09276 Worst:   10.26848 Average:    4.24026 Variance:    0.39581 Stopat:    0.20568 
Genetic. Generation:  169 Fitness:    2.09276 Worst:   10.06661 Average:    4.31333 Variance:    0.39394 Stopat:    0.20568 
Genetic. Generation:  170 Fitness:    2.09276 Worst:    9.78242 Average:    4.17104 Variance:    0.39209 Stopat:    0.20568 
Genetic. Generation:  171 Fitness:    2.09276 Worst:   10.08803 Average:    4.38703 Variance:    0.39026 Stopat:    0.20568 
Genetic. Generation:  172 Fitness:    2.09276 Worst:   10.05147 Average:    4.04931 Variance:    0.38844 Stopat:    0.20568 
Genetic. Generation:  173 Fitness:    2.09276 Worst:    9.76837 Average:    4.03249 Variance:    0.38664 Stopat:    0.20568 
Genetic. Generation:  174 Fitness:    2.09276 Worst:   10.10172 Average:    4.06283 Variance:    0.38485 Stopat:    0.20568 
Genetic. Generation:  175 Fitness:    2.08439 Worst:    9.40486 Average:    3.93133 Variance:    0.38311 Stopat:    0.19155 
Genetic. Generation:  176 Fitness:    2.08439 Worst:   10.50544 Average:    4.02785 Variance:    0.38138 Stopat:    0.19155 
Genetic. Generation:  177 Fitness:    2.06835 Worst:    9.79949 Average:    3.83942 Variance:    0.37971 Stopat:    0.18986 
Genetic. Generation:  178 Fitness:    2.06835 Worst:   10.23458 Average:    3.75842 Variance:    0.37806 Stopat:    0.18986 
Genetic. Generation:  179 Fitness:    2.06835 Worst:    9.50963 Average:    3.73368 Variance:    0.37642 Stopat:    0.18986 
Genetic. Generation:  180 Fitness:    2.06835 Worst:    9.19690 Average:    3.26652 Variance:    0.37480 Stopat:    0.18986 
Genetic. Generation:  181 Fitness:    2.06835 Worst:   10.43331 Average:    3.98854 Variance:    0.37319 Stopat:    0.18986 
Genetic. Generation:  182 Fitness:    2.06835 Worst:    9.80200 Average:    4.05889 Variance:    0.37159 Stopat:    0.18986 
Genetic. Generation:  183 Fitness:    2.06835 Worst:   10.18728 Average:    3.81964 Variance:    0.37000 Stopat:    0.18986 
Genetic. Generation:  184 Fitness:    2.06835 Worst:   10.11410 Average:    3.72899 Variance:    0.36843 Stopat:    0.18986 
Genetic. Generation:  185 Fitness:    2.05459 Worst:    9.22691 Average:    3.51468 Variance:    0.36691 Stopat:    0.18345 
Genetic. Generation:  186 Fitness:    2.05459 Worst:   10.14166 Average:    3.46545 Variance:    0.36540 Stopat:    0.18345 
Genetic. Generation:  187 Fitness:    2.05459 Worst:   10.22566 Average:    3.65502 Variance:    0.36390 Stopat:    0.18345 
Genetic. Generation:  188 Fitness:    2.05459 Worst:    9.85327 Average:    3.40573 Variance:    0.36242 Stopat:    0.18345 
Genetic. Generation:  189 Fitness:    2.05459 Worst:    8.93700 Average:    3.43290 Variance:    0.36094 Stopat:    0.18345 
Genetic. Generation:  190 Fitness:    2.05459 Worst:    9.90478 Average:    3.09934 Variance:    0.35948 Stopat:    0.18345 
Genetic. Generation:  191 Fitness:    2.05459 Worst:    8.82240 Average:    3.13095 Variance:    0.35802 Stopat:    0.18345 
Genetic. Generation:  192 Fitness:    2.05459 Worst:    8.86427 Average:    3.06726 Variance:    0.35658 Stopat:    0.18345 
Genetic. Generation:  193 Fitness:    2.05459 Worst:    8.74264 Average:    3.01058 Variance:    0.35515 Stopat:    0.18345 
Genetic. Generation:  194 Fitness:    2.04287 Worst:    8.63453 Average:    2.76536 Variance:    0.35376 Stopat:    0.17688 
Genetic. Generation:  195 Fitness:    2.04287 Worst:    8.92706 Average:    2.88354 Variance:    0.35239 Stopat:    0.17688 
Genetic. Generation:  196 Fitness:    2.04287 Worst:    8.55444 Average:    2.63680 Variance:    0.35102 Stopat:    0.17688 
Genetic. Generation:  197 Fitness:    2.04287 Worst:    8.64671 Average:    2.62388 Variance:    0.34966 Stopat:    0.17688 
Genetic. Generation:  198 Fitness:    2.03596 Worst:    7.28327 Average:    2.31216 Variance:    0.34833 Stopat:    0.17417 
Genetic. Generation:  199 Fitness:    2.03596 Worst:    4.69666 Average:    2.22017 Variance:    0.34701 Stopat:    0.17417 
Genetic. Generation:  200 Fitness:    2.03503 Worst:    3.62145 Average:    2.17197 Variance:    0.34571 Stopat:    0.17285 
