Genetic. Generation:    1 Fitness:    8.03068 Worst:   10.28276 Average:    9.27649 Variance:   20.38828 Stopat:   10.19414 
Genetic. Generation:    2 Fitness:    7.93665 Worst:   10.13696 Average:    9.12705 Variance:   17.93619 Stopat:    8.96810 
Genetic. Generation:    3 Fitness:    6.10188 Worst:   10.08984 Average:    9.02580 Variance:   13.68432 Stopat:    6.84216 
Genetic. Generation:    4 Fitness:    6.10188 Worst:   10.39720 Average:    9.01196 Variance:   11.05890 Stopat:    6.84216 
Genetic. Generation:    5 Fitness:    5.90870 Worst:   10.33157 Average:    8.94092 Variance:    9.24701 Stopat:    4.62351 
Genetic. Generation:    6 Fitness:    5.90870 Worst:   10.06803 Average:    8.95652 Variance:    7.94516 Stopat:    4.62351 
Genetic. Generation:    7 Fitness:    5.90870 Worst:   10.15133 Average:    8.77229 Variance:    6.96457 Stopat:    4.62351 
Genetic. Generation:    8 Fitness:    5.58954 Worst:    9.92079 Average:    8.71429 Variance:    6.19078 Stopat:    3.09539 
Genetic. Generation:    9 Fitness:    5.22416 Worst:   10.11574 Average:    8.18411 Variance:    5.58508 Stopat:    2.79254 
Genetic. Generation:   10 Fitness:    4.28333 Worst:   10.46147 Average:    7.33917 Variance:    5.21440 Stopat:    2.60720 
Genetic. Generation:   11 Fitness:    4.28333 Worst:   10.39167 Average:    7.19998 Variance:    4.88455 Stopat:    2.60720 
Genetic. Generation:   12 Fitness:    4.28333 Worst:   10.19320 Average:    7.25878 Variance:    4.59059 Stopat:    2.60720 
Genetic. Generation:   13 Fitness:    4.24976 Worst:   10.27990 Average:    6.85141 Variance:    4.33226 Stopat:    2.16613 
Genetic. Generation:   14 Fitness:    3.86909 Worst:   10.14389 Average:    6.91049 Variance:    4.15378 Stopat:    2.07689 
Genetic. Generation:   15 Fitness:    3.86909 Worst:   10.19148 Average:    6.65505 Variance:    3.98469 Stopat:    2.07689 
Genetic. Generation:   16 Fitness:    3.47488 Worst:   10.51500 Average:    6.93881 Variance:    3.88492 Stopat:    1.94246 
Genetic. Generation:   17 Fitness:    3.34972 Worst:   10.31989 Average:    6.72065 Variance:    3.80222 Stopat:    1.90111 
Genetic. Generation:   18 Fitness:    3.31015 Worst:   10.19788 Average:    6.37786 Variance:    3.72096 Stopat:    1.86048 
Genetic. Generation:   19 Fitness:    3.04474 Worst:   10.15773 Average:    6.47811 Variance:    3.67676 Stopat:    1.83838 
Genetic. Generation:   20 Fitness:    3.03988 Worst:   10.11369 Average:    6.11735 Variance:    3.62462 Stopat:    1.81231 
Genetic. Generation:   21 Fitness:    2.91841 Worst:   10.01153 Average:    6.16806 Variance:    3.58373 Stopat:    1.79187 
Genetic. Generation:   22 Fitness:    2.75842 Worst:    9.97270 Average:    5.99356 Variance:    3.55862 Stopat:    1.77931 
Genetic. Generation:   23 Fitness:    2.75842 Worst:   10.21999 Average:    5.92957 Variance:    3.52516 Stopat:    1.77931 
Genetic. Generation:   24 Fitness:    2.57231 Worst:    9.89066 Average:    5.94370 Variance:    3.51012 Stopat:    1.75506 
Genetic. Generation:   25 Fitness:    2.57231 Worst:   10.45171 Average:    5.83471 Variance:    3.48692 Stopat:    1.75506 
Genetic. Generation:   26 Fitness:    2.57231 Worst:    9.78066 Average:    5.96435 Variance:    3.45746 Stopat:    1.75506 
Genetic. Generation:   27 Fitness:    2.55857 Worst:   10.26384 Average:    6.36537 Variance:    3.42477 Stopat:    1.71238 
Genetic. Generation:   28 Fitness:    2.55160 Worst:    9.79382 Average:    5.82206 Variance:    3.38902 Stopat:    1.69451 
Genetic. Generation:   29 Fitness:    2.54641 Worst:    9.96751 Average:    5.91451 Variance:    3.35085 Stopat:    1.67543 
Genetic. Generation:   30 Fitness:    2.48142 Worst:    9.98319 Average:    5.35268 Variance:    3.31658 Stopat:    1.65829 
Genetic. Generation:   31 Fitness:    2.46773 Worst:    9.78966 Average:    5.69026 Variance:    3.28123 Stopat:    1.64061 
Genetic. Generation:   32 Fitness:    2.46773 Worst:   10.15133 Average:    5.70901 Variance:    3.24400 Stopat:    1.64061 
Genetic. Generation:   33 Fitness:    2.46773 Worst:    9.98976 Average:    5.86737 Variance:    3.20541 Stopat:    1.64061 
Genetic. Generation:   34 Fitness:    2.46773 Worst:    9.85808 Average:    5.58710 Variance:    3.16587 Stopat:    1.64061 
Genetic. Generation:   35 Fitness:    2.42433 Worst:   10.03208 Average:    5.24130 Variance:    3.12889 Stopat:    1.56445 
Genetic. Generation:   36 Fitness:    2.42433 Worst:   10.02148 Average:    5.36360 Variance:    3.09123 Stopat:    1.56445 
Genetic. Generation:   37 Fitness:    2.42433 Worst:    9.92644 Average:    5.33935 Variance:    3.05314 Stopat:    1.56445 
Genetic. Generation:   38 Fitness:    2.38986 Worst:   10.11140 Average:    5.45649 Variance:    3.01706 Stopat:    1.50853 
Genetic. Generation:   39 Fitness:    2.38921 Worst:    9.89555 Average:    6.12502 Variance:    2.98076 Stopat:    1.49038 
Genetic. Generation:   40 Fitness:    2.36793 Worst:    9.94772 Average:    5.39221 Variance:    2.94563 Stopat:    1.47282 
Genetic. Generation:   41 Fitness:    2.36793 Worst:   10.07403 Average:    5.46979 Variance:    2.91043 Stopat:    1.47282 
Genetic. Generation:   42 Fitness:    2.32001 Worst:   10.43035 Average:    5.55514 Variance:    2.87794 Stopat:    1.43897 
Genetic. Generation:   43 Fitness:    2.32001 Worst:    9.93025 Average:    5.60885 Variance:    2.84536 Stopat:    1.43897 
Genetic. Generation:   44 Fitness:    2.32001 Worst:   10.08790 Average:    5.13460 Variance:    2.81280 Stopat:    1.43897 
Genetic. Generation:   45 Fitness:    2.32001 Worst:    9.86020 Average:    5.05018 Variance:    2.78035 Stopat:    1.43897 
Genetic. Generation:   46 Fitness:    2.27518 Worst:    9.77240 Average:    5.29648 Variance:    2.75026 Stopat:    1.37513 
Genetic. Generation:   47 Fitness:    2.27518 Worst:    9.76902 Average:    5.49566 Variance:    2.72023 Stopat:    1.37513 
Genetic. Generation:   48 Fitness:    2.27518 Worst:   10.04687 Average:    5.34791 Variance:    2.69033 Stopat:    1.37513 
Genetic. Generation:   49 Fitness:    2.27518 Worst:    9.95309 Average:    5.47053 Variance:    2.66063 Stopat:    1.37513 
Genetic. Generation:   50 Fitness:    2.27518 Worst:    9.66908 Average:    4.96738 Variance:    2.63116 Stopat:    1.37513 
Genetic. Generation:   51 Fitness:    2.27518 Worst:    9.82103 Average:    5.27744 Variance:    2.60198 Stopat:    1.37513 
Genetic. Generation:   52 Fitness:    2.27449 Worst:    9.70799 Average:    5.23952 Variance:    2.57312 Stopat:    1.28656 
Genetic. Generation:   53 Fitness:    2.27449 Worst:   10.17457 Average:    5.34918 Variance:    2.54460 Stopat:    1.28656 
Genetic. Generation:   54 Fitness:    2.27449 Worst:    9.58709 Average:    5.05476 Variance:    2.51644 Stopat:    1.28656 
Genetic. Generation:   55 Fitness:    2.25376 Worst:    9.60410 Average:    5.25025 Variance:    2.48937 Stopat:    1.24469 
Genetic. Generation:   56 Fitness:    2.25376 Worst:    9.95944 Average:    5.22268 Variance:    2.46264 Stopat:    1.24469 
Genetic. Generation:   57 Fitness:    2.25376 Worst:    9.72138 Average:    5.60090 Variance:    2.43625 Stopat:    1.24469 
Genetic. Generation:   58 Fitness:    2.25376 Worst:    9.71975 Average:    5.32414 Variance:    2.41022 Stopat:    1.24469 
Genetic. Generation:   59 Fitness:    2.25376 Worst:   10.13180 Average:    5.78063 Variance:    2.38456 Stopat:    1.24469 
Genetic. Generation:   60 Fitness:    2.25376 Worst:    9.86729 Average:    5.35993 Variance:    2.35927 Stopat:    1.24469 
Genetic. Generation:   61 Fitness:    2.25376 Worst:   10.01459 Average:    5.20514 Variance:    2.33437 Stopat:    1.24469 
Genetic. Generation:   62 Fitness:    2.24782 Worst:    9.86322 Average:    5.15273 Variance:    2.31000 Stopat:    1.15500 
Genetic. Generation:   63 Fitness:    2.19749 Worst:   10.19133 Average:    5.84387 Variance:    2.28742 Stopat:    1.14371 
Genetic. Generation:   64 Fitness:    2.19749 Worst:    9.78785 Average:    5.72221 Variance:    2.26513 Stopat:    1.14371 
Genetic. Generation:   65 Fitness:    2.19749 Worst:    9.88192 Average:    5.29946 Variance:    2.24313 Stopat:    1.14371 
Genetic. Generation:   66 Fitness:    2.19749 Worst:   10.41277 Average:    5.54305 Variance:    2.22142 Stopat:    1.14371 
Genetic. Generation:   67 Fitness:    2.19749 Worst:   10.11807 Average:    5.99556 Variance:    2.20001 Stopat:    1.14371 
Genetic. Generation:   68 Fitness:    2.18107 Worst:    9.79976 Average:    5.27420 Variance:    2.17930 Stopat:    1.08965 
Genetic. Generation:   69 Fitness:    2.18107 Worst:   10.79671 Average:    5.66489 Variance:    2.15888 Stopat:    1.08965 
Genetic. Generation:   70 Fitness:    2.18107 Worst:    9.91205 Average:    5.52440 Variance:    2.13873 Stopat:    1.08965 
Genetic. Generation:   71 Fitness:    2.18098 Worst:   10.08834 Average:    5.93916 Variance:    2.11887 Stopat:    1.05943 
Genetic. Generation:   72 Fitness:    2.18098 Worst:   10.13349 Average:    5.79657 Variance:    2.09928 Stopat:    1.05943 
Genetic. Generation:   73 Fitness:    2.17952 Worst:    9.75344 Average:    5.81667 Variance:    2.08000 Stopat:    1.04000 
Genetic. Generation:   74 Fitness:    2.16016 Worst:    9.81572 Average:    5.43605 Variance:    2.06142 Stopat:    1.03071 
Genetic. Generation:   75 Fitness:    2.15430 Worst:    9.78197 Average:    5.31079 Variance:    2.04321 Stopat:    1.02161 
Genetic. Generation:   76 Fitness:    2.15430 Worst:   10.05560 Average:    5.42182 Variance:    2.02525 Stopat:    1.02161 
Genetic. Generation:   77 Fitness:    2.15430 Worst:    9.75888 Average:    5.17653 Variance:    2.00753 Stopat:    1.02161 
Genetic. Generation:   78 Fitness:    2.15430 Worst:    9.89781 Average:    5.21975 Variance:    1.99006 Stopat:    1.02161 
Genetic. Generation:   79 Fitness:    2.15430 Worst:    9.91692 Average:    5.54505 Variance:    1.97282 Stopat:    1.02161 
Genetic. Generation:   80 Fitness:    2.15430 Worst:   10.00136 Average:    4.96197 Variance:    1.95583 Stopat:    1.02161 
Genetic. Generation:   81 Fitness:    2.14646 Worst:   10.01673 Average:    5.26704 Variance:    1.93922 Stopat:    0.96961 
Genetic. Generation:   82 Fitness:    2.14646 Worst:   10.09097 Average:    5.31235 Variance:    1.92283 Stopat:    0.96961 
Genetic. Generation:   83 Fitness:    2.14646 Worst:    9.77526 Average:    5.15958 Variance:    1.90667 Stopat:    0.96961 
Genetic. Generation:   84 Fitness:    2.14646 Worst:    9.71489 Average:    5.57425 Variance:    1.89074 Stopat:    0.96961 
Genetic. Generation:   85 Fitness:    2.14646 Worst:    9.87367 Average:    5.26714 Variance:    1.87502 Stopat:    0.96961 
Genetic. Generation:   86 Fitness:    2.14646 Worst:   10.25497 Average:    5.04561 Variance:    1.85953 Stopat:    0.96961 
Genetic. Generation:   87 Fitness:    2.14646 Worst:    9.92236 Average:    5.25001 Variance:    1.84425 Stopat:    0.96961 
Genetic. Generation:   88 Fitness:    2.14646 Worst:   10.11249 Average:    5.59080 Variance:    1.82918 Stopat:    0.96961 
Genetic. Generation:   89 Fitness:    2.14646 Worst:   10.14033 Average:    5.17522 Variance:    1.81433 Stopat:    0.96961 
Genetic. Generation:   90 Fitness:    2.14646 Worst:    9.69391 Average:    5.58959 Variance:    1.79968 Stopat:    0.96961 
Genetic. Generation:   91 Fitness:    2.14646 Worst:    9.89495 Average:    5.21420 Variance:    1.78524 Stopat:    0.96961 
Genetic. Generation:   92 Fitness:    2.14646 Worst:    9.90711 Average:    5.82599 Variance:    1.77100 Stopat:    0.96961 
Genetic. Generation:   93 Fitness:    2.12527 Worst:   10.04008 Average:    6.13082 Variance:    1.75726 Stopat:    0.87863 
Genetic. Generation:   94 Fitness:    2.12527 Worst:    9.98253 Average:    5.99438 Variance:    1.74371 Stopat:    0.87863 
Genetic. Generation:   95 Fitness:    2.12527 Worst:   10.19562 Average:    6.18386 Variance:    1.73033 Stopat:    0.87863 
Genetic. Generation:   96 Fitness:    2.12527 Worst:   10.22600 Average:    6.10961 Variance:    1.71714 Stopat:    0.87863 
Genetic. Generation:   97 Fitness:    2.12527 Worst:    9.95916 Average:    5.99206 Variance:    1.70412 Stopat:    0.87863 
Genetic. Generation:   98 Fitness:    2.12527 Worst:   10.13462 Average:    6.06824 Variance:    1.69127 Stopat:    0.87863 
Genetic. Generation:   99 Fitness:    2.12527 Worst:   10.11401 Average:    6.16076 Variance:    1.67860 Stopat:    0.87863 
Genetic. Generation:  100 Fitness:    2.12527 Worst:   10.19922 Average:    5.75194 Variance:    1.66609 Stopat:    0.87863 
Genetic. Generation:  101 Fitness:    2.12527 Worst:   10.22335 Average:    5.92223 Variance:    1.65374 Stopat:    0.87863 
Genetic. Generation:  102 Fitness:    2.12527 Worst:    9.98934 Average:    5.58070 Variance:    1.64156 Stopat:    0.87863 
Genetic. Generation:  103 Fitness:    2.03033 Worst:   10.28584 Average:    5.63359 Variance:    1.63077 Stopat:    0.81538 
Genetic. Generation:  104 Fitness:    2.03033 Worst:   10.01639 Average:    6.29577 Variance:    1.62008 Stopat:    0.81538 
Genetic. Generation:  105 Fitness:    2.03032 Worst:   10.03853 Average:    5.59064 Variance:    1.60951 Stopat:    0.80475 
Genetic. Generation:  106 Fitness:    2.02345 Worst:   10.00989 Average:    6.19045 Variance:    1.59913 Stopat:    0.79957 
Genetic. Generation:  107 Fitness:    2.02345 Worst:   10.11551 Average:    6.12709 Variance:    1.58887 Stopat:    0.79957 
Genetic. Generation:  108 Fitness:    2.02345 Worst:   10.04042 Average:    6.04257 Variance:    1.57871 Stopat:    0.79957 
Genetic. Generation:  109 Fitness:    2.02345 Worst:    9.97761 Average:    5.96293 Variance:    1.56865 Stopat:    0.79957 
Genetic. Generation:  110 Fitness:    2.02345 Worst:    9.96045 Average:    5.64958 Variance:    1.55870 Stopat:    0.79957 
Genetic. Generation:  111 Fitness:    2.02345 Worst:    9.89670 Average:    5.97331 Variance:    1.54885 Stopat:    0.79957 
Genetic. Generation:  112 Fitness:    2.02345 Worst:   10.02804 Average:    6.07233 Variance:    1.53910 Stopat:    0.79957 
Genetic. Generation:  113 Fitness:    2.02345 Worst:   10.08120 Average:    5.85720 Variance:    1.52946 Stopat:    0.79957 
Genetic. Generation:  114 Fitness:    2.02345 Worst:    9.96837 Average:    6.32219 Variance:    1.51992 Stopat:    0.79957 
Genetic. Generation:  115 Fitness:    2.02287 Worst:   10.21639 Average:    6.44897 Variance:    1.51049 Stopat:    0.75524 
Genetic. Generation:  116 Fitness:    2.02287 Worst:    9.92234 Average:    6.08119 Variance:    1.50115 Stopat:    0.75524 
Genetic. Generation:  117 Fitness:    2.02287 Worst:    9.92844 Average:    6.05128 Variance:    1.49191 Stopat:    0.75524 
Genetic. Generation:  118 Fitness:    2.02287 Worst:   10.11495 Average:    5.80763 Variance:    1.48277 Stopat:    0.75524 
Genetic. Generation:  119 Fitness:    2.02287 Worst:   10.29462 Average:    5.98706 Variance:    1.47373 Stopat:    0.75524 
Genetic. Generation:  120 Fitness:    2.02287 Worst:    9.90802 Average:    5.28829 Variance:    1.46478 Stopat:    0.75524 
Genetic. Generation:  121 Fitness:    2.02287 Worst:   10.01486 Average:    5.91092 Variance:    1.45592 Stopat:    0.75524 
Genetic. Generation:  122 Fitness:    2.02287 Worst:    9.93683 Average:    6.10756 Variance:    1.44716 Stopat:    0.75524 
Genetic. Generation:  123 Fitness:    2.02287 Worst:    9.95864 Average:    6.26657 Variance:    1.43849 Stopat:    0.75524 
Genetic. Generation:  124 Fitness:    2.02287 Worst:   10.03506 Average:    5.80831 Variance:    1.42991 Stopat:    0.75524 
Genetic. Generation:  125 Fitness:    2.02287 Worst:   10.83389 Average:    5.74663 Variance:    1.42142 Stopat:    0.75524 
Genetic. Generation:  126 Fitness:    2.02287 Worst:    9.97956 Average:    5.67189 Variance:    1.41302 Stopat:    0.75524 
Genetic. Generation:  127 Fitness:    2.02287 Worst:   10.02518 Average:    5.70881 Variance:    1.40471 Stopat:    0.75524 
Genetic. Generation:  128 Fitness:    2.02287 Worst:   10.23097 Average:    5.68301 Variance:    1.39649 Stopat:    0.75524 
Genetic. Generation:  129 Fitness:    2.02287 Worst:    9.96023 Average:    5.39884 Variance:    1.38835 Stopat:    0.75524 
Genetic. Generation:  130 Fitness:    2.02287 Worst:   10.04764 Average:    5.16854 Variance:    1.38030 Stopat:    0.75524 
Genetic. Generation:  131 Fitness:    2.02287 Worst:    9.97968 Average:    5.80697 Variance:    1.37233 Stopat:    0.75524 
Genetic. Generation:  132 Fitness:    2.02287 Worst:   10.28660 Average:    5.53239 Variance:    1.36444 Stopat:    0.75524 
Genetic. Generation:  133 Fitness:    2.02287 Worst:    9.95057 Average:    5.13406 Variance:    1.35663 Stopat:    0.75524 
Genetic. Generation:  134 Fitness:    2.02287 Worst:   10.03715 Average:    5.64716 Variance:    1.34891 Stopat:    0.75524 
Genetic. Generation:  135 Fitness:    2.02287 Worst:   10.03214 Average:    5.49610 Variance:    1.34126 Stopat:    0.75524 
Genetic. Generation:  136 Fitness:    2.02287 Worst:    9.99069 Average:    5.54484 Variance:    1.33369 Stopat:    0.75524 
Genetic. Generation:  137 Fitness:    2.02287 Worst:   10.03344 Average:    5.66200 Variance:    1.32621 Stopat:    0.75524 
Genetic. Generation:  138 Fitness:    2.02287 Worst:    9.99966 Average:    5.71565 Variance:    1.31879 Stopat:    0.75524 
Genetic. Generation:  139 Fitness:    2.02287 Worst:   10.01939 Average:    5.88443 Variance:    1.31146 Stopat:    0.75524 
Genetic. Generation:  140 Fitness:    2.02287 Worst:   10.02704 Average:    5.18440 Variance:    1.30419 Stopat:    0.75524 
Genetic. Generation:  141 Fitness:    2.02287 Worst:    9.95419 Average:    5.44758 Variance:    1.29701 Stopat:    0.75524 
Genetic. Generation:  142 Fitness:    2.02287 Worst:    9.97282 Average:    5.20196 Variance:    1.28989 Stopat:    0.75524 
Genetic. Generation:  143 Fitness:    2.02287 Worst:   10.01335 Average:    5.71073 Variance:    1.28285 Stopat:    0.75524 
Genetic. Generation:  144 Fitness:    2.02287 Worst:   10.10591 Average:    5.38831 Variance:    1.27587 Stopat:    0.75524 
Genetic. Generation:  145 Fitness:    2.02239 Worst:    9.96092 Average:    5.38368 Variance:    1.26898 Stopat:    0.63449 
Genetic. Generation:  146 Fitness:    2.02239 Worst:   10.00420 Average:    5.36103 Variance:    1.26215 Stopat:    0.63449 
Genetic. Generation:  147 Fitness:    2.02239 Worst:    9.99980 Average:    5.54574 Variance:    1.25538 Stopat:    0.63449 
Genetic. Generation:  148 Fitness:    2.02239 Worst:    9.88433 Average:    5.12409 Variance:    1.24869 Stopat:    0.63449 
Genetic. Generation:  149 Fitness:    2.02239 Worst:   10.03377 Average:    5.33894 Variance:    1.24206 Stopat:    0.63449 
Genetic. Generation:  150 Fitness:    2.02239 Worst:    9.91538 Average:    5.78251 Variance:    1.23550 Stopat:    0.63449 
Genetic. Generation:  151 Fitness:    2.02239 Worst:    9.95372 Average:    6.09713 Variance:    1.22900 Stopat:    0.63449 
Genetic. Generation:  152 Fitness:    2.02239 Worst:    9.90826 Average:    5.80607 Variance:    1.22256 Stopat:    0.63449 
Genetic. Generation:  153 Fitness:    2.02239 Worst:   10.02878 Average:    5.92795 Variance:    1.21619 Stopat:    0.63449 
Genetic. Generation:  154 Fitness:    2.02239 Worst:    9.87501 Average:    5.16614 Variance:    1.20988 Stopat:    0.63449 
Genetic. Generation:  155 Fitness:    2.02239 Worst:   10.15583 Average:    5.38519 Variance:    1.20363 Stopat:    0.63449 
Genetic. Generation:  156 Fitness:    2.02239 Worst:    9.88895 Average:    5.01697 Variance:    1.19745 Stopat:    0.63449 
Genetic. Generation:  157 Fitness:    2.02239 Worst:   10.00752 Average:    5.37495 Variance:    1.19132 Stopat:    0.63449 
Genetic. Generation:  158 Fitness:    2.02239 Worst:   10.09496 Average:    5.26670 Variance:    1.18525 Stopat:    0.63449 
Genetic. Generation:  159 Fitness:    2.02239 Worst:    9.96069 Average:    5.33831 Variance:    1.17924 Stopat:    0.63449 
Genetic. Generation:  160 Fitness:    2.02173 Worst:    9.87993 Average:    4.82705 Variance:    1.17329 Stopat:    0.58664 
Genetic. Generation:  161 Fitness:    2.02173 Worst:    9.94140 Average:    5.90425 Variance:    1.16740 Stopat:    0.58664 
Genetic. Generation:  162 Fitness:    2.02173 Worst:    9.97195 Average:    5.17721 Variance:    1.16156 Stopat:    0.58664 
Genetic. Generation:  163 Fitness:    2.02173 Worst:   10.02344 Average:    5.45714 Variance:    1.15578 Stopat:    0.58664 
Genetic. Generation:  164 Fitness:    2.02173 Worst:   10.07782 Average:    5.44347 Variance:    1.15005 Stopat:    0.58664 
Genetic. Generation:  165 Fitness:    2.02173 Worst:    9.91756 Average:    5.40377 Variance:    1.14437 Stopat:    0.58664 
Genetic. Generation:  166 Fitness:    2.01886 Worst:    9.95244 Average:    5.68242 Variance:    1.13877 Stopat:    0.56938 
Genetic. Generation:  167 Fitness:    2.01886 Worst:    9.98324 Average:    5.99087 Variance:    1.13322 Stopat:    0.56938 
Genetic. Generation:  168 Fitness:    2.01572 Worst:   10.14406 Average:    5.40897 Variance:    1.12773 Stopat:    0.56387 
Genetic. Generation:  169 Fitness:    2.01572 Worst:   10.85649 Average:    5.71431 Variance:    1.12230 Stopat:    0.56387 
Genetic. Generation:  170 Fitness:    2.01361 Worst:    9.94768 Average:    5.98674 Variance:    1.11692 Stopat:    0.55846 
Genetic. Generation:  171 Fitness:    2.01250 Worst:   10.06080 Average:    6.19643 Variance:    1.11160 Stopat:    0.55580 
Genetic. Generation:  172 Fitness:    2.01250 Worst:   10.03102 Average:    5.87222 Variance:    1.10633 Stopat:    0.55580 
Genetic. Generation:  173 Fitness:    2.01250 Worst:   10.04150 Average:    5.87472 Variance:    1.10111 Stopat:    0.55580 
Genetic. Generation:  174 Fitness:    2.01250 Worst:   11.14886 Average:    5.21611 Variance:    1.09593 Stopat:    0.55580 
Genetic. Generation:  175 Fitness:    2.00951 Worst:   10.26806 Average:    5.39778 Variance:    1.09081 Stopat:    0.54541 
Genetic. Generation:  176 Fitness:    2.00951 Worst:   10.04409 Average:    5.24868 Variance:    1.08574 Stopat:    0.54541 
Genetic. Generation:  177 Fitness:    2.00951 Worst:   10.99653 Average:    5.02094 Variance:    1.08071 Stopat:    0.54541 
Genetic. Generation:  178 Fitness:    1.99408 Worst:   11.57310 Average:    4.67696 Variance:    1.07581 Stopat:    0.53790 
Genetic. Generation:  179 Fitness:    1.99408 Worst:   10.01850 Average:    5.21163 Variance:    1.07094 Stopat:    0.53790 
Genetic. Generation:  180 Fitness:    1.99408 Worst:   10.12577 Average:    4.58746 Variance:    1.06612 Stopat:    0.53790 
Genetic. Generation:  181 Fitness:    1.99254 Worst:    9.89907 Average:    4.80463 Variance:    1.06135 Stopat:    0.53067 
Genetic. Generation:  182 Fitness:    1.99097 Worst:   11.22259 Average:    4.59649 Variance:    1.05662 Stopat:    0.52831 
Genetic. Generation:  183 Fitness:    1.97773 Worst:    9.97902 Average:    4.83985 Variance:    1.05200 Stopat:    0.52600 
Genetic. Generation:  184 Fitness:    1.97773 Worst:   11.30650 Average:    4.73865 Variance:    1.04742 Stopat:    0.52600 
Genetic. Generation:  185 Fitness:    1.97773 Worst:    9.95255 Average:    4.45878 Variance:    1.04287 Stopat:    0.52600 
Genetic. Generation:  186 Fitness:    1.97575 Worst:    9.91256 Average:    4.40137 Variance:    1.03837 Stopat:    0.51918 
Genetic. Generation:  187 Fitness:    1.97271 Worst:   10.01199 Average:    4.70614 Variance:    1.03392 Stopat:    0.51696 
Genetic. Generation:  188 Fitness:    1.96957 Worst:   10.61125 Average:    4.48322 Variance:    1.02952 Stopat:    0.51476 
Genetic. Generation:  189 Fitness:    1.96004 Worst:    9.97305 Average:    4.45576 Variance:    1.02520 Stopat:    0.51260 
Genetic. Generation:  190 Fitness:    1.95349 Worst:   10.11028 Average:    3.92774 Variance:    1.02095 Stopat:    0.51048 
Genetic. Generation:  191 Fitness:    1.95349 Worst:   10.01351 Average:    4.55125 Variance:    1.01673 Stopat:    0.51048 
Genetic. Generation:  192 Fitness:    1.95349 Worst:    9.91501 Average:    4.03450 Variance:    1.01254 Stopat:    0.51048 
Genetic. Generation:  193 Fitness:    1.95349 Worst:   10.05973 Average:    4.10613 Variance:    1.00839 Stopat:    0.51048 
Genetic. Generation:  194 Fitness:    1.95349 Worst:    9.90324 Average:    3.59854 Variance:    1.00426 Stopat:    0.51048 
Genetic. Generation:  195 Fitness:    1.95349 Worst:   10.26866 Average:    3.61037 Variance:    1.00017 Stopat:    0.51048 
Genetic. Generation:  196 Fitness:    1.94849 Worst:    9.99544 Average:    3.02523 Variance:    0.99613 Stopat:    0.49807 
Genetic. Generation:  197 Fitness:    1.94465 Worst:   10.04508 Average:    3.12826 Variance:    0.99214 Stopat:    0.49607 
Genetic. Generation:  198 Fitness:    1.94218 Worst:    9.71138 Average:    2.94287 Variance:    0.98819 Stopat:    0.49410 
Genetic. Generation:  199 Fitness:    1.93264 Worst:   10.08290 Average:    2.79179 Variance:    0.98431 Stopat:    0.49216 
Genetic. Generation:  200 Fitness:    1.93264 Worst:    9.81762 Average:    2.45419 Variance:    0.98046 Stopat:    0.49216 
